License checkout took 0.059 sec
Momentum MomEngine_64 12.00.024 (*) built: Jan 14 2016
Copyright 1992-2016, Keysight Technologies
Simulation started on: Wed Dec 06 16:47:57 2017
Simulation Mode: uW
Substrate valid
Automatically determined a snap distance of
0.0021 mil for layout healing.

--- WARNING -------------------------------------------------------------------

Layout healing changed the layout. The actual
highest aggregate snap distance was 0.0001 mil.
Further details have been written to the DRC
report.

-------------------------------------------------------------------------------
Layout simplification started
.........|.........|.........|.........| 
Layout simplification finished
Generating mesh at 2.6 GHz...
License checkout took 0.054 sec
S-parameter simulation
S-parameter simulation started
...initializing
...extracting layout
...analyzing ports
...reducing mesh
Automatic selection: direct dense matrix solver
Using multi-threading (4 threads)
Matrix size: 340 (reduced: 141)

--- WARNING -------------------------------------------------------------------

The size of the plus pin for S-parameter port 3 is electrically large 
above 2.28694 GHz, S-parameters may become unphysical.

-------------------------------------------------------------------------------

--- WARNING -------------------------------------------------------------------

The size of the plus pin for S-parameter port 5 is electrically large 
above 2.28694 GHz, S-parameters may become unphysical.

-------------------------------------------------------------------------------
Adaptive frequency sweep started
Simulation frequency [1] = 400 MHz
...loading Green functions
...creating Basis sections
...allocating interaction matrix
...loading interaction matrix
.........|.........|.........|.........| 
...solving interaction matrix
.........|.........|.........|.........| 
...calculating S-parameters
Simulation frequency [2] = 2.6 GHz
...loading Green functions
...loading interaction matrix
.........|.........|.........|.........| 
...solving interaction matrix
.........|.........|.........|.........| 
...calculating S-parameters
Adaptive:   0.0 % of frequency range covered
Simulation frequency [3] = 1.86667 GHz
...loading Green functions
...loading interaction matrix
.........|.........|.........|.........| 
...solving interaction matrix
.........|.........|.........|.........| 
...calculating S-parameters
Simulation frequency [4] = 1.13333 GHz
...loading Green functions
...loading interaction matrix
.........|.........|.........|.........| 
...solving interaction matrix
.........|.........|.........|.........| 
...calculating S-parameters
Simulation frequency [5] = 1.62222 GHz
...loading Green functions
...loading interaction matrix
.........|.........|.........|.........| 
...solving interaction matrix
.........|.........|.........|.........| 
...calculating S-parameters
Simulation frequency [6] = 522.222 MHz
...loading Green functions
...loading interaction matrix
.........|.........|.........|.........| 
...solving interaction matrix
.........|.........|.........|.........| 
...calculating S-parameters
Simulation frequency [7] = 2.35556 GHz
...loading Green functions
...loading interaction matrix
.........|.........|.........|.........| 
...solving interaction matrix
.........|.........|.........|.........| 
...calculating S-parameters
Simulation frequency [8] = 2.51852 GHz
...loading Green functions
...loading interaction matrix
.........|.........|.........|.........| 
...solving interaction matrix
.........|.........|.........|.........| 
...calculating S-parameters
Simulation frequency [9] = 827.778 MHz
...loading Green functions
...loading interaction matrix
.........|.........|.........|.........| 
...solving interaction matrix
.........|.........|.........|.........| 
...calculating S-parameters
Simulation frequency [10] = 980.556 MHz
...loading Green functions
...loading interaction matrix
.........|.........|.........|.........| 
...solving interaction matrix
.........|.........|.........|.........| 
...calculating S-parameters
Adaptive: 100.0 % of frequency range covered
S-parameter simulation finished
Simulation finished on: Wed Dec 06 16:48:02 2017
The simulation results have been saved in dataset "t_MomUW".
