
hpeesofsim (*) 450.shp Jan 21 2016, MINT version 4
    (64-bit windows built: 01/21/16 15:34:19)
Copyright 1995 - 2015 Keysight Technologies, 1989-2016.

Warning detected by hpeesofsim during netlist flattening.
    Resistor `X4.X2.R2' is shorted.

Warning detected by hpeesofsim during netlist flattening.
    Capacitor `X4.X2.C8' is shorted.

Warning detected by hpeesofsim during netlist flattening.
    Resistor `X3.X2.R2' is shorted.

Warning detected by hpeesofsim during netlist flattening.
    Capacitor `X3.X2.C8' is shorted.

Warning detected by hpeesofsim in LinearCollapse '_2_' during analysis.
    LinearCollapse is disabled because there is 'HB' analysis present.
Warning detected by hpeesofsim in topology check during circuit set up.
    Number of nodes with no DC path to ground (topology corrected): 2


CT Sweep1[1] <GF_lib:Doherty_t1:schematic>   RF=2

HB Sweep1[1].HB1[1/1] <GF_lib:Doherty_t1:schematic>  RF=2  pavs=(1->33)
Pt DC convergence is used.
    Number of tones:   1.
    Number of frequencies:   4.
    Number of time samples:  8.
    Number of HB equations (problem size): 6356.
    Auto mode: on.
    Convergence mode: Auto.
    Linear solver: direct.
Warning detected by hpeesofsim during AC Analysis 'HB1'.
    In component `Tee77':W_widest > 5.0* W_narrowest

Warning detected by hpeesofsim during AC Analysis 'HB1'.
    In component `Tee4':W_widest > 5.0* W_narrowest

    pavs=1              0.00% 1/33
------------------------------------------------------------------------------
Newton solver:					
Iter	KCL residual	Damp %	Sol update
------------------------------------------------------------------------------
0.0*	1.6319 mA   	100.0             
1.0 	823.161 nA  	100.0             
1.1 	880.177 pA  	100.0	7.17547 nV   
    pavs=2              3.13% 2/33
0.0 	48.8875 uA  	100.0             
0.1 	3.26518 uA  	100.0             
0.2 	23.5373 nA  	100.0             

    pavs=3              6.25% 3/33
0.0 	54.8526 uA  	100.0             
0.1 	4.26466 uA  	100.0             
0.2 	36.9717 nA  	100.0             

    pavs=4              9.38% 4/33
0.0 	61.5457 uA  	100.0             
0.1 	5.60939 uA  	100.0             
0.2 	58.7615 nA  	100.0             

    pavs=5             12.50% 5/33
0.0 	69.0554 uA  	100.0             
0.1 	7.44301 uA  	100.0             
0.2 	94.6217 nA  	100.0             

    pavs=6             15.63% 6/33
0.0 	77.4814 uA  	100.0             
0.1 	9.9851 uA   	100.0             
0.2 	154.605 nA  	100.0             
0.3 	3.21838 nA  	100.0             

    pavs=7             18.75% 7/33
0.0 	97.6055 uA  	100.0             
0.1 	13.5827 uA  	100.0             
0.2 	256.789 nA  	100.0             
0.3 	6.07582 nA  	100.0             

    pavs=8             21.88% 8/33
0.0 	131.587 uA  	100.0             
0.1 	18.8069 uA  	100.0             
0.2 	434.59 nA   	100.0             
0.3 	11.714 nA   	100.0             

    pavs=9             25.00% 9/33
0.0 	180.285 uA  	100.0             
0.1 	26.6414 uA  	100.0             
0.2 	752.063 nA  	100.0             
0.3 	23.1425 nA  	100.0             

    pavs=10            28.13% 10/33
0.0 	252.343 uA  	100.0             
0.1 	38.8809 uA  	100.0             
0.2 	1.33843 uA  	100.0             
0.3 	47.2279 nA  	100.0             

    pavs=11            31.25% 11/33
0.0 	363.545 uA  	100.0             
0.1 	59.0402 uA  	100.0             
0.2 	2.4748 uA   	100.0             
0.3 	100.893 nA  	100.0             

    pavs=12            34.38% 12/33
0.0 	545.016 uA  	100.0             
0.1 	94.6455 uA  	100.0             
0.2 	4.84153 uA  	100.0             
0.3 	232.101 nA  	100.0             

    pavs=13            37.50% 13/33
0.0 	863.716 uA  	100.0             
0.1 	163.562 uA  	100.0             
0.2 	10.3807 uA  	100.0             
0.3 	633.271 nA  	100.0             
0.4 	33.836 nA   	100.0             

    pavs=14            40.63% 14/33
0.0 	1.47168 mA  	100.0             
0.1 	310.564 uA  	100.0             
0.2 	25.7988 uA  	100.0             
0.3 	1.9834 uA   	100.0             
0.4 	135.686 nA  	100.0             

    pavs=15            43.75% 15/33
0.0 	2.55489 mA  	100.0             
0.1 	559.882 uA  	100.0             
0.2 	53.3021 uA  	100.0             
0.3 	4.52249 uA  	100.0             
0.4 	333.039 nA  	100.0             

    pavs=16            46.88% 16/33
0.0 	1.0196 mA   	100.0             
0.1 	130.031 uA  	100.0             
0.2 	3.49071 uA  	100.0             
0.3 	267.325 nA  	100.0             

    pavs=17            50.00% 17/33
0.0 	1.08971 mA  	100.0             
0.1 	154.791 uA  	100.0             
0.2 	11.2598 uA  	100.0             
0.3 	1.09454 uA  	100.0             
0.4 	107.261 nA  	100.0             

    pavs=18            53.13% 18/33
0.0 	1.63486 mA  	100.0             
0.1 	308.271 uA  	100.0             
0.2 	36.8242 uA  	100.0             
0.3 	4.18213 uA  	100.0             
0.4 	473.468 nA  	100.0             
0.5 	49.4001 nA  	100.0             

    pavs=19            56.25% 19/33
0.0 	2.88984 mA  	100.0             
0.1 	552.401 uA  	100.0             
0.2 	73.4449 uA  	100.0             
0.3 	7.94622 uA  	100.0             
0.4 	835.782 nA  	100.0             
0.5 	79.6756 nA  	100.0             

    pavs=20            59.38% 20/33
0.0 	875.65 uA   	100.0             
0.1 	91.5292 uA  	100.0             
0.2 	1.79876 uA  	100.0             
0.3 	75.8186 nA  	100.0             

    pavs=21            62.50% 21/33
0.0 	1.87982 mA  	100.0             
0.1 	153.191 uA  	100.0             
0.2 	12.4352 uA  	100.0             
0.3 	1.00436 uA  	100.0             

    pavs=22            65.63% 22/33
0.0 	11.3555 mA  	100.0             
0.1 	1.00183 mA  	100.0             
0.2 	209.266 uA  	100.0             
0.3 	45.3093 uA  	100.0             
0.4 	9.9701 uA   	100.0             
0.5 	2.20681 uA  	100.0             
0.6 	489.209 nA  	100.0             

    pavs=23            68.75% 23/33
0.0 	39.9852 mA  	100.0             
0.1 	16.2738 mA  	100.0             
0.2 	7.39888 mA  	100.0             
0.3 	3.48978 mA  	100.0             
0.4 	1.60928 mA  	100.0             
0.5 	748.637 uA  	100.0             
0.6 	346.628 uA  	100.0             
0.7 	160.803 uA  	100.0             
0.8 	74.5232 uA  	100.0             
0.9 	34.552 uA   	100.0             
0.10 	16.0163 uA  	100.0             
0.11 	7.42493 uA  	100.0             
0.12 	3.44192 uA  	100.0             
0.13 	1.59559 uA  	100.0             

    pavs=24            71.88% 24/33
0.0 	58.7889 mA  	100.0             
0.1 	33.1202 mA  	100.0             
0.2 	17.3862 mA  	100.0             
0.3 	9.17965 mA  	100.0             
0.4 	4.43172 mA  	100.0             
0.5 	2.09826 mA  	100.0             
0.6 	969.769 uA  	100.0             
0.7 	429.492 uA  	100.0             
0.8 	179.882 uA  	100.0             
0.9 	70.4482 uA  	100.0             
0.10 	25.4111 uA  	100.0             
0.11 	10.002 uA   	100.0             
0.12 	4.17537 uA  	100.0             
0.13 	2.10722 uA  	100.0             

    pavs=25            75.00% 25/33
0.0 	61.208 mA   	100.0             
0.1 	33.3104 mA  	100.0             
0.2 	17.8162 mA  	100.0             
0.3 	9.8279 mA   	100.0             
0.4 	5.29621 mA  	100.0             
0.5 	2.89969 mA  	100.0             
0.6 	1.57503 mA  	100.0             
0.7 	858.869 uA  	100.0             
0.8 	467.122 uA  	100.0             
0.9 	254.335 uA  	100.0             
0.10 	138.367 uA  	100.0             
0.11 	75.2992 uA  	100.0             
0.12 	40.9674 uA  	100.0             
0.13 	22.2906 uA  	100.0             
0.14 	12.1274 uA  	100.0             
0.15 	6.5982 uA   	100.0             
0.16 	3.5898 uA   	100.0             
0.17 	1.95306 uA  	100.0             

    pavs=26            78.13% 26/33
0.0 	44.275 mA   	100.0             
0.1 	18.6293 mA  	100.0             
0.2 	8.81088 mA  	100.0             
0.3 	3.92604 mA  	100.0             
0.4 	1.66792 mA  	100.0             
0.5 	704.386 uA  	100.0             
0.6 	294.528 uA  	100.0             
0.7 	122.71 uA   	100.0             
0.8 	50.9365 uA  	100.0             
0.9 	21.1036 uA  	100.0             
0.10 	8.73091 uA  	100.0             
0.11 	3.60908 uA  	100.0             
0.12 	1.49102 uA  	100.0             

    pavs=27            81.25% 27/33
0.0 	29.1747 mA  	100.0             
0.1 	8.56626 mA  	100.0             
0.2 	2.90397 mA  	100.0             
0.3 	926.375 uA  	100.0             
0.4 	291.42 uA   	100.0             
0.5 	90.0418 uA  	100.0             
0.6 	27.2205 uA  	100.0             
0.7 	8.35608 uA  	100.0             
0.8 	2.56989 uA  	100.0             
0.9 	775.65 nA   	100.0             

    pavs=28            84.38% 28/33
0.0 	25.2773 mA  	100.0             
0.1 	7.69787 mA  	100.0             
0.2 	3.77347 mA  	100.0             
0.3 	1.78807 mA  	100.0             
0.4 	840.915 uA  	100.0             
0.5 	395.994 uA  	100.0             
0.6 	186.899 uA  	100.0             
0.7 	88.3618 uA  	100.0             
0.8 	41.8279 uA  	100.0             
0.9 	19.8178 uA  	100.0             
0.10 	9.39586 uA  	100.0             
0.11 	4.45702 uA  	100.0             
0.12 	2.11508 uA  	100.0             
0.13 	1.00404 uA  	100.0             
0.14 	476.754 nA  	100.0             

    pavs=29            87.50% 29/33
0.0 	113.969 mA  	100.0             
0.1 	107.786 mA  	100.0             
0.2*	97.9045 mA  	100.0             
1.0 	1.12225 mA  	100.0             
1.1 	61.5456 uA  	100.0             
1.2 	3.45633 uA  	100.0             
1.3 	192.116 nA  	100.0	4.23478 uV   

    pavs=30            90.63% 30/33
0.0 	255.416 mA  	100.0             
0.1 	263.664 mA  	100.0             
        Samanskii-Newton iteration failed
0.2*	294.902 mA  	100.0             
1.0 	78.1183 mA  	100.0             
1.1 	39.892 mA   	100.0             
1.2 	18.5066 mA  	100.0             
1.3 	8.95057 mA  	100.0             
1.4 	4.18394 mA  	100.0             
1.5 	1.96267 mA  	100.0             
1.6 	909.298 uA  	100.0             
1.7 	420.187 uA  	100.0             
1.8 	193.115 uA  	100.0             
1.9 	88.515 uA   	100.0             
1.10 	40.4541 uA  	100.0             
1.11 	18.4527 uA  	100.0             
1.12 	8.40244 uA  	100.0             
1.13 	3.82104 uA  	100.0             
1.14 	1.73573 uA  	100.0             
1.15 	787.785 nA  	100.0	16.3643 uV   

    pavs=31            93.75% 31/33
0.0 	109.387 mA  	100.0             
0.1 	58.0426 mA  	100.0             
0.2 	38.9917 mA  	100.0             
0.3 	25.9587 mA  	100.0             
0.4 	16.7774 mA  	100.0             
0.5 	10.8089 mA  	100.0             
0.6 	6.87995 mA  	100.0             
0.7 	4.37403 mA  	100.0             
0.8 	2.76674 mA  	100.0             
0.9 	1.74899 mA  	100.0             
0.10 	1.10322 mA  	100.0             
0.11 	695.655 uA  	100.0             
0.12 	438.246 uA  	100.0             
0.13 	276.035 uA  	100.0             
0.14 	173.794 uA  	100.0             
0.15 	109.411 uA  	100.0             
0.16 	68.8676 uA  	100.0             
0.17 	43.3458 uA  	100.0             
0.18 	27.28 uA    	100.0             
0.19 	17.1685 uA  	100.0             
0.20 	10.8045 uA  	100.0             
0.21 	6.79947 uA  	100.0             
0.22 	4.27893 uA  	100.0             
0.23 	2.69277 uA  	100.0             
0.24 	1.69455 uA  	100.0             

    pavs=32            96.88% 32/33
0.0 	93.5925 mA  	100.0             
0.1 	43.3888 mA  	100.0             
0.2 	30.3361 mA  	100.0             
0.3 	22.7049 mA  	100.0             
0.4*	16.694 mA   	100.0             
1.0 	280.751 uA  	100.0             
1.1 	9.41721 uA  	100.0             
1.2 	322.527 nA  	100.0	1.94769 uV   

    pavs=33           100.00% 33/33
0.0 	253.751 mA  	100.0             
0.1 	191.021 mA  	100.0             
0.2 	101.003 mA  	100.0             
0.3 	76.5361 mA  	100.0             
0.4*	57.1343 mA  	100.0             
1.0 	1.49425 mA  	100.0             
1.1 	89.3576 uA  	100.0             
1.2 	5.45807 uA  	100.0             
1.3 	335.805 nA  	100.0	1.16576 uV   

An HB truncation error may be present.
o The HB truncation error is due to using a finite order 
  (number of harmonics) in the representation of the
  circuit signals.

Waveform                Trunc error             Tolerance
---------------------------------------------------------
X3._net415              5.586e-01       >       2.054e-05
X3.X2._net502           5.586e-01       >       2.054e-05
X4._net415              2.413e-01       >       1.757e-05
X4.X2._net502           2.413e-01       >       1.757e-05
X3.X2._net642           4.297e-02       >       4.283e-06

o Number of waveforms violating the HB truncation error check:
        16 out of 20 waveforms.
o Estimated max HB truncation error: 5.586e-01 @ waveform X3._net415 .
o The maximal HB truncation error estimate is greater than the 
  achieved tolerance of 2.054e-05 for this waveform.
o A time-domain plot of the N__178 waveform may show the error as 
  Gibbs ripples.
o To reduce the error, increase the order (number of harmonics) 
  and re-simulate.

SP SP1[1] <GF_lib:Doherty_t1:schematic>   freq=(1.5 GHz->2.4 GHz)
...........................................................................................

Resource usage:
  Total stopwatch time     =     1.15 seconds.

