
hpeesofsim (*) 450.shp Jan 21 2016, MINT version 4
    (64-bit windows built: 01/21/16 15:34:19)
Copyright 1995 - 2015 Keysight Technologies, 1989-2016.

Warning detected by hpeesofsim in LinearCollapse '_2_' during analysis.
    LinearCollapse is disabled because there is 'HB' analysis present.
Warning detected by hpeesofsim in topology check during circuit set up.
    Number of nodes with no DC path to ground (topology corrected): 2


HB HB1[1] <ICR_DPA_lib:DPA:schematic>   RFpower=(10->40)
Pt DC convergence is used.
    Number of tones:   1.
    Number of frequencies:   6.
    Number of time samples:  32.
    Number of HB equations (HB problem size): 2398.
    Number of SS/noise equations (SS/noise problem size): 4796.
    Auto mode: on.
    Convergence mode: Auto.
    Linear solver: direct.
    RFpower=10             0.00% 1/48
------------------------------------------------------------------------------
Newton solver:					
Iter	KCL residual	Damp %	Sol update
------------------------------------------------------------------------------
0.0*	218.02 mA   	100.0             
1.0 	12.463 mA   	100.0             
1.1 	483.657 uA  	100.0             
1.2 	27.401 uA   	100.0             
1.3 	1.25455 uA  	100.0	1.54024 uV   
.    RFpower=11             3.33% 2/48
0.0 	9.46019 mA  	100.0             
0.1 	1.76724 mA  	100.0             
0.2 	107.032 uA  	100.0             
0.3 	5.59402 uA  	100.0             

.    RFpower=12             6.67% 3/48
0.0 	13.2867 mA  	100.0             
0.1 	2.55854 mA  	100.0             
0.2 	171.01 uA   	100.0             
0.3 	9.90533 uA  	100.0             
0.4 	554.08 nA   	100.0             

.    RFpower=13            10.00% 4/48
0.0 	17.8398 mA  	100.0             
0.1 	3.42247 mA  	100.0             
0.2 	235.464 uA  	100.0             
0.3 	14.5048 uA  	100.0             
0.4 	865.128 nA  	100.0             

.    RFpower=14            13.33% 5/48
0.0 	20.8024 mA  	100.0             
0.1 	3.61262 mA  	100.0             
0.2 	204.751 uA  	100.0             
0.3 	11.1874 uA  	100.0             
0.4 	604.538 nA  	100.0             

.    RFpower=15            16.67% 6/48
0.0 	15.3213 mA  	100.0             
0.1 	1.97502 mA  	100.0             
0.2 	52.3566 uA  	100.0             
0.3 	1.58858 uA  	100.0             

.    RFpower=16            20.00% 7/48
0.0 	13.3264 mA  	100.0             
0.1 	1.57518 mA  	100.0             
0.2 	30.4257 uA  	100.0             
0.3 	1.10802 uA  	100.0             

.    RFpower=17            23.33% 8/48
0.0 	12.0777 mA  	100.0             
0.1 	1.35728 mA  	100.0             
0.2 	24.8394 uA  	100.0             
0.3 	675.409 nA  	100.0             

.    RFpower=18            26.67% 9/48
0.0 	13.3751 mA  	100.0             
0.1 	1.46616 mA  	100.0             
0.2 	26.7827 uA  	100.0             
0.3 	460.23 nA   	100.0             

.    RFpower=19            30.00% 10/48
0.0 	16.1035 mA  	100.0             
0.1 	1.78153 mA  	100.0             
0.2 	32.266 uA   	100.0             
0.3 	555.158 nA  	100.0             

.    RFpower=20            33.33% 11/48
0.0 	21.9857 mA  	100.0             
0.1 	2.42945 mA  	100.0             
0.2 	43.9549 uA  	100.0             
0.3 	908.816 nA  	100.0             

.    RFpower=21            36.67% 12/48
0.0 	29.2328 mA  	100.0             
0.1 	3.19017 mA  	100.0             
0.2 	56.9898 uA  	100.0             
0.3 	1.33328 uA  	100.0             

.    RFpower=22            40.00% 13/48
0.0 	38.031 mA   	100.0             
0.1 	4.05919 mA  	100.0             
0.2 	71.8033 uA  	100.0             
0.3 	1.73814 uA  	100.0             

.    RFpower=23            43.33% 14/48
0.0 	48.2544 mA  	100.0             
0.1 	5.14528 mA  	100.0             
0.2 	94.0733 uA  	100.0             
0.3 	2.46924 uA  	100.0             

.    RFpower=23.5          45.00% 15/48
0.0 	15.206 mA   	100.0             
0.1 	771.387 uA  	100.0             
0.2 	7.12203 uA  	100.0             

.    RFpower=24            46.67% 16/48
0.0 	17.0836 mA  	100.0             
0.1 	862.873 uA  	100.0             
0.2 	8.10594 uA  	100.0             

.    RFpower=24.5          48.33% 17/48
0.0 	19.1691 mA  	100.0             
0.1 	965.073 uA  	100.0             
0.2 	9.23494 uA  	100.0             

.    RFpower=25            50.00% 18/48
0.0 	21.534 mA   	100.0             
0.1 	1.07542 mA  	100.0             
0.2 	10.6499 uA  	100.0             

.    RFpower=25.5          51.67% 19/48
0.0 	24.3093 mA  	100.0             
0.1 	1.19016 mA  	100.0             
0.2 	12.5292 uA  	100.0             
0.3 	267.865 nA  	100.0             
0.4 	7.15447 nA  	100.0             
0.5 	200.821 pA  	100.0             

.    RFpower=26            53.33% 20/48
0.0 	27.5705 mA  	100.0             
0.1 	1.32345 mA  	100.0             
0.2 	12.9945 uA  	100.0             
0.3 	405.661 nA  	100.0             
0.4 	19.4086 nA  	100.0             
0.5 	926.287 pA  	100.0             

.    RFpower=26.5          55.00% 21/48
0.0 	216.85 MA   	100.0             
        Samanskii-Newton iteration failed
0.1*	112.033e+72A	100.0             
1.0*	100.743 A   	100.0             
2.0 	62.5879 A   	100.0             
2.1 	58.1002 A   	100.0             
2.2*	47.5329 A   	100.0             
3.0 	13.4594 A   	100.0             
3.1 	8.74826 A   	100.0             
        Samanskii-Newton iteration failed
3.2*	11.3106 A   	100.0             
4.0 	6.2051 A    	100.0             
4.1 	5.76842 A   	100.0             
4.2 	4.66227 A   	100.0             
4.3 	4.3428 A    	100.0             
4.4 	3.73964 A   	100.0             
4.5 	3.49502 A   	100.0             
4.6 	3.09744 A   	100.0             
4.7 	2.90461 A   	100.0             
4.8 	2.61704 A   	100.0             
4.9 	2.46054 A   	100.0             
4.10 	2.24072 A   	100.0             
4.11 	2.11092 A   	100.0             
4.12 	1.93678 A   	100.0             
4.13 	1.82727 A   	100.0             
4.14 	1.68584 A   	100.0             
4.15 	1.59193 A   	100.0             
4.16 	1.4748 A    	100.0             
4.17 	1.39335 A   	100.0             
4.18 	1.29491 A   	100.0             
4.19 	1.22372 A   	100.0             
4.20 	1.14007 A   	100.0             
4.21 	1.07752 A   	100.0             
4.22 	1.00581 A   	100.0             
4.23 	950.634 mA  	100.0             
4.24 	888.759 mA  	100.0             
4.25 	839.953 mA  	100.0             
4.26 	786.275 mA  	100.0             
4.27 	743.02 mA   	100.0             
4.28 	696.256 mA  	100.0             
4.29 	657.865 mA  	100.0             
4.30 	616.987 mA  	100.0             
4.31 	582.88 mA   	100.0             
4.32 	547.049 mA  	100.0             
4.33 	516.725 mA  	100.0             
4.34 	485.25 mA   	100.0             
4.35 	458.278 mA  	100.0             
4.36*	430.578 mA  	100.0             
5.0 	6.93676 mA  	100.0             
5.1 	189.816 uA  	100.0             
5.2 	5.05636 uA  	100.0	3.9949 uV    

.    RFpower=27            56.67% 22/48
0.0 	71.6566 mA  	100.0             
0.1 	5.0668 mA   	100.0             
0.2 	320.805 uA  	100.0             
0.3 	36.7634 uA  	100.0             
0.4 	4.44983 uA  	100.0             
0.5 	406.584 nA  	100.0             

.    RFpower=27.5          58.33% 23/48
0.0 	92.3106 mA  	100.0             
0.1 	8.34623 mA  	100.0             
0.2 	986.755 uA  	100.0             
0.3 	157.098 uA  	100.0             
0.4 	19.4681 uA  	100.0             
0.5 	1.68229 uA  	100.0             
0.6 	203.727 nA  	100.0             

.    RFpower=28            60.00% 24/48
0.0 	106.482 mA  	100.0             
0.1 	7.79491 mA  	100.0             
0.2 	1.57577 mA  	100.0             
0.3 	270.207 uA  	100.0             
0.4 	32.9605 uA  	100.0             
0.5 	2.86879 uA  	100.0             
0.6 	324.42 nA   	100.0             

.    RFpower=28.5          61.67% 25/48
0.0 	133.506 mA  	100.0             
0.1 	7.04243 mA  	100.0             
0.2 	1.90492 mA  	100.0             
0.3 	389.566 uA  	100.0             
0.4 	60.1189 uA  	100.0             
0.5 	7.89471 uA  	100.0             
0.6 	963.681 nA  	100.0             

.    RFpower=29            63.33% 26/48
0.0 	150.674 mA  	100.0             
0.1 	8.7367 mA   	100.0             
0.2 	1.9735 mA   	100.0             
0.3 	464.828 uA  	100.0             
0.4 	86.358 uA   	100.0             
0.5 	15.0708 uA  	100.0             
0.6 	2.62284 uA  	100.0             

.    RFpower=29.5          65.00% 27/48
0.0 	194.059 mA  	100.0             
0.1 	9.15599 mA  	100.0             
0.2 	1.75529 mA  	100.0             
0.3 	503.117 uA  	100.0             
0.4 	110.439 uA  	100.0             
0.5 	22.1996 uA  	100.0             
0.6 	4.33596 uA  	100.0             

.    RFpower=30            66.67% 28/48
0.0 	254.598 A   	100.0             
        Samanskii-Newton iteration failed
0.1*	4.5428 kA   	100.0             
        Newton iteration failed, damping activated
1.0*	125.693 GA  	100.0             
2.0*	125.893 MA  	100.0             
    Switching to arc-length continuation

Fwd RFpower=29.508        65.03% 28/48  Step=1
0.0*	710.6 mA    	100.0             
1.0 	712.42 mA   	100.0             
        Samanskii-Newton iteration failed
1.1*	712.42 mA   	100.0             
2.0*	712.431 mA  	100.0             
3.0*	751.164 mA  	100.0             
4.0*	747.51 mA   	100.0             
5.0*	737.655 mA  	100.0             
6.0*	737.167 mA  	100.0             
7.0*	736.09 mA   	100.0             
8.0*	739.858 mA  	100.0             
9.0*	737.489 mA  	100.0             
10.0*	738.319 mA  	100.0             
11.0*	734.607 mA  	100.0             
12.0*	734.84 mA   	100.0             
13.0*	735.904 mA  	100.0             
14.0*	736.857 mA  	100.0             
15.0*	736.009 mA  	100.0             
16.0*	735.161 mA  	100.0             
17.0*	734.576 mA  	100.0             
18.0*	725.509 mA  	100.0             
19.0*	725.381 mA  	100.0             
20.0*	729.944 mA  	100.0             
21.0*	725.879 mA  	100.0             
22.0*	725.894 mA  	100.0             
23.0*	724.142 mA  	100.0             
24.0*	726.14 mA   	100.0             
25.0*	724.621 mA  	100.0             
26.0*	725.07 mA   	100.0             
27.0*	721.724 mA  	100.0             
    rejected

Fwd RFpower=29.5038       65.01% 28/48  Step=0.4761904762
0.0*	338.381 mA  	100.0             
1.0 	338.066 mA  	100.0             
        Samanskii-Newton iteration failed
1.1*	338.066 mA  	100.0             
2.0*	338.673 mA  	100.0             
3.0*	336.555 mA  	100.0             
4.0*	346.129 mA  	100.0             
5.0*	342.713 mA  	100.0             
6.0*	342.243 mA  	100.0             
7.0*	342.362 mA  	100.0             
8.0*	342.03 mA   	100.0             
9.0*	341.686 mA  	100.0             
10.0*	341.64 mA   	100.0             
11.0*	342.541 mA  	100.0             
12.0*	340.592 mA  	100.0             
13.0*	340.959 mA  	100.0             
14.0*	347.467 mA  	100.0             
15.0*	348.515 mA  	100.0             
16.0*	356.267 mA  	100.0             
17.0*	350.019 mA  	100.0             
18.0*	347.921 mA  	100.0             
19.0*	410.132 mA  	100.0             
20.0*	384.079 mA  	100.0             
21.0*	361.672 mA  	100.0             
22.0*	354.954 mA  	100.0             
23.0*	366.141 mA  	100.0             
24.0*	376.189 mA  	100.0             
25.0*	362.046 mA  	100.0             
26.0*	361.891 mA  	100.0             
27.0*	361.809 mA  	100.0             
28.0*	359.898 mA  	100.0             
    rejected

Fwd RFpower=29.5018       65.01% 28/48  Step=0.2267573696
0.0*	161.134 mA  	100.0             
1.0 	160.641 mA  	100.0             
1.1*	160.325 mA  	100.0             
2.0*	155.119 mA  	100.0             
3.0*	153.834 mA  	100.0             
4.0*	152.706 mA  	100.0             
5.0*	152.467 mA  	100.0             
6.0*	153.355 mA  	100.0             
7.0*	154.153 mA  	100.0             
8.0*	153.584 mA  	100.0             
9.0*	155.651 mA  	100.0             
10.0*	154.138 mA  	100.0             
11.0*	153.513 mA  	100.0             
12.0*	153.613 mA  	100.0             
13.0*	157.873 mA  	100.0             
14.0*	158.157 mA  	100.0             
15.0*	159.343 mA  	100.0             
16.0*	161.564 mA  	100.0             
17.0*	164.259 mA  	100.0             
18.0*	163.536 mA  	100.0             
19.0*	164.055 mA  	100.0             
20.0*	157.664 mA  	100.0             
21.0*	152.708 mA  	100.0             
22.0*	141.799 mA  	100.0             
23.0*	141.392 mA  	100.0             
24.0*	141.72 mA   	100.0             
25.0*	140.857 mA  	100.0             
26.0*	139.557 mA  	100.0             
27.0*	141.308 mA  	100.0             
28.0*	147.604 mA  	100.0             
29.0*	137.012 mA  	100.0             
30.0*	143.419 mA  	100.0             
31.0*	148.327 mA  	100.0             
32.0*	138.236 mA  	100.0             
33.0*	140.739 mA  	100.0             
34.0*	138.317 mA  	100.0             
35.0*	137.921 mA  	100.0             
36.0*	136.451 mA  	100.0             
37.0*	170.61 mA   	100.0             
38.0*	164.654 mA  	100.0             
39.0*	161.245 mA  	100.0             
40.0*	161.437 mA  	100.0             
41.0*	161.558 mA  	100.0             
42.0*	161.949 mA  	100.0             
43.0*	160.999 mA  	100.0             
44.0*	161.871 mA  	100.0             
45.0*	161.596 mA  	100.0             
46.0*	182.73 mA   	100.0             
47.0*	173.007 mA  	100.0             
48.0*	145.315 mA  	100.0             
49.0*	142.934 mA  	100.0             
    rejected

Fwd RFpower=29.5009       65.00% 28/48  Step=0.1079796998
0.0*	76.7303 mA  	100.0             
1.0 	80.9892 mA  	100.0             
        Samanskii-Newton iteration failed
1.1*	80.9892 mA  	100.0             
2.0*	73.6876 mA  	100.0             
3.0*	73.3186 mA  	100.0             
4.0*	73.5682 mA  	100.0             
5.0*	73.4175 mA  	100.0             
6.0*	74.0751 mA  	100.0             
7.0*	74.3234 mA  	100.0             
8.0*	73.7346 mA  	100.0             
9.0*	75.4205 mA  	100.0             
10.0*	74.9021 mA  	100.0             
11.0*	75.412 mA   	100.0             
12.0*	74.7165 mA  	100.0             
13.0*	75.0058 mA  	100.0             
14.0*	74.5241 mA  	100.0             
15.0*	77.9939 mA  	100.0             
16.0*	84.6823 mA  	100.0             
17.0*	84.9192 mA  	100.0             
18.0*	82.8078 mA  	100.0             
19.0*	86.6472 mA  	100.0             
20.0*	86.1725 mA  	100.0             
21.0*	85.3201 mA  	100.0             
    rejected

Fwd RFpower=29.5004       65.00% 28/48  Step=0.05141890467
0.0*	36.5382 mA  	100.0             
1.0 	36.3842 mA  	100.0             
        Samanskii-Newton iteration failed
1.1*	36.3842 mA  	100.0             
2.0*	36.2685 mA  	100.0             
3.0*	36.5533 mA  	100.0             
4.0*	36.2012 mA  	100.0             
5.0*	36.0711 mA  	100.0             
6.0*	36.0653 mA  	100.0             
7.0*	36.1717 mA  	100.0             
8.0*	36.3118 mA  	100.0             
9.0*	36.049 mA   	100.0             
10.0*	36.018 mA   	100.0             
11.0*	35.9174 mA  	100.0             
12.0*	35.7081 mA  	100.0             
13.0*	35.75 mA    	100.0             
14.0*	35.8127 mA  	100.0             
15.0*	35.8982 mA  	100.0             
16.0*	35.8391 mA  	100.0             
17.0*	35.8187 mA  	100.0             
18.0*	36.1255 mA  	100.0             
19.0*	36.5975 mA  	100.0             
20.0*	36.168 mA   	100.0             
21.0*	36.2047 mA  	100.0             
22.0*	36.0326 mA  	100.0             
23.0*	37.0263 mA  	100.0             
24.0*	37.0755 mA  	100.0             
25.0*	36.8238 mA  	100.0             
26.0*	36.5433 mA  	100.0             
27.0*	36.382 mA   	100.0             
28.0*	36.3903 mA  	100.0             
29.0*	35.6689 mA  	100.0             
30.0*	36.678 mA   	100.0             
31.0*	35.8754 mA  	100.0             
32.0*	35.4159 mA  	100.0             
33.0*	35.4486 mA  	100.0             
34.0*	35.4329 mA  	100.0             
35.0*	35.3712 mA  	100.0             
36.0*	36.3188 mA  	100.0             
37.0*	35.0248 mA  	100.0             
38.0*	35.0543 mA  	100.0             
39.0*	39.2546 mA  	100.0             
40.0*	38.599 mA   	100.0             
41.0*	38.7199 mA  	100.0             
42.0*	38.5873 mA  	100.0             
43.0*	38.4443 mA  	100.0             
44.0*	38.4391 mA  	100.0             
45.0*	39.7099 mA  	100.0             
46.0*	39.3287 mA  	100.0             
47.0*	38.6512 mA  	100.0             
48.0*	38.5502 mA  	100.0             
    rejected

Fwd RFpower=29.5002       65.00% 28/48  Step=0.0244851927
0.0*	17.3992 mA  	100.0             
1.0 	17.4114 mA  	100.0             
        Samanskii-Newton iteration failed
1.1*	17.4114 mA  	100.0             
2.0*	17.3972 mA  	100.0             
3.0*	17.4081 mA  	100.0             
4.0*	17.3726 mA  	100.0             
5.0*	17.4347 mA  	100.0             
6.0*	17.4669 mA  	100.0             
7.0*	17.4466 mA  	100.0             
8.0*	17.4741 mA  	100.0             
9.0*	17.5802 mA  	100.0             
10.0*	17.5415 mA  	100.0             
11.0*	18.3354 mA  	100.0             
12.0*	21.9891 mA  	100.0             
13.0*	18.1038 mA  	100.0             
14.0*	18.2657 mA  	100.0             
15.0*	18.3607 mA  	100.0             
16.0*	18.2503 mA  	100.0             
17.0*	18.1218 mA  	100.0             
18.0*	17.8235 mA  	100.0             
19.0*	17.6863 mA  	100.0             
20.0*	17.6036 mA  	100.0             
21.0*	17.6799 mA  	100.0             
22.0*	17.6262 mA  	100.0             
23.0*	17.6393 mA  	100.0             
24.0*	17.8271 mA  	100.0             
25.0*	17.8963 mA  	100.0             
26.0*	18.0891 mA  	100.0             
27.0*	17.8456 mA  	100.0             
28.0*	18.5043 mA  	100.0             
29.0*	18.0417 mA  	100.0             
30.0*	18.0471 mA  	100.0             
31.0*	18.0859 mA  	100.0             
32.0*	18.1807 mA  	100.0             
33.0*	18.2212 mA  	100.0             
34.0*	18.3511 mA  	100.0             
35.0*	18.1996 mA  	100.0             
36.0*	18.2874 mA  	100.0             
37.0*	18.4013 mA  	100.0             
38.0*	18.4193 mA  	100.0             
39.0*	18.3019 mA  	100.0             
40.0*	18.3481 mA  	100.0             
41.0*	18.4292 mA  	100.0             
42.0*	18.4188 mA  	100.0             
43.0*	18.3884 mA  	100.0             
44.0*	19.0334 mA  	100.0             
45.0*	19.4703 mA  	100.0             
46.0*	19.0878 mA  	100.0             
47.0*	18.7275 mA  	100.0             
48.0*	18.6768 mA  	100.0             
49.0*	18.6821 mA  	100.0             
    rejected

Fwd RFpower=29.5001       65.00% 28/48  Step=0.01165961557
0.0*	8.28532 mA  	100.0             
1.0 	8.39936 mA  	100.0             
        Samanskii-Newton iteration failed
1.1*	8.39936 mA  	100.0             
2.0*	8.36751 mA  	100.0             
3.0*	8.34251 mA  	100.0             
4.0*	8.3318 mA   	100.0             
5.0*	9.03068 mA  	100.0             
6.0*	8.62773 mA  	100.0             
7.0*	8.60727 mA  	100.0             
8.0*	8.61097 mA  	100.0             
9.0*	8.61931 mA  	100.0             
10.0*	8.58181 mA  	100.0             
11.0*	8.59359 mA  	100.0             
12.0*	8.47028 mA  	100.0             
13.0*	8.59323 mA  	100.0             
14.0*	8.46875 mA  	100.0             
15.0*	8.48883 mA  	100.0             
16.0*	8.06973 mA  	100.0             
17.0*	8.10995 mA  	100.0             
18.0*	8.21027 mA  	100.0             
19.0*	8.26776 mA  	100.0             
20.0*	8.32209 mA  	100.0             
21.0*	8.43966 mA  	100.0             
22.0*	8.34186 mA  	100.0             
23.0*	8.21324 mA  	100.0             
24.0*	8.26342 mA  	100.0             
25.0*	8.21328 mA  	100.0             
26.0*	8.23006 mA  	100.0             
27.0*	8.20424 mA  	100.0             
28.0*	12.2977 mA  	100.0             
29.0*	11.8041 mA  	100.0             
30.0*	10.8373 mA  	100.0             
31.0*	10.6574 mA  	100.0             
32.0*	10.6948 mA  	100.0             
33.0*	10.9843 mA  	100.0             
34.0*	10.765 mA   	100.0             
35.0*	10.952 mA   	100.0             
36.0*	10.7096 mA  	100.0             
37.0*	10.7925 mA  	100.0             
38.0*	10.6291 mA  	100.0             
39.0*	10.4034 mA  	100.0             
40.0*	10.3034 mA  	100.0             
41.0*	10.4721 mA  	100.0             
42.0*	10.2584 mA  	100.0             
43.0*	10.1612 mA  	100.0             
44.0*	10.0753 mA  	100.0             
45.0*	10.0419 mA  	100.0             
46.0*	10.0726 mA  	100.0             
47.0*	10.1086 mA  	100.0             
48.0*	10.0608 mA  	100.0             
49.0*	10.0749 mA  	100.0             
    rejected

Fwd RFpower=29.5          65.00% 28/48  Step=0.005552197892
0.0*	3.9454 mA   	100.0             
1.0 	3.97648 mA  	100.0             
1.1*	3.96408 mA  	100.0             
2.0*	3.99681 mA  	100.0             
3.0*	4.01603 mA  	100.0             
4.0*	3.99627 mA  	100.0             
5.0*	4.58839 mA  	100.0             
6.0*	4.19073 mA  	100.0             
7.0*	4.0742 mA   	100.0             
8.0*	4.85688 mA  	100.0             
9.0*	3.87074 mA  	100.0             
10.0*	3.76127 mA  	100.0             
11.0*	3.74857 mA  	100.0             
12.0*	3.79027 mA  	100.0             
13.0*	3.73083 mA  	100.0             
14.0*	3.78586 mA  	100.0             
15.0*	3.77101 mA  	100.0             
16.0*	3.90807 mA  	100.0             
17.0*	3.87385 mA  	100.0             
18.0*	3.86475 mA  	100.0             
19.0*	3.8681 mA   	100.0             
20.0*	4.11593 mA  	100.0             
21.0*	3.85788 mA  	100.0             
22.0*	3.85949 mA  	100.0             
23.0*	4.43846 mA  	100.0             
24.0*	4.25833 mA  	100.0             
25.0*	4.84919 mA  	100.0             
26.0*	4.75314 mA  	100.0             
27.0*	4.71424 mA  	100.0             
28.0*	4.98261 mA  	100.0             
29.0*	4.40197 mA  	100.0             
    rejected

Fwd RFpower=29.5          65.00% 28/48  Step=0.002643903758
0.0*	1.87877 mA  	100.0             
1.0 	1.8669 mA   	100.0             
1.1*	1.85979 mA  	100.0             
2.0*	1.92821 mA  	100.0             
3.0*	1.7702 mA   	100.0             
4.0*	1.79086 mA  	100.0             
5.0*	1.83091 mA  	100.0             
6.0*	1.90104 mA  	100.0             
7.0*	1.8891 mA   	100.0             
8.0*	1.82784 mA  	100.0             
9.0*	1.83767 mA  	100.0             
10.0*	1.84537 mA  	100.0             
11.0*	1.91395 mA  	100.0             
    rejected

Fwd RFpower=29.5          65.00% 28/48  Step=0.001259001789
0.0*	894.664 uA  	100.0             
1.0 	907.656 uA  	100.0             
1.1*	897.247 uA  	100.0             
2.0*	905.776 uA  	100.0             
3.0*	904.602 uA  	100.0             
4.0*	901.196 uA  	100.0             
5.0*	959.824 uA  	100.0             
6.0*	941.888 uA  	100.0             
7.0*	953.282 uA  	100.0             
8.0*	1.12502 mA  	100.0             
9.0*	968.189 uA  	100.0             
10.0*	969.508 uA  	100.0             
11.0*	964.992 uA  	100.0             
12.0*	958.93 uA   	100.0             
13.0*	971.123 uA  	100.0             
14.0*	959.224 uA  	100.0             
15.0*	975.01 uA   	100.0             
16.0*	978.622 uA  	100.0             
17.0*	968.373 uA  	100.0             
18.0*	981.028 uA  	100.0             
19.0*	969.69 uA   	100.0             
20.0*	966.79 uA   	100.0             
21.0*	963.157 uA  	100.0             
22.0*	985.499 uA  	100.0             
23.0*	979.811 uA  	100.0             
24.0*	977.173 uA  	100.0             
25.0*	981.011 uA  	100.0             
26.0*	983.013 uA  	100.0             
27.0*	973.434 uA  	100.0             
28.0*	964.949 uA  	100.0             
29.0*	966.813 uA  	100.0             
30.0*	963.154 uA  	100.0             
31.0*	968.814 uA  	100.0             
32.0*	977.208 uA  	100.0             
33.0*	1.04035 mA  	100.0             
34.0*	1.01915 mA  	100.0             
35.0*	1.02464 mA  	100.0             
36.0*	1.01423 mA  	100.0             
37.0*	1.02034 mA  	100.0             
38.0*	1.00775 mA  	100.0             
39.0*	1.00434 mA  	100.0             
40.0*	1.00155 mA  	100.0             
41.0*	1.02507 mA  	100.0             
42.0*	1.00935 mA  	100.0             
43.0*	1.09296 mA  	100.0             
44.0*	1.05435 mA  	100.0             
45.0*	1.0492 mA   	100.0             
46.0*	1.03934 mA  	100.0             
47.0*	1.04626 mA  	100.0             
48.0*	1.04481 mA  	100.0             
49.0*	1.04362 mA  	100.0             
    rejected

Fwd RFpower=29.5          65.00% 28/48  Step=0.0005995246617
0.0*	426.042 uA  	100.0             
1.0 	429.219 uA  	100.0             
1.1*	428.398 uA  	100.0             
2.0*	428.963 uA  	100.0             
3.0*	421.387 uA  	100.0             
4.0*	420.855 uA  	100.0             
5.0*	452.381 uA  	100.0             
6.0*	446.242 uA  	100.0             
7.0*	451.378 uA  	100.0             
8.0*	453.523 uA  	100.0             
9.0*	457.915 uA  	100.0             
10.0*	451.6 uA    	100.0             
11.0*	451.201 uA  	100.0             
12.0*	451.88 uA   	100.0             
13.0*	446.938 uA  	100.0             
14.0*	450.396 uA  	100.0             
15.0*	456.92 uA   	100.0             
16.0*	454.045 uA  	100.0             
17.0*	451.954 uA  	100.0             
18.0*	453.906 uA  	100.0             
19.0*	450.545 uA  	100.0             
20.0*	463.362 uA  	100.0             
21.0*	496.939 uA  	100.0             
22.0*	478.91 uA   	100.0             
23.0*	485.185 uA  	100.0             
24.0*	483.079 uA  	100.0             
25.0*	480.776 uA  	100.0             
26.0*	479.967 uA  	100.0             
27.0*	471.652 uA  	100.0             
28.0*	470.887 uA  	100.0             
29.0*	493.226 uA  	100.0             
30.0*	468.788 uA  	100.0             
31.0*	469.067 uA  	100.0             
32.0*	469.526 uA  	100.0             
33.0*	466.456 uA  	100.0             
    rejected

Fwd RFpower=29.5          65.00% 28/48  Step=0.0002854879341
0.0*	202.889 uA  	100.0             
1.0 	201.963 uA  	100.0             
1.1*	201.781 uA  	100.0             
2.0*	205.341 uA  	100.0             
3.0*	204.6 uA    	100.0             
4.0*	201.93 uA   	100.0             
5.0*	201.917 uA  	100.0             
6.0*	201.914 uA  	100.0             
7.0*	201.961 uA  	100.0             
8.0*	202.109 uA  	100.0             
9.0*	202.711 uA  	100.0             
10.0*	202.026 uA  	100.0             
11.0*	200.259 uA  	100.0             
12.0*	200.878 uA  	100.0             
13.0*	203.948 uA  	100.0             
14.0*	196.361 uA  	100.0             
15.0*	196.748 uA  	100.0             
16.0*	200.224 uA  	100.0             
17.0*	199.256 uA  	100.0             
18.0*	199.13 uA   	100.0             
19.0*	198.437 uA  	100.0             
20.0*	199.216 uA  	100.0             
21.0*	198.204 uA  	100.0             
22.0*	213.77 uA   	100.0             
23.0*	214.358 uA  	100.0             
24.0*	210.503 uA  	100.0             
25.0*	218.017 uA  	100.0             
26.0*	212.069 uA  	100.0             
27.0*	210.047 uA  	100.0             
28.0*	210.215 uA  	100.0             
29.0*	211.868 uA  	100.0             
30.0*	211.913 uA  	100.0             
31.0*	253.878 uA  	100.0             
32.0*	237.097 uA  	100.0             
33.0*	227.252 uA  	100.0             
34.0*	226.758 uA  	100.0             
35.0*	228.603 uA  	100.0             
36.0*	223.494 uA  	100.0             
37.0*	224.582 uA  	100.0             
38.0*	222.657 uA  	100.0             
39.0*	223.076 uA  	100.0             
40.0*	223.214 uA  	100.0             
41.0*	223.324 uA  	100.0             
42.0*	224.681 uA  	100.0             
43.0*	224.079 uA  	100.0             
44.0*	224.025 uA  	100.0             
45.0*	220.114 uA  	100.0             
46.0*	221.377 uA  	100.0             
47.0*	260.041 uA  	100.0             
48.0*	235.064 uA  	100.0             
49.0*	237.678 uA  	100.0             
    rejected

Fwd RFpower=29.5          65.00% 28/48  Step=0.0001359466353
0.0*	96.625 uA   	100.0             
1.0 	94.5722 uA  	100.0             
        Samanskii-Newton iteration failed
1.1*	94.5722 uA  	100.0             
2.0*	94.0357 uA  	100.0             
3.0*	95.5981 uA  	100.0             
4.0*	92.7067 uA  	100.0             
5.0*	106.168 uA  	100.0             
6.0*	100.716 uA  	100.0             
7.0*	101.239 uA  	100.0             
8.0*	96.4325 uA  	100.0             
9.0*	93.9616 uA  	100.0             
10.0*	93.2874 uA  	100.0             
11.0*	93.083 uA   	100.0             
12.0*	93.7844 uA  	100.0             
13.0*	135.343 uA  	100.0             
14.0*	145.427 uA  	100.0             
15.0*	136.196 uA  	100.0             
16.0*	126.619 uA  	100.0             
17.0*	123.307 uA  	100.0             
18.0*	124.627 uA  	100.0             
19.0*	126.57 uA   	100.0             
20.0*	123.95 uA   	100.0             
21.0*	124.228 uA  	100.0             
22.0*	123.336 uA  	100.0             
23.0*	123.641 uA  	100.0             
24.0*	125.105 uA  	100.0             
25.0*	122.772 uA  	100.0             
26.0*	121.955 uA  	100.0             
    rejected

Fwd RFpower=29.5          65.00% 28/48  Step=6.4736493e-05
0.0*	46.0233 uA  	100.0             
1.0 	46.701 uA   	100.0             
        Samanskii-Newton iteration failed
1.1*	46.701 uA   	100.0             
2.0*	46.2365 uA  	100.0             
3.0*	46.1245 uA  	100.0             
4.0*	45.8466 uA  	100.0             
5.0*	44.9461 uA  	100.0             
6.0*	45.118 uA   	100.0             
7.0*	44.5008 uA  	100.0             
8.0*	44.5266 uA  	100.0             
9.0*	44.5974 uA  	100.0             
10.0*	44.7177 uA  	100.0             
11.0*	42.4286 uA  	100.0             
12.0*	36.3524 uA  	100.0             
13.0*	36.3393 uA  	100.0             
14.0*	36.4378 uA  	100.0             
15.0*	36.4348 uA  	100.0             
16.0*	36.5212 uA  	100.0             
17.0*	38.7174 uA  	100.0             
18.0*	35.2442 uA  	100.0             
19.0*	35.2129 uA  	100.0             
20.0*	35.2202 uA  	100.0             
21.0*	35.1072 uA  	100.0             
22.0*	34.7168 uA  	100.0             
23.0*	33.9179 uA  	100.0             
24.0*	33.9834 uA  	100.0             
25.0*	34.3686 uA  	100.0             
26.0*	36.2813 uA  	100.0             
27.0*	39.0153 uA  	100.0             
28.0*	37.883 uA   	100.0             
29.0*	37.9154 uA  	100.0             
30.0*	37.9341 uA  	100.0             
31.0*	37.849 uA   	100.0             
32.0*	37.9101 uA  	100.0             
33.0*	38.1222 uA  	100.0             
34.0*	37.6866 uA  	100.0             
35.0*	37.7525 uA  	100.0             
36.0*	37.0058 uA  	100.0             
37.0*	36.8565 uA  	100.0             
38.0*	36.4967 uA  	100.0             
39.0*	36.3341 uA  	100.0             
40.0*	36.8145 uA  	100.0             
41.0*	36.4594 uA  	100.0             
42.0*	40.7318 uA  	100.0             
43.0*	40.131 uA   	100.0             
    rejected

Fwd RFpower=29.5          65.00% 28/48  Step=3.082690143e-05
0.0*	21.9273 uA  	100.0             
1.0 	22.3819 uA  	100.0             
        Samanskii-Newton iteration failed
1.1*	22.3819 uA  	100.0             
2.0*	21.8965 uA  	100.0             
3.0*	21.9757 uA  	100.0             
4.0*	22.0591 uA  	100.0             
5.0*	21.8893 uA  	100.0             
6.0*	21.9469 uA  	100.0             
7.0*	22.137 uA   	100.0             
8.0*	21.96 uA    	100.0             
9.0*	22.1733 uA  	100.0             
10.0*	21.9489 uA  	100.0             
11.0*	22.6684 uA  	100.0             
12.0*	22.073 uA   	100.0             
13.0*	21.9222 uA  	100.0             
14.0*	22.919 uA   	100.0             
15.0*	22.1285 uA  	100.0             
16.0*	22.0383 uA  	100.0             
17.0*	24.1959 uA  	100.0             
18.0*	16.4183 uA  	100.0             
19.0*	16.5357 uA  	100.0             
20.0*	16.4055 uA  	100.0             
21.0*	16.3999 uA  	100.0             
22.0*	16.539 uA   	100.0             
23.0*	16.3497 uA  	100.0             
24.0*	16.3284 uA  	100.0             
25.0*	16.2135 uA  	100.0             
26.0*	16.2765 uA  	100.0             
27.0*	16.2381 uA  	100.0             
28.0*	15.8848 uA  	100.0             
29.0*	19.952 uA   	100.0             
30.0*	17.3228 uA  	100.0             
31.0*	19.9868 uA  	100.0             
32.0*	19.2998 uA  	100.0             
33.0*	20.5695 uA  	100.0             
    rejected

Fwd RFpower=29.5          65.00% 28/48  Step=1.467947687e-05
0.0*	10.453 uA   	100.0             
1.0 	21.7176 uA  	100.0             
        Samanskii-Newton iteration failed
1.1*	21.7176 uA  	100.0             
2.0*	12.2286 uA  	100.0             
3.0 	12.3341 uA  	100.0             
3.1*	11.872 uA   	100.0             
4.0*	11.9747 uA  	100.0             
5.0*	11.8303 uA  	100.0             
6.0*	11.978 uA   	100.0             
7.0*	13.8117 uA  	100.0             
8.0*	13.2716 uA  	100.0             
9.0*	12.9578 uA  	100.0             
10.0*	14.0898 uA  	100.0             
11.0*	13.165 uA   	100.0             
12.0*	13.111 uA   	100.0             
13.0*	13.1291 uA  	100.0             
14.0*	13.1849 uA  	100.0             
15.0*	13.1827 uA  	100.0             
16.0*	13.1636 uA  	100.0             
17.0*	13.1596 uA  	100.0             
18.0*	13.1426 uA  	100.0             
19.0*	13.1663 uA  	100.0             
20.0*	13.3578 uA  	100.0             
21.0*	13.1106 uA  	100.0             
22.0*	12.983 uA   	100.0             
23.0*	13.1729 uA  	100.0             
24.0*	13.1358 uA  	100.0             
25.0*	13.142 uA   	100.0             
26.0*	13.3492 uA  	100.0             
27.0*	13.4899 uA  	100.0             
28.0*	13.3448 uA  	100.0             
29.0*	13.3581 uA  	100.0             
30.0*	13.3023 uA  	100.0             
31.0*	13.2786 uA  	100.0             
32.0*	13.0969 uA  	100.0             
33.0*	13.1581 uA  	100.0             
34.0*	13.3326 uA  	100.0             
35.0*	13.1439 uA  	100.0             
36.0*	13.2423 uA  	100.0             
37.0*	13.4765 uA  	100.0             
    rejected

Warning detected by hpeesofsim during HB analysis `HB1'.
Warning detected by hpeesofsim during HB analysis `HB1'.
    'HB1[1]' ( RFpower=30 ) did not converge -- associated data will be identified with '<invalid>' flag in the dataset.

--------------------------
Solver convergence summary:
--------------------------
RHS:
1.618e-05  A at node X2.X2.vd1g, harmonic index (0)
4.213e-06  A at node X2.X2.vd1g, harmonic index (1)
3.215e-06  A at node X2.X2.vd1g, harmonic index (2)

Update:
4.212e-05  V at node N__34, harmonic index (0)
2.822e-05  V at node Output, harmonic index (1)
2.822e-05  V at node Vload, harmonic index (1)

Solution:
30         V at node N__30, harmonic index (0)
30         V at node Vs_high1, harmonic index (0)
30         V at node Outbias1, harmonic index (0)
--------------------------

Warning detected by hpeesofsim during HB analysis `HB1'.
    Convergence hints:
    o Enable Regenerate Initial Guess for ParamSweep.
    o Try TAHB (transient assisted HB).
    o Increase the order (number of harmonics) to reduce truncation error.
    o Set Matrix Re-use to Robust with the direct solver.
    o Select the Krylov solver.
    o Increase the Fundamental Oversample.
    o Check the circuit/devices around the nodes in solver convergence summary.
    o Act upon warning messages and topology errors.
    RFpower=10             0.00% 1/48
0.0*	12.8426 A   	100.0             
        Newton iteration failed, damping activated
1.0*	171.916 kA  	100.0             
2.0*	270.288 kA  	 50.0             
    Switching to arc-length continuation...
Fwd sourceLevel=7.03662e-03    0.70% 2/2  Step=0.5
0.0*	916.118 uA  	100.0             
1.0 	171.723 nA  	100.0	469.639 nV   
    Arclength Newton-Raphson converged at 0.0070371 in 1 iters

Fwd sourceLevel=16.9898e-03    1.70% 2/2  Step=0.7071067812
0.0*	2.1016 mA   	100.0             
1.0 	883.4 nA    	100.0	1.96955 uV   
    Arclength Newton-Raphson converged at 0.0169933 in 1 iters

Fwd sourceLevel=31.0785e-03    3.11% 2/2  Step=1
0.0*	5.07264 mA  	100.0             
1.0 	4.98795 uA  	100.0             
1.1 	3.66156 nA  	100.0	2.94235 nV   
    Arclength Newton-Raphson converged at 0.0310923 in 1 iters

Fwd sourceLevel=51.051e-03     5.11% 2/2  Step=1.414213562
0.0*	13.0911 mA  	100.0             
1.0 	31.6476 uA  	100.0             
1.1 	71.061 nA   	100.0	75.6067 nV   
    Arclength Newton-Raphson converged at 0.0510978 in 1 iters

Fwd sourceLevel=79.4495e-03    7.94% 2/2  Step=2
0.0*	36.7229 mA  	100.0             
1.0 	226.059 uA  	100.0             
1.1 	1.53467 uA  	100.0	1.92877 uV   
    Arclength Newton-Raphson converged at 0.0795861 in 1 iters

Fwd sourceLevel=119.978e-03   12.00% 2/2  Step=2.828427125
0.0*	110.453 mA  	100.0             
1.0 	1.47002 mA  	100.0             
1.1 	21.7361 uA  	100.0             
1.2 	338.353 nA  	100.0	455.993 nV   
    Arclength Newton-Raphson converged at 0.120176 in 1 iters

Fwd sourceLevel=176.79e-03    17.68% 2/2  Step=4
0.0*	233.897 mA  	100.0             
1.0 	736.79 uA   	100.0             
1.1 	7.35852 uA  	100.0	6.58193 uV   
    Arclength Newton-Raphson converged at 0.175475 in 1 iters

Fwd sourceLevel=250.983e-03   25.10% 2/2  Step=5.656854249
0.0*	144.2 mA    	100.0             
1.0 	253.391 uA  	100.0             
1.1 	1.39133 uA  	100.0	1.22783 uV   
    Arclength Newton-Raphson converged at 0.251046 in 1 iters

Fwd sourceLevel=358.832e-03   35.88% 2/2  Step=8
0.0*	281.765 mA  	100.0             
1.0 	204.127 uA  	100.0             
1.1 	2.02594 uA  	100.0	2.09591 uV   
    Arclength Newton-Raphson converged at 0.361796 in 1 iters

Fwd sourceLevel=522.612e-03   52.26% 2/2  Step=11.3137085
0.0*	687.483 mA  	100.0             
1.0 	1.135 mA    	100.0             
1.1 	7.39979 uA  	100.0	6.89553 uV   
    Arclength Newton-Raphson converged at 0.530556 in 1 iters

Fwd sourceLevel=777.036e-03   77.70% 2/2  Step=16
0.0*	2.467 A     	100.0             
1.0 	192.881 mA  	100.0             
1.1 	22.6696 mA  	100.0             
1.2 	4.41278 mA  	100.0             
1.3 	817.704 uA  	100.0             
1.4 	147.343 uA  	100.0             
1.5 	25.8191 uA  	100.0             
1.6 	4.46347 uA  	100.0	7.49158 uV   
    Arclength Newton-Raphson converged at 0.802731 in 1 iters

Fwd sourceLevel=1.17614      117.61% 2/2  Step=22.627417
0.0*	10.5761 A   	100.0             
1.0 	13.8225 A   	100.0             
1.1*	12.5188 A   	100.0             
2.0*	1.39723 A   	100.0             
3.0 	16.0963 mA  	100.0             
3.1 	1.14751 mA  	100.0             
3.2 	83.3917 uA  	100.0             
3.3 	6.48626 uA  	100.0	9.88399 uV   
    Arclength Newton-Raphson converged at 1.19706 in 3 iters

    Calculating solution at 1
0.0*	2.29688 A   	100.0             
1.0 	81.3729 mA  	100.0             
1.1 	30.8234 mA  	100.0             
1.2 	9.03832 mA  	100.0             
1.3 	2.75321 mA  	100.0             
1.4 	814.46 uA   	100.0             
1.5 	241.327 uA  	100.0             
1.6 	71.1907 uA  	100.0             
1.7 	20.9828 uA  	100.0             
1.8 	6.17866 uA  	100.0	17.1116 uV   
    Newton-Raphson converged at 1

.Fwd RFpower=30.5          68.33% 30/48  Step=6.990227081e-06
0.0*	1.8187 uA   	100.0             
    Arclength Newton-Raphson converged at 30.5 in 1 iters

Warning detected by hpeesofsim during HB analysis `HB1'.
Warning detected by hpeesofsim during HB analysis `HB1'.
    'HB1[1]' ( RFpower=31 ) did not converge -- associated data will be identified with '<invalid>' flag in the dataset.

--------------------------
Solver convergence summary:
--------------------------
RHS:
3.728e-07  A at node N__14, harmonic index (3)
3.617e-07  A at node N__14, harmonic index (0)
3.151e-07  A at node N__14, harmonic index (2)

Update:
3.163e-06  V at node N__14, harmonic index (0)
1.645e-06  V at node N__12, harmonic index (4)
1.645e-06  V at node N__62, harmonic index (4)

Solution:
30         V at node N__30, harmonic index (0)
30         V at node Vs_high1, harmonic index (0)
30         V at node Outbias1, harmonic index (0)
--------------------------

Warning detected by hpeesofsim during HB analysis `HB1'.
    Convergence hints:
    o Enable Regenerate Initial Guess for ParamSweep.
    o Try TAHB (transient assisted HB).
    o Increase the order (number of harmonics) to reduce truncation error.
    o Set Matrix Re-use to Robust with the direct solver.
    o Select the Krylov solver.
    o Increase the Fundamental Oversample.
    o Check the circuit/devices around the nodes in solver convergence summary.
    o Act upon warning messages and topology errors.
Fwd RFpower=30.5          68.33% 31/48  Step=9.885673942e-06
0.0*	20.0931 pA  	100.0             
    Arclength Newton-Raphson converged at 30.5 in 1 iters

Fwd RFpower=30.5          68.33% 31/48  Step=1.398045416e-05
0.0*	24.8478 pA  	100.0             
    Arclength Newton-Raphson converged at 30.5 in 1 iters

Fwd RFpower=30.5          68.33% 31/48  Step=1.977134788e-05
0.0*	21.6816 pA  	100.0             
    Arclength Newton-Raphson converged at 30.5 in 1 iters

Fwd RFpower=30.5          68.33% 31/48  Step=2.796090832e-05
0.0*	32.1943 pA  	100.0             
    Arclength Newton-Raphson converged at 30.5 in 1 iters

Fwd RFpower=30.5          68.33% 31/48  Step=3.954269577e-05
0.0*	30.2921 pA  	100.0             
    Arclength Newton-Raphson converged at 30.5 in 1 iters

Fwd RFpower=30.5          68.33% 31/48  Step=5.592181665e-05
0.0*	60.5818 pA  	100.0             
    Arclength Newton-Raphson converged at 30.5 in 1 iters

Fwd RFpower=30.5          68.33% 31/48  Step=7.908539154e-05
0.0*	121.158 pA  	100.0             
    Arclength Newton-Raphson converged at 30.5 in 1 iters

Fwd RFpower=30.5          68.33% 31/48  Step=0.0001118436333
0.0*	242.319 pA  	100.0             
    Arclength Newton-Raphson converged at 30.5 in 1 iters

Fwd RFpower=30.5001       68.33% 31/48  Step=0.0001581707831
0.0*	484.646 pA  	100.0             
    Arclength Newton-Raphson converged at 30.5001 in 1 iters

Fwd RFpower=30.5001       68.33% 31/48  Step=0.0002236872666
0.0*	969.301 pA  	100.0             
    Arclength Newton-Raphson converged at 30.5001 in 1 iters

Fwd RFpower=30.5001       68.33% 31/48  Step=0.0003163415662
0.0*	1.9386 nA   	100.0             
    Arclength Newton-Raphson converged at 30.5001 in 1 iters

Fwd RFpower=30.5002       68.33% 31/48  Step=0.0004473745332
0.0*	3.87722 nA  	100.0             
    Arclength Newton-Raphson converged at 30.5002 in 1 iters

Fwd RFpower=30.5003       68.33% 31/48  Step=0.0006326831323
0.0*	7.75448 nA  	100.0             
    Arclength Newton-Raphson converged at 30.5003 in 1 iters

Fwd RFpower=30.5004       68.33% 31/48  Step=0.0008947490664
0.0*	15.5091 nA  	100.0             
    Arclength Newton-Raphson converged at 30.5004 in 1 iters

Fwd RFpower=30.5006       68.34% 31/48  Step=0.001265366265
0.0*	31.0186 nA  	100.0             
    Arclength Newton-Raphson converged at 30.5006 in 1 iters

Fwd RFpower=30.5008       68.34% 31/48  Step=0.001789498133
0.0*	62.0381 nA  	100.0             
    Arclength Newton-Raphson converged at 30.5008 in 1 iters

Fwd RFpower=30.5012       68.34% 31/48  Step=0.002530732529
0.0*	124.079 nA  	100.0             
    Arclength Newton-Raphson converged at 30.5012 in 1 iters

Fwd RFpower=30.5017       68.34% 31/48  Step=0.003578996266
0.0*	248.166 nA  	100.0             
    Arclength Newton-Raphson converged at 30.5017 in 1 iters

Fwd RFpower=30.5024       68.34% 31/48  Step=0.005061465058
0.0*	496.355 nA  	100.0             
    Arclength Newton-Raphson converged at 30.5024 in 1 iters

Fwd RFpower=30.5033       68.34% 31/48  Step=0.007157992531
0.0*	992.772 nA  	100.0             
    Arclength Newton-Raphson converged at 30.5033 in 1 iters

Fwd RFpower=30.5047       68.35% 31/48  Step=0.01012293012
0.0*	1.98571 uA  	100.0             
    Arclength Newton-Raphson converged at 30.5047 in 1 iters

Fwd RFpower=30.5067       68.36% 31/48  Step=0.01431598506
0.0*	3.97188 uA  	100.0             
    Arclength Newton-Raphson converged at 30.5067 in 1 iters

Fwd RFpower=30.5094       68.36% 31/48  Step=0.02024586023
0.0*	7.94494 uA  	100.0             
    Arclength Newton-Raphson converged at 30.5094 in 1 iters

Fwd RFpower=30.5133       68.38% 31/48  Step=0.02863197012
0.0*	15.8929 uA  	100.0             
1.0 	26.5165 pA  	100.0	5.34397 pV   
    Arclength Newton-Raphson converged at 30.5133 in 1 iters

Fwd RFpower=30.5188       68.40% 31/48  Step=0.04049172047
0.0*	31.7926 uA  	100.0             
1.0 	18.1781 pA  	100.0	21.3788 pV   
    Arclength Newton-Raphson converged at 30.5188 in 1 iters

Fwd RFpower=30.5266       68.42% 31/48  Step=0.05726394025
0.0*	63.5989 uA  	100.0             
1.0 	57.3319 pA  	100.0	85.0763 pV   
    Arclength Newton-Raphson converged at 30.5266 in 1 iters

Fwd RFpower=30.5376       68.46% 31/48  Step=0.08098344093
0.0*	127.212 uA  	100.0             
1.0 	229.367 pA  	100.0	338.148 pV   
    Arclength Newton-Raphson converged at 30.5376 in 1 iters

Fwd RFpower=30.5531       68.51% 31/48  Step=0.1145278805
0.0*	254.372 uA  	100.0             
1.0 	916.946 pA  	100.0	1.3402 nV    
    Arclength Newton-Raphson converged at 30.5531 in 1 iters

Fwd RFpower=30.5751       68.58% 31/48  Step=0.1619668819
0.0*	508.231 uA  	100.0             
1.0 	3.65961 nA  	100.0	5.2899 nV    
    Arclength Newton-Raphson converged at 30.575 in 1 iters

Fwd RFpower=30.6059       68.69% 31/48  Step=0.229055761
0.0*	1.01359 mA  	100.0             
1.0 	14.5535 nA  	100.0	20.7524 nV   
    Arclength Newton-Raphson converged at 30.6059 in 1 iters

Fwd RFpower=30.6494       68.83% 31/48  Step=0.3239337637
0.0*	2.01373 mA  	100.0             
1.0 	57.4478 nA  	100.0	81.2777 nV   
    Arclength Newton-Raphson converged at 30.6492 in 1 iters

Fwd RFpower=30.7104       69.03% 31/48  Step=0.458111522
0.0*	3.96979 mA  	100.0             
1.0 	223.463 nA  	100.0	322.683 nV   
    Arclength Newton-Raphson converged at 30.7101 in 1 iters

Fwd RFpower=30.7958       69.32% 31/48  Step=0.6478675275
0.0*	7.70895 mA  	100.0             
1.0 	845.701 nA  	100.0	1.26963 uV   
    Arclength Newton-Raphson converged at 30.7952 in 1 iters

Fwd RFpower=30.9148       69.72% 31/48  Step=0.916223044
0.0*	14.5561 mA  	100.0             
1.0 	3.0548 uA   	100.0	4.89838 uV   
    Arclength Newton-Raphson converged at 30.9137 in 1 iters

Fwd RFpower=31.0796       70.27% 31/48  Step=1.295735055
0.0*	26.1464 mA  	100.0             
1.0 	10.3392 uA  	100.0             
1.1 	29.2917 nA  	100.0	47.0265 nV   
    Arclength Newton-Raphson converged at 31.0774 in 1 iters

Fwd RFpower=31.3056       71.02% 31/48  Step=1.832446088
0.0*	43.1927 mA  	100.0             
1.0 	36.0454 uA  	100.0             
1.1 	202.641 nA  	100.0	324.464 nV   
    Arclength Newton-Raphson converged at 31.3013 in 1 iters

Fwd RFpower=31.6117       72.04% 31/48  Step=2.59147011
0.0*	65.4181 mA  	100.0             
1.0 	128.178 uA  	100.0             
1.1 	1.28774 uA  	100.0	2.01277 uV   
    Arclength Newton-Raphson converged at 31.6039 in 1 iters

    Calculating solution at 31.5
0.0*	13.1986 mA  	100.0             
1.0 	5.09888 uA  	100.0	5.39271 uV   
    Newton-Raphson converged at 31.5

.Fwd RFpower=32.0211       73.40% 32/48  Step=3.664892176
0.0*	115.981 mA  	100.0             
1.0 	450.937 uA  	100.0             
1.1 	8.06024 uA  	100.0	12.7408 uV   
    Arclength Newton-Raphson converged at 32.0082 in 1 iters

    Calculating solution at 32
0.0*	2.58742 mA  	100.0             
1.0 	154.691 nA  	100.0	208.61 nV    
    Newton-Raphson converged at 32

.Fwd RFpower=32.1835       73.94% 33/48  Step=5.18294022
0.0*	1.39641 A   	100.0             
1.0 	3.23971 A   	100.0             
        Samanskii-Newton iteration failed
1.1*	3.23971 A   	100.0             
2.0*	2.33049 A   	100.0             
    rejected

Fwd RFpower=32.0917       73.64% 33/48  Step=2.468066771
0.0*	658.891 mA  	100.0             
1.0 	1.16688 A   	100.0             
        Samanskii-Newton iteration failed
1.1*	1.16688 A   	100.0             
2.0*	1.49388 A   	100.0             
    rejected

Fwd RFpower=32.048        73.49% 33/48  Step=1.175269891
0.0*	312.42 mA   	100.0             
1.0 	539.041 mA  	100.0             
        Samanskii-Newton iteration failed
1.1*	539.041 mA  	100.0             
2.0*	673.555 mA  	100.0             
3.0*	608.197 mA  	100.0             
4.0*	329.666 mA  	100.0             
5.0 	148.805 mA  	100.0             
        Samanskii-Newton iteration failed
5.1*	148.805 mA  	100.0             
    rejected

Fwd RFpower=32.0272       73.42% 33/48  Step=0.5596523291
0.0*	148.473 mA  	100.0             
1.0 	142.823 mA  	100.0             
        Samanskii-Newton iteration failed
1.1*	142.823 mA  	100.0             
    rejected

Fwd RFpower=32.0172       73.39% 33/48  Step=0.2665011091
0.0*	70.6342 mA  	100.0             
1.0 	330.913 mA  	100.0             
1.1*	193.588 mA  	100.0             
2.0 	74.8935 mA  	100.0             
        Samanskii-Newton iteration failed
2.1*	74.8935 mA  	100.0             
3.0*	80.6705 mA  	100.0             
4.0*	85.3386 mA  	100.0             
    rejected

Fwd RFpower=32.0125       73.38% 33/48  Step=0.12690529
0.0*	33.6202 mA  	100.0             
1.0 	6.275 mA    	100.0             
        Samanskii-Newton iteration failed
1.1*	6.275 mA    	100.0             
    rejected

Fwd RFpower=32.0103       73.37% 33/48  Step=0.0604310905
0.0*	16.0062 mA  	100.0             
1.0 	11.2536 mA  	100.0             
        Samanskii-Newton iteration failed
1.1*	11.2536 mA  	100.0             
2.0*	17.4378 mA  	100.0             
    rejected

Fwd RFpower=32.0092       73.36% 33/48  Step=0.02877670976
0.0*	7.62121 mA  	100.0             
1.0 	7.38065 mA  	100.0             
        Samanskii-Newton iteration failed
1.1*	7.38065 mA  	100.0             
    rejected

Fwd RFpower=32.0087       73.36% 33/48  Step=0.01370319512
0.0*	3.62897 mA  	100.0             
1.0 	4.32268 mA  	100.0             
        Samanskii-Newton iteration failed
1.1*	4.32268 mA  	100.0             
    rejected

Fwd RFpower=32.0085       73.36% 33/48  Step=0.006525331012
0.0*	1.72804 mA  	100.0             
1.0 	3.21676 mA  	100.0             
1.1*	2.22528 mA  	100.0             
2.0*	2.94614 mA  	100.0             
3.0*	1.22642 mA  	100.0             
    rejected

Fwd RFpower=32.0083       73.36% 33/48  Step=0.003107300482
0.0*	822.865 uA  	100.0             
1.0 	1.30616 mA  	100.0             
        Samanskii-Newton iteration failed
1.1*	1.30616 mA  	100.0             
    rejected

Fwd RFpower=32.0083       73.36% 33/48  Step=0.001479666896
0.0*	391.837 uA  	100.0             
1.0 	280.609 uA  	100.0             
        Samanskii-Newton iteration failed
1.1*	280.609 uA  	100.0             
    rejected

Fwd RFpower=32.0083       73.36% 33/48  Step=0.0007046032838
0.0*	186.587 uA  	100.0             
1.0 	283.561 uA  	100.0             
        Samanskii-Newton iteration failed
1.1*	283.561 uA  	100.0             
    rejected

Fwd RFpower=32.0082       73.36% 33/48  Step=0.0003355253733
0.0*	88.8497 uA  	100.0             
1.0 	25.4346 uA  	100.0             
        Samanskii-Newton iteration failed
1.1*	25.4346 uA  	100.0             
    rejected

Fwd RFpower=32.0082       73.36% 33/48  Step=0.0001597739873
0.0*	42.308 uA   	100.0             
1.0 	68.1058 uA  	100.0             
        Samanskii-Newton iteration failed
1.1*	68.1058 uA  	100.0             
2.0*	60.3403 uA  	100.0             
3.0*	49.6965 uA  	100.0             
4.0*	15.5892 uA  	100.0             
    rejected

Fwd RFpower=32.0082       73.36% 33/48  Step=7.608285108e-05
0.0*	20.1453 uA  	100.0             
1.0 	39.1716 uA  	100.0             
        Samanskii-Newton iteration failed
1.1*	39.1716 uA  	100.0             
2.0*	41.0412 uA  	100.0             
3.0*	48.2434 uA  	100.0             
    rejected

Fwd RFpower=32.0082       73.36% 33/48  Step=3.622992908e-05
0.0*	9.59167 uA  	100.0             
1.0 	81.4596 uA  	100.0             
        Samanskii-Newton iteration failed
1.1*	81.4596 uA  	100.0             
    rejected

Fwd RFpower=32.0082       73.36% 33/48  Step=1.725234718e-05
0.0*	4.56614 uA  	100.0             
        Arc-Newton iteration failed, damping activated
1.0 	7.81618 uA  	100.0             
1.1*	3.90098 uA  	100.0             
2.0 	9.67271 uA  	100.0             
2.1*	4.68455 uA  	  1.6             
3.0 	684.253 nA  	100.0	22.0894 uV   
        Samanskii-Newton iteration failed
3.1*	684.253 nA  	100.0	61.6276 uV   
    rejected

Warning detected by hpeesofsim during HB analysis `HB1'.
Warning detected by hpeesofsim during HB analysis `HB1'.
    'HB1[1]' ( RFpower=32.5 ) did not converge -- associated data will be identified with '<invalid>' flag in the dataset.

--------------------------
Solver convergence summary:
--------------------------
RHS:
2.394e-05  A at node X1._net415, harmonic index (0)
1.205e-06  A at node X1._net415, harmonic index (1)
7.207e-07  A at node X1._net415, harmonic index (4)

Update:
0.0001268  V at node N__14, harmonic index (0)
2.642e-05  V at node X1._net415, harmonic index (2)
2.642e-05  V at node X1.X2._net502, harmonic index (2)

Solution:
30         V at node N__30, harmonic index (0)
30         V at node Vs_high1, harmonic index (0)
30         V at node Outbias1, harmonic index (0)
--------------------------

Warning detected by hpeesofsim during HB analysis `HB1'.
    Convergence hints:
    o Enable Regenerate Initial Guess for ParamSweep.
    o Try TAHB (transient assisted HB).
    o Increase the order (number of harmonics) to reduce truncation error.
    o Set Matrix Re-use to Robust with the direct solver.
    o Select the Krylov solver.
    o Increase the Fundamental Oversample.
    o Check the circuit/devices around the nodes in solver convergence summary.
    o Act upon warning messages and topology errors.
    RFpower=10             0.00% 1/48
0.0*	22.9248 A   	100.0             
        Newton iteration failed, damping activated
1.0*	37.754 GA   	100.0             
2.0*	41.0123 GA  	100.0             
    Switching to arc-length continuation...
Fwd sourceLevel=5.27695e-03    0.53% 2/2  Step=0.5
0.0*	916.198 uA  	100.0             
1.0 	171.754 nA  	100.0	469.721 nV   
    Arclength Newton-Raphson converged at 0.00527731 in 1 iters

Fwd sourceLevel=12.7411e-03    1.27% 2/2  Step=0.7071067812
0.0*	2.1018 mA   	100.0             
1.0 	883.582 nA  	100.0             
1.1 	187.392 pA  	100.0	125.692 pV   
    Arclength Newton-Raphson converged at 0.0127437 in 1 iters

Fwd sourceLevel=23.3066e-03    2.33% 2/2  Step=1
0.0*	5.0731 mA   	100.0             
1.0 	4.99061 uA  	100.0             
1.1 	3.64726 nA  	100.0	2.95643 nV   
    Arclength Newton-Raphson converged at 0.023317 in 1 iters

Fwd sourceLevel=38.2845e-03    3.83% 2/2  Step=1.414213562
0.0*	13.0926 mA  	100.0             
1.0 	31.6541 uA  	100.0             
1.1 	71.0844 nA  	100.0	75.6329 nV   
    Arclength Newton-Raphson converged at 0.0383196 in 1 iters

Fwd sourceLevel=59.5813e-03    5.96% 2/2  Step=2
0.0*	36.7274 mA  	100.0             
1.0 	226.116 uA  	100.0             
1.1 	1.53527 uA  	100.0	1.92955 uV   
    Arclength Newton-Raphson converged at 0.0596838 in 1 iters

Fwd sourceLevel=89.9746e-03    9.00% 2/2  Step=2.828427125
0.0*	110.468 mA  	100.0             
1.0 	1.4703 mA   	100.0             
1.1 	21.7413 uA  	100.0             
1.2 	338.444 nA  	100.0	456.105 nV   
    Arclength Newton-Raphson converged at 0.0901234 in 1 iters

Fwd sourceLevel=132.58e-03    13.26% 2/2  Step=4
0.0*	233.893 mA  	100.0             
1.0 	736.632 uA  	100.0             
1.1 	7.35618 uA  	100.0	6.58037 uV   
    Arclength Newton-Raphson converged at 0.131593 in 1 iters

Fwd sourceLevel=188.218e-03   18.82% 2/2  Step=5.656854249
0.0*	144.195 mA  	100.0             
1.0 	253.378 uA  	100.0             
1.1 	1.39132 uA  	100.0	1.22789 uV   
    Arclength Newton-Raphson converged at 0.188265 in 1 iters

Fwd sourceLevel=269.097e-03   26.91% 2/2  Step=8
0.0*	281.795 mA  	100.0             
1.0 	204.163 uA  	100.0             
1.1 	2.0261 uA   	100.0	2.09606 uV   
    Arclength Newton-Raphson converged at 0.271321 in 1 iters

Fwd sourceLevel=391.922e-03   39.19% 2/2  Step=11.3137085
0.0*	687.557 mA  	100.0             
1.0 	1.13536 mA  	100.0             
1.1 	7.40068 uA  	100.0	6.89562 uV   
    Arclength Newton-Raphson converged at 0.39788 in 1 iters

Fwd sourceLevel=582.726e-03   58.27% 2/2  Step=16
0.0*	2.46799 A   	100.0             
1.0 	193.021 mA  	100.0             
1.1 	22.6973 mA  	100.0             
1.2 	4.42112 mA  	100.0             
1.3 	819.719 uA  	100.0             
1.4 	147.794 uA  	100.0             
1.5 	25.914 uA   	100.0             
1.6 	4.48266 uA  	100.0	7.52412 uV   
    Arclength Newton-Raphson converged at 0.602003 in 1 iters

Fwd sourceLevel=882.036e-03   88.20% 2/2  Step=22.627417
0.0*	10.5775 A   	100.0             
1.0 	13.816 A    	100.0             
1.1*	12.5123 A   	100.0             
2.0*	1.39614 A   	100.0             
3.0 	16.0452 mA  	100.0             
3.1 	1.14137 mA  	100.0             
3.2 	82.7633 uA  	100.0             
3.3 	6.42463 uA  	100.0	9.7858 uV    
    Arclength Newton-Raphson converged at 0.89772 in 3 iters

Fwd sourceLevel=1.24856      124.86% 2/2  Step=32
0.0*	12.0494 A   	100.0             
    rejected

Fwd sourceLevel=1.06479      106.48% 2/2  Step=15.23809524
0.0*	3.09193 A   	100.0             
1.0 	591.165 mA  	100.0             
1.1 	109.643 mA  	100.0             
1.2 	30.0263 mA  	100.0             
1.3 	5.18165 mA  	100.0             
1.4 	1.36374 mA  	100.0             
1.5 	258.389 uA  	100.0             
1.6 	62.6248 uA  	100.0             
1.7 	12.695 uA   	100.0	11.21 uV     
    Arclength Newton-Raphson converged at 1.07448 in 1 iters

    Calculating solution at 1
0.0*	537.391 mA  	100.0             
1.0 	20.2365 mA  	100.0             
1.1 	1.415 mA    	100.0             
1.2 	100.017 uA  	100.0             
1.3 	6.81428 uA  	100.0	12.6139 uV   
    Newton-Raphson converged at 1

.Fwd RFpower=33            76.67% 35/48  Step=8.215403421e-06
0.0*	455.319 nA  	100.0             
    Arclength Newton-Raphson converged at 33 in 1 iters

Fwd RFpower=33            76.67% 35/48  Step=1.161833494e-05
0.0*	31.2254 pA  	100.0             
    Arclength Newton-Raphson converged at 33 in 1 iters

Fwd RFpower=33            76.67% 35/48  Step=1.643080684e-05
0.0*	28.0407 pA  	100.0             
    Arclength Newton-Raphson converged at 33 in 1 iters

Fwd RFpower=33            76.67% 35/48  Step=2.323666988e-05
0.0*	26.7704 pA  	100.0             
    Arclength Newton-Raphson converged at 33 in 1 iters

Fwd RFpower=33            76.67% 35/48  Step=3.286161368e-05
0.0*	28.655 pA   	100.0             
    Arclength Newton-Raphson converged at 33 in 1 iters

Fwd RFpower=33            76.67% 35/48  Step=4.647333975e-05
0.0*	30.9876 pA  	100.0             
    Arclength Newton-Raphson converged at 33 in 1 iters

Fwd RFpower=33            76.67% 35/48  Step=6.572322736e-05
0.0*	47.3625 pA  	100.0             
    Arclength Newton-Raphson converged at 33 in 1 iters

Fwd RFpower=33            76.67% 35/48  Step=9.29466795e-05
0.0*	72.3303 pA  	100.0             
    Arclength Newton-Raphson converged at 33 in 1 iters

Fwd RFpower=33            76.67% 35/48  Step=0.0001314464547
0.0*	144.663 pA  	100.0             
    Arclength Newton-Raphson converged at 33 in 1 iters

Fwd RFpower=33.0001       76.67% 35/48  Step=0.000185893359
0.0*	289.315 pA  	100.0             
    Arclength Newton-Raphson converged at 33.0001 in 1 iters

Fwd RFpower=33.0001       76.67% 35/48  Step=0.0002628929095
0.0*	578.62 pA   	100.0             
    Arclength Newton-Raphson converged at 33.0001 in 1 iters

Fwd RFpower=33.0001       76.67% 35/48  Step=0.000371786718
0.0*	1.15722 nA  	100.0             
    Arclength Newton-Raphson converged at 33.0001 in 1 iters

Fwd RFpower=33.0002       76.67% 35/48  Step=0.0005257858189
0.0*	2.31439 nA  	100.0             
    Arclength Newton-Raphson converged at 33.0002 in 1 iters

Fwd RFpower=33.0003       76.67% 35/48  Step=0.000743573436
0.0*	4.62862 nA  	100.0             
    Arclength Newton-Raphson converged at 33.0003 in 1 iters

Fwd RFpower=33.0004       76.67% 35/48  Step=0.001051571638
0.0*	9.25677 nA  	100.0             
    Arclength Newton-Raphson converged at 33.0004 in 1 iters

Fwd RFpower=33.0005       76.67% 35/48  Step=0.001487146872
0.0*	18.5122 nA  	100.0             
    Arclength Newton-Raphson converged at 33.0005 in 1 iters

Fwd RFpower=33.0007       76.67% 35/48  Step=0.002103143276
0.0*	37.0207 nA  	100.0             
    Arclength Newton-Raphson converged at 33.0007 in 1 iters

Fwd RFpower=33.001        76.67% 35/48  Step=0.002974293744
0.0*	74.0309 nA  	100.0             
    Arclength Newton-Raphson converged at 33.001 in 1 iters

Fwd RFpower=33.0014       76.67% 35/48  Step=0.004206286551
0.0*	148.032 nA  	100.0             
    Arclength Newton-Raphson converged at 33.0014 in 1 iters

Fwd RFpower=33.002        76.67% 35/48  Step=0.005948587488
0.0*	295.98 nA   	100.0             
    Arclength Newton-Raphson converged at 33.002 in 1 iters

Fwd RFpower=33.0028       76.68% 35/48  Step=0.008412573103
0.0*	591.722 nA  	100.0             
    Arclength Newton-Raphson converged at 33.0028 in 1 iters

Fwd RFpower=33.004        76.68% 35/48  Step=0.01189717498
0.0*	1.18277 uA  	100.0             
    Arclength Newton-Raphson converged at 33.004 in 1 iters

Fwd RFpower=33.0057       76.69% 35/48  Step=0.01682514621
0.0*	2.36364 uA  	100.0             
    Arclength Newton-Raphson converged at 33.0057 in 1 iters

Fwd RFpower=33.0081       76.69% 35/48  Step=0.02379434995
0.0*	4.72189 uA  	100.0             
    Arclength Newton-Raphson converged at 33.0081 in 1 iters

Fwd RFpower=33.0114       76.70% 35/48  Step=0.03365029241
0.0*	9.42858 uA  	100.0             
    Arclength Newton-Raphson converged at 33.0114 in 1 iters

Fwd RFpower=33.0161       76.72% 35/48  Step=0.04758869991
0.0*	18.8142 uA  	100.0             
1.0 	39.1829 pA  	100.0	39.5033 pV   
    Arclength Newton-Raphson converged at 33.0161 in 1 iters

Fwd RFpower=33.0228       76.74% 35/48  Step=0.06730058482
0.0*	37.507 uA   	100.0             
1.0 	157.443 pA  	100.0	159.312 pV   
    Arclength Newton-Raphson converged at 33.0228 in 1 iters

Fwd RFpower=33.0322       76.77% 35/48  Step=0.09517739981
0.0*	74.6716 uA  	100.0             
1.0 	633.652 pA  	100.0	644.254 pV   
    Arclength Newton-Raphson converged at 33.0322 in 1 iters

Fwd RFpower=33.0456       76.82% 35/48  Step=0.1346011696
0.0*	148.378 uA  	100.0             
1.0 	2.55586 nA  	100.0	2.6146 nV    
    Arclength Newton-Raphson converged at 33.0456 in 1 iters

Fwd RFpower=33.0645       76.88% 35/48  Step=0.1903547996
0.0*	294.912 uA  	100.0             
1.0 	10.3375 nA  	100.0	10.6528 nV   
    Arclength Newton-Raphson converged at 33.0644 in 1 iters

Fwd RFpower=33.0911       76.97% 35/48  Step=0.2692023393
0.0*	585.959 uA  	100.0             
1.0 	41.9437 nA  	100.0	43.5564 nV   
    Arclength Newton-Raphson converged at 33.0911 in 1 iters

Fwd RFpower=33.1288       77.10% 35/48  Step=0.3807095992
0.0*	1.16088 mA  	100.0             
1.0 	170.706 nA  	100.0	178.254 nV   
    Arclength Newton-Raphson converged at 33.1288 in 1 iters

Fwd RFpower=33.182        77.27% 35/48  Step=0.5384046786
0.0*	2.29025 mA  	100.0             
1.0 	695.845 nA  	100.0	724.747 nV   
    Arclength Newton-Raphson converged at 33.1819 in 1 iters

Fwd RFpower=33.257        77.52% 35/48  Step=0.7614191985
0.0*	4.49075 mA  	100.0             
1.0 	2.82756 uA  	100.0	2.87626 uV   
    Arclength Newton-Raphson converged at 33.2569 in 1 iters

Fwd RFpower=33.3629       77.88% 35/48  Step=1.076809357
0.0*	8.72853 mA  	100.0             
1.0 	11.3238 uA  	100.0	10.7296 uV   
    Arclength Newton-Raphson converged at 33.3626 in 1 iters

Fwd RFpower=33.5117       78.37% 35/48  Step=1.522838397
0.0*	16.76 mA    	100.0             
1.0 	43.6796 uA  	100.0             
1.1 	124.57 nA   	100.0	157.468 nV   
    Arclength Newton-Raphson converged at 33.5113 in 1 iters

    Calculating solution at 33.5
0.0*	1.15086 mA  	100.0             
1.0 	199.405 nA  	100.0	153.625 nV   
    Newton-Raphson converged at 33.5

.Fwd RFpower=33.7207       79.07% 36/48  Step=2.153618714
0.0*	31.6796 mA  	100.0             
1.0 	156.382 uA  	100.0             
1.1 	846.349 nA  	100.0	905.424 nV   
    Arclength Newton-Raphson converged at 33.7196 in 1 iters

Fwd RFpower=34.0126       80.04% 36/48  Step=3.045676794
0.0*	60.4524 mA  	100.0             
1.0 	495.149 uA  	100.0             
1.1 	4.61974 uA  	100.0	5.15447 uV   
    Arclength Newton-Raphson converged at 34.0107 in 1 iters

    Calculating solution at 34
0.0*	2.09187 mA  	100.0             
1.0 	510.357 nA  	100.0	457.794 nV   
    Newton-Raphson converged at 34

.Fwd RFpower=34.4193       81.40% 37/48  Step=4.307237429
0.0*	115.449 mA  	100.0             
1.0 	1.31261 mA  	100.0             
1.1 	18.8633 uA  	100.0             
1.2 	401.256 nA  	100.0	398.942 nV   
    Arclength Newton-Raphson converged at 34.4168 in 1 iters

Fwd RFpower=34.9893       83.30% 37/48  Step=6.091353588
0.0*	233.859 mA  	100.0             
1.0 	4.28343 mA  	100.0             
1.1 	96.7576 uA  	100.0             
1.2 	3.0096 uA   	100.0	3.17731 uV   
    Arclength Newton-Raphson converged at 34.9892 in 1 iters

    Calculating solution at 34.5
0.0*	29.5387 mA  	100.0             
1.0 	46.0597 uA  	100.0             
1.1 	123.026 nA  	100.0	143.896 nV   
    Newton-Raphson converged at 34.5

.Fwd RFpower=35.7973       85.99% 38/48  Step=8.614474857
0.0*	666.295 mA  	100.0             
1.0 	13.4043 mA  	100.0             
1.1 	496.029 uA  	100.0             
1.2 	28.1268 uA  	100.0             
1.3 	1.47465 uA  	100.0	1.4611 uV    
    Arclength Newton-Raphson converged at 35.8072 in 1 iters

    Calculating solution at 35
0.0*	8.9398 mA   	100.0             
1.0 	26.9062 uA  	100.0             
1.1 	803.902 pA  	100.0	932.407 pV   
    Newton-Raphson converged at 35

.    Calculating solution at 35.5
0.0*	167.309 mA  	100.0             
1.0 	537.081 uA  	100.0             
1.1 	6.17379 uA  	100.0	10.8024 uV   
    Newton-Raphson converged at 35.5

.Fwd RFpower=36.9718       89.91% 40/48  Step=12.18270718
0.0*	1.20797 A   	100.0             
1.0 	47.2617 mA  	100.0             
1.1 	4.6474 mA   	100.0             
1.2 	630.34 uA   	100.0             
1.3 	84.2944 uA  	100.0             
1.4 	11.232 uA   	100.0	21.0456 uV   
    Arclength Newton-Raphson converged at 37.0295 in 1 iters

    Calculating solution at 36
0.0*	159.598 mA  	100.0             
1.0 	968.894 uA  	100.0             
1.1 	9.58763 uA  	100.0	18.1348 uV   
    Newton-Raphson converged at 36

.    Calculating solution at 36.5
0.0*	202.484 mA  	100.0             
1.0 	981.721 uA  	100.0             
1.1 	28.7397 uA  	100.0             
1.2 	875.531 nA  	100.0	1.63759 uV   
    Newton-Raphson converged at 36.5

.    Calculating solution at 37
0.0*	11.5685 mA  	100.0             
1.0 	4.69563 uA  	100.0	27.7409 uV   
    Newton-Raphson converged at 37

.Fwd RFpower=38.8636       96.21% 43/48  Step=17.22894971
0.0*	2.13741 A   	100.0             
1.0 	161.126 mA  	100.0             
1.1 	51.3965 mA  	100.0             
1.2 	22.446 mA   	100.0             
1.3 	11.0361 mA  	100.0             
1.4 	5.37601 mA  	100.0             
1.5 	2.59186 mA  	100.0             
1.6 	1.23761 mA  	100.0             
1.7 	586.121 uA  	100.0             
1.8 	275.723 uA  	100.0             
1.9 	129.011 uA  	100.0             
1.10 	60.1081 uA  	100.0             
1.11 	27.9115 uA  	100.0             
1.12 	12.9265 uA  	100.0             
1.13 	5.97397 uA  	100.0             
1.14 	2.75621 uA  	100.0             
1.15 	1.2699 uA   	100.0	5.13361 uV   
    Arclength Newton-Raphson converged at 39.2419 in 1 iters

    Calculating solution at 37.5
0.0*	453.827 mA  	100.0             
1.0 	5.87314 mA  	100.0             
1.1 	519.651 uA  	100.0             
1.2 	63.2671 uA  	100.0             
1.3 	7.37017 uA  	100.0             
1.4 	807.534 nA  	100.0	4.03433 uV   
    Newton-Raphson converged at 37.5

.    Calculating solution at 38
0.0*	333.758 mA  	100.0             
1.0 	2.49698 mA  	100.0             
1.1 	247.045 uA  	100.0             
1.2 	24.9966 uA  	100.0             
1.3 	2.42134 uA  	100.0             
1.4 	230.953 nA  	100.0	2.4063 uV    
    Newton-Raphson converged at 38

.    Calculating solution at 38.5
0.0*	191.147 mA  	100.0             
1.0 	974.562 uA  	100.0             
1.1 	121.474 uA  	100.0             
1.2 	6.90053 uA  	100.0             
1.3 	438.264 nA  	100.0	2.6066 uV    
    Newton-Raphson converged at 38.5

.    Calculating solution at 39
0.0*	71.1896 mA  	100.0             
1.0 	120.842 uA  	100.0             
1.1 	3.08989 uA  	100.0             
1.2 	71.6007 nA  	100.0	599.276 nV   
    Newton-Raphson converged at 39

.Fwd RFpower=42.496       108.32% 47/48  Step=24.36541435
0.0*	18.7314 A   	100.0             
1.0 	6.79563 A   	100.0             
1.1 	4.66336 A   	100.0             
1.2*	3.58676 A   	100.0             
2.0 	1.24972 A   	100.0             
2.1 	821.889 mA  	100.0             
2.2 	604.001 mA  	100.0             
2.3 	468.609 mA  	100.0             
2.4 	375.733 mA  	100.0             
2.5 	308.019 mA  	100.0             
2.6 	256.567 mA  	100.0             
2.7 	216.281 mA  	100.0             
2.8 	184.018 mA  	100.0             
2.9 	157.721 mA  	100.0             
2.10 	135.986 mA  	100.0             
2.11 	117.817 mA  	100.0             
2.12*	102.488 mA  	100.0             
3.0 	8.25851 mA  	100.0             
3.1 	1.70732 mA  	100.0             
3.2 	339.507 uA  	100.0             
3.3 	64.0164 uA  	100.0             
3.4 	11.6626 uA  	100.0             
3.5 	2.07968 uA  	100.0	4.53972 uV   
    Arclength Newton-Raphson converged at 42.6287 in 3 iters

    Calculating solution at 39.5
0.0*	561.466 mA  	100.0             
1.0 	38.0957 mA  	100.0             
1.1 	4.23505 mA  	100.0             
1.2 	477.595 uA  	100.0             
1.3 	47.7844 uA  	100.0             
1.4 	4.85228 uA  	100.0	9.86697 uV   
    Newton-Raphson converged at 39.5

.    Calculating solution at 40
0.0*	861.2 mA    	100.0             
1.0 	17.177 mA   	100.0             
1.1 	2.62511 mA  	100.0             
1.2 	392.069 uA  	100.0             
1.3 	26.3363 uA  	100.0             
1.4 	6.65721 uA  	100.0             
1.5 	1.58223 uA  	100.0	9.54805 uV   
    Newton-Raphson converged at 40

.
SP SP1[1] <ICR_DPA_lib:DPA:schematic>   freq=(1 GHz->3 GHz)
,,,,,,,,,,,,,,,,,,,,,,,,,,,,,,,,,,,,,,,,,,,,,,,,,,,,,,,,,,,,,,,,,,,,,,,,,,,,,,,,,,,,,,,,,,,,,,,,,,,,
Warning detected by hpeesofsim during SP analysis `SP1'.
    Data in the Touchstone file `C:/Users/KZF/Desktop/X3C22E3-03S_SParam(de).s4p'
    does not cover the requested value of `freq'.
    Therefore, the required data was obtained by extrapolation.

Resource usage:
  Total stopwatch time     =     2.53 seconds.

