
hpeesofsim (*) 450.shp Jan 21 2016, MINT version 4
    (64-bit windows built: 01/21/16 15:34:19)
Copyright 1995 - 2015 Keysight Technologies, 1989-2016.

Warning detected by hpeesofsim during netlist flattening.
    Short `I_i1' is shorted.

Warning detected by hpeesofsim in LinearCollapse '_2_' during analysis.
    LinearCollapse is disabled because there is 'HB' analysis present.
Warning detected by hpeesofsim in topology check during circuit set up.
    Number of nodes with no DC path to ground (topology corrected): 2


HB HB1[1] <GF_lib:DPA_v1:schematic>   RFpower=(10->40)
Pt DC convergence is used.
    Number of tones:   1.
    Number of frequencies:   16.
    Number of time samples:  64.
    Number of HB equations (HB problem size): 6696.
    Number of SS/noise equations (SS/noise problem size): 13392.
    Auto mode: on.
    Convergence mode: Auto.
    Linear solver: direct.
    RFpower=10             0.00% 1/48
------------------------------------------------------------------------------
Newton solver:					
Iter	KCL residual	Damp %	Sol update
------------------------------------------------------------------------------
0.0*	836.682 mA  	100.0             
1.0 	158.189 mA  	100.0             
1.1 	17.4677 mA  	100.0             
1.2 	1.99914 mA  	100.0             
1.3 	240.704 uA  	100.0             
1.4 	27.5432 uA  	100.0             
1.5 	3.16172 uA  	100.0	1.91737 uV   
.    RFpower=11             3.33% 2/48
0.0 	21.028 mA   	100.0             
0.1 	2.68465 mA  	100.0             
0.2 	53.9418 uA  	100.0             
0.3 	1.33615 uA  	100.0             

.    RFpower=12             6.67% 3/48
0.0 	19.4339 mA  	100.0             
0.1 	2.34978 mA  	100.0             
0.2 	49.0677 uA  	100.0             
0.3 	1.24926 uA  	100.0             

.    RFpower=13            10.00% 4/48
0.0 	21.1665 mA  	100.0             
0.1 	2.61724 mA  	100.0             
0.2 	51.477 uA   	100.0             
0.3 	939.787 nA  	100.0             

.    RFpower=14            13.33% 5/48
0.0 	24.7466 mA  	100.0             
0.1 	3.00327 mA  	100.0             
0.2 	60.6318 uA  	100.0             
0.3 	829.16 nA   	100.0             

.    RFpower=15            16.67% 6/48
0.0 	31.3077 mA  	100.0             
0.1 	3.83766 mA  	100.0             
0.2 	73.2823 uA  	100.0             
0.3 	1.32553 uA  	100.0             

.    RFpower=16            20.00% 7/48
0.0 	39.4782 mA  	100.0             
0.1 	4.87366 mA  	100.0             
0.2 	88.1666 uA  	100.0             
0.3 	1.85901 uA  	100.0             

.    RFpower=17            23.33% 8/48
0.0 	51.387 mA   	100.0             
0.1 	6.394 mA    	100.0             
0.2 	113.614 uA  	100.0             
0.3 	2.76391 uA  	100.0             

.    RFpower=18            26.67% 9/48
0.0 	66.7046 mA  	100.0             
0.1 	8.25234 mA  	100.0             
0.2 	143.362 uA  	100.0             
0.3 	3.9747 uA   	100.0             

.    RFpower=19            30.00% 10/48
0.0 	85.966 mA   	100.0             
0.1 	10.5753 mA  	100.0             
0.2 	171.675 uA  	100.0             
0.3 	5.30325 uA  	100.0             

.    RFpower=20            33.33% 11/48
0.0 	111.13 mA   	100.0             
0.1 	13.5554 mA  	100.0             
0.2 	199.536 uA  	100.0             
0.3 	7.76279 uA  	100.0             

.    RFpower=21            36.67% 12/48
0.0 	146.116 mA  	100.0             
0.1 	17.6722 mA  	100.0             
0.2 	247.803 uA  	100.0             
0.3 	16.6179 uA  	100.0             
0.4 	1.34864 uA  	100.0             

.    RFpower=22            40.00% 13/48
0.0 	204.024 mA  	100.0             
0.1 	21.6041 mA  	100.0             
0.2 	1.30463 mA  	100.0             
0.3 	241.425 uA  	100.0             
0.4 	44.463 uA   	100.0             
0.5 	7.62488 uA  	100.0             
0.6 	1.33669 uA  	100.0             

.    RFpower=23            43.33% 14/48
0.0 	274.664 mA  	100.0             
0.1 	28.8301 mA  	100.0             
0.2 	29.2079 mA  	100.0             
0.3*	14.003 mA   	100.0             
1.0 	85.2972 uA  	100.0             
1.1 	1.0114 uA   	100.0	2.71558 uV   

.    RFpower=23.5          45.00% 15/48
0.0 	78.6101 mA  	100.0             
0.1 	6.71116 mA  	100.0             
0.2 	2.1924 mA   	100.0             
0.3 	570.498 uA  	100.0             
0.4 	154.659 uA  	100.0             
0.5 	41.314 uA   	100.0             
0.6 	10.8396 uA  	100.0             
0.7 	2.89573 uA  	100.0             

.    RFpower=24            46.67% 16/48
0.0 	81.7893 mA  	100.0             
0.1 	7.81463 mA  	100.0             
0.2 	2.32507 mA  	100.0             
0.3 	609.812 uA  	100.0             
0.4 	158.968 uA  	100.0             
0.5 	38.8573 uA  	100.0             
0.6 	8.96542 uA  	100.0             
0.7 	1.94968 uA  	100.0             
0.8 	444.106 nA  	100.0             

.    RFpower=24.5          48.33% 17/48
0.0 	96.6693 mA  	100.0             
0.1 	11.1846 mA  	100.0             
0.2 	2.12025 mA  	100.0             
0.3 	557.971 uA  	100.0             
0.4 	161.1 uA    	100.0             
0.5 	38.6077 uA  	100.0             
0.6 	8.7771 uA   	100.0             
0.7 	2.03307 uA  	100.0             
0.8 	460.126 nA  	100.0             

.    RFpower=25            50.00% 18/48
0.0 	146.141 mA  	100.0             
0.1 	16.1564 mA  	100.0             
0.2 	1.88276 mA  	100.0             
0.3 	478.19 uA   	100.0             
0.4 	119.858 uA  	100.0             
0.5 	26.1731 uA  	100.0             
0.6 	5.79126 uA  	100.0             
0.7 	1.39827 uA  	100.0             

.    RFpower=25.5          51.67% 19/48
0.0 	187.582 mA  	100.0             
0.1 	25.9202 mA  	100.0             
0.2 	2.89088 mA  	100.0             
0.3 	447.718 uA  	100.0             
0.4 	104.191 uA  	100.0             
0.5 	23.08 uA    	100.0             
0.6 	4.91776 uA  	100.0             
0.7 	1.02155 uA  	100.0             

.    RFpower=26            53.33% 20/48
0.0 	229.709 mA  	100.0             
0.1 	34.5904 mA  	100.0             
0.2 	5.19226 mA  	100.0             
0.3 	707.345 uA  	100.0             
0.4 	99.9778 uA  	100.0             
0.5 	21.7561 uA  	100.0             
0.6 	4.51581 uA  	100.0             
0.7 	914.118 nA  	100.0             

.    RFpower=26.5          55.00% 21/48
0.0 	304.254 mA  	100.0             
0.1 	44.4609 mA  	100.0             
0.2 	9.38015 mA  	100.0             
0.3 	1.76044 mA  	100.0             
0.4 	338.18 uA   	100.0             
0.5 	61.3979 uA  	100.0             
0.6 	10.3431 uA  	100.0             
0.7 	1.68658 uA  	100.0             

.    RFpower=27            56.67% 22/48
0.0 	499.966 mA  	100.0             
0.1 	82.5997 mA  	100.0             
0.2 	18.8801 mA  	100.0             
0.3 	6.47097 mA  	100.0             
0.4 	2.08176 mA  	100.0             
0.5 	502.253 uA  	100.0             
0.6 	93.0375 uA  	100.0             
0.7 	20.994 uA   	100.0             
0.8 	6.57303 uA  	100.0             
0.9 	1.89903 uA  	100.0             

.    RFpower=27.5          58.33% 23/48
0.0 	530.014 mA  	100.0             
0.1 	97.3562 mA  	100.0             
0.2 	20.688 mA   	100.0             
0.3 	5.25607 mA  	100.0             
0.4 	1.37227 mA  	100.0             
0.5 	374.169 uA  	100.0             
0.6 	80.6219 uA  	100.0             
0.7 	16.3542 uA  	100.0             
0.8 	3.62732 uA  	100.0             

.    RFpower=28            60.00% 24/48
0.0 	512.525 mA  	100.0             
0.1 	72.1532 mA  	100.0             
0.2 	14.3468 mA  	100.0             
0.3 	2.86619 mA  	100.0             
0.4 	495.105 uA  	100.0             
0.5 	77.3939 uA  	100.0             
0.6 	12.454 uA   	100.0             
0.7 	2.00514 uA  	100.0             

.    RFpower=28.5          61.67% 25/48
0.0 	488.679 mA  	100.0             
0.1 	56.2704 mA  	100.0             
0.2 	10.3957 mA  	100.0             
0.3 	1.70658 mA  	100.0             
0.4 	270.398 uA  	100.0             
0.5 	38.4124 uA  	100.0             
0.6 	4.94845 uA  	100.0             

.    RFpower=29            63.33% 26/48
0.0 	511.552 mA  	100.0             
0.1 	52.2432 mA  	100.0             
0.2 	9.32176 mA  	100.0             
0.3 	1.55349 mA  	100.0             
0.4 	264.572 uA  	100.0             
0.5 	38.7205 uA  	100.0             
0.6 	4.32834 uA  	100.0             

.    RFpower=29.5          65.00% 27/48
0.0 	435.996 mA  	100.0             
0.1 	39.6958 mA  	100.0             
0.2 	10.8495 mA  	100.0             
0.3 	3.17036 mA  	100.0             
0.4 	903.2 uA    	100.0             
0.5 	216.256 uA  	100.0             
0.6 	40.3989 uA  	100.0             
0.7 	6.90024 uA  	100.0             
0.8 	2.54875 uA  	100.0             

.    RFpower=30            66.67% 28/48
0.0 	512.252 mA  	100.0             
0.1 	56.5659 mA  	100.0             
0.2 	12.4031 mA  	100.0             
0.3 	4.13318 mA  	100.0             
0.4 	1.55191 mA  	100.0             
0.5 	528.644 uA  	100.0             
0.6 	167.606 uA  	100.0             
0.7 	47.4281 uA  	100.0             
0.8 	11.3674 uA  	100.0             
0.9 	2.94677 uA  	100.0             

.    RFpower=30.5          68.33% 29/48
0.0 	492.957 mA  	100.0             
0.1 	35.1446 mA  	100.0             
0.2 	7.78211 mA  	100.0             
0.3 	2.18503 mA  	100.0             
0.4 	857.277 uA  	100.0             
0.5 	319.033 uA  	100.0             
0.6 	113.052 uA  	100.0             
0.7 	40.355 uA   	100.0             
0.8 	14.3095 uA  	100.0             
0.9 	4.78171 uA  	100.0             

.    RFpower=31            70.00% 30/48
0.0 	437.615 mA  	100.0             
0.1 	18.4275 mA  	100.0             
0.2 	6.15085 mA  	100.0             
0.3 	1.81679 mA  	100.0             
0.4 	571.237 uA  	100.0             
0.5 	170.102 uA  	100.0             
0.6 	50.4672 uA  	100.0             
0.7 	15.3513 uA  	100.0             
0.8 	4.59302 uA  	100.0             

.    RFpower=31.5          71.67% 31/48
0.0 	397.221 mA  	100.0             
0.1 	18.3627 mA  	100.0             
0.2 	7.24993 mA  	100.0             
0.3 	1.90084 mA  	100.0             
0.4 	540.495 uA  	100.0             
0.5 	154.127 uA  	100.0             
0.6 	43.9456 uA  	100.0             
0.7 	11.8617 uA  	100.0             
0.8 	3.04838 uA  	100.0             

.    RFpower=32            73.33% 32/48
0.0 	527.198 mA  	100.0             
0.1 	26.3993 mA  	100.0             
0.2 	8.91603 mA  	100.0             
0.3 	2.64395 mA  	100.0             
0.4 	786.224 uA  	100.0             
0.5 	208.284 uA  	100.0             
0.6 	53.9572 uA  	100.0             
0.7 	13.5305 uA  	100.0             
0.8 	3.32638 uA  	100.0             

.    RFpower=32.5          75.00% 33/48
0.0 	614.662 mA  	100.0             
0.1 	31.2227 mA  	100.0             
0.2 	11.3009 mA  	100.0             
0.3 	2.73371 mA  	100.0             
0.4 	894.52 uA   	100.0             
0.5 	286.854 uA  	100.0             
0.6 	73.2843 uA  	100.0             
0.7 	20.7439 uA  	100.0             
0.8 	6.43957 uA  	100.0             

.    RFpower=33            76.67% 34/48
0.0 	551.486 mA  	100.0             
0.1 	42.9438 mA  	100.0             
0.2 	17.6439 mA  	100.0             
0.3 	5.11338 mA  	100.0             
0.4 	1.33309 mA  	100.0             
0.5 	334.882 uA  	100.0             
0.6 	87.2519 uA  	100.0             
0.7 	21.5424 uA  	100.0             
0.8 	5.71371 uA  	100.0             
0.9 	2.49661 uA  	100.0             

.    RFpower=33.5          78.33% 35/48
0.0 	482.558 mA  	100.0             
0.1 	52.0593 mA  	100.0             
0.2 	23.8887 mA  	100.0             
0.3 	8.10354 mA  	100.0             
0.4 	2.78028 mA  	100.0             
0.5 	926.587 uA  	100.0             
0.6 	322.37 uA   	100.0             
0.7 	125.769 uA  	100.0             
0.8 	49.2802 uA  	100.0             
0.9 	18.9661 uA  	100.0             
0.10 	6.91434 uA  	100.0             

.    RFpower=34            80.00% 36/48
0.0 	422.249 mA  	100.0             
0.1 	52.959 mA   	100.0             
0.2 	27.0853 mA  	100.0             
0.3 	9.94269 mA  	100.0             
0.4 	3.9167 mA   	100.0             
0.5 	1.58724 mA  	100.0             
0.6 	614.688 uA  	100.0             
0.7 	268.459 uA  	100.0             
0.8 	117.265 uA  	100.0             
0.9 	50.448 uA   	100.0             
0.10 	20.7038 uA  	100.0             
0.11 	7.85709 uA  	100.0             

.    RFpower=34.5          81.67% 37/48
0.0 	665.417 mA  	100.0             
0.1 	70.1234 mA  	100.0             
0.2 	18.95 mA    	100.0             
0.3 	6.09715 mA  	100.0             
0.4 	2.08765 mA  	100.0             
0.5 	632.741 uA  	100.0             
0.6 	195.508 uA  	100.0             
0.7 	66.6658 uA  	100.0             
0.8 	25.4305 uA  	100.0             
0.9 	11.1177 uA  	100.0             
0.10 	5.25104 uA  	100.0             

.    RFpower=35            83.33% 38/48
0.0 	635.501 mA  	100.0             
0.1 	82.4823 mA  	100.0             
0.2 	23.6934 mA  	100.0             
0.3 	8.27182 mA  	100.0             
0.4 	3.09759 mA  	100.0             
0.5 	1.16531 mA  	100.0             
0.6 	489.804 uA  	100.0             
0.7 	210.281 uA  	100.0             
0.8 	91.5619 uA  	100.0             
0.9 	40.3088 uA  	100.0             
0.10 	17.8579 uA  	100.0             
0.11 	7.94038 uA  	100.0             
0.12 	3.53651 uA  	100.0             

.    RFpower=35.5          85.00% 39/48
0.0 	1.56278 A   	100.0             
0.1 	151.53 mA   	100.0             
0.2 	16.5121 mA  	100.0             
0.3 	6.82624 mA  	100.0             
0.4 	2.82522 mA  	100.0             
0.5 	1.19476 mA  	100.0             
0.6 	507.588 uA  	100.0             
0.7 	218.362 uA  	100.0             
0.8 	94.506 uA   	100.0             
0.9 	41.0977 uA  	100.0             
0.10 	17.9122 uA  	100.0             
0.11 	7.81623 uA  	100.0             
0.12 	3.41183 uA  	100.0             

.    RFpower=36            86.67% 40/48
0.0 	678.971 mA  	100.0             
0.1 	57.2919 mA  	100.0             
0.2 	21.0138 mA  	100.0             
0.3 	8.29668 mA  	100.0             
0.4 	3.08988 mA  	100.0             
0.5 	1.42915 mA  	100.0             
0.6 	662.782 uA  	100.0             
0.7 	304.663 uA  	100.0             
0.8 	140.801 uA  	100.0             
0.9 	65.7476 uA  	100.0             
0.10 	30.8363 uA  	100.0             
0.11 	14.46 uA    	100.0             
0.12 	6.7692 uA   	100.0             
0.13 	3.16612 uA  	100.0             

.    RFpower=36.5          88.33% 41/48
0.0 	374.058 mA  	100.0             
0.1 	86.5324 mA  	100.0             
0.2 	28.0474 mA  	100.0             
0.3 	9.81148 mA  	100.0             
0.4 	3.71862 mA  	100.0             
0.5 	1.56737 mA  	100.0             
0.6 	492.496 uA  	100.0             
0.7 	143.767 uA  	100.0             
0.8 	88.7959 uA  	100.0             
0.9 	45.3524 uA  	100.0             
0.10 	10.8175 uA  	100.0             
0.11 	3.34468 uA  	100.0             
0.12 	2.46326 uA  	100.0             

.    RFpower=37            90.00% 42/48
0.0 	470.182 mA  	100.0             
0.1 	94.1813 mA  	100.0             
0.2 	60.724 mA   	100.0             
0.3 	24.1133 mA  	100.0             
0.4 	7.38841 mA  	100.0             
0.5 	1.64187 mA  	100.0             
0.6 	959.079 uA  	100.0             
0.7 	713.575 uA  	100.0             
0.8 	301.971 uA  	100.0             
0.9 	73.8642 uA  	100.0             
0.10 	21.2649 uA  	100.0             
0.11 	15.5195 uA  	100.0             
0.12 	9.41032 uA  	100.0             
0.13 	3.47099 uA  	100.0             

.    RFpower=37.5          91.67% 43/48
0.0 	623.391 mA  	100.0             
0.1 	98.4952 mA  	100.0             
0.2 	44.3284 mA  	100.0             
0.3 	20.2927 mA  	100.0             
0.4 	8.04528 mA  	100.0             
0.5 	2.34566 mA  	100.0             
0.6 	560.397 uA  	100.0             
0.7 	326.927 uA  	100.0             
0.8 	155.307 uA  	100.0             
0.9 	81.6564 uA  	100.0             
0.10 	32.1048 uA  	100.0             
0.11 	9.49961 uA  	100.0             
0.12 	2.4003 uA   	100.0             

.    RFpower=38            93.33% 44/48
0.0 	870.508 mA  	100.0             
0.1 	130.897 mA  	100.0             
0.2 	40.6819 mA  	100.0             
0.3 	19.4718 mA  	100.0             
0.4 	8.9061 mA   	100.0             
0.5 	3.26098 mA  	100.0             
0.6 	1.1294 mA   	100.0             
0.7 	331.311 uA  	100.0             
0.8 	78.6679 uA  	100.0             
0.9 	18.1903 uA  	100.0             
0.10 	10.8909 uA  	100.0             
0.11 	5.37116 uA  	100.0             
0.12 	2.48509 uA  	100.0             

.    RFpower=38.5          95.00% 45/48
0.0 	686.044 mA  	100.0             
0.1 	101.457 mA  	100.0             
0.2 	44.083 mA   	100.0             
0.3 	21.2441 mA  	100.0             
0.4 	9.05408 mA  	100.0             
0.5 	3.75692 mA  	100.0             
0.6 	1.52937 mA  	100.0             
0.7 	593.493 uA  	100.0             
0.8 	224.604 uA  	100.0             
0.9 	82.7096 uA  	100.0             
0.10 	29.8357 uA  	100.0             
0.11 	10.5442 uA  	100.0             
0.12 	3.65954 uA  	100.0             

.    RFpower=39            96.67% 46/48
0.0 	1.87662 A   	100.0             
0.1 	105.296 mA  	100.0             
0.2 	40.6846 mA  	100.0             
0.3 	18.5548 mA  	100.0             
0.4 	7.06297 mA  	100.0             
0.5 	2.65893 mA  	100.0             
0.6 	928.399 uA  	100.0             
0.7 	310.901 uA  	100.0             
0.8 	98.6229 uA  	100.0             
0.9 	29.5082 uA  	100.0             
0.10 	8.16826 uA  	100.0             
0.11 	2.0147 uA   	100.0             

.    RFpower=39.5          98.33% 47/48
0.0 	923.958 mA  	100.0             
0.1 	143.879 mA  	100.0             
0.2 	46.1233 mA  	100.0             
0.3 	22.5646 mA  	100.0             
0.4 	8.82497 mA  	100.0             
0.5 	3.26864 mA  	100.0             
0.6 	1.06909 mA  	100.0             
0.7 	306.287 uA  	100.0             
0.8 	70.1827 uA  	100.0             
0.9 	16.7944 uA  	100.0             
0.10 	9.24935 uA  	100.0             
0.11 	5.66333 uA  	100.0             
0.12 	2.82721 uA  	100.0             

.    RFpower=40           100.00% 48/48
0.0 	1.82962 A   	100.0             
0.1 	420.924 mA  	100.0             
0.2 	299.715 mA  	100.0             
0.3 	132.445 mA  	100.0             
0.4 	62.4782 mA  	100.0             
0.5 	26.1796 mA  	100.0             
0.6 	10.6364 mA  	100.0             
0.7 	4.04044 mA  	100.0             
0.8 	1.43995 mA  	100.0             
0.9 	472.493 uA  	100.0             
0.10 	135.814 uA  	100.0             
0.11 	29.8263 uA  	100.0             
0.12 	6.22772 uA  	100.0             

.An HB truncation error may be present.
o The HB truncation error is due to using a finite order 
  (number of harmonics) in the representation of the
  circuit signals.

Waveform                Trunc error             Tolerance
---------------------------------------------------------
X2._net415              4.811e-03       >       1.763e-05
X2.X2._net502           4.811e-03       >       1.763e-05
X1._net415              3.349e-03       >       1.593e-05
X1.X2._net502           3.349e-03       >       1.593e-05
X1.X2._net642           8.208e-04       >       6.340e-06

o Number of waveforms violating the HB truncation error check:
        18 out of 22 waveforms.
o Estimated max HB truncation error: 4.811e-03 @ waveform X2._net415 .
o The maximal HB truncation error estimate is greater than the 
  achieved tolerance of 1.763e-05 for this waveform.
o A time-domain plot of the X1.X2.SRC2.i waveform may show the error as 
  Gibbs ripples.
o To reduce the error, increase the order (number of harmonics) 
  and re-simulate.

SP SP1[1] <GF_lib:DPA_v1:schematic>   freq=(1 GHz->3 GHz)
,,,,,,,,,,,,,,,,,,,,,,,,,,,,,,,,,,,,,,,,,,,,,,,,,,,,,,,,,,,,,,,,,,,,,,,,,,,,,,,,,,,,,,,,,,,,,,,,,,,,
Warning detected by hpeesofsim during SP analysis `SP1'.
    Data in the Touchstone file `C:/Users/KZF/Desktop/X3C22E3-03S_SParam(de).s4p'
    does not cover the requested value of `freq'.
    Therefore, the required data was obtained by extrapolation.
Warning detected by hpeesofsim during circuit set up.
    Unable to resolve variable(s) or functions(s) in expression `P_In1=0.5*real(V_i[1]*conj(I_i1.i[1]))'
        I_i1.i
        V_i
Warning detected by hpeesofsim during circuit set up.
    Unable to resolve variable(s) or functions(s) in expression `PAE3=max2(100*(Pdel_W1-P_In1)/Pdc1,0)'
        I_i1.i
        I_load1.i
        Is_high.i
        Is_low.i
        V_i
        V_load1
        Vs_high
        Vs_low

Resource usage:
  Total stopwatch time     =     2.95 seconds.

