
hpeesofsim (*) 450.shp Jan 21 2016, MINT version 4
    (64-bit windows built: 01/21/16 15:34:19)
Copyright 1995 - 2015 Keysight Technologies, 1989-2016.

Warning detected by hpeesofsim in topology check during circuit set up.
    Number of nodes with only one device attached (topology corrected): 2
    Number of nodes with no DC path to ground (topology corrected): 2


CT Sweep1[1] <GF_lib:DPA_t3:schematic>   RF=1.6

HB Sweep1[1].HB1[1/1] <GF_lib:DPA_t3:schematic>  RF=1.6  pavs=(1->32)
Pt DC convergence is used.
Warning detected by hpeesofsim during DC analysis `HB1'.
    Circuit converged after a virtual resistance of 1 TOhms 
    was added between each node and ground, and a virtual 
    resistance of 1 pOhms was inserted in each current branch. 
    Possible causes include floating nodes or missing ground.
    Number of tones:   1.
    Number of frequencies:   4.
    Number of time samples:  8.
    Number of HB equations (problem size): 1834.
    Auto mode: on.
    Convergence mode: Auto.
    Linear solver: direct.
Warning detected by hpeesofsim during AC Analysis 'HB1'.
    UserValue(5.600000) > MaxRecommendValue(5.000000) for 'Wlargest/Wsmallest' in `Tee9'

Warning detected by hpeesofsim during AC Analysis 'HB1'.
    UserValue(5.600000) > MaxRecommendValue(5.000000) for 'Wlargest/Wsmallest' in `Tee1'

    pavs=1              0.00% 1/30
------------------------------------------------------------------------------
Newton solver:					
Iter	KCL residual	Damp %	Sol update
------------------------------------------------------------------------------
0.0*	58.27 mA    	100.0             
1.0 	691.664 uA  	100.0             
1.1 	5.61001 uA  	100.0	6.90166 uV   
1.2 	52.1723 nA  	100.0	73.8753 nV   
    pavs=2.06897        3.45% 2/30
0.0 	2.6717 mA   	100.0             
0.1 	444.186 uA  	100.0             
0.2 	14.1389 uA  	100.0             
0.3 	355.091 nA  	100.0             

    pavs=3.13793        6.90% 3/30
0.0 	4.018 mA    	100.0             
0.1 	691.903 uA  	100.0             
0.2 	25.8674 uA  	100.0             
0.3 	788.586 nA  	100.0             

    pavs=4.2069        10.34% 4/30
0.0 	6.12617 mA  	100.0             
0.1 	1.09953 mA  	100.0             
0.2 	48.731 uA   	100.0             
0.3 	1.8257 uA   	100.0             

    pavs=5.27586       13.79% 5/30
0.0 	9.47263 mA  	100.0             
0.1 	1.78455 mA  	100.0             
0.2 	94.6679 uA  	100.0             
0.3 	4.45605 uA  	100.0             
0.4 	218.312 nA  	100.0             

    pavs=6.34483       17.24% 6/30
0.0 	14.8341 mA  	100.0             
0.1 	2.95417 mA  	100.0             
0.2 	189.165 uA  	100.0             
0.3 	11.4994 uA  	100.0             
0.4 	711.656 nA  	100.0             

    pavs=7.41379       20.69% 7/30
0.0 	23.3831 mA  	100.0             
0.1 	4.94358 mA  	100.0             
0.2 	382.559 uA  	100.0             
0.3 	30.2412 uA  	100.0             
0.4 	2.37001 uA  	100.0             

    pavs=8.48276       24.14% 8/30
0.0 	36.3431 mA  	100.0             
0.1 	8.07909 mA  	100.0             
0.2 	752.652 uA  	100.0             
0.3 	73.7357 uA  	100.0             
0.4 	7.12933 uA  	100.0             
0.5 	683.287 nA  	100.0             

    pavs=9.55172       27.59% 9/30
0.0 	51.7301 mA  	100.0             
0.1 	11.2641 mA  	100.0             
0.2 	1.08456 mA  	100.0             
0.3 	113.265 uA  	100.0             
0.4 	11.7741 uA  	100.0             
0.5 	1.21598 uA  	100.0             

    pavs=10.6207       31.03% 10/30
0.0 	44.0301 mA  	100.0             
0.1 	6.322 mA    	100.0             
0.2 	328.405 uA  	100.0             
0.3 	20.0917 uA  	100.0             
0.4 	1.65892 uA  	100.0             

    pavs=11.6897       34.48% 11/30
0.0 	34.972 mA   	100.0             
0.1 	7.893 mA    	100.0             
0.2 	787.916 uA  	100.0             
0.3 	87.0229 uA  	100.0             
0.4 	9.55005 uA  	100.0             
0.5 	1.04516 uA  	100.0             

    pavs=12.7586       37.93% 12/30
0.0 	53.1808 mA  	100.0             
0.1 	11.898 mA   	100.0             
0.2 	1.261 mA    	100.0             
0.3 	153.811 uA  	100.0             
0.4 	18.7968 uA  	100.0             
0.5 	2.29615 uA  	100.0             

    pavs=13.8276       41.38% 13/30
0.0 	44.4089 mA  	100.0             
0.1 	5.67801 mA  	100.0             
0.2 	216.969 uA  	100.0             
0.3 	13.4907 uA  	100.0             
0.4 	954.808 nA  	100.0             

    pavs=14.8966       44.83% 14/30
0.0 	44.1976 mA  	100.0             
0.1 	5.35604 mA  	100.0             
0.2 	102.864 uA  	100.0             
0.3 	4.73435 uA  	100.0             

    pavs=15.9655       48.28% 15/30
0.0 	57.4134 mA  	100.0             
0.1 	7.52259 mA  	100.0             
0.2 	263.996 uA  	100.0             
0.3 	16.181 uA   	100.0             
0.4 	1.09412 uA  	100.0             

    pavs=17.0345       51.72% 16/30
0.0 	75.3092 mA  	100.0             
0.1 	11.0054 mA  	100.0             
0.2 	600.935 uA  	100.0             
0.3 	43.5607 uA  	100.0             
0.4 	3.19095 uA  	100.0             

    pavs=18.1034       55.17% 17/30
0.0 	97.5884 mA  	100.0             
0.1 	12.8378 mA  	100.0             
0.2 	383.611 uA  	100.0             
0.3 	19.1965 uA  	100.0             
0.4 	575.246 nA  	100.0             

    pavs=19.1724       58.62% 18/30
0.0 	124.867 mA  	100.0             
0.1 	14.4516 mA  	100.0             
0.2 	196.063 uA  	100.0             
0.3 	11.4971 uA  	100.0             

    pavs=20.2414       62.07% 19/30
0.0 	160.208 mA  	100.0             
0.1 	18.6551 mA  	100.0             
0.2 	220.724 uA  	100.0             
0.3 	22.8611 uA  	100.0             

    pavs=21.3103       65.52% 20/30
0.0 	218.281 mA  	100.0             
0.1 	25.0708 mA  	100.0             
0.2 	202.238 uA  	100.0             
0.3 	34.172 uA   	100.0             
0.4 	4.38831 uA  	100.0             
0.5 	609.115 nA  	100.0             
0.6 	79.4882 nA  	100.0             

    pavs=22.3793       68.97% 21/30
0.0 	318.572 mA  	100.0             
0.1 	43.4253 mA  	100.0             
0.2 	12.2716 mA  	100.0             
0.3 	4.01215 mA  	100.0             
0.4 	1.40245 mA  	100.0             
0.5 	497.18 uA   	100.0             
0.6 	180.807 uA  	100.0             
0.7 	67.1356 uA  	100.0             
0.8 	25.4386 uA  	100.0             
0.9 	9.80791 uA  	100.0             
0.10 	3.83804 uA  	100.0             
0.11 	1.52023 uA  	100.0             
0.12 	608.047 nA  	100.0             

    pavs=23.4483       72.41% 22/30
0.0 	378.68 mA   	100.0             
0.1 	85.4087 mA  	100.0             
0.2 	70.383 mA   	100.0             
0.3*	43.5192 mA  	100.0             
1.0 	466.77 uA   	100.0             
1.1 	19.3494 uA  	100.0             
1.2 	736.489 nA  	100.0	6.72086 uV   

    pavs=24.5172       75.86% 23/30
0.0 	940.189 mA  	100.0             
0.1 	530.86 mA   	100.0             
0.2 	223.853 mA  	100.0             
0.3 	87.1574 mA  	100.0             
0.4 	18.7951 mA  	100.0             
0.5 	11.8452 mA  	100.0             
0.6 	17.3941 mA  	100.0             
0.7*	15.2971 mA  	100.0             
1.0 	22.1129 uA  	100.0             
1.1 	36.0754 nA  	100.0	87.9759 nV   

    pavs=25.5862       79.31% 24/30
0.0 	738.838 mA  	100.0             
0.1 	649.731 mA  	100.0             
        Samanskii-Newton iteration failed
0.2*	792.435 mA  	100.0             
1.0 	277.708 mA  	100.0             
1.1 	134.683 mA  	100.0             
1.2 	60.0927 mA  	100.0             
1.3 	31.4508 mA  	100.0             
1.4 	16.4865 mA  	100.0             
1.5 	8.89504 mA  	100.0             
1.6 	4.79116 mA  	100.0             
1.7 	2.59686 mA  	100.0             
1.8 	1.40585 mA  	100.0             
1.9 	762.222 uA  	100.0             
1.10 	413.065 uA  	100.0             
1.11 	223.936 uA  	100.0             
1.12 	121.384 uA  	100.0             
1.13 	65.8025 uA  	100.0             
1.14 	35.67 uA    	100.0             
1.15 	19.3364 uA  	100.0             
1.16 	10.482 uA   	100.0             
1.17 	5.68217 uA  	100.0             
1.18 	3.08023 uA  	100.0	11.9261 uV   
1.19 	1.66976 uA  	100.0	6.46502 uV   

    pavs=26.6552       82.76% 25/30
0.0 	2.31614 A   	100.0             
0.1 	1.72572 A   	100.0             
0.2*	1.38016 A   	100.0             
1.0 	160.026 mA  	100.0             
1.1 	11.5404 mA  	100.0             
1.2 	1.99816 mA  	100.0             
1.3 	543.348 uA  	100.0             
1.4 	155.666 uA  	100.0             
1.5 	44.8889 uA  	100.0             
1.6 	12.9437 uA  	100.0             
1.7 	3.73434 uA  	100.0	10.6786 uV   

    pavs=27.7241       86.21% 26/30
0.0 	399.777 mA  	100.0             
0.1 	107.959 mA  	100.0             
0.2 	19.7807 mA  	100.0             
0.3 	6.66718 mA  	100.0             
0.4 	5.05768 mA  	100.0             
0.5 	3.14873 mA  	100.0             
0.6 	1.90863 mA  	100.0             
0.7 	1.09396 mA  	100.0             
0.8 	625.723 uA  	100.0             
0.9 	353.715 uA  	100.0             
0.10 	200.305 uA  	100.0             
0.11 	113.124 uA  	100.0             
0.12 	63.9529 uA  	100.0             
0.13 	36.1312 uA  	100.0             
0.14 	20.4217 uA  	100.0             
0.15 	11.5407 uA  	100.0             
0.16 	6.52297 uA  	100.0             
0.17 	3.68674 uA  	100.0             
0.18 	2.08385 uA  	100.0             

    pavs=28.7931       89.66% 27/30
0.0 	184.674 mA  	100.0             
0.1 	22.5987 mA  	100.0             
0.2 	6.09097 mA  	100.0             
0.3 	1.053 mA    	100.0             
0.4 	317.29 uA   	100.0             
0.5 	123.41 uA   	100.0             
0.6 	49.7559 uA  	100.0             
0.7 	20.114 uA   	100.0             
0.8 	8.10841 uA  	100.0             
0.9 	3.25696 uA  	100.0             
0.10 	1.30563 uA  	100.0             

    pavs=29.8621       93.10% 28/30
0.0 	318.131 mA  	100.0             
0.1 	66.1354 mA  	100.0             
0.2 	28.9188 mA  	100.0             
0.3 	19.4619 mA  	100.0             
0.4 	12.8364 mA  	100.0             
0.5 	8.47778 mA  	100.0             
0.6 	5.595 mA    	100.0             
0.7 	3.69057 mA  	100.0             
0.8 	2.43307 mA  	100.0             
0.9 	1.60391 mA  	100.0             
0.10 	1.05709 mA  	100.0             
0.11 	696.708 uA  	100.0             
0.12 	459.15 uA   	100.0             
0.13 	302.598 uA  	100.0             
0.14 	199.419 uA  	100.0             
0.15 	131.423 uA  	100.0             
0.16 	86.6105 uA  	100.0             
0.17 	57.0786 uA  	100.0             
0.18 	37.6161 uA  	100.0             
0.19 	24.7899 uA  	100.0             
0.20 	16.3371 uA  	100.0             
0.21 	10.7665 uA  	100.0             
0.22 	7.0954 uA   	100.0             
0.23 	4.67604 uA  	100.0             
0.24 	3.08162 uA  	100.0             
0.25 	2.03086 uA  	100.0             
0.26 	1.33838 uA  	100.0             
0.27 	882.026 nA  	100.0             

    pavs=30.931        96.55% 29/30
0.0 	586.328 mA  	100.0             
0.1 	74.6586 mA  	100.0             
0.2 	118.126 mA  	100.0             
        Samanskii-Newton iteration failed
0.3*	109.146 mA  	100.0             
1.0 	7.06806 mA  	100.0             
1.1 	1.37368 mA  	100.0             
1.2 	282.182 uA  	100.0             
1.3 	58.5323 uA  	100.0             
1.4 	12.1761 uA  	100.0             
1.5 	2.53539 uA  	100.0	32.2502 uV   

    pavs=32           100.00% 30/30
0.0 	479.895 mA  	100.0             
0.1 	653.284 mA  	100.0             
        Samanskii-Newton iteration failed
0.2*	707.472 mA  	100.0             
        Newton iteration failed, damping activated
1.0*	1.05887 A   	 50.0             
2.0*	334.195 mA  	100.0             
3.0 	8.87599 mA  	100.0             
3.1 	1.45428 mA  	100.0             
3.2 	216.465 uA  	100.0             
3.3 	32.7446 uA  	100.0             
3.4 	4.96057 uA  	100.0	17.7722 uV   
3.5 	754.144 nA  	100.0	2.74563 uV   

An HB truncation error may be present.
o The HB truncation error is due to using a finite order 
  (number of harmonics) in the representation of the
  circuit signals.

Waveform                Trunc error             Tolerance
---------------------------------------------------------
X1._net415              6.733e-01       >       1.725e-05
X1.X2._net502           6.733e-01       >       1.725e-05
X2._net415              4.281e-01       >       1.734e-05
X2.X2._net502           4.281e-01       >       1.734e-05
X1.X2.vg1               5.492e-02       >       4.525e-06

o Number of waveforms violating the HB truncation error check:
        18 out of 22 waveforms.
o Estimated max HB truncation error: 6.733e-01 @ waveform X1._net415 .
o The maximal HB truncation error estimate is greater than the 
  achieved tolerance of 1.725e-05 for this waveform.
o A time-domain plot of the N__20 waveform may show the error as 
  Gibbs ripples.
o To reduce the error, increase the order (number of harmonics) 
  and re-simulate.

Resource usage:
  Total stopwatch time     =     0.74 seconds.

