
hpeesofsim (*) 450.shp Jan 21 2016, MINT version 4
    (64-bit windows built: 01/21/16 15:34:19)
Copyright 1995 - 2015 Keysight Technologies, 1989-2016.

Warning detected by hpeesofsim during netlist flattening.
    Resistor `X1.X2.R2' is shorted.

Warning detected by hpeesofsim during netlist flattening.
    Capacitor `X1.X2.C8' is shorted.

Warning detected by hpeesofsim in LinearCollapse '_2_' during analysis.
    LinearCollapse is disabled because there is 'HB' analysis present.
Warning detected by hpeesofsim in topology check during circuit set up.
    Number of nodes with no DC path to ground (topology corrected): 1


CT Sweep1[1] <GF_lib:F:schematic>   RF=(400e-03->3.2)

HB Sweep1[1].HB1[1/57] <GF_lib:F:schematic>  RF=400e-03  pavs=28
Pt DC convergence is used.
    Number of tones:   1.
    Number of frequencies:   6.
    Number of time samples:  16.
    Number of HB equations (problem size): 4356.
    Auto mode: on.
    Convergence mode: Auto.
    Linear solver: direct.
Warning detected by hpeesofsim during AC Analysis 'HB1'.
    UserValue(0.003000) < MinRecommendValue(0.000076) OR UserValue > MaxRecommendValue(0.002286) for 'W' in `I__36.Gap1'

Warning detected by hpeesofsim during AC Analysis 'HB1'.
    UserValue(0.008000) < MinRecommendValue(0.000076) OR UserValue > MaxRecommendValue(0.002286) for 'W' in `I__36.Gap2'

Warning detected by hpeesofsim during AC Analysis 'HB1'.
    UserValue(0.003000) < MinRecommendValue(0.000076) OR UserValue > MaxRecommendValue(0.002286) for 'W' in `I__36.Gap4'

Warning detected by hpeesofsim during AC Analysis 'HB1'.
    UserValue(0.008000) < MinRecommendValue(0.000076) OR UserValue > MaxRecommendValue(0.002286) for 'W' in `I__36.Gap3'

Warning detected by hpeesofsim during AC Analysis 'HB1'.
    UserValue(0.008000) < MinRecommendValue(0.000076) OR UserValue > MaxRecommendValue(0.007620) for 'W2' in `I__36.Tee4'

    pavs=28           100.00% 1/1
------------------------------------------------------------------------------
Newton solver:					
Iter	KCL residual	Damp %	Sol update
------------------------------------------------------------------------------
0.0*	3.83141 A   	100.0             
        Newton iteration failed, damping activated
1.0*	154.329 GA  	  3.1             
2.0*	3.24785 A   	  3.1             
3.0*	3.13291 A   	  1.6             
4.0*	3.08931 A   	  3.1             
5.0*	3.02406 A   	  0.8             
6.0*	2.73867 A   	  1.6             
7.0*	2.69593 A   	  3.1             
8.0*	2.6045 A    	  3.1             
9.0*	2.46635 A   	  6.3             
10.0*	2.45773 A   	  6.3             
11.0*	2.04558 A   	  6.3             
12.0*	1.96674 A   	100.0             
13.0*	39.6862 GA  	100.0             
14.0*	956.751e+18A	100.0             
    Switching to arc-length continuation...
Fwd sourceLevel=1.40025e-03    0.14% 2/2  Step=0.5
0.0*	6.9157 uA   	100.0             
1.0 	15.8527 pA  	100.0	212.971 pV   
    Arclength Newton-Raphson converged at 0.00140026 in 1 iters

Fwd sourceLevel=3.38055e-03    0.34% 2/2  Step=0.7071067812
0.0*	14.0357 uA  	100.0             
1.0 	73.0358 pA  	100.0	1.11646 nV   
    Arclength Newton-Raphson converged at 0.00338064 in 1 iters

Fwd sourceLevel=6.18149e-03    0.62% 2/2  Step=1
0.0*	28.6749 uA  	100.0             
1.0 	312.547 pA  	100.0	4.98726 nV   
    Arclength Newton-Raphson converged at 0.00618187 in 1 iters

Fwd sourceLevel=10.144e-03     1.01% 2/2  Step=1.414213562
0.0*	59.1681 uA  	100.0             
1.0 	1.49036 nA  	100.0	26.5526 nV   
    Arclength Newton-Raphson converged at 0.0101454 in 1 iters

Fwd sourceLevel=15.7527e-03    1.58% 2/2  Step=2
0.0*	123.956 uA  	100.0             
1.0 	7.62737 nA  	100.0	145.877 nV   
    Arclength Newton-Raphson converged at 0.015757 in 1 iters

Fwd sourceLevel=23.6997e-03    2.37% 2/2  Step=2.828427125
0.0*	265.862 uA  	100.0             
1.0 	42.2771 nA  	100.0	836.014 nV   
    Arclength Newton-Raphson converged at 0.0237132 in 1 iters

Fwd sourceLevel=34.9862e-03    3.50% 2/2  Step=4
0.0*	592.186 uA  	100.0             
1.0 	265.51 nA   	100.0             
1.1 	212.127 pA  	100.0	3.24776 nV   
    Arclength Newton-Raphson converged at 0.0350289 in 1 iters

Fwd sourceLevel=51.0992e-03    5.11% 2/2  Step=5.656854249
0.0*	1.40404 mA  	100.0             
1.0 	1.95771 uA  	100.0             
1.1 	4.82294 nA  	100.0	76.8982 nV   
    Arclength Newton-Raphson converged at 0.0512404 in 1 iters

Fwd sourceLevel=74.3961e-03    7.44% 2/2  Step=8
0.0*	3.72623 mA  	100.0             
1.0 	18.805 uA   	100.0             
1.1 	163.561 nA  	100.0	2.90391 uV   
    Arclength Newton-Raphson converged at 0.0749195 in 1 iters

Fwd sourceLevel=109.307e-03   10.93% 2/2  Step=11.3137085
0.0*	12.1715 mA  	100.0             
1.0 	301.421 uA  	100.0             
1.1 	13.4074 uA  	100.0             
1.2 	562.758 nA  	100.0	12.4978 uV   
1.3 	22.6316 nA  	100.0	537.203 nV   
    Arclength Newton-Raphson converged at 0.111908 in 1 iters

Fwd sourceLevel=169.262e-03   16.93% 2/2  Step=16
0.0*	27.1655 mA  	100.0             
1.0 	172.517 uA  	100.0             
1.1 	2.97777 uA  	100.0             
1.2 	56.6057 nA  	100.0	1.3126 uV    
    Arclength Newton-Raphson converged at 0.176223 in 1 iters

Fwd sourceLevel=271.218e-03   27.12% 2/2  Step=22.627417
0.0*	9.77233 mA  	100.0             
1.0 	122.547 uA  	100.0             
1.1 	1.01112 uA  	100.0	14.9336 uV   
    Arclength Newton-Raphson converged at 0.271818 in 1 iters

Fwd sourceLevel=414.274e-03   41.43% 2/2  Step=32
0.0*	1.38366 A   	100.0             
1.0 	2.08375 A   	100.0             
    rejected

Fwd sourceLevel=339.654e-03   33.97% 2/2  Step=15.23809524
0.0*	166.882 mA  	100.0             
1.0 	6.54747 mA  	100.0             
1.1 	626.917 uA  	100.0             
1.2 	60.1692 uA  	100.0             
1.3 	5.63429 uA  	100.0             
1.4 	517.314 nA  	100.0	3.71628 uV   
    Arclength Newton-Raphson converged at 0.362014 in 1 iters

Fwd sourceLevel=486.34e-03    48.63% 2/2  Step=15.23809524
0.0*	473.607 mA  	100.0             
1.0 	39.439 mA   	100.0             
1.1 	1.81023 mA  	100.0             
1.2 	281.75 uA   	100.0             
1.3 	26.1673 uA  	100.0             
1.4 	5.32281 uA  	100.0             
1.5 	412.798 nA  	100.0	1.49426 uV   
    Arclength Newton-Raphson converged at 0.548836 in 1 iters

Fwd sourceLevel=894.635e-03   89.46% 2/2  Step=21.54992095
0.0*	1.29452 A   	100.0             
1.0 	794.064 mA  	100.0             
        Samanskii-Newton iteration failed
1.1*	794.064 mA  	100.0             
2.0*	214.7 mA    	100.0             
3.0 	16.9931 mA  	100.0             
3.1 	2.10743 mA  	100.0             
3.2 	255.689 uA  	100.0             
3.3 	31.1082 uA  	100.0             
3.4 	3.79229 uA  	100.0             
3.5 	462.052 nA  	100.0	1.48358 uV   
    Arclength Newton-Raphson converged at 1.19323 in 3 iters

    Calculating solution at 1
0.0 	296.553 mA  	100.0             
0.1 	98.4953 mA  	100.0             
0.2 	39.6383 mA  	100.0             
0.3 	14.1804 mA  	100.0             
0.4 	4.68008 mA  	100.0             
0.5 	1.48981 mA  	100.0             
0.6 	467.371 uA  	100.0             
0.7 	145.726 uA  	100.0             
0.8 	45.3102 uA  	100.0             
0.9 	14.0685 uA  	100.0             
0.10 	4.36492 uA  	100.0             
0.11 	1.35369 uA  	100.0             
    Newton-Raphson converged at 1

An HB truncation error may be present.
o The HB truncation error is due to using a finite order 
  (number of harmonics) in the representation of the
  circuit signals.

Waveform                Trunc error             Tolerance
---------------------------------------------------------
X1._net415              8.414e-02       >       1.884e-05
X1.X2._net502           8.414e-02       >       1.884e-05
X1.X2.vg1               5.278e-03       >       3.169e-06
X1.X2._net642           4.632e-03       >       3.178e-06
X1.X2._net660           4.631e-03       >       3.178e-06

o Number of waveforms violating the HB truncation error check:
        8 out of 10 waveforms.
o Estimated max HB truncation error: 8.414e-02 @ waveform X1._net415 .
o The maximal HB truncation error estimate is greater than the 
  achieved tolerance of 1.884e-05 for this waveform.
o A time-domain plot of the N__25 waveform may show the error as 
  Gibbs ripples.
o To reduce the error, increase the order (number of harmonics) 
  and re-simulate.

HB Sweep1[1].HB1[2/57] <GF_lib:F:schematic>  RF=450e-03  pavs=28
    pavs=28           100.00% 1/1
0.0*	2.51015 A   	100.0             
1.0 	1.79831 A   	100.0             
1.1 	1.31742 A   	100.0             
1.2*	531.964 mA  	100.0             
2.0 	210.368 mA  	100.0             
2.1 	134.306 mA  	100.0             
2.2 	79.3121 mA  	100.0             
2.3 	49.9783 mA  	100.0             
2.4 	30.4988 mA  	100.0             
2.5 	19.0332 mA  	100.0             
2.6 	11.7276 mA  	100.0             
2.7 	7.2863 mA   	100.0             
2.8 	4.5045 mA   	100.0             
2.9 	2.79351 mA  	100.0             
2.10 	1.7291 mA   	100.0             
2.11 	1.07154 mA  	100.0             
2.12 	663.559 uA  	100.0             
2.13 	411.101 uA  	100.0             
2.14 	254.621 uA  	100.0             
2.15 	157.731 uA  	100.0             
2.16 	97.6991 uA  	100.0             
2.17 	60.5194 uA  	100.0             
2.18 	37.4869 uA  	100.0             
2.19 	23.2208 uA  	100.0             
2.20 	14.3836 uA  	100.0             
2.21 	8.90967 uA  	100.0             
2.22 	5.51891 uA  	100.0             
2.23 	3.41859 uA  	100.0             
2.24 	2.11758 uA  	100.0	6.77279 uV   
An HB truncation error may be present.
o The HB truncation error is due to using a finite order 
  (number of harmonics) in the representation of the
  circuit signals.

Waveform                Trunc error             Tolerance
---------------------------------------------------------
X1._net415              8.379e-02       >       1.852e-05
X1.X2._net502           8.379e-02       >       1.852e-05
X1.X2.vg1               5.703e-03       >       3.480e-06
X1.X2._net642           5.151e-03       >       3.487e-06
X1.X2._net660           5.149e-03       >       3.487e-06

o Number of waveforms violating the HB truncation error check:
        8 out of 10 waveforms.
o Estimated max HB truncation error: 8.379e-02 @ waveform X1._net415 .
o The maximal HB truncation error estimate is greater than the 
  achieved tolerance of 1.852e-05 for this waveform.
o A time-domain plot of the N__25 waveform may show the error as 
  Gibbs ripples.
o To reduce the error, increase the order (number of harmonics) 
  and re-simulate.

HB Sweep1[1].HB1[3/57] <GF_lib:F:schematic>  RF=500e-03  pavs=28
    pavs=28           100.00% 1/1
0.0*	2.06453 A   	100.0             
1.0 	1.72441 A   	100.0             
1.1 	1.37065 A   	100.0             
        Samanskii-Newton iteration failed
1.2*	1.48839 A   	100.0             
        Newton iteration failed, damping activated
2.0*	2.22616 A   	 50.0             
3.0*	331.28 mA   	100.0             
4.0 	23.9209 mA  	100.0             
4.1 	2.77586 mA  	100.0             
4.2 	504.272 uA  	100.0             
4.3 	73.1229 uA  	100.0             
4.4 	12.2245 uA  	100.0             
4.5 	1.89982 uA  	100.0	3.34987 uV   
An HB truncation error may be present.
o The HB truncation error is due to using a finite order 
  (number of harmonics) in the representation of the
  circuit signals.

Waveform                Trunc error             Tolerance
---------------------------------------------------------
X1._net415              8.131e-02       >       1.807e-05
X1.X2._net502           8.131e-02       >       1.807e-05
X1.X2.vg1               6.649e-03       >       3.738e-06
X1.X2._net642           6.099e-03       >       3.742e-06
X1.X2._net660           6.097e-03       >       3.742e-06

o Number of waveforms violating the HB truncation error check:
        8 out of 10 waveforms.
o Estimated max HB truncation error: 8.131e-02 @ waveform X1._net415 .
o The maximal HB truncation error estimate is greater than the 
  achieved tolerance of 1.807e-05 for this waveform.
o A time-domain plot of the N__25 waveform may show the error as 
  Gibbs ripples.
o To reduce the error, increase the order (number of harmonics) 
  and re-simulate.

HB Sweep1[1].HB1[4/57] <GF_lib:F:schematic>  RF=550e-03  pavs=28
    pavs=28           100.00% 1/1
0.0*	1.77714 A   	100.0             
1.0 	1.78546 A   	100.0             
1.1 	1.6068 A    	100.0             
1.2*	1.42053 A   	100.0             
2.0 	910.58 mA   	100.0             
2.1 	532.968 mA  	100.0             
2.2 	330.787 mA  	100.0             
        Samanskii-Newton iteration failed
2.3*	442.761 mA  	100.0             
3.0 	129.863 mA  	100.0             
3.1 	101.158 mA  	100.0             
3.2 	70.7003 mA  	100.0             
3.3 	54.5376 mA  	100.0             
3.4 	39.8774 mA  	100.0             
3.5 	30.5449 mA  	100.0             
3.6 	22.7015 mA  	100.0             
3.7 	17.2971 mA  	100.0             
3.8 	12.9526 mA  	100.0             
3.9 	9.8342 mA   	100.0             
3.10 	7.39241 mA  	100.0             
3.11 	5.60026 mA  	100.0             
3.12 	4.21836 mA  	100.0             
3.13 	3.19147 mA  	100.0             
3.14 	2.40665 mA  	100.0             
3.15 	1.81938 mA  	100.0             
3.16 	1.37284 mA  	100.0             
3.17 	1.03737 mA  	100.0             
3.18 	783.034 uA  	100.0             
3.19 	591.537 uA  	100.0             
3.20 	446.599 uA  	100.0             
3.21 	337.329 uA  	100.0             
3.22 	254.706 uA  	100.0             
3.23 	192.371 uA  	100.0             
3.24 	145.262 uA  	100.0             
3.25 	109.706 uA  	100.0             
3.26 	82.8437 uA  	100.0             
3.27 	62.5642 uA  	100.0             
3.28 	47.2459 uA  	100.0             
3.29 	35.6799 uA  	100.0             
3.30 	26.9443 uA  	100.0             
3.31 	20.3481 uA  	100.0             
3.32 	15.3663 uA  	100.0             
3.33 	11.6044 uA  	100.0             
3.34 	8.76336 uA  	100.0             
3.35 	6.61794 uA  	100.0             
3.36 	4.99771 uA  	100.0             
3.37 	3.77418 uA  	100.0             
3.38 	2.85018 uA  	100.0             
3.39 	2.15241 uA  	100.0	14.7147 uV   
An HB truncation error may be present.
o The HB truncation error is due to using a finite order 
  (number of harmonics) in the representation of the
  circuit signals.

Waveform                Trunc error             Tolerance
---------------------------------------------------------
X1._net415              7.616e-02       >       1.799e-05
X1.X2._net502           7.616e-02       >       1.799e-05
X1.X2.vg1               6.770e-03       >       3.891e-06
X1.X2._net642           6.311e-03       >       3.893e-06
X1.X2._net660           6.308e-03       >       3.893e-06

o Number of waveforms violating the HB truncation error check:
        8 out of 10 waveforms.
o Estimated max HB truncation error: 7.616e-02 @ waveform X1._net415 .
o The maximal HB truncation error estimate is greater than the 
  achieved tolerance of 1.799e-05 for this waveform.
o A time-domain plot of the N__25 waveform may show the error as 
  Gibbs ripples.
o To reduce the error, increase the order (number of harmonics) 
  and re-simulate.

HB Sweep1[1].HB1[5/57] <GF_lib:F:schematic>  RF=600e-03  pavs=28
    pavs=28           100.00% 1/1
0.0*	1.93144 A   	100.0             
1.0 	644.395 mA  	100.0             
1.1 	535.885 mA  	100.0             
1.2*	399.571 mA  	100.0             
2.0 	2.67585 mA  	100.0             
2.1 	111.916 uA  	100.0             
2.2 	6.61524 uA  	100.0             
2.3 	270.469 nA  	100.0	682 nV       
An HB truncation error may be present.
o The HB truncation error is due to using a finite order 
  (number of harmonics) in the representation of the
  circuit signals.

Waveform                Trunc error             Tolerance
---------------------------------------------------------
X1._net415              7.594e-02       >       1.763e-05
X1.X2._net502           7.594e-02       >       1.763e-05
X1.X2.vg1               8.322e-03       >       3.972e-06
X1.X2._net642           7.621e-03       >       3.973e-06
X1.X2._net660           7.616e-03       >       3.973e-06

o Number of waveforms violating the HB truncation error check:
        8 out of 10 waveforms.
o Estimated max HB truncation error: 7.594e-02 @ waveform X1._net415 .
o The maximal HB truncation error estimate is greater than the 
  achieved tolerance of 1.763e-05 for this waveform.
o A time-domain plot of the N__25 waveform may show the error as 
  Gibbs ripples.
o To reduce the error, increase the order (number of harmonics) 
  and re-simulate.

HB Sweep1[1].HB1[6/57] <GF_lib:F:schematic>  RF=650e-03  pavs=28
    pavs=28           100.00% 1/1
0.0*	1.77206 A   	100.0             
1.0 	1.44181 A   	100.0             
1.1 	1.28362 A   	100.0             
1.2*	1.23661 A   	100.0             
        Newton iteration failed, damping activated
2.0*	2.40635 A   	 25.0             
3.0*	893.26 mA   	 50.0             
4.0*	188.787 mA  	100.0             
5.0 	8.00204 mA  	100.0             
5.1 	746.196 uA  	100.0             
5.2 	69.6615 uA  	100.0             
5.3 	6.53683 uA  	100.0             
5.4 	622.709 nA  	100.0	1.85543 uV   
An HB truncation error may be present.
o The HB truncation error is due to using a finite order 
  (number of harmonics) in the representation of the
  circuit signals.

Waveform                Trunc error             Tolerance
---------------------------------------------------------
X1._net415              6.447e-02       >       1.738e-05
X1.X2._net502           6.447e-02       >       1.738e-05
X1.X2.vg1               8.237e-03       >       3.988e-06
X1.X2._net642           7.662e-03       >       3.987e-06
X1.X2._net660           7.658e-03       >       3.987e-06

o Number of waveforms violating the HB truncation error check:
        8 out of 10 waveforms.
o Estimated max HB truncation error: 6.447e-02 @ waveform X1._net415 .
o The maximal HB truncation error estimate is greater than the 
  achieved tolerance of 1.738e-05 for this waveform.
o A time-domain plot of the N__25 waveform may show the error as 
  Gibbs ripples.
o To reduce the error, increase the order (number of harmonics) 
  and re-simulate.

HB Sweep1[1].HB1[7/57] <GF_lib:F:schematic>  RF=700e-03  pavs=28
    pavs=28           100.00% 1/1
0.0*	1.77465 A   	100.0             
1.0 	449.804 mA  	100.0             
1.1 	244.877 mA  	100.0             
1.2 	102.595 mA  	100.0             
1.3 	79.8465 mA  	100.0             
1.4*	35.0939 mA  	100.0             
2.0 	409.239 uA  	100.0             
2.1 	5.81596 uA  	100.0             
2.2 	248.905 nA  	100.0	1.60584 uV   
An HB truncation error may be present.
o The HB truncation error is due to using a finite order 
  (number of harmonics) in the representation of the
  circuit signals.

Waveform                Trunc error             Tolerance
---------------------------------------------------------
X1._net415              1.009e-01       >       1.715e-05
X1.X2._net502           1.009e-01       >       1.715e-05
X1.X2.vg1               1.097e-02       >       3.954e-06
X1.X2._net642           1.044e-02       >       3.952e-06
X1.X2._net660           1.043e-02       >       3.952e-06

o Number of waveforms violating the HB truncation error check:
        8 out of 10 waveforms.
o Estimated max HB truncation error: 1.009e-01 @ waveform X1._net415 .
o The maximal HB truncation error estimate is greater than the 
  achieved tolerance of 1.715e-05 for this waveform.
o A time-domain plot of the N__25 waveform may show the error as 
  Gibbs ripples.
o To reduce the error, increase the order (number of harmonics) 
  and re-simulate.

HB Sweep1[1].HB1[8/57] <GF_lib:F:schematic>  RF=750e-03  pavs=28
    pavs=28           100.00% 1/1
0.0*	1.95214 A   	100.0             
1.0 	1.28085 A   	100.0             
1.1 	1.04779 A   	100.0             
1.2*	920.181 mA  	100.0             
2.0 	155.156 mA  	100.0             
2.1 	42.1317 mA  	100.0             
2.2 	16.7896 mA  	100.0             
2.3 	7.49069 mA  	100.0             
2.4 	3.53151 mA  	100.0             
2.5 	1.7689 mA   	100.0             
2.6 	914.505 uA  	100.0             
2.7 	484.243 uA  	100.0             
2.8 	259.597 uA  	100.0             
2.9 	140.313 uA  	100.0             
2.10 	76.1553 uA  	100.0             
2.11 	41.443 uA   	100.0             
2.12 	22.5831 uA  	100.0             
2.13 	12.3162 uA  	100.0             
2.14 	6.71979 uA  	100.0             
2.15 	3.66731 uA  	100.0             
2.16 	2.0017 uA   	100.0	7.24582 uV   
An HB truncation error may be present.
o The HB truncation error is due to using a finite order 
  (number of harmonics) in the representation of the
  circuit signals.

Waveform                Trunc error             Tolerance
---------------------------------------------------------
X1._net415              7.687e-02       >       1.688e-05
X1.X2._net502           7.687e-02       >       1.688e-05
X1.X2.vg1               8.703e-03       >       3.880e-06
X1.X2._net642           8.590e-03       >       3.879e-06
X1.X2._net660           8.586e-03       >       3.879e-06

o Number of waveforms violating the HB truncation error check:
        8 out of 10 waveforms.
o Estimated max HB truncation error: 7.687e-02 @ waveform X1._net415 .
o The maximal HB truncation error estimate is greater than the 
  achieved tolerance of 1.688e-05 for this waveform.
o A time-domain plot of the N__25 waveform may show the error as 
  Gibbs ripples.
o To reduce the error, increase the order (number of harmonics) 
  and re-simulate.

HB Sweep1[1].HB1[9/57] <GF_lib:F:schematic>  RF=800e-03  pavs=28
    pavs=28           100.00% 1/1
0.0*	1.60941 A   	100.0             
1.0 	360.452 mA  	100.0             
1.1 	128.592 mA  	100.0             
1.2 	70.0449 mA  	100.0             
1.3 	41.5266 mA  	100.0             
1.4 	25.5361 mA  	100.0             
1.5 	16.3805 mA  	100.0             
1.6 	10.2161 mA  	100.0             
1.7 	6.68898 mA  	100.0             
1.8 	4.24038 mA  	100.0             
1.9 	2.78646 mA  	100.0             
1.10 	1.79339 mA  	100.0             
1.11 	1.17289 mA  	100.0             
1.12 	760.123 uA  	100.0             
1.13 	496.152 uA  	100.0             
1.14 	322.543 uA  	100.0             
1.15 	210.352 uA  	100.0             
1.16 	136.936 uA  	100.0             
1.17 	89.2705 uA  	100.0             
1.18 	58.1494 uA  	100.0             
1.19 	37.9017 uA  	100.0             
1.20 	24.6953 uA  	100.0             
1.21 	16.095 uA   	100.0             
1.22 	10.4881 uA  	100.0             
1.23 	6.83532 uA  	100.0             
1.24 	4.45439 uA  	100.0             
1.25 	2.90297 uA  	100.0	5.40643 uV   
An HB truncation error may be present.
o The HB truncation error is due to using a finite order 
  (number of harmonics) in the representation of the
  circuit signals.

Waveform                Trunc error             Tolerance
---------------------------------------------------------
X1._net415              9.725e-02       >       1.663e-05
X1.X2._net502           9.725e-02       >       1.663e-05
X1.X2.vg1               9.978e-03       >       3.790e-06
X1.X2._net642           9.833e-03       >       3.787e-06
X1.X2._net660           9.828e-03       >       3.787e-06

o Number of waveforms violating the HB truncation error check:
        8 out of 10 waveforms.
o Estimated max HB truncation error: 9.725e-02 @ waveform X1._net415 .
o The maximal HB truncation error estimate is greater than the 
  achieved tolerance of 1.663e-05 for this waveform.
o A time-domain plot of the N__25 waveform may show the error as 
  Gibbs ripples.
o To reduce the error, increase the order (number of harmonics) 
  and re-simulate.

HB Sweep1[1].HB1[10/57] <GF_lib:F:schematic>  RF=850e-03  pavs=28
    pavs=28           100.00% 1/1
0.0*	1.67999 A   	100.0             
1.0 	248.891 mA  	100.0             
1.1 	125.544 mA  	100.0             
1.2 	61.7199 mA  	100.0             
1.3 	32.3935 mA  	100.0             
1.4 	18.3196 mA  	100.0             
1.5 	9.26468 mA  	100.0             
1.6 	5.3695 mA   	100.0             
1.7 	2.70974 mA  	100.0             
1.8 	1.56871 mA  	100.0             
1.9 	807.887 uA  	100.0             
1.10 	459.982 uA  	100.0             
1.11 	241.805 uA  	100.0             
1.12 	135.38 uA   	100.0             
1.13 	72.1243 uA  	100.0             
1.14 	39.9517 uA  	100.0             
1.15 	21.4639 uA  	100.0             
1.16 	11.8108 uA  	100.0             
1.17 	6.37837 uA  	100.0             
1.18 	3.49548 uA  	100.0	60.4586 uV   
1.19 	1.89375 uA  	100.0	35.9817 uV   
1.20 	1.03523 uA  	100.0	23.6167 uV   
An HB truncation error may be present.
o The HB truncation error is due to using a finite order 
  (number of harmonics) in the representation of the
  circuit signals.

Waveform                Trunc error             Tolerance
---------------------------------------------------------
X1._net415              7.158e-02       >       1.643e-05
X1.X2._net502           7.158e-02       >       1.643e-05
X1.X2.vg1               8.396e-03       >       3.672e-06
X1.X2._net642           8.329e-03       >       3.671e-06
X1.X2._net660           8.325e-03       >       3.671e-06

o Number of waveforms violating the HB truncation error check:
        8 out of 10 waveforms.
o Estimated max HB truncation error: 7.158e-02 @ waveform X1._net415 .
o The maximal HB truncation error estimate is greater than the 
  achieved tolerance of 1.643e-05 for this waveform.
o A time-domain plot of the N__25 waveform may show the error as 
  Gibbs ripples.
o To reduce the error, increase the order (number of harmonics) 
  and re-simulate.

HB Sweep1[1].HB1[11/57] <GF_lib:F:schematic>  RF=900e-03  pavs=28
    pavs=28           100.00% 1/1
0.0*	1.64145 A   	100.0             
1.0 	149.089 mA  	100.0             
1.1 	66.4319 mA  	100.0             
1.2 	34.9384 mA  	100.0             
1.3 	18.7497 mA  	100.0             
1.4 	10.0094 mA  	100.0             
1.5 	5.33771 mA  	100.0             
1.6 	2.83982 mA  	100.0             
1.7 	1.50343 mA  	100.0             
1.8 	803.664 uA  	100.0             
1.9 	422.636 uA  	100.0             
1.10 	228.409 uA  	100.0             
1.11 	119.436 uA  	100.0             
1.12 	65.2815 uA  	100.0             
1.13 	33.9824 uA  	100.0             
1.14 	18.7525 uA  	100.0             
1.15 	9.73182 uA  	100.0             
1.16 	5.40831 uA  	100.0             
1.17 	2.82488 uA  	100.0	29.0307 uV   
An HB truncation error may be present.
o The HB truncation error is due to using a finite order 
  (number of harmonics) in the representation of the
  circuit signals.

Waveform                Trunc error             Tolerance
---------------------------------------------------------
X1._net415              5.862e-02       >       1.617e-05
X1.X2._net502           5.862e-02       >       1.617e-05
X1.X2.vg1               7.866e-03       >       3.567e-06
X1.X2._net642           7.584e-03       >       3.567e-06
X1.X2._net660           7.582e-03       >       3.567e-06

o Number of waveforms violating the HB truncation error check:
        8 out of 10 waveforms.
o Estimated max HB truncation error: 5.862e-02 @ waveform X1._net415 .
o The maximal HB truncation error estimate is greater than the 
  achieved tolerance of 1.617e-05 for this waveform.
o A time-domain plot of the N__25 waveform may show the error as 
  Gibbs ripples.
o To reduce the error, increase the order (number of harmonics) 
  and re-simulate.

HB Sweep1[1].HB1[12/57] <GF_lib:F:schematic>  RF=950e-03  pavs=28
    pavs=28           100.00% 1/1
0.0*	1.46002 A   	100.0             
1.0 	175.828 mA  	100.0             
1.1 	113.363 mA  	100.0             
1.2 	48.2239 mA  	100.0             
1.3 	30.1309 mA  	100.0             
1.4 	13.5337 mA  	100.0             
1.5 	8.23516 mA  	100.0             
1.6 	3.92792 mA  	100.0             
1.7 	2.29304 mA  	100.0             
1.8 	1.13812 mA  	100.0             
1.9 	651.89 uA   	100.0             
1.10 	329.489 uA  	100.0             
1.11 	186.026 uA  	100.0             
1.12 	95.3477 uA  	100.0             
1.13 	53.2354 uA  	100.0             
1.14 	27.5851 uA  	100.0             
1.15 	15.2681 uA  	100.0             
1.16 	7.97937 uA  	100.0             
1.17 	4.38653 uA  	100.0             
1.18 	2.30787 uA  	100.0	47.3728 uV   
1.19 	1.26197 uA  	100.0	28.1947 uV   
An HB truncation error may be present.
o The HB truncation error is due to using a finite order 
  (number of harmonics) in the representation of the
  circuit signals.

Waveform                Trunc error             Tolerance
---------------------------------------------------------
X1._net415              4.733e-02       >       1.581e-05
X1.X2._net502           4.733e-02       >       1.581e-05
X1.X2.vg1               8.355e-03       >       3.468e-06
X1.X2._net642           7.809e-03       >       3.468e-06
X1.X2._net660           7.808e-03       >       3.468e-06

o Number of waveforms violating the HB truncation error check:
        8 out of 10 waveforms.
o Estimated max HB truncation error: 4.733e-02 @ waveform X1._net415 .
o The maximal HB truncation error estimate is greater than the 
  achieved tolerance of 1.581e-05 for this waveform.
o A time-domain plot of the N__25 waveform may show the error as 
  Gibbs ripples.
o To reduce the error, increase the order (number of harmonics) 
  and re-simulate.

HB Sweep1[1].HB1[13/57] <GF_lib:F:schematic>  RF=1  pavs=28
    pavs=28           100.00% 1/1
0.0*	1.41925 A   	100.0             
1.0 	98.0926 mA  	100.0             
1.1 	18.4852 mA  	100.0             
1.2 	3.96615 mA  	100.0             
1.3 	1.07757 mA  	100.0             
1.4 	264.189 uA  	100.0             
1.5 	71.0404 uA  	100.0             
1.6 	18.0329 uA  	100.0             
1.7 	4.79811 uA  	100.0             
1.8 	1.24026 uA  	100.0	3.51561 uV   
An HB truncation error may be present.
o The HB truncation error is due to using a finite order 
  (number of harmonics) in the representation of the
  circuit signals.

Waveform                Trunc error             Tolerance
---------------------------------------------------------
X1._net415              3.871e-02       >       1.547e-05
X1.X2._net502           3.871e-02       >       1.547e-05
X1.X2.vg1               6.690e-03       >       3.369e-06
X1.X2._net642           6.033e-03       >       3.372e-06
X1.X2._net660           6.031e-03       >       3.372e-06

o Number of waveforms violating the HB truncation error check:
        8 out of 10 waveforms.
o Estimated max HB truncation error: 3.871e-02 @ waveform X1._net415 .
o The maximal HB truncation error estimate is greater than the 
  achieved tolerance of 1.547e-05 for this waveform.
o A time-domain plot of the N__25 waveform may show the error as 
  Gibbs ripples.
o To reduce the error, increase the order (number of harmonics) 
  and re-simulate.

HB Sweep1[1].HB1[14/57] <GF_lib:F:schematic>  RF=1.05  pavs=28
    pavs=28           100.00% 1/1
0.0*	1.46033 A   	100.0             
1.0 	38.9351 mA  	100.0             
1.1 	6.94433 mA  	100.0             
1.2 	1.95016 mA  	100.0             
1.3 	522.92 uA   	100.0             
1.4 	156.593 uA  	100.0             
1.5 	44.8084 uA  	100.0             
1.6 	13.2224 uA  	100.0             
1.7 	3.84084 uA  	100.0             
1.8 	1.12632 uA  	100.0	4.04255 uV   
An HB truncation error may be present.
o The HB truncation error is due to using a finite order 
  (number of harmonics) in the representation of the
  circuit signals.

Waveform                Trunc error             Tolerance
---------------------------------------------------------
X1._net415              4.657e-02       >       1.515e-05
X1.X2._net502           4.657e-02       >       1.515e-05
X1.X2.vg1               5.466e-03       >       3.283e-06
X1.X2._net642           4.625e-03       >       3.288e-06
X1.X2._net660           4.625e-03       >       3.288e-06

o Number of waveforms violating the HB truncation error check:
        8 out of 10 waveforms.
o Estimated max HB truncation error: 4.657e-02 @ waveform X1._net415 .
o The maximal HB truncation error estimate is greater than the 
  achieved tolerance of 1.515e-05 for this waveform.
o A time-domain plot of the N__25 waveform may show the error as 
  Gibbs ripples.
o To reduce the error, increase the order (number of harmonics) 
  and re-simulate.

HB Sweep1[1].HB1[15/57] <GF_lib:F:schematic>  RF=1.1  pavs=28
    pavs=28           100.00% 1/1
0.0*	1.82112 A   	100.0             
1.0 	74.809 mA   	100.0             
1.1 	40.2603 mA  	100.0             
1.2 	20.7611 mA  	100.0             
1.3 	11.6403 mA  	100.0             
1.4 	6.31612 mA  	100.0             
1.5 	3.49246 mA  	100.0             
1.6 	1.91416 mA  	100.0             
1.7 	1.05434 mA  	100.0             
1.8 	579.201 uA  	100.0             
1.9 	318.653 uA  	100.0             
1.10 	175.169 uA  	100.0             
1.11 	96.3363 uA  	100.0             
1.12 	52.9683 uA  	100.0             
1.13 	29.1273 uA  	100.0             
1.14 	16.016 uA   	100.0             
1.15 	8.80689 uA  	100.0             
1.16 	4.84266 uA  	100.0             
1.17 	2.66286 uA  	100.0	69.1843 uV   
1.18 	1.46425 uA  	100.0	38.0428 uV   
1.19 	805.156 nA  	100.0	28.1381 uV   
An HB truncation error may be present.
o The HB truncation error is due to using a finite order 
  (number of harmonics) in the representation of the
  circuit signals.

Waveform                Trunc error             Tolerance
---------------------------------------------------------
X1._net415              5.860e-02       >       1.481e-05
X1.X2._net502           5.860e-02       >       1.481e-05
X1.X2.vg1               5.135e-03       >       3.214e-06
X1.X2._net660           4.035e-03       >       3.219e-06
X1.X2._net628           4.035e-03       >       3.219e-06

o Number of waveforms violating the HB truncation error check:
        8 out of 10 waveforms.
o Estimated max HB truncation error: 5.860e-02 @ waveform X1._net415 .
o The maximal HB truncation error estimate is greater than the 
  achieved tolerance of 1.481e-05 for this waveform.
o A time-domain plot of the N__25 waveform may show the error as 
  Gibbs ripples.
o To reduce the error, increase the order (number of harmonics) 
  and re-simulate.

HB Sweep1[1].HB1[16/57] <GF_lib:F:schematic>  RF=1.15  pavs=28
    pavs=28           100.00% 1/1
0.0*	2.09855 A   	100.0             
1.0 	80.5886 mA  	100.0             
1.1 	28.2683 mA  	100.0             
1.2 	9.61679 mA  	100.0             
1.3 	3.90277 mA  	100.0             
1.4 	1.26711 mA  	100.0             
1.5 	489.404 uA  	100.0             
1.6 	161.772 uA  	100.0             
1.7 	61.0994 uA  	100.0             
1.8 	20.7043 uA  	100.0             
1.9 	7.67059 uA  	100.0             
1.10 	2.66288 uA  	100.0	33.3016 uV   
An HB truncation error may be present.
o The HB truncation error is due to using a finite order 
  (number of harmonics) in the representation of the
  circuit signals.

Waveform                Trunc error             Tolerance
---------------------------------------------------------
X1._net415              5.177e-02       >       1.461e-05
X1.X2._net502           5.177e-02       >       1.461e-05
X1.X2.vg1               4.020e-03       >       3.161e-06
X1.X2._net642           3.328e-03       >       3.166e-06
X1.X2._net660           3.328e-03       >       3.166e-06

o Number of waveforms violating the HB truncation error check:
        8 out of 10 waveforms.
o Estimated max HB truncation error: 5.177e-02 @ waveform X1._net415 .
o The maximal HB truncation error estimate is greater than the 
  achieved tolerance of 1.461e-05 for this waveform.
o A time-domain plot of the N__25 waveform may show the error as 
  Gibbs ripples.
o To reduce the error, increase the order (number of harmonics) 
  and re-simulate.

HB Sweep1[1].HB1[17/57] <GF_lib:F:schematic>  RF=1.2  pavs=28
    pavs=28           100.00% 1/1
0.0*	2.1268 A    	100.0             
1.0 	46.5754 mA  	100.0             
1.1 	9.36419 mA  	100.0             
1.2 	3.17806 mA  	100.0             
1.3 	642.808 uA  	100.0             
1.4 	249.656 uA  	100.0             
1.5 	53.7952 uA  	100.0             
1.6 	20.4188 uA  	100.0             
1.7 	5.00593 uA  	100.0             
1.8 	1.72966 uA  	100.0	4.19614 uV   
An HB truncation error may be present.
o The HB truncation error is due to using a finite order 
  (number of harmonics) in the representation of the
  circuit signals.

Waveform                Trunc error             Tolerance
---------------------------------------------------------
X1._net415              3.145e-02       >       1.461e-05
X1.X2._net502           3.145e-02       >       1.461e-05
X1.X2.vg1               3.666e-03       >       3.116e-06
X1.X2._net642           3.629e-03       >       3.122e-06
X1.X2._net660           3.629e-03       >       3.122e-06

o Number of waveforms violating the HB truncation error check:
        8 out of 10 waveforms.
o Estimated max HB truncation error: 3.145e-02 @ waveform X1._net415 .
o The maximal HB truncation error estimate is greater than the 
  achieved tolerance of 1.461e-05 for this waveform.
o A time-domain plot of the N__25 waveform may show the error as 
  Gibbs ripples.
o To reduce the error, increase the order (number of harmonics) 
  and re-simulate.

HB Sweep1[1].HB1[18/57] <GF_lib:F:schematic>  RF=1.25  pavs=28
    pavs=28           100.00% 1/1
0.0*	1.66148 A   	100.0             
1.0 	62.1248 mA  	100.0             
1.1 	16.071 mA   	100.0             
1.2 	6.50175 mA  	100.0             
1.3 	2.42874 mA  	100.0             
1.4 	947.519 uA  	100.0             
1.5 	366.865 uA  	100.0             
1.6 	142.795 uA  	100.0             
1.7 	55.5154 uA  	100.0             
1.8 	21.6022 uA  	100.0             
1.9 	8.40395 uA  	100.0             
1.10 	3.26992 uA  	100.0	12.9631 uV   
An HB truncation error may be present.
o The HB truncation error is due to using a finite order 
  (number of harmonics) in the representation of the
  circuit signals.

Waveform                Trunc error             Tolerance
---------------------------------------------------------
X1._net415              2.520e-02       >       1.465e-05
X1.X2._net502           2.520e-02       >       1.465e-05
X1.X2._net642           3.626e-03       >       3.082e-06
X1.X2._net660           3.625e-03       >       3.082e-06
X1.X2._net628           3.625e-03       >       3.082e-06

o Number of waveforms violating the HB truncation error check:
        8 out of 10 waveforms.
o Estimated max HB truncation error: 2.520e-02 @ waveform X1._net415 .
o The maximal HB truncation error estimate is greater than the 
  achieved tolerance of 1.465e-05 for this waveform.
o A time-domain plot of the N__25 waveform may show the error as 
  Gibbs ripples.
o To reduce the error, increase the order (number of harmonics) 
  and re-simulate.

HB Sweep1[1].HB1[19/57] <GF_lib:F:schematic>  RF=1.3  pavs=28
    pavs=28           100.00% 1/1
0.0*	1.48927 A   	100.0             
1.0 	40.4943 mA  	100.0             
1.1 	11.1365 mA  	100.0             
1.2 	3.40278 mA  	100.0             
1.3 	1.04489 mA  	100.0             
1.4 	318.636 uA  	100.0             
1.5 	97.0941 uA  	100.0             
1.6 	29.5516 uA  	100.0             
1.7 	8.99305 uA  	100.0             
1.8 	2.73624 uA  	100.0	13.9872 uV   
An HB truncation error may be present.
o The HB truncation error is due to using a finite order 
  (number of harmonics) in the representation of the
  circuit signals.

Waveform                Trunc error             Tolerance
---------------------------------------------------------
X1._net415              2.399e-02       >       1.467e-05
X1.X2._net502           2.399e-02       >       1.467e-05
X1.X2.vg1               3.724e-03       >       3.041e-06
X1.X2._net642           3.679e-03       >       3.049e-06
X1.X2._net660           3.678e-03       >       3.049e-06

o Number of waveforms violating the HB truncation error check:
        8 out of 10 waveforms.
o Estimated max HB truncation error: 2.399e-02 @ waveform X1._net415 .
o The maximal HB truncation error estimate is greater than the 
  achieved tolerance of 1.467e-05 for this waveform.
o A time-domain plot of the N__25 waveform may show the error as 
  Gibbs ripples.
o To reduce the error, increase the order (number of harmonics) 
  and re-simulate.

HB Sweep1[1].HB1[20/57] <GF_lib:F:schematic>  RF=1.35  pavs=28
    pavs=28           100.00% 1/1
0.0*	1.28103 A   	100.0             
1.0 	36.743 mA   	100.0             
1.1 	10.581 mA   	100.0             
1.2 	2.90444 mA  	100.0             
1.3 	840.287 uA  	100.0             
1.4 	241.164 uA  	100.0             
1.5 	71.9016 uA  	100.0             
1.6 	21.2248 uA  	100.0             
1.7 	6.32681 uA  	100.0             
1.8 	1.8891 uA   	100.0	30.6776 uV   
An HB truncation error may be present.
o The HB truncation error is due to using a finite order 
  (number of harmonics) in the representation of the
  circuit signals.

Waveform                Trunc error             Tolerance
---------------------------------------------------------
X1._net415              1.794e-02       >       1.473e-05
X1.X2._net502           1.794e-02       >       1.473e-05
X1.X2.vg1               4.047e-03       >       3.016e-06
X1.X2._net660           3.852e-03       >       3.026e-06
X1.X2._net628           3.852e-03       >       3.026e-06

o Number of waveforms violating the HB truncation error check:
        8 out of 10 waveforms.
o Estimated max HB truncation error: 1.794e-02 @ waveform X1._net415 .
o The maximal HB truncation error estimate is greater than the 
  achieved tolerance of 1.473e-05 for this waveform.
o A time-domain plot of the N__25 waveform may show the error as 
  Gibbs ripples.
o To reduce the error, increase the order (number of harmonics) 
  and re-simulate.

HB Sweep1[1].HB1[21/57] <GF_lib:F:schematic>  RF=1.4  pavs=28
    pavs=28           100.00% 1/1
0.0*	1.1255 A    	100.0             
1.0 	43.901 mA   	100.0             
1.1 	13.3561 mA  	100.0             
1.2 	3.34534 mA  	100.0             
1.3 	984.439 uA  	100.0             
1.4 	254.184 uA  	100.0             
1.5 	72.3563 uA  	100.0             
1.6 	19.434 uA   	100.0             
1.7 	5.47791 uA  	100.0             
1.8 	1.50294 uA  	100.0	28.5931 uV   
An HB truncation error may be present.
o The HB truncation error is due to using a finite order 
  (number of harmonics) in the representation of the
  circuit signals.

Waveform                Trunc error             Tolerance
---------------------------------------------------------
X1._net415              1.218e-02       >       1.483e-05
X1.X2._net502           1.218e-02       >       1.483e-05
X1.X2.vg1               4.297e-03       >       2.998e-06
X1.X2._net660           3.797e-03       >       3.010e-06
X1.X2._net628           3.797e-03       >       3.010e-06

o Number of waveforms violating the HB truncation error check:
        8 out of 10 waveforms.
o Estimated max HB truncation error: 1.218e-02 @ waveform X1._net415 .
o The maximal HB truncation error estimate is greater than the 
  achieved tolerance of 1.483e-05 for this waveform.
o A time-domain plot of the N__25 waveform may show the error as 
  Gibbs ripples.
o To reduce the error, increase the order (number of harmonics) 
  and re-simulate.

HB Sweep1[1].HB1[22/57] <GF_lib:F:schematic>  RF=1.45  pavs=28
    pavs=28           100.00% 1/1
0.0*	1.14449 A   	100.0             
1.0 	34.009 mA   	100.0             
1.1 	7.09023 mA  	100.0             
1.2 	1.9259 mA   	100.0             
1.3 	531.115 uA  	100.0             
1.4 	151.218 uA  	100.0             
1.5 	43.7463 uA  	100.0             
1.6 	12.7857 uA  	100.0             
1.7 	3.75354 uA  	100.0	24.0244 uV   
An HB truncation error may be present.
o The HB truncation error is due to using a finite order 
  (number of harmonics) in the representation of the
  circuit signals.

Waveform                Trunc error             Tolerance
---------------------------------------------------------
X1._net415              2.285e-02       >       1.498e-05
X1.X2._net502           2.285e-02       >       1.498e-05
X1.X2.vg1               4.588e-03       >       2.985e-06
X1.X2._net660           3.744e-03       >       2.998e-06
X1.X2._net628           3.744e-03       >       2.998e-06

o Number of waveforms violating the HB truncation error check:
        8 out of 10 waveforms.
o Estimated max HB truncation error: 2.285e-02 @ waveform X1._net415 .
o The maximal HB truncation error estimate is greater than the 
  achieved tolerance of 1.498e-05 for this waveform.
o A time-domain plot of the N__25 waveform may show the error as 
  Gibbs ripples.
o To reduce the error, increase the order (number of harmonics) 
  and re-simulate.

HB Sweep1[1].HB1[23/57] <GF_lib:F:schematic>  RF=1.5  pavs=28
    pavs=28           100.00% 1/1
0.0*	1.08084 A   	100.0             
1.0 	30.6683 mA  	100.0             
1.1 	7.25327 mA  	100.0             
1.2 	2.11559 mA  	100.0             
1.3 	615.25 uA   	100.0             
1.4 	186.921 uA  	100.0             
1.5 	56.1308 uA  	100.0             
1.6 	16.9282 uA  	100.0             
1.7 	5.06373 uA  	100.0             
1.8 	1.51813 uA  	100.0	16.5378 uV   
An HB truncation error may be present.
o The HB truncation error is due to using a finite order 
  (number of harmonics) in the representation of the
  circuit signals.

Waveform                Trunc error             Tolerance
---------------------------------------------------------
X1._net415              3.930e-02       >       1.513e-05
X1.X2._net502           3.930e-02       >       1.513e-05
X1.X2.vg1               4.569e-03       >       2.976e-06
X1.X2._net660           3.377e-03       >       2.992e-06
X1.X2._net628           3.377e-03       >       2.992e-06

o Number of waveforms violating the HB truncation error check:
        8 out of 10 waveforms.
o Estimated max HB truncation error: 3.930e-02 @ waveform X1._net415 .
o The maximal HB truncation error estimate is greater than the 
  achieved tolerance of 1.513e-05 for this waveform.
o A time-domain plot of the N__25 waveform may show the error as 
  Gibbs ripples.
o To reduce the error, increase the order (number of harmonics) 
  and re-simulate.

HB Sweep1[1].HB1[24/57] <GF_lib:F:schematic>  RF=1.55  pavs=28
    pavs=28           100.00% 1/1
0.0*	1.14023 A   	100.0             
1.0 	31.8713 mA  	100.0             
1.1 	7.87777 mA  	100.0             
1.2 	2.29129 mA  	100.0             
1.3 	659.181 uA  	100.0             
1.4 	198.651 uA  	100.0             
1.5 	58.5681 uA  	100.0             
1.6 	17.7156 uA  	100.0             
1.7 	5.28827 uA  	100.0             
1.8 	1.5933 uA   	100.0	14.2457 uV   
An HB truncation error may be present.
o The HB truncation error is due to using a finite order 
  (number of harmonics) in the representation of the
  circuit signals.

Waveform                Trunc error             Tolerance
---------------------------------------------------------
X1._net415              4.722e-02       >       1.528e-05
X1.X2._net502           4.722e-02       >       1.528e-05
X1.X2.vg1               4.185e-03       >       2.976e-06
X1.X2._net642           3.229e-03       >       2.992e-06
X1.X2._net660           3.229e-03       >       2.992e-06

o Number of waveforms violating the HB truncation error check:
        8 out of 10 waveforms.
o Estimated max HB truncation error: 4.722e-02 @ waveform X1._net415 .
o The maximal HB truncation error estimate is greater than the 
  achieved tolerance of 1.528e-05 for this waveform.
o A time-domain plot of the N__25 waveform may show the error as 
  Gibbs ripples.
o To reduce the error, increase the order (number of harmonics) 
  and re-simulate.

HB Sweep1[1].HB1[25/57] <GF_lib:F:schematic>  RF=1.6  pavs=28
    pavs=28           100.00% 1/1
0.0*	1.24599 A   	100.0             
1.0 	58.2306 mA  	100.0             
1.1 	15.266 mA   	100.0             
1.2 	5.82925 mA  	100.0             
1.3 	1.60927 mA  	100.0             
1.4 	523.061 uA  	100.0             
1.5 	150.317 uA  	100.0             
1.6 	45.1534 uA  	100.0             
1.7 	12.6467 uA  	100.0             
1.8 	3.41578 uA  	100.0	49.2151 uV   
1.9 	1.01303 uA  	100.0	16.6739 uV   
An HB truncation error may be present.
o The HB truncation error is due to using a finite order 
  (number of harmonics) in the representation of the
  circuit signals.

Waveform                Trunc error             Tolerance
---------------------------------------------------------
X1._net415              4.233e-02       >       1.549e-05
X1.X2._net502           4.233e-02       >       1.549e-05
X1.X2.vg1               4.076e-03       >       2.984e-06
X1.X2._net660           3.419e-03       >       2.999e-06
X1.X2._net628           3.419e-03       >       2.999e-06

o Number of waveforms violating the HB truncation error check:
        8 out of 10 waveforms.
o Estimated max HB truncation error: 4.233e-02 @ waveform X1._net415 .
o The maximal HB truncation error estimate is greater than the 
  achieved tolerance of 1.549e-05 for this waveform.
o A time-domain plot of the N__25 waveform may show the error as 
  Gibbs ripples.
o To reduce the error, increase the order (number of harmonics) 
  and re-simulate.

HB Sweep1[1].HB1[26/57] <GF_lib:F:schematic>  RF=1.65  pavs=28
    pavs=28           100.00% 1/1
0.0*	1.17703 A   	100.0             
1.0 	68.3385 mA  	100.0             
1.1 	17.939 mA   	100.0             
1.2 	6.85018 mA  	100.0             
1.3 	1.88342 mA  	100.0             
1.4 	692.3 uA    	100.0             
1.5 	202.126 uA  	100.0             
1.6 	71.0103 uA  	100.0             
1.7 	21.5321 uA  	100.0             
1.8 	7.3724 uA   	100.0             
1.9 	2.2866 uA   	100.0	30.3882 uV   
An HB truncation error may be present.
o The HB truncation error is due to using a finite order 
  (number of harmonics) in the representation of the
  circuit signals.

Waveform                Trunc error             Tolerance
---------------------------------------------------------
X1._net415              2.796e-02       >       1.599e-05
X1.X2._net502           2.796e-02       >       1.599e-05
X1.X2.vg1               3.880e-03       >       2.992e-06
X1.X2._net660           3.402e-03       >       3.008e-06
X1.X2._net628           3.402e-03       >       3.008e-06

o Number of waveforms violating the HB truncation error check:
        8 out of 10 waveforms.
o Estimated max HB truncation error: 2.796e-02 @ waveform X1._net415 .
o The maximal HB truncation error estimate is greater than the 
  achieved tolerance of 1.599e-05 for this waveform.
o A time-domain plot of the N__25 waveform may show the error as 
  Gibbs ripples.
o To reduce the error, increase the order (number of harmonics) 
  and re-simulate.

HB Sweep1[1].HB1[27/57] <GF_lib:F:schematic>  RF=1.7  pavs=28
    pavs=28           100.00% 1/1
0.0*	1.20034 A   	100.0             
1.0 	48.73 mA    	100.0             
1.1 	20.9343 mA  	100.0             
1.2 	7.68409 mA  	100.0             
1.3 	3.09498 mA  	100.0             
1.4 	1.20466 mA  	100.0             
1.5 	476.19 uA   	100.0             
1.6 	187.094 uA  	100.0             
1.7 	73.7017 uA  	100.0             
1.8 	29.0023 uA  	100.0             
1.9 	11.4179 uA  	100.0             
1.10 	4.49425 uA  	100.0             
1.11 	1.76914 uA  	100.0	22.8731 uV   
An HB truncation error may be present.
o The HB truncation error is due to using a finite order 
  (number of harmonics) in the representation of the
  circuit signals.

Waveform                Trunc error             Tolerance
---------------------------------------------------------
X1._net415              2.036e-02       >       1.677e-05
X1.X2._net502           2.036e-02       >       1.677e-05
X1.X2.vg1               3.221e-03       >       2.996e-06
X1.X2._net660           2.538e-03       >       3.013e-06
X1.X2._net628           2.538e-03       >       3.013e-06

o Number of waveforms violating the HB truncation error check:
        8 out of 10 waveforms.
o Estimated max HB truncation error: 2.036e-02 @ waveform X1._net415 .
o The maximal HB truncation error estimate is greater than the 
  achieved tolerance of 1.677e-05 for this waveform.
o A time-domain plot of the N__25 waveform may show the error as 
  Gibbs ripples.
o To reduce the error, increase the order (number of harmonics) 
  and re-simulate.

HB Sweep1[1].HB1[28/57] <GF_lib:F:schematic>  RF=1.75  pavs=28
    pavs=28           100.00% 1/1
0.0*	1.30797 A   	100.0             
1.0 	45.3927 mA  	100.0             
1.1 	18.3025 mA  	100.0             
1.2 	6.29647 mA  	100.0             
1.3 	2.28311 mA  	100.0             
1.4 	812.431 uA  	100.0             
1.5 	290.818 uA  	100.0             
1.6 	103.88 uA   	100.0             
1.7 	37.1335 uA  	100.0             
1.8 	13.2704 uA  	100.0             
1.9 	4.74287 uA  	100.0             
1.10 	1.69508 uA  	100.0	15.6169 uV   
An HB truncation error may be present.
o The HB truncation error is due to using a finite order 
  (number of harmonics) in the representation of the
  circuit signals.

Waveform                Trunc error             Tolerance
---------------------------------------------------------
X1._net415              1.079e-02       >       1.732e-05
X1.X2._net502           1.079e-02       >       1.732e-05
X1.X2.vg1               3.071e-03       >       2.993e-06
X1.X2._net615           2.125e-03       >       1.130e-06
X1.X2.vd1g              2.108e-03       >       1.121e-06

o Number of waveforms violating the HB truncation error check:
        8 out of 10 waveforms.
o Estimated max HB truncation error: 1.079e-02 @ waveform X1._net415 .
o The maximal HB truncation error estimate is greater than the 
  achieved tolerance of 1.732e-05 for this waveform.
o A time-domain plot of the N__25 waveform may show the error as 
  Gibbs ripples.
o To reduce the error, increase the order (number of harmonics) 
  and re-simulate.

HB Sweep1[1].HB1[29/57] <GF_lib:F:schematic>  RF=1.8  pavs=28
    pavs=28           100.00% 1/1
0.0*	1.15775 A   	100.0             
1.0 	46.1021 mA  	100.0             
1.1 	22.138 mA   	100.0             
1.2 	8.94177 mA  	100.0             
1.3 	3.58294 mA  	100.0             
1.4 	1.36808 mA  	100.0             
1.5 	525.238 uA  	100.0             
1.6 	200.228 uA  	100.0             
1.7 	76.3961 uA  	100.0             
1.8 	29.1182 uA  	100.0             
1.9 	11.0996 uA  	100.0             
1.10 	4.23037 uA  	100.0             
1.11 	1.61235 uA  	100.0	46.6802 uV   
1.12 	614.496 nA  	100.0	18.5735 uV   
An HB truncation error may be present.
o The HB truncation error is due to using a finite order 
  (number of harmonics) in the representation of the
  circuit signals.

Waveform                Trunc error             Tolerance
---------------------------------------------------------
X1._net415              3.152e-02       >       1.752e-05
X1.X2._net502           3.152e-02       >       1.752e-05
X1.X2.vg1               3.974e-03       >       2.992e-06
X1.X2._net615           2.950e-03       >       1.129e-06
X1.X2.vd1g              2.928e-03       >       1.120e-06

o Number of waveforms violating the HB truncation error check:
        8 out of 10 waveforms.
o Estimated max HB truncation error: 3.152e-02 @ waveform X1._net415 .
o The maximal HB truncation error estimate is greater than the 
  achieved tolerance of 1.752e-05 for this waveform.
o A time-domain plot of the N__25 waveform may show the error as 
  Gibbs ripples.
o To reduce the error, increase the order (number of harmonics) 
  and re-simulate.

HB Sweep1[1].HB1[30/57] <GF_lib:F:schematic>  RF=1.85  pavs=28
    pavs=28           100.00% 1/1
0.0*	1.1191 A    	100.0             
1.0 	33.235 mA   	100.0             
1.1 	10.6438 mA  	100.0             
1.2 	4.57757 mA  	100.0             
1.3 	1.05357 mA  	100.0             
1.4 	470.877 uA  	100.0             
1.5 	100.46 uA   	100.0             
1.6 	47.1858 uA  	100.0             
1.7 	9.5613 uA   	100.0             
1.8 	4.74737 uA  	100.0             
1.9 	917.655 nA  	100.0	27.4539 uV   
An HB truncation error may be present.
o The HB truncation error is due to using a finite order 
  (number of harmonics) in the representation of the
  circuit signals.

Waveform                Trunc error             Tolerance
---------------------------------------------------------
X1._net415              3.030e-02       >       1.749e-05
X1.X2._net502           3.030e-02       >       1.749e-05
X1.X2.vg1               3.302e-03       >       2.990e-06
X1.X2._net642           2.636e-03       >       3.018e-06
X1.X2._net660           2.634e-03       >       3.018e-06

o Number of waveforms violating the HB truncation error check:
        8 out of 10 waveforms.
o Estimated max HB truncation error: 3.030e-02 @ waveform X1._net415 .
o The maximal HB truncation error estimate is greater than the 
  achieved tolerance of 1.749e-05 for this waveform.
o A time-domain plot of the N__25 waveform may show the error as 
  Gibbs ripples.
o To reduce the error, increase the order (number of harmonics) 
  and re-simulate.

HB Sweep1[1].HB1[31/57] <GF_lib:F:schematic>  RF=1.9  pavs=28
    pavs=28           100.00% 1/1
0.0*	985.177 mA  	100.0             
1.0 	29.4219 mA  	100.0             
1.1 	4.75418 mA  	100.0             
1.2 	1.0287 mA   	100.0             
1.3 	217.563 uA  	100.0             
1.4 	49.5014 uA  	100.0             
1.5 	11.0162 uA  	100.0             
1.6 	2.49226 uA  	100.0	9.06653 uV   
An HB truncation error may be present.
o The HB truncation error is due to using a finite order 
  (number of harmonics) in the representation of the
  circuit signals.

Waveform                Trunc error             Tolerance
---------------------------------------------------------
X1._net415              2.926e-02       >       1.741e-05
X1.X2._net502           2.926e-02       >       1.741e-05
X1.X2._net642           2.447e-03       >       3.016e-06
X1.X2._net660           2.446e-03       >       3.016e-06
X1.X2._net628           2.446e-03       >       3.016e-06

o Number of waveforms violating the HB truncation error check:
        8 out of 10 waveforms.
o Estimated max HB truncation error: 2.926e-02 @ waveform X1._net415 .
o The maximal HB truncation error estimate is greater than the 
  achieved tolerance of 1.741e-05 for this waveform.
o A time-domain plot of the N__25 waveform may show the error as 
  Gibbs ripples.
o To reduce the error, increase the order (number of harmonics) 
  and re-simulate.

HB Sweep1[1].HB1[32/57] <GF_lib:F:schematic>  RF=1.95  pavs=28
    pavs=28           100.00% 1/1
0.0*	950.922 mA  	100.0             
1.0 	49.7103 mA  	100.0             
1.1 	15.4761 mA  	100.0             
1.2 	5.80976 mA  	100.0             
1.3 	2.16711 mA  	100.0             
1.4 	817.202 uA  	100.0             
1.5 	306.595 uA  	100.0             
1.6 	115.441 uA  	100.0             
1.7 	43.3925 uA  	100.0             
1.8 	16.3273 uA  	100.0             
1.9 	6.14069 uA  	100.0             
1.10 	2.31015 uA  	100.0	16.8109 uV   
An HB truncation error may be present.
o The HB truncation error is due to using a finite order 
  (number of harmonics) in the representation of the
  circuit signals.

Waveform                Trunc error             Tolerance
---------------------------------------------------------
X1._net415              3.630e-02       >       1.731e-05
X1.X2._net502           3.630e-02       >       1.731e-05
X1.X2._net642           2.080e-03       >       3.007e-06
X1.X2._net660           2.080e-03       >       3.007e-06
X1.X2._net628           2.080e-03       >       3.007e-06

o Number of waveforms violating the HB truncation error check:
        8 out of 10 waveforms.
o Estimated max HB truncation error: 3.630e-02 @ waveform X1._net415 .
o The maximal HB truncation error estimate is greater than the 
  achieved tolerance of 1.731e-05 for this waveform.
o A time-domain plot of the N__25 waveform may show the error as 
  Gibbs ripples.
o To reduce the error, increase the order (number of harmonics) 
  and re-simulate.

HB Sweep1[1].HB1[33/57] <GF_lib:F:schematic>  RF=2  pavs=28
    pavs=28           100.00% 1/1
0.0*	977.629 mA  	100.0             
1.0 	91.3311 mA  	100.0             
1.1 	48.0429 mA  	100.0             
1.2 	25.7019 mA  	100.0             
1.3 	14.577 mA   	100.0             
1.4 	7.98448 mA  	100.0             
1.5 	4.46677 mA  	100.0             
1.6 	2.4691 mA   	100.0             
1.7 	1.37399 mA  	100.0             
1.8 	761.72 uA   	100.0             
1.9 	423.161 uA  	100.0             
1.10 	234.807 uA  	100.0             
1.11 	130.375 uA  	100.0             
1.12 	72.3636 uA  	100.0             
1.13 	40.1729 uA  	100.0             
1.14 	22.2996 uA  	100.0             
1.15 	12.3791 uA  	100.0             
1.16 	6.87171 uA  	100.0             
1.17 	3.81462 uA  	100.0             
1.18 	2.11751 uA  	100.0	19.7044 uV   
An HB truncation error may be present.
o The HB truncation error is due to using a finite order 
  (number of harmonics) in the representation of the
  circuit signals.

Waveform                Trunc error             Tolerance
---------------------------------------------------------
X1._net415              4.859e-02       >       1.725e-05
X1.X2._net502           4.859e-02       >       1.725e-05
X1.X2.vg1               2.195e-03       >       2.968e-06
X1.X2._net660           2.039e-03       >       2.989e-06
X1.X2._net628           2.039e-03       >       2.989e-06

o Number of waveforms violating the HB truncation error check:
        8 out of 10 waveforms.
o Estimated max HB truncation error: 4.859e-02 @ waveform X1._net415 .
o The maximal HB truncation error estimate is greater than the 
  achieved tolerance of 1.725e-05 for this waveform.
o A time-domain plot of the N__25 waveform may show the error as 
  Gibbs ripples.
o To reduce the error, increase the order (number of harmonics) 
  and re-simulate.

HB Sweep1[1].HB1[34/57] <GF_lib:F:schematic>  RF=2.05  pavs=28
    pavs=28           100.00% 1/1
0.0*	1.26449 A   	100.0             
1.0 	43.8075 mA  	100.0             
1.1 	11.6928 mA  	100.0             
1.2 	3.60997 mA  	100.0             
1.3 	1.02985 mA  	100.0             
1.4 	304.938 uA  	100.0             
1.5 	90.8564 uA  	100.0             
1.6 	27.2912 uA  	100.0             
1.7 	8.1957 uA   	100.0             
1.8 	2.45767 uA  	100.0	27.5161 uV   
1.9 	736.774 nA  	100.0	8.51267 uV   
An HB truncation error may be present.
o The HB truncation error is due to using a finite order 
  (number of harmonics) in the representation of the
  circuit signals.

Waveform                Trunc error             Tolerance
---------------------------------------------------------
X1._net415              5.268e-02       >       1.720e-05
X1.X2._net502           5.268e-02       >       1.720e-05
X1.X2.vg1               3.193e-03       >       2.939e-06
X1.X2._net642           2.639e-03       >       2.960e-06
X1.X2._net660           2.636e-03       >       2.960e-06

o Number of waveforms violating the HB truncation error check:
        8 out of 10 waveforms.
o Estimated max HB truncation error: 5.268e-02 @ waveform X1._net415 .
o The maximal HB truncation error estimate is greater than the 
  achieved tolerance of 1.720e-05 for this waveform.
o A time-domain plot of the N__25 waveform may show the error as 
  Gibbs ripples.
o To reduce the error, increase the order (number of harmonics) 
  and re-simulate.

HB Sweep1[1].HB1[35/57] <GF_lib:F:schematic>  RF=2.1  pavs=28
    pavs=28           100.00% 1/1
0.0*	1.20516 A   	100.0             
1.0 	95.7231 mA  	100.0             
1.1 	43.4805 mA  	100.0             
1.2 	11.0675 mA  	100.0             
1.3 	4.87934 mA  	100.0             
1.4 	1.48391 mA  	100.0             
1.5 	565.81 uA   	100.0             
1.6 	188.982 uA  	100.0             
1.7 	68.6523 uA  	100.0             
1.8 	23.6873 uA  	100.0             
1.9 	8.41833 uA  	100.0             
1.10 	2.95256 uA  	100.0	25.1202 uV   
An HB truncation error may be present.
o The HB truncation error is due to using a finite order 
  (number of harmonics) in the representation of the
  circuit signals.

Waveform                Trunc error             Tolerance
---------------------------------------------------------
X1._net415              4.329e-02       >       1.723e-05
X1.X2._net502           4.329e-02       >       1.723e-05
X1.X2.vg1               2.938e-03       >       2.909e-06
X1.X2._net642           2.437e-03       >       2.929e-06
X1.X2._net660           2.431e-03       >       2.929e-06

o Number of waveforms violating the HB truncation error check:
        8 out of 10 waveforms.
o Estimated max HB truncation error: 4.329e-02 @ waveform X1._net415 .
o The maximal HB truncation error estimate is greater than the 
  achieved tolerance of 1.723e-05 for this waveform.
o A time-domain plot of the N__25 waveform may show the error as 
  Gibbs ripples.
o To reduce the error, increase the order (number of harmonics) 
  and re-simulate.

HB Sweep1[1].HB1[36/57] <GF_lib:F:schematic>  RF=2.15  pavs=28
    pavs=28           100.00% 1/1
0.0*	1.26973 A   	100.0             
1.0 	67.6897 mA  	100.0             
1.1 	26.2813 mA  	100.0             
1.2 	10.4408 mA  	100.0             
1.3 	4.13898 mA  	100.0             
1.4 	1.65071 mA  	100.0             
1.5 	658.661 uA  	100.0             
1.6 	263.328 uA  	100.0             
1.7 	105.282 uA  	100.0             
1.8 	42.1084 uA  	100.0             
1.9 	16.8416 uA  	100.0             
1.10 	6.73636 uA  	100.0             
1.11 	2.69442 uA  	100.0	11.1835 uV   
An HB truncation error may be present.
o The HB truncation error is due to using a finite order 
  (number of harmonics) in the representation of the
  circuit signals.

Waveform                Trunc error             Tolerance
---------------------------------------------------------
X1._net415              3.548e-02       >       1.720e-05
X1.X2._net502           3.548e-02       >       1.720e-05
X1.X2.vg1               3.093e-03       >       2.877e-06
X1.X2._net642           3.012e-03       >       2.896e-06
X1.X2._net660           3.004e-03       >       2.896e-06

o Number of waveforms violating the HB truncation error check:
        8 out of 10 waveforms.
o Estimated max HB truncation error: 3.548e-02 @ waveform X1._net415 .
o The maximal HB truncation error estimate is greater than the 
  achieved tolerance of 1.720e-05 for this waveform.
o A time-domain plot of the N__25 waveform may show the error as 
  Gibbs ripples.
o To reduce the error, increase the order (number of harmonics) 
  and re-simulate.

HB Sweep1[1].HB1[37/57] <GF_lib:F:schematic>  RF=2.2  pavs=28
    pavs=28           100.00% 1/1
0.0*	1.22882 A   	100.0             
1.0 	47.7753 mA  	100.0             
1.1 	14.6186 mA  	100.0             
1.2 	1.48466 mA  	100.0             
1.3 	462.612 uA  	100.0             
1.4 	65.1792 uA  	100.0             
1.5 	14.3717 uA  	100.0             
1.6 	2.32291 uA  	100.0	7.27392 uV   
An HB truncation error may be present.
o The HB truncation error is due to using a finite order 
  (number of harmonics) in the representation of the
  circuit signals.

Waveform                Trunc error             Tolerance
---------------------------------------------------------
X1._net415              3.438e-02       >       1.710e-05
X1.X2._net502           3.438e-02       >       1.710e-05
X1.X2._net642           4.325e-03       >       2.859e-06
X1.X2._net660           4.317e-03       >       2.859e-06
X1.X2._net628           4.317e-03       >       2.859e-06

o Number of waveforms violating the HB truncation error check:
        8 out of 10 waveforms.
o Estimated max HB truncation error: 3.438e-02 @ waveform X1._net415 .
o The maximal HB truncation error estimate is greater than the 
  achieved tolerance of 1.710e-05 for this waveform.
o A time-domain plot of the N__25 waveform may show the error as 
  Gibbs ripples.
o To reduce the error, increase the order (number of harmonics) 
  and re-simulate.

HB Sweep1[1].HB1[38/57] <GF_lib:F:schematic>  RF=2.25  pavs=28
    pavs=28           100.00% 1/1
0.0*	1.27559 A   	100.0             
1.0 	96.7972 mA  	100.0             
1.1 	31.8929 mA  	100.0             
1.2 	13.232 mA   	100.0             
1.3 	5.96662 mA  	100.0             
1.4 	2.6906 mA   	100.0             
1.5 	1.22378 mA  	100.0             
1.6 	557.311 uA  	100.0             
1.7 	254.052 uA  	100.0             
1.8 	115.854 uA  	100.0             
1.9 	52.8416 uA  	100.0             
1.10 	24.1033 uA  	100.0             
1.11 	10.9949 uA  	100.0             
1.12 	5.01554 uA  	100.0             
1.13 	2.28794 uA  	100.0	6.12544 uV   
An HB truncation error may be present.
o The HB truncation error is due to using a finite order 
  (number of harmonics) in the representation of the
  circuit signals.

Waveform                Trunc error             Tolerance
---------------------------------------------------------
X1._net415              3.980e-02       >       1.704e-05
X1.X2._net502           3.980e-02       >       1.704e-05
X1.X2._net660           5.186e-03       >       2.825e-06
X1.X2._net628           5.186e-03       >       2.825e-06
X1.X2._net642           5.186e-03       >       2.824e-06

o Number of waveforms violating the HB truncation error check:
        8 out of 10 waveforms.
o Estimated max HB truncation error: 3.980e-02 @ waveform X1._net415 .
o The maximal HB truncation error estimate is greater than the 
  achieved tolerance of 1.704e-05 for this waveform.
o A time-domain plot of the N__25 waveform may show the error as 
  Gibbs ripples.
o To reduce the error, increase the order (number of harmonics) 
  and re-simulate.

HB Sweep1[1].HB1[39/57] <GF_lib:F:schematic>  RF=2.3  pavs=28
    pavs=28           100.00% 1/1
0.0*	1.36059 A   	100.0             
1.0 	83.6363 mA  	100.0             
1.1 	21.2975 mA  	100.0             
1.2 	6.1079 mA   	100.0             
1.3 	2.34683 mA  	100.0             
1.4 	677.074 uA  	100.0             
1.5 	275.133 uA  	100.0             
1.6 	84.5678 uA  	100.0             
1.7 	30.2538 uA  	100.0             
1.8 	9.27981 uA  	100.0             
1.9 	3.10727 uA  	100.0	11.3511 uV   
An HB truncation error may be present.
o The HB truncation error is due to using a finite order 
  (number of harmonics) in the representation of the
  circuit signals.

Waveform                Trunc error             Tolerance
---------------------------------------------------------
X1._net415              3.059e-02       >       1.680e-05
X1.X2._net502           3.059e-02       >       1.680e-05
X1.X2.vg1               2.935e-03       >       2.780e-06
X1.X2._net660           2.463e-03       >       2.796e-06
X1.X2._net628           2.463e-03       >       2.796e-06

o Number of waveforms violating the HB truncation error check:
        8 out of 10 waveforms.
o Estimated max HB truncation error: 3.059e-02 @ waveform X1._net415 .
o The maximal HB truncation error estimate is greater than the 
  achieved tolerance of 1.680e-05 for this waveform.
o A time-domain plot of the C39._net1aux waveform may show the error as 
  Gibbs ripples.
o To reduce the error, increase the order (number of harmonics) 
  and re-simulate.

HB Sweep1[1].HB1[40/57] <GF_lib:F:schematic>  RF=2.35  pavs=28
    pavs=28           100.00% 1/1
0.0*	1.41774 A   	100.0             
1.0 	81.3166 mA  	100.0             
1.1 	22.8397 mA  	100.0             
1.2 	8.29169 mA  	100.0             
1.3 	2.6632 mA   	100.0             
1.4 	950.214 uA  	100.0             
1.5 	302.067 uA  	100.0             
1.6 	110.605 uA  	100.0             
1.7 	34.6185 uA  	100.0             
1.8 	12.9971 uA  	100.0             
1.9 	4.12634 uA  	100.0             
1.10 	1.53732 uA  	100.0	8.00066 uV   
An HB truncation error may be present.
o The HB truncation error is due to using a finite order 
  (number of harmonics) in the representation of the
  circuit signals.

Waveform                Trunc error             Tolerance
---------------------------------------------------------
X1._net415              2.316e-02       >       1.656e-05
X1.X2._net502           2.316e-02       >       1.656e-05
X1.X2.vg1               2.561e-03       >       2.753e-06
X1.X2._net642           1.738e-03       >       2.768e-06
X1.X2._net660           1.734e-03       >       2.768e-06

o Number of waveforms violating the HB truncation error check:
        8 out of 10 waveforms.
o Estimated max HB truncation error: 2.316e-02 @ waveform X1._net415 .
o The maximal HB truncation error estimate is greater than the 
  achieved tolerance of 1.656e-05 for this waveform.
o A time-domain plot of the C41._net1aux waveform may show the error as 
  Gibbs ripples.
o To reduce the error, increase the order (number of harmonics) 
  and re-simulate.

HB Sweep1[1].HB1[41/57] <GF_lib:F:schematic>  RF=2.4  pavs=28
    pavs=28           100.00% 1/1
0.0*	1.61779 A   	100.0             
1.0 	179.627 mA  	100.0             
1.1 	107.596 mA  	100.0             
1.2 	76.7157 mA  	100.0             
1.3*	53.1345 mA  	100.0             
2.0 	2.63341 mA  	100.0             
2.1 	266.471 uA  	100.0             
2.2 	26.3976 uA  	100.0             
2.3 	2.62244 uA  	100.0	21.2074 uV   
An HB truncation error may be present.
o The HB truncation error is due to using a finite order 
  (number of harmonics) in the representation of the
  circuit signals.

Waveform                Trunc error             Tolerance
---------------------------------------------------------
X1._net415              6.004e-02       >       1.649e-05
X1.X2._net502           6.004e-02       >       1.649e-05
X1.X2._net642           3.524e-03       >       2.735e-06
X1.X2._net660           3.521e-03       >       2.735e-06
X1.X2._net628           3.521e-03       >       2.735e-06

o Number of waveforms violating the HB truncation error check:
        8 out of 10 waveforms.
o Estimated max HB truncation error: 6.004e-02 @ waveform X1._net415 .
o The maximal HB truncation error estimate is greater than the 
  achieved tolerance of 1.649e-05 for this waveform.
o A time-domain plot of the C58._net1aux waveform may show the error as 
  Gibbs ripples.
o To reduce the error, increase the order (number of harmonics) 
  and re-simulate.

HB Sweep1[1].HB1[42/57] <GF_lib:F:schematic>  RF=2.45  pavs=28
    pavs=28           100.00% 1/1
0.0*	2.10146 A   	100.0             
1.0 	81.1251 mA  	100.0             
1.1 	38.708 mA   	100.0             
1.2 	16.6364 mA  	100.0             
1.3 	7.61755 mA  	100.0             
1.4 	3.3954 mA   	100.0             
1.5 	1.51162 mA  	100.0             
1.6 	668.952 uA  	100.0             
1.7 	295.924 uA  	100.0             
1.8 	130.721 uA  	100.0             
1.9 	57.7341 uA  	100.0             
1.10 	25.4894 uA  	100.0             
1.11 	11.2527 uA  	100.0             
1.12 	4.96718 uA  	100.0             
1.13 	2.19259 uA  	100.0	26.5355 uV   
1.14 	967.812 nA  	100.0	32.6366 uV   
An HB truncation error may be present.
o The HB truncation error is due to using a finite order 
  (number of harmonics) in the representation of the
  circuit signals.

Waveform                Trunc error             Tolerance
---------------------------------------------------------
X1._net415              7.348e-02       >       1.667e-05
X1.X2._net502           7.348e-02       >       1.667e-05
X1.X2._net660           5.519e-03       >       2.698e-06
X1.X2._net628           5.519e-03       >       2.698e-06
X1.X2._net642           5.518e-03       >       2.698e-06

o Number of waveforms violating the HB truncation error check:
        8 out of 10 waveforms.
o Estimated max HB truncation error: 7.348e-02 @ waveform X1._net415 .
o The maximal HB truncation error estimate is greater than the 
  achieved tolerance of 1.667e-05 for this waveform.
o A time-domain plot of the N__25 waveform may show the error as 
  Gibbs ripples.
o To reduce the error, increase the order (number of harmonics) 
  and re-simulate.

HB Sweep1[1].HB1[43/57] <GF_lib:F:schematic>  RF=2.5  pavs=28
    pavs=28           100.00% 1/1
0.0*	1.76907 A   	100.0             
1.0 	14.1768 mA  	100.0             
1.1 	2.69946 mA  	100.0             
1.2 	571.751 uA  	100.0             
1.3 	97.8988 uA  	100.0             
1.4 	17.4506 uA  	100.0             
1.5 	2.82766 uA  	100.0	23.4472 uV   
An HB truncation error may be present.
o The HB truncation error is due to using a finite order 
  (number of harmonics) in the representation of the
  circuit signals.

Waveform                Trunc error             Tolerance
---------------------------------------------------------
X1._net415              6.740e-02       >       1.663e-05
X1.X2._net502           6.740e-02       >       1.663e-05
X1.X2.vd1g              3.278e-03       >       1.128e-06
X1.X2._net615           3.216e-03       >       1.128e-06
X1.X2.vg1               2.899e-03       >       2.659e-06

o Number of waveforms violating the HB truncation error check:
        8 out of 10 waveforms.
o Estimated max HB truncation error: 6.740e-02 @ waveform X1._net415 .
o The maximal HB truncation error estimate is greater than the 
  achieved tolerance of 1.663e-05 for this waveform.
o A time-domain plot of the N__25 waveform may show the error as 
  Gibbs ripples.
o To reduce the error, increase the order (number of harmonics) 
  and re-simulate.

HB Sweep1[1].HB1[44/57] <GF_lib:F:schematic>  RF=2.55  pavs=28
    pavs=28           100.00% 1/1
0.0*	1.42003 A   	100.0             
1.0 	84.3054 mA  	100.0             
1.1 	23.0205 mA  	100.0             
1.2 	8.04259 mA  	100.0             
1.3 	2.72346 mA  	100.0             
1.4 	946.74 uA   	100.0             
1.5 	333.141 uA  	100.0             
1.6 	112.429 uA  	100.0             
1.7 	36.6941 uA  	100.0             
1.8 	11.6753 uA  	100.0             
1.9 	3.64055 uA  	100.0             
1.10 	1.11627 uA  	100.0	5.52946 uV   
An HB truncation error may be present.
o The HB truncation error is due to using a finite order 
  (number of harmonics) in the representation of the
  circuit signals.

Waveform                Trunc error             Tolerance
---------------------------------------------------------
X1._net415              5.038e-02       >       1.653e-05
X1.X2._net502           5.038e-02       >       1.653e-05
X1.X2.vg1               2.595e-03       >       2.642e-06
X1.X2._net660           2.434e-03       >       2.655e-06
X1.X2._net628           2.434e-03       >       2.655e-06

o Number of waveforms violating the HB truncation error check:
        8 out of 10 waveforms.
o Estimated max HB truncation error: 5.038e-02 @ waveform X1._net415 .
o The maximal HB truncation error estimate is greater than the 
  achieved tolerance of 1.653e-05 for this waveform.
o A time-domain plot of the N__25 waveform may show the error as 
  Gibbs ripples.
o To reduce the error, increase the order (number of harmonics) 
  and re-simulate.

HB Sweep1[1].HB1[45/57] <GF_lib:F:schematic>  RF=2.6  pavs=28
    pavs=28           100.00% 1/1
0.0*	1.12927 A   	100.0             
1.0 	23.5101 mA  	100.0             
1.1 	5.10954 mA  	100.0             
1.2 	1.07681 mA  	100.0             
1.3 	233.92 uA   	100.0             
1.4 	45.2029 uA  	100.0             
1.5 	8.66885 uA  	100.0             
1.6 	1.60187 uA  	100.0	4.08163 uV   
An HB truncation error may be present.
o The HB truncation error is due to using a finite order 
  (number of harmonics) in the representation of the
  circuit signals.

Waveform                Trunc error             Tolerance
---------------------------------------------------------
X1._net415              3.300e-02       >       1.641e-05
X1.X2._net502           3.300e-02       >       1.641e-05
X1.X2._net642           2.730e-03       >       2.643e-06
X1.X2._net660           2.730e-03       >       2.643e-06
X1.X2._net628           2.730e-03       >       2.643e-06

o Number of waveforms violating the HB truncation error check:
        8 out of 10 waveforms.
o Estimated max HB truncation error: 3.300e-02 @ waveform X1._net415 .
o The maximal HB truncation error estimate is greater than the 
  achieved tolerance of 1.641e-05 for this waveform.
o A time-domain plot of the N__25 waveform may show the error as 
  Gibbs ripples.
o To reduce the error, increase the order (number of harmonics) 
  and re-simulate.

HB Sweep1[1].HB1[46/57] <GF_lib:F:schematic>  RF=2.65  pavs=28
    pavs=28           100.00% 1/1
0.0*	1.10441 A   	100.0             
1.0 	24.5311 mA  	100.0             
1.1 	5.89772 mA  	100.0             
1.2 	1.56148 mA  	100.0             
1.3 	415.045 uA  	100.0             
1.4 	108.966 uA  	100.0             
1.5 	28.5515 uA  	100.0             
1.6 	7.47728 uA  	100.0             
1.7 	1.95776 uA  	100.0	5.91471 uV   
An HB truncation error may be present.
o The HB truncation error is due to using a finite order 
  (number of harmonics) in the representation of the
  circuit signals.

Waveform                Trunc error             Tolerance
---------------------------------------------------------
X1._net415              3.173e-02       >       1.630e-05
X1.X2._net502           3.173e-02       >       1.630e-05
X1.X2.vg1               2.313e-03       >       2.620e-06
X1.X2._net660           2.132e-03       >       2.635e-06
X1.X2._net628           2.132e-03       >       2.635e-06

o Number of waveforms violating the HB truncation error check:
        8 out of 10 waveforms.
o Estimated max HB truncation error: 3.173e-02 @ waveform X1._net415 .
o The maximal HB truncation error estimate is greater than the 
  achieved tolerance of 1.630e-05 for this waveform.
o A time-domain plot of the C58._net1aux waveform may show the error as 
  Gibbs ripples.
o To reduce the error, increase the order (number of harmonics) 
  and re-simulate.

HB Sweep1[1].HB1[47/57] <GF_lib:F:schematic>  RF=2.7  pavs=28
    pavs=28           100.00% 1/1
0.0*	752.902 mA  	100.0             
1.0 	31.2659 mA  	100.0             
1.1 	10.3852 mA  	100.0             
1.2 	2.65435 mA  	100.0             
1.3 	783.388 uA  	100.0             
1.4 	219.713 uA  	100.0             
1.5 	61.7348 uA  	100.0             
1.6 	17.2959 uA  	100.0             
1.7 	4.84383 uA  	100.0             
1.8 	1.35611 uA  	100.0	5.41289 uV   
An HB truncation error may be present.
o The HB truncation error is due to using a finite order 
  (number of harmonics) in the representation of the
  circuit signals.

Waveform                Trunc error             Tolerance
---------------------------------------------------------
X1._net415              3.289e-02       >       1.619e-05
X1.X2._net502           3.289e-02       >       1.619e-05
X1.X2.vg1               2.423e-03       >       2.615e-06
X1.X2._net660           2.006e-03       >       2.630e-06
X1.X2._net628           2.006e-03       >       2.630e-06

o Number of waveforms violating the HB truncation error check:
        8 out of 10 waveforms.
o Estimated max HB truncation error: 3.289e-02 @ waveform X1._net415 .
o The maximal HB truncation error estimate is greater than the 
  achieved tolerance of 1.619e-05 for this waveform.
o A time-domain plot of the C58._net1aux waveform may show the error as 
  Gibbs ripples.
o To reduce the error, increase the order (number of harmonics) 
  and re-simulate.

HB Sweep1[1].HB1[48/57] <GF_lib:F:schematic>  RF=2.75  pavs=28
    pavs=28           100.00% 1/1
0.0*	823.92 mA   	100.0             
1.0 	60.0617 mA  	100.0             
1.1 	13.5962 mA  	100.0             
1.2 	3.40952 mA  	100.0             
1.3 	712.336 uA  	100.0             
1.4 	170.698 uA  	100.0             
1.5 	36.2403 uA  	100.0             
1.6 	9.09897 uA  	100.0             
1.7 	2.09543 uA  	100.0	19.9983 uV   
An HB truncation error may be present.
o The HB truncation error is due to using a finite order 
  (number of harmonics) in the representation of the
  circuit signals.

Waveform                Trunc error             Tolerance
---------------------------------------------------------
X1._net415              2.753e-02       >       1.606e-05
X1.X2._net502           2.753e-02       >       1.606e-05
X1.X2.vg1               2.429e-03       >       2.614e-06
X1.X2._net660           2.039e-03       >       2.631e-06
X1.X2._net628           2.039e-03       >       2.631e-06

o Number of waveforms violating the HB truncation error check:
        8 out of 10 waveforms.
o Estimated max HB truncation error: 2.753e-02 @ waveform X1._net415 .
o The maximal HB truncation error estimate is greater than the 
  achieved tolerance of 1.606e-05 for this waveform.
o A time-domain plot of the C58._net1aux waveform may show the error as 
  Gibbs ripples.
o To reduce the error, increase the order (number of harmonics) 
  and re-simulate.

HB Sweep1[1].HB1[49/57] <GF_lib:F:schematic>  RF=2.8  pavs=28
    pavs=28           100.00% 1/1
0.0*	908.659 mA  	100.0             
1.0 	32.3807 mA  	100.0             
1.1 	7.3217 mA   	100.0             
1.2 	1.28879 mA  	100.0             
1.3 	323.604 uA  	100.0             
1.4 	56.6402 uA  	100.0             
1.5 	14.6482 uA  	100.0             
1.6 	2.71378 uA  	100.0	30.9739 uV   
An HB truncation error may be present.
o The HB truncation error is due to using a finite order 
  (number of harmonics) in the representation of the
  circuit signals.

Waveform                Trunc error             Tolerance
---------------------------------------------------------
X1._net415              1.768e-02       >       1.595e-05
X1.X2._net502           1.768e-02       >       1.595e-05
X1.X2.vg1               2.293e-03       >       2.617e-06
X1.X2._net660           1.704e-03       >       2.635e-06
X1.X2._net628           1.704e-03       >       2.635e-06

o Number of waveforms violating the HB truncation error check:
        8 out of 10 waveforms.
o Estimated max HB truncation error: 1.768e-02 @ waveform X1._net415 .
o The maximal HB truncation error estimate is greater than the 
  achieved tolerance of 1.595e-05 for this waveform.
o A time-domain plot of the C58._net1aux waveform may show the error as 
  Gibbs ripples.
o To reduce the error, increase the order (number of harmonics) 
  and re-simulate.

HB Sweep1[1].HB1[50/57] <GF_lib:F:schematic>  RF=2.85  pavs=28
    pavs=28           100.00% 1/1
0.0*	1.18443 A   	100.0             
1.0 	54.3352 mA  	100.0             
1.1 	16.6201 mA  	100.0             
1.2 	5.26489 mA  	100.0             
1.3 	1.70728 mA  	100.0             
1.4 	559.506 uA  	100.0             
1.5 	182.378 uA  	100.0             
1.6 	59.6381 uA  	100.0             
1.7 	19.4747 uA  	100.0             
1.8 	6.36389 uA  	100.0             
1.9 	2.07894 uA  	100.0	7.88665 uV   
An HB truncation error may be present.
o The HB truncation error is due to using a finite order 
  (number of harmonics) in the representation of the
  circuit signals.

Waveform                Trunc error             Tolerance
---------------------------------------------------------
X1._net415              2.087e-02       >       1.587e-05
X1.X2._net502           2.087e-02       >       1.587e-05
X1.X2.vg1               2.092e-03       >       2.618e-06
X1.X2._net660           2.016e-03       >       2.638e-06
X1.X2._net628           2.016e-03       >       2.638e-06

o Number of waveforms violating the HB truncation error check:
        8 out of 10 waveforms.
o Estimated max HB truncation error: 2.087e-02 @ waveform X1._net415 .
o The maximal HB truncation error estimate is greater than the 
  achieved tolerance of 1.587e-05 for this waveform.
o A time-domain plot of the C39._net1aux waveform may show the error as 
  Gibbs ripples.
o To reduce the error, increase the order (number of harmonics) 
  and re-simulate.

HB Sweep1[1].HB1[51/57] <GF_lib:F:schematic>  RF=2.9  pavs=28
    pavs=28           100.00% 1/1
0.0*	1.05565 A   	100.0             
1.0 	62.5655 mA  	100.0             
1.1 	14.0428 mA  	100.0             
1.2 	4.32133 mA  	100.0             
1.3 	1.13313 mA  	100.0             
1.4 	284.309 uA  	100.0             
1.5 	73.905 uA   	100.0             
1.6 	17.3231 uA  	100.0             
1.7 	4.4836 uA   	100.0             
1.8 	1.02953 uA  	100.0	4.54535 uV   
An HB truncation error may be present.
o The HB truncation error is due to using a finite order 
  (number of harmonics) in the representation of the
  circuit signals.

Waveform                Trunc error             Tolerance
---------------------------------------------------------
X1._net415              1.933e-02       >       1.584e-05
X1.X2._net502           1.933e-02       >       1.584e-05
X1.X2.vg1               2.213e-03       >       2.618e-06
X1.X2._net660           2.134e-03       >       2.641e-06
X1.X2._net628           2.134e-03       >       2.641e-06

o Number of waveforms violating the HB truncation error check:
        8 out of 10 waveforms.
o Estimated max HB truncation error: 1.933e-02 @ waveform X1._net415 .
o The maximal HB truncation error estimate is greater than the 
  achieved tolerance of 1.584e-05 for this waveform.
o A time-domain plot of the C39._net1aux waveform may show the error as 
  Gibbs ripples.
o To reduce the error, increase the order (number of harmonics) 
  and re-simulate.

HB Sweep1[1].HB1[52/57] <GF_lib:F:schematic>  RF=2.95  pavs=28
    pavs=28           100.00% 1/1
0.0*	1.24688 A   	100.0             
1.0 	180.67 mA   	100.0             
1.1 	90.8793 mA  	100.0             
1.2 	56.1578 mA  	100.0             
1.3 	31.0223 mA  	100.0             
1.4 	18.7092 mA  	100.0             
1.5 	10.4966 mA  	100.0             
1.6 	6.22143 mA  	100.0             
1.7 	3.52827 mA  	100.0             
1.8 	2.06837 mA  	100.0             
1.9 	1.18179 mA  	100.0             
1.10 	688.268 uA  	100.0             
1.11 	395.089 uA  	100.0             
1.12 	229.232 uA  	100.0             
1.13 	131.945 uA  	100.0             
1.14 	76.3947 uA  	100.0             
1.15 	44.0399 uA  	100.0             
1.16 	25.4691 uA  	100.0             
1.17 	14.6948 uA  	100.0             
1.18 	8.49292 uA  	100.0             
1.19 	4.90236 uA  	100.0             
1.20 	2.83241 uA  	100.0	45.3771 uV   
An HB truncation error may be present.
o The HB truncation error is due to using a finite order 
  (number of harmonics) in the representation of the
  circuit signals.

Waveform                Trunc error             Tolerance
---------------------------------------------------------
X1._net415              2.449e-02       >       1.606e-05
X1.X2._net502           2.449e-02       >       1.606e-05
X1.X2._net615           3.179e-03       >       1.244e-06
X1.X2.vd1g              3.170e-03       >       1.245e-06
X1.X2._net628           3.038e-03       >       2.639e-06

o Number of waveforms violating the HB truncation error check:
        8 out of 10 waveforms.
o Estimated max HB truncation error: 2.449e-02 @ waveform X1._net415 .
o The maximal HB truncation error estimate is greater than the 
  achieved tolerance of 1.606e-05 for this waveform.
o A time-domain plot of the N__25 waveform may show the error as 
  Gibbs ripples.
o To reduce the error, increase the order (number of harmonics) 
  and re-simulate.

HB Sweep1[1].HB1[53/57] <GF_lib:F:schematic>  RF=3  pavs=28
    pavs=28           100.00% 1/1
0.0*	1.65957 A   	100.0             
1.0 	79.6488 mA  	100.0             
1.1 	34.9216 mA  	100.0             
1.2 	14.2384 mA  	100.0             
1.3 	6.22081 mA  	100.0             
1.4 	2.64915 mA  	100.0             
1.5 	1.14109 mA  	100.0             
1.6 	489.284 uA  	100.0             
1.7 	210.215 uA  	100.0             
1.8 	90.2421 uA  	100.0             
1.9 	38.753 uA   	100.0             
1.10 	16.6394 uA  	100.0             
1.11 	7.14482 uA  	100.0             
1.12 	3.06791 uA  	100.0	31.9636 uV   
An HB truncation error may be present.
o The HB truncation error is due to using a finite order 
  (number of harmonics) in the representation of the
  circuit signals.

Waveform                Trunc error             Tolerance
---------------------------------------------------------
X1._net415              5.873e-02       >       1.632e-05
X1.X2._net502           5.873e-02       >       1.632e-05
X1.X2._net660           2.913e-03       >       2.629e-06
X1.X2._net628           2.913e-03       >       2.629e-06
X1.X2._net642           2.912e-03       >       2.629e-06

o Number of waveforms violating the HB truncation error check:
        8 out of 10 waveforms.
o Estimated max HB truncation error: 5.873e-02 @ waveform X1._net415 .
o The maximal HB truncation error estimate is greater than the 
  achieved tolerance of 1.632e-05 for this waveform.
o A time-domain plot of the N__25 waveform may show the error as 
  Gibbs ripples.
o To reduce the error, increase the order (number of harmonics) 
  and re-simulate.

HB Sweep1[1].HB1[54/57] <GF_lib:F:schematic>  RF=3.05  pavs=28
    pavs=28           100.00% 1/1
0.0*	1.72352 A   	100.0             
1.0 	178.264 mA  	100.0             
1.1 	127.61 mA   	100.0             
1.2*	95.8351 mA  	100.0             
2.0 	5.49712 mA  	100.0             
2.1 	625.089 uA  	100.0             
2.2 	71.4398 uA  	100.0             
2.3 	8.12242 uA  	100.0             
2.4 	921.065 nA  	100.0	2.52035 uV   
An HB truncation error may be present.
o The HB truncation error is due to using a finite order 
  (number of harmonics) in the representation of the
  circuit signals.

Waveform                Trunc error             Tolerance
---------------------------------------------------------
X1._net415              4.363e-02       >       1.637e-05
X1.X2._net502           4.363e-02       >       1.637e-05
X1.X2._net642           4.046e-03       >       2.620e-06
X1.X2._net660           4.035e-03       >       2.620e-06
X1.X2._net628           4.035e-03       >       2.620e-06

o Number of waveforms violating the HB truncation error check:
        8 out of 10 waveforms.
o Estimated max HB truncation error: 4.363e-02 @ waveform X1._net415 .
o The maximal HB truncation error estimate is greater than the 
  achieved tolerance of 1.637e-05 for this waveform.
o A time-domain plot of the N__25 waveform may show the error as 
  Gibbs ripples.
o To reduce the error, increase the order (number of harmonics) 
  and re-simulate.

HB Sweep1[1].HB1[55/57] <GF_lib:F:schematic>  RF=3.1  pavs=28
    pavs=28           100.00% 1/1
0.0*	2.0278 A    	100.0             
1.0 	28.3986 mA  	100.0             
1.1 	7.07401 mA  	100.0             
1.2 	1.46195 mA  	100.0             
1.3 	344.205 uA  	100.0             
1.4 	64.8476 uA  	100.0             
1.5 	15.398 uA   	100.0             
1.6 	2.7415 uA   	100.0             
1.7 	653.573 nA  	100.0	8.89571 uV   
An HB truncation error may be present.
o The HB truncation error is due to using a finite order 
  (number of harmonics) in the representation of the
  circuit signals.

Waveform                Trunc error             Tolerance
---------------------------------------------------------
X1._net415              5.981e-02       >       1.682e-05
X1.X2._net502           5.981e-02       >       1.682e-05
X1.X2._net660           4.871e-03       >       2.599e-06
X1.X2._net628           4.871e-03       >       2.599e-06
X1.X2._net642           4.868e-03       >       2.599e-06

o Number of waveforms violating the HB truncation error check:
        8 out of 10 waveforms.
o Estimated max HB truncation error: 5.981e-02 @ waveform X1._net415 .
o The maximal HB truncation error estimate is greater than the 
  achieved tolerance of 1.682e-05 for this waveform.
o A time-domain plot of the N__25 waveform may show the error as 
  Gibbs ripples.
o To reduce the error, increase the order (number of harmonics) 
  and re-simulate.

HB Sweep1[1].HB1[56/57] <GF_lib:F:schematic>  RF=3.15  pavs=28
    pavs=28           100.00% 1/1
0.0*	1.64174 A   	100.0             
1.0 	82.7477 mA  	100.0             
1.1 	30.7127 mA  	100.0             
1.2 	10.7775 mA  	100.0             
1.3 	4.07527 mA  	100.0             
1.4 	1.43208 mA  	100.0             
1.5 	537.587 uA  	100.0             
1.6 	196.616 uA  	100.0             
1.7 	71.5743 uA  	100.0             
1.8 	25.6169 uA  	100.0             
1.9 	9.06055 uA  	100.0             
1.10 	3.16468 uA  	100.0	32.9304 uV   
An HB truncation error may be present.
o The HB truncation error is due to using a finite order 
  (number of harmonics) in the representation of the
  circuit signals.

Waveform                Trunc error             Tolerance
---------------------------------------------------------
X1._net415              4.228e-02       >       1.741e-05
X1.X2._net502           4.228e-02       >       1.741e-05
X1.X2.vd1g              3.495e-03       >       1.142e-06
X1.X2._net615           3.418e-03       >       1.153e-06
X1.X2.vg1               2.746e-03       >       2.515e-06

o Number of waveforms violating the HB truncation error check:
        8 out of 10 waveforms.
o Estimated max HB truncation error: 4.228e-02 @ waveform X1._net415 .
o The maximal HB truncation error estimate is greater than the 
  achieved tolerance of 1.741e-05 for this waveform.
o A time-domain plot of the C58._net1aux waveform may show the error as 
  Gibbs ripples.
o To reduce the error, increase the order (number of harmonics) 
  and re-simulate.

HB Sweep1[1].HB1[57/57] <GF_lib:F:schematic>  RF=3.2  pavs=28
    pavs=28           100.00% 1/1
0.0*	1.54392 A   	100.0             
1.0 	48.2446 mA  	100.0             
1.1 	11.4205 mA  	100.0             
1.2 	3.48735 mA  	100.0             
1.3 	983.802 uA  	100.0             
1.4 	315.605 uA  	100.0             
1.5 	96.5063 uA  	100.0             
1.6 	30.6012 uA  	100.0             
1.7 	9.43564 uA  	100.0             
1.8 	2.99822 uA  	100.0	24.8151 uV   
An HB truncation error may be present.
o The HB truncation error is due to using a finite order 
  (number of harmonics) in the representation of the
  circuit signals.

Waveform                Trunc error             Tolerance
---------------------------------------------------------
X1._net415              3.721e-02       >       1.790e-05
X1.X2._net502           3.721e-02       >       1.790e-05
X1.X2._net642           2.618e-03       >       2.524e-06
X1.X2._net660           2.617e-03       >       2.524e-06
X1.X2._net628           2.617e-03       >       2.524e-06

o Number of waveforms violating the HB truncation error check:
        8 out of 10 waveforms.
o Estimated max HB truncation error: 3.721e-02 @ waveform X1._net415 .
o The maximal HB truncation error estimate is greater than the 
  achieved tolerance of 1.790e-05 for this waveform.
o A time-domain plot of the C39._net1aux waveform may show the error as 
  Gibbs ripples.
o To reduce the error, increase the order (number of harmonics) 
  and re-simulate.

SP SP1[1] <GF_lib:F:schematic>   freq=(400 MHz->3.4 GHz)
,,,,,,,,,,,,,,,,,,,,,,,,,,,,,,,,,,,,,,,,,,,,,,,,,,,,,,,,,,,,,,,,,,,,,,,,,,,,,,,,,,,,,,,,,,,,,,,,,,,,

Resource usage:
  Total stopwatch time     =     2.43 seconds.

