
hpeesofsim (*) 450.shp Jan 21 2016, MINT version 4
    (64-bit windows built: 01/21/16 15:34:19)
Copyright 1995 - 2015 Keysight Technologies, 1989-2016.

Warning detected by hpeesofsim in topology check during circuit set up.
    Number of nodes with no DC path to ground (topology corrected): 1


CT Sweep1[1] <GF_lib:HB1Tone_SourcePull:schematic>   imag_indexs11=(-793.333e-03->793.333e-03)

HB Sweep1[1].HB1[1/14] <GF_lib:HB1Tone_SourcePull:schematic>  imag_indexs11=-793.333e-03  real_indexs11=(-305.159e-03->305.159e-03)
Pt DC convergence is used.
    Number of tones:   1.
    Number of frequencies:   6.
    Number of time samples:  16.
    Number of HB equations (problem size): 572.
    Auto mode: on.
    Convergence mode: Auto.
    Linear solver: direct.
    real_indexs11=-305.159e-03   0.00% 1/14
------------------------------------------------------------------------------
Newton solver:					
Iter	KCL residual	Damp %	Sol update
------------------------------------------------------------------------------
0.0*	10.4052 A   	100.0             
1.0 	829.757 mA  	100.0             
1.1 	98.9545 mA  	100.0             
1.2 	8.91727 mA  	100.0             
1.3 	973.317 uA  	100.0             
1.4 	97.7076 uA  	100.0             
1.5 	9.98656 uA  	100.0	7.38402 uV   
    real_indexs11=-258.212e-03   7.69% 2/14
0.0 	12.9501 mA  	100.0             
0.1 	3.72756 mA  	100.0             
0.2 	182.785 uA  	100.0             
0.3 	11.9652 uA  	100.0             
0.4 	794.944 nA  	100.0             

    real_indexs11=-211.264e-03  15.38% 3/14
0.0 	11.1177 mA  	100.0             
0.1 	2.08465 mA  	100.0             
0.2 	78.3511 uA  	100.0             
0.3 	5.27427 uA  	100.0             
0.4 	389.142 nA  	100.0             

    real_indexs11=-164.317e-03  23.08% 4/14
0.0 	10.4203 mA  	100.0             
0.1 	1.10974 mA  	100.0             
0.2 	49.9944 uA  	100.0             
0.3 	3.20845 uA  	100.0             

    real_indexs11=-117.369e-03  30.77% 5/14
0.0 	9.57594 mA  	100.0             
0.1 	938.695 uA  	100.0             
0.2 	48.2629 uA  	100.0             
0.3 	2.57507 uA  	100.0             

    real_indexs11=-70.4214e-03  38.46% 6/14
0.0 	8.5847 mA   	100.0             
0.1 	953.578 uA  	100.0             
0.2 	57.7704 uA  	100.0             
0.3 	3.15496 uA  	100.0             

    real_indexs11=-23.4738e-03  46.15% 7/14
0.0 	8.19548 mA  	100.0             
0.1 	1.16315 mA  	100.0             
0.2 	67.8672 uA  	100.0             
0.3 	3.86011 uA  	100.0             

    real_indexs11=23.4738e-03   53.85% 8/14
0.0 	8.96196 mA  	100.0             
0.1 	1.3981 mA   	100.0             
0.2 	80.2063 uA  	100.0             
0.3 	4.57282 uA  	100.0             

    real_indexs11=70.4214e-03   61.54% 9/14
0.0 	10.026 mA   	100.0             
0.1 	1.63306 mA  	100.0             
0.2 	94.6805 uA  	100.0             
0.3 	5.4614 uA   	100.0             

    real_indexs11=117.369e-03   69.23% 10/14
0.0 	11.4315 mA  	100.0             
0.1 	1.86917 mA  	100.0             
0.2 	108.449 uA  	100.0             
0.3 	6.36272 uA  	100.0             

    real_indexs11=164.317e-03   76.92% 11/14
0.0 	14.018 mA   	100.0             
0.1 	2.07225 mA  	100.0             
0.2 	121.554 uA  	100.0             
0.3 	7.32256 uA  	100.0             

    real_indexs11=211.264e-03   84.62% 12/14
0.0 	18.0483 mA  	100.0             
0.1 	2.2537 mA   	100.0             
0.2 	134.64 uA   	100.0             
0.3 	8.37252 uA  	100.0             
0.4 	491.002 nA  	100.0             

    real_indexs11=258.212e-03   92.31% 13/14
0.0 	22.4171 mA  	100.0             
0.1 	2.43884 mA  	100.0             
0.2 	149.087 uA  	100.0             
0.3 	9.55462 uA  	100.0             
0.4 	568.158 nA  	100.0             

    real_indexs11=305.159e-03  100.00% 14/14
0.0 	26.9682 mA  	100.0             
0.1 	2.75481 mA  	100.0             
0.2 	168.023 uA  	100.0             
0.3 	11.0875 uA  	100.0             
0.4 	665.447 nA  	100.0             

An HB truncation error may be present.
o The HB truncation error is due to using a finite order 
  (number of harmonics) in the representation of the
  circuit signals.

Waveform                Trunc error             Tolerance
---------------------------------------------------------
N__4                    7.996e-03       >       5.250e-06
P_Load.deltav           3.998e-03       >       3.125e-06
X1._net415              1.894e-03       >       6.697e-06
X1.X2._net502           1.894e-03       >       6.697e-06
X1.X2.vg1               2.690e-04       >       1.533e-06

o Number of waveforms violating the HB truncation error check:
        11 out of 13 waveforms.
o Estimated max HB truncation error: 7.996e-03 @ waveform N__4 .
o The maximal HB truncation error estimate is greater than the 
  achieved tolerance of 5.250e-06 for this waveform.
o A time-domain plot of the N__1 waveform may show the error as 
  Gibbs ripples.
o To reduce the error, increase the order (number of harmonics) 
  and re-simulate.

HB Sweep1[1].HB1[2/14] <GF_lib:HB1Tone_SourcePull:schematic>  imag_indexs11=-671.282e-03  real_indexs11=(-521.422e-03->521.422e-03)
    real_indexs11=-521.422e-03   0.00% 1/14
0.0*	2.59483 A   	100.0             
1.0 	2.80176 A   	100.0             
1.1*	150.77 mA   	100.0             
2.0 	86.808 uA   	100.0             
2.1 	99.9394 nA  	100.0	64.3574 nV   
    real_indexs11=-441.203e-03   7.69% 2/14
0.0 	255.878 mA  	100.0             
0.1 	92.6107 mA  	100.0             
0.2 	13.6826 mA  	100.0             
0.3 	2.26986 mA  	100.0             
0.4 	305.618 uA  	100.0             
0.5 	30.9908 uA  	100.0             
0.6 	2.46906 uA  	100.0             

    real_indexs11=-360.984e-03  15.38% 3/14
0.0 	119.917 mA  	100.0             
0.1 	38.7614 mA  	100.0             
0.2 	3.29424 mA  	100.0             
0.3 	570.493 uA  	100.0             
0.4 	99.2143 uA  	100.0             
0.5 	13.306 uA   	100.0             

    real_indexs11=-280.765e-03  23.08% 4/14
0.0 	44.655 mA   	100.0             
0.1 	19.7631 mA  	100.0             
0.2 	1.29848 mA  	100.0             
0.3 	105.656 uA  	100.0             
0.4 	16.0776 uA  	100.0             
0.5 	2.49024 uA  	100.0             

    real_indexs11=-200.547e-03  30.77% 5/14
0.0 	41.6031 mA  	100.0             
0.1 	8.92597 mA  	100.0             
0.2 	1.05334 mA  	100.0             
0.3 	118.31 uA   	100.0             
0.4 	13.2592 uA  	100.0             
0.5 	1.57777 uA  	100.0             

    real_indexs11=-120.328e-03  38.46% 6/14
0.0 	37.3816 mA  	100.0             
0.1 	6.5839 mA   	100.0             
0.2 	834.312 uA  	100.0             
0.3 	97.5058 uA  	100.0             
0.4 	11.6534 uA  	100.0             
0.5 	1.34831 uA  	100.0             

    real_indexs11=-40.1093e-03  46.15% 7/14
0.0 	32.2446 mA  	100.0             
0.1 	7.66572 mA  	100.0             
0.2 	909.008 uA  	100.0             
0.3 	104.192 uA  	100.0             
0.4 	11.9693 uA  	100.0             
0.5 	1.36238 uA  	100.0             

    real_indexs11=40.1093e-03   53.85% 8/14
0.0 	31.1782 mA  	100.0             
0.1 	7.93442 mA  	100.0             
0.2 	901.46 uA   	100.0             
0.3 	101.23 uA   	100.0             
0.4 	11.4491 uA  	100.0             
0.5 	1.29309 uA  	100.0             

    real_indexs11=120.328e-03   61.54% 9/14
0.0 	42.8983 mA  	100.0             
0.1 	8.71325 mA  	100.0             
0.2 	949.969 uA  	100.0             
0.3 	106.563 uA  	100.0             
0.4 	11.8262 uA  	100.0             
0.5 	1.30516 uA  	100.0             

    real_indexs11=200.547e-03   69.23% 10/14
0.0 	57.1631 mA  	100.0             
0.1 	9.26278 mA  	100.0             
0.2 	966.63 uA   	100.0             
0.3 	107.685 uA  	100.0             
0.4 	11.4647 uA  	100.0             
0.5 	1.18731 uA  	100.0             

    real_indexs11=280.765e-03   76.92% 11/14
0.0 	72.9852 mA  	100.0             
0.1 	9.76297 mA  	100.0             
0.2 	1.01006 mA  	100.0             
0.3 	114.136 uA  	100.0             
0.4 	11.7314 uA  	100.0             
0.5 	1.12466 uA  	100.0             

    real_indexs11=360.984e-03   84.62% 12/14
0.0 	92.4243 mA  	100.0             
0.1 	11.3608 mA  	100.0             
0.2 	1.24588 mA  	100.0             
0.3 	144.249 uA  	100.0             
0.4 	14.2862 uA  	100.0             
0.5 	1.62279 uA  	100.0             

    real_indexs11=441.203e-03   92.31% 13/14
0.0 	134.721 mA  	100.0             
0.1 	14.6784 mA  	100.0             
0.2 	1.91685 mA  	100.0             
0.3 	284.131 uA  	100.0             
0.4 	42.4012 uA  	100.0             
0.5 	5.48253 uA  	100.0             

    real_indexs11=521.422e-03  100.00% 14/14
0.0 	172.572 mA  	100.0             
0.1 	21.4226 mA  	100.0             
0.2 	2.75829 mA  	100.0             
0.3 	457.007 uA  	100.0             
0.4 	76.5588 uA  	100.0             
0.5 	10.8448 uA  	100.0             
0.6 	1.30704 uA  	100.0             

An HB truncation error may be present.
o The HB truncation error is due to using a finite order 
  (number of harmonics) in the representation of the
  circuit signals.

Waveform                Trunc error             Tolerance
---------------------------------------------------------
N__4                    6.845e-03       >       4.965e-06
P_Load.deltav           3.422e-03       >       2.983e-06
X1._net415              1.838e-03       >       6.315e-06
X1.X2._net502           1.838e-03       >       6.315e-06
X1.X2.vg1               2.086e-04       >       1.490e-06

o Number of waveforms violating the HB truncation error check:
        11 out of 13 waveforms.
o Estimated max HB truncation error: 6.845e-03 @ waveform N__4 .
o The maximal HB truncation error estimate is greater than the 
  achieved tolerance of 4.965e-06 for this waveform.
o A time-domain plot of the N__1 waveform may show the error as 
  Gibbs ripples.
o To reduce the error, increase the order (number of harmonics) 
  and re-simulate.

HB Sweep1[1].HB1[3/14] <GF_lib:HB1Tone_SourcePull:schematic>  imag_indexs11=-549.231e-03  real_indexs11=(-648.726e-03->648.726e-03)
    real_indexs11=-648.726e-03   0.00% 1/14
0.0*	4.1105 A    	100.0             
        Newton iteration failed, damping activated
1.0*	7.58582 A   	 50.0             
2.0*	2.05525 A   	100.0             
3.0*	1.78393 A   	100.0             
4.0 	1.10618 mA  	100.0             
4.1 	4.91543 uA  	100.0	4.20734 uV   
    real_indexs11=-548.922e-03   7.69% 2/14
0.0 	1.17529 A   	100.0             
0.1 	528.769 mA  	100.0             
0.2 	88.2412 mA  	100.0             
0.3 	19.1515 mA  	100.0             
0.4 	3.42018 mA  	100.0             
0.5 	462.568 uA  	100.0             
0.6 	46.1839 uA  	100.0             
0.7 	17.5781 uA  	100.0             

    real_indexs11=-449.118e-03  15.38% 3/14
0.0 	361.679 mA  	100.0             
0.1 	184.886 mA  	100.0             
0.2 	22.7142 mA  	100.0             
0.3 	4.80094 mA  	100.0             
0.4 	903.927 uA  	100.0             
0.5 	140.583 uA  	100.0             
0.6 	25.5807 uA  	100.0             
0.7 	3.93909 uA  	100.0             

    real_indexs11=-349.314e-03  23.08% 4/14
0.0 	166.806 mA  	100.0             
0.1 	57.0969 mA  	100.0             
0.2 	7.61842 mA  	100.0             
0.3 	1.58459 mA  	100.0             
0.4 	358.041 uA  	100.0             
0.5 	69.8026 uA  	100.0             
0.6 	12.2392 uA  	100.0             

    real_indexs11=-249.51e-03   30.77% 5/14
0.0 	117.056 mA  	100.0             
0.1 	41.6169 mA  	100.0             
0.2 	4.52915 mA  	100.0             
0.3 	745.23 uA   	100.0             
0.4 	155.681 uA  	100.0             
0.5 	32.5127 uA  	100.0             
0.6 	6.02831 uA  	100.0             

    real_indexs11=-149.706e-03  38.46% 6/14
0.0 	86.4685 mA  	100.0             
0.1 	32.6917 mA  	100.0             
0.2 	3.96109 mA  	100.0             
0.3 	715.129 uA  	100.0             
0.4 	107.429 uA  	100.0             
0.5 	17.9018 uA  	100.0             
0.6 	2.98681 uA  	100.0             

    real_indexs11=-49.902e-03   46.15% 7/14
0.0 	82.6641 mA  	100.0             
0.1 	25.3156 mA  	100.0             
0.2 	3.56595 mA  	100.0             
0.3 	610.005 uA  	100.0             
0.4 	97.6832 uA  	100.0             
0.5 	15.6844 uA  	100.0             
0.6 	2.56386 uA  	100.0             

    real_indexs11=49.902e-03    53.85% 8/14
0.0 	93.5617 mA  	100.0             
0.1 	18.8865 mA  	100.0             
0.2 	2.79663 mA  	100.0             
0.3 	460.733 uA  	100.0             
0.4 	74.1757 uA  	100.0             
0.5 	11.9913 uA  	100.0             
0.6 	1.93613 uA  	100.0             

    real_indexs11=149.706e-03   61.54% 9/14
0.0 	111.294 mA  	100.0             
0.1 	23.4084 mA  	100.0             
0.2 	3.28702 mA  	100.0             
0.3 	544.88 uA   	100.0             
0.4 	86.5027 uA  	100.0             
0.5 	13.6693 uA  	100.0             
0.6 	2.14432 uA  	100.0             

    real_indexs11=249.51e-03    69.23% 10/14
0.0 	132.389 mA  	100.0             
0.1 	18.4979 mA  	100.0             
0.2 	3.14027 mA  	100.0             
0.3 	526.927 uA  	100.0             
0.4 	91.7292 uA  	100.0             
0.5 	15.194 uA   	100.0             
0.6 	2.42853 uA  	100.0             

    real_indexs11=349.314e-03   76.92% 11/14
0.0 	161.624 mA  	100.0             
0.1 	20.817 mA   	100.0             
0.2 	3.21055 mA  	100.0             
0.3 	622.47 uA   	100.0             
0.4 	114.705 uA  	100.0             
0.5 	19.2609 uA  	100.0             
0.6 	2.96922 uA  	100.0             

    real_indexs11=449.118e-03   84.62% 12/14
0.0 	195.396 mA  	100.0             
0.1 	23.4023 mA  	100.0             
0.2 	3.51839 mA  	100.0             
0.3 	636.662 uA  	100.0             
0.4 	117.376 uA  	100.0             
0.5 	21.4432 uA  	100.0             
0.6 	3.34491 uA  	100.0             

    real_indexs11=548.922e-03   92.31% 13/14
0.0 	239.442 mA  	100.0             
0.1 	32.7789 mA  	100.0             
0.2 	5.64422 mA  	100.0             
0.3 	1.00662 mA  	100.0             
0.4 	161.753 uA  	100.0             
0.5 	32.054 uA   	100.0             
0.6 	5.16926 uA  	100.0             

    real_indexs11=648.726e-03  100.00% 14/14
0.0 	402.533 mA  	100.0             
0.1 	69.6554 mA  	100.0             
0.2 	11.1332 mA  	100.0             
0.3 	3.12502 mA  	100.0             
0.4 	957.919 uA  	100.0             
0.5 	223.004 uA  	100.0             
0.6 	39.6096 uA  	100.0             
0.7 	4.61013 uA  	100.0             

An HB truncation error may be present.
o The HB truncation error is due to using a finite order 
  (number of harmonics) in the representation of the
  circuit signals.

Waveform                Trunc error             Tolerance
---------------------------------------------------------
N__4                    6.397e-03       >       4.829e-06
P_Load.deltav           3.199e-03       >       2.914e-06
X1._net415              1.838e-03       >       6.132e-06
X1.X2._net502           1.838e-03       >       6.132e-06
X1.X2._net642           1.866e-04       >       1.478e-06

o Number of waveforms violating the HB truncation error check:
        11 out of 13 waveforms.
o Estimated max HB truncation error: 6.397e-03 @ waveform N__4 .
o The maximal HB truncation error estimate is greater than the 
  achieved tolerance of 4.829e-06 for this waveform.
o A time-domain plot of the N__1 waveform may show the error as 
  Gibbs ripples.
o To reduce the error, increase the order (number of harmonics) 
  and re-simulate.

HB Sweep1[1].HB1[4/14] <GF_lib:HB1Tone_SourcePull:schematic>  imag_indexs11=-427.179e-03  real_indexs11=(-734.859e-03->734.859e-03)
    real_indexs11=-734.859e-03   0.00% 1/14
0.0*	5.72008 A   	100.0             
        Newton iteration failed, damping activated
1.0*	16.3832 A   	 50.0             
2.0*	3.89782 A   	100.0             
3.0*	4.13582 A   	100.0             
4.0 	47.4439 mA  	100.0             
4.1 	16.5629 mA  	100.0             
4.2 	6.21342 mA  	100.0             
4.3 	2.3375 mA   	100.0             
4.4 	875.867 uA  	100.0             
4.5 	326.753 uA  	100.0             
4.6 	121.489 uA  	100.0             
4.7 	45.0661 uA  	100.0             
4.8 	16.6923 uA  	100.0             
4.9 	6.17698 uA  	100.0             
4.10 	2.28446 uA  	100.0	15.4052 uV   
    real_indexs11=-621.804e-03   7.69% 2/14
0.0 	2.85325 A   	100.0             
0.1 	1.91566 A   	100.0             
0.2*	762.804 mA  	100.0             
1.0 	4.77784 mA  	100.0             
1.1 	584.359 uA  	100.0             
1.2 	75.084 uA   	100.0             
1.3 	9.45692 uA  	100.0             
1.4 	1.16974 uA  	100.0	7.44974 uV   

    real_indexs11=-508.749e-03  15.38% 3/14
0.0 	1.00557 A   	100.0             
0.1 	369.241 mA  	100.0             
0.2 	67.6466 mA  	100.0             
0.3 	24.4578 mA  	100.0             
0.4 	8.42321 mA  	100.0             
0.5 	2.06057 mA  	100.0             
0.6 	374.578 uA  	100.0             
0.7 	41.2095 uA  	100.0             
0.8 	7.01178 uA  	100.0             

    real_indexs11=-395.693e-03  23.08% 4/14
0.0 	443.809 mA  	100.0             
0.1 	179.929 mA  	100.0             
0.2 	21.8628 mA  	100.0             
0.3 	6.2767 mA   	100.0             
0.4 	1.73396 mA  	100.0             
0.5 	445.309 uA  	100.0             
0.6 	106.277 uA  	100.0             
0.7 	21.0518 uA  	100.0             

    real_indexs11=-282.638e-03  30.77% 5/14
0.0 	1.39826 A   	100.0             
0.1 	738.358 mA  	100.0             
0.2 	106.848 mA  	100.0             
0.3 	5.31588 mA  	100.0             
0.4 	5.74569 mA  	100.0             
0.5*	2.14289 mA  	100.0             
1.0 	73.4305 nA  	100.0	54.7349 nV   

    real_indexs11=-169.583e-03  38.46% 6/14
0.0 	351.572 mA  	100.0             
0.1 	186.463 mA  	100.0             
0.2 	34.0384 mA  	100.0             
0.3 	6.34716 mA  	100.0             
0.4 	654.648 uA  	100.0             
0.5 	167.342 uA  	100.0             
0.6 	28.9845 uA  	100.0             
0.7 	9.11748 uA  	100.0             

    real_indexs11=-56.5276e-03  46.15% 7/14
0.0 	214.656 mA  	100.0             
0.1 	51.3935 mA  	100.0             
0.2 	7.37137 mA  	100.0             
0.3 	2.75983 mA  	100.0             
0.4 	356.611 uA  	100.0             
0.5 	142.601 uA  	100.0             
0.6 	16.9239 uA  	100.0             
0.7 	6.83309 uA  	100.0             

    real_indexs11=56.5276e-03   53.85% 8/14
0.0 	224.475 mA  	100.0             
0.1 	41.6468 mA  	100.0             
0.2 	6.36932 mA  	100.0             
0.3 	1.51723 mA  	100.0             
0.4 	225.251 uA  	100.0             
0.5 	55.9128 uA  	100.0             
0.6 	9.40365 uA  	100.0             
0.7 	2.1805 uA   	100.0             

    real_indexs11=169.583e-03   61.54% 9/14
0.0 	217.368 mA  	100.0             
0.1 	27.998 mA   	100.0             
0.2 	5.01083 mA  	100.0             
0.3 	1.0438 mA   	100.0             
0.4 	226.026 uA  	100.0             
0.5 	48.453 uA   	100.0             
0.6 	10.3814 uA  	100.0             
0.7 	2.20667 uA  	100.0             

    real_indexs11=282.638e-03   69.23% 10/14
0.0 	236.563 mA  	100.0             
0.1 	27.1226 mA  	100.0             
0.2 	4.37569 mA  	100.0             
0.3 	992.874 uA  	100.0             
0.4 	222.55 uA   	100.0             
0.5 	48.2105 uA  	100.0             
0.6 	11.2482 uA  	100.0             

    real_indexs11=395.693e-03   76.92% 11/14
0.0 	277.623 mA  	100.0             
0.1 	33.4704 mA  	100.0             
0.2 	5.00194 mA  	100.0             
0.3 	1.0757 mA   	100.0             
0.4 	234.918 uA  	100.0             
0.5 	53.2673 uA  	100.0             
0.6 	12.5144 uA  	100.0             
0.7 	2.72295 uA  	100.0             

    real_indexs11=508.749e-03   84.62% 12/14
0.0 	356.964 mA  	100.0             
0.1 	43.0893 mA  	100.0             
0.2 	9.25052 mA  	100.0             
0.3 	2.83806 mA  	100.0             
0.4 	722.796 uA  	100.0             
0.5 	152.807 uA  	100.0             
0.6 	26.5467 uA  	100.0             
0.7 	4.911 uA    	100.0             

    real_indexs11=621.804e-03   92.31% 13/14
0.0 	478.762 mA  	100.0             
0.1 	66.3413 mA  	100.0             
0.2 	15.96 mA    	100.0             
0.3 	5.65229 mA  	100.0             
0.4 	1.76973 mA  	100.0             
0.5 	431.281 uA  	100.0             
0.6 	79.6181 uA  	100.0             
0.7 	14.681 uA   	100.0             
0.8 	4.14214 uA  	100.0             

    real_indexs11=734.859e-03  100.00% 14/14
0.0 	525.661 mA  	100.0             
0.1 	149.889 mA  	100.0             
0.2 	42.3504 mA  	100.0             
0.3 	15.3216 mA  	100.0             
0.4 	4.77896 mA  	100.0             
0.5 	1.01181 mA  	100.0             
0.6 	179.729 uA  	100.0             
0.7 	53.6351 uA  	100.0             
0.8 	20.015 uA   	100.0             
0.9 	4.70966 uA  	100.0             

An HB truncation error may be present.
o The HB truncation error is due to using a finite order 
  (number of harmonics) in the representation of the
  circuit signals.

Waveform                Trunc error             Tolerance
---------------------------------------------------------
N__4                    6.145e-03       >       4.746e-06
P_Load.deltav           3.072e-03       >       2.873e-06
X1._net415              1.815e-03       >       6.021e-06
X1.X2._net502           1.815e-03       >       6.021e-06
X1.X2._net642           1.739e-04       >       1.465e-06

o Number of waveforms violating the HB truncation error check:
        11 out of 13 waveforms.
o Estimated max HB truncation error: 6.145e-03 @ waveform N__4 .
o The maximal HB truncation error estimate is greater than the 
  achieved tolerance of 4.746e-06 for this waveform.
o A time-domain plot of the N__1 waveform may show the error as 
  Gibbs ripples.
o To reduce the error, increase the order (number of harmonics) 
  and re-simulate.

HB Sweep1[1].HB1[5/14] <GF_lib:HB1Tone_SourcePull:schematic>  imag_indexs11=-305.128e-03  real_indexs11=(-793.345e-03->793.345e-03)
    real_indexs11=-793.345e-03   0.00% 1/14
0.0*	7.83285 A   	100.0             
        Newton iteration failed, damping activated
1.0*	26.8086 A   	 25.0             
2.0*	5.87464 A   	 50.0             
3.0*	5.65369 A   	100.0             
4.0*	3.81279 A   	100.0             
5.0 	3.18226 A   	100.0             
5.1 	185.609 mA  	100.0             
5.2 	98.417 mA   	100.0             
5.3 	44.5945 mA  	100.0             
5.4 	21.4549 mA  	100.0             
5.5 	9.89377 mA  	100.0             
5.6 	4.60028 mA  	100.0             
5.7 	2.15389 mA  	100.0             
5.8 	1.01705 mA  	100.0             
5.9 	485.082 uA  	100.0             
5.10 	233.808 uA  	100.0             
5.11 	113.875 uA  	100.0             
5.12 	56.0151 uA  	100.0             
5.13 	27.8091 uA  	100.0             
5.14 	13.9223 uA  	100.0             
5.15 	7.02241 uA  	100.0	8.98952 uV   
    real_indexs11=-671.292e-03   7.69% 2/14
0.0 	4.36659 A   	100.0             
0.1 	4.14272 A   	100.0             
0.2*	1.86791 A   	100.0             
1.0 	42.5654 mA  	100.0             
1.1 	9.92779 mA  	100.0             
1.2 	2.87868 mA  	100.0             
1.3 	842.855 uA  	100.0             
1.4 	247.06 uA   	100.0             
1.5 	72.1877 uA  	100.0             
1.6 	21.1013 uA  	100.0             
1.7 	6.16581 uA  	100.0	3.87339 uV   
1.8 	1.80182 uA  	100.0	23.0633 uV   

    real_indexs11=-549.239e-03  15.38% 3/14
0.0 	1.9685 A    	100.0             
0.1 	971.476 mA  	100.0             
0.2 	195.552 mA  	100.0             
0.3 	53.7857 mA  	100.0             
0.4 	24.9658 mA  	100.0             
0.5 	8.71327 mA  	100.0             
0.6 	2.0868 mA   	100.0             
0.7 	380.358 uA  	100.0             
0.8 	106.336 uA  	100.0             
0.9 	41.5204 uA  	100.0             
0.10 	15.9923 uA  	100.0             

    real_indexs11=-427.186e-03  23.08% 4/14
0.0 	7.43526 A   	100.0             
0.1 	3.61553 A   	100.0             
0.2 	948.472 mA  	100.0             
0.3 	43.7762 mA  	100.0             
        Samanskii-Newton iteration failed
0.4*	95.6359 mA  	100.0             
1.0 	70.437 uA   	100.0             
1.1 	252.955 nA  	100.0	268.198 nV   

    real_indexs11=-305.133e-03  30.77% 5/14
0.0 	579.845 mA  	100.0             
0.1 	205.37 mA   	100.0             
0.2 	54.25 mA    	100.0             
0.3 	11.2826 mA  	100.0             
0.4 	2.32687 mA  	100.0             
0.5 	1.18602 mA  	100.0             
0.6 	241.27 uA   	100.0             
0.7 	126.873 uA  	100.0             
0.8 	35.3921 uA  	100.0             
0.9 	14.2122 uA  	100.0             
0.10 	5.25581 uA  	100.0             

    real_indexs11=-183.08e-03   38.46% 6/14
0.0 	455.268 mA  	100.0             
0.1 	107.155 mA  	100.0             
0.2 	25.0759 mA  	100.0             
0.3 	4.82832 mA  	100.0             
0.4 	1.0957 mA   	100.0             
0.5 	300.398 uA  	100.0             
0.6 	73.4674 uA  	100.0             
0.7 	30.3257 uA  	100.0             
0.8 	7.28895 uA  	100.0             
0.9 	2.92693 uA  	100.0             

    real_indexs11=-61.0266e-03  46.15% 7/14
0.0 	355.485 mA  	100.0             
0.1 	75.8149 mA  	100.0             
0.2 	18.208 mA   	100.0             
0.3 	5.89129 mA  	100.0             
0.4 	1.60034 mA  	100.0             
0.5 	660.328 uA  	100.0             
0.6 	206.083 uA  	100.0             
0.7 	78.9545 uA  	100.0             
0.8 	26.0591 uA  	100.0             
0.9 	9.6337 uA   	100.0             
0.10 	3.23834 uA  	100.0             

    real_indexs11=61.0266e-03   53.85% 8/14
0.0 	354.021 mA  	100.0             
0.1 	59.6412 mA  	100.0             
0.2 	19.1403 mA  	100.0             
0.3 	5.22398 mA  	100.0             
0.4 	1.68807 mA  	100.0             
0.5 	508.211 uA  	100.0             
0.6 	137.767 uA  	100.0             
0.7 	43.069 uA   	100.0             
0.8 	10.674 uA   	100.0             

    real_indexs11=183.08e-03    61.54% 9/14
0.0 	354.176 mA  	100.0             
0.1 	38.0714 mA  	100.0             
0.2 	10.4625 mA  	100.0             
0.3 	2.00134 mA  	100.0             
0.4 	563.271 uA  	100.0             
0.5 	124.307 uA  	100.0             
0.6 	32.1798 uA  	100.0             
0.7 	7.68526 uA  	100.0             

    real_indexs11=305.133e-03   69.23% 10/14
0.0 	339.734 mA  	100.0             
0.1 	33.1403 mA  	100.0             
0.2 	10.6916 mA  	100.0             
0.3 	2.74376 mA  	100.0             
0.4 	692.275 uA  	100.0             
0.5 	170.337 uA  	100.0             
0.6 	44.66 uA    	100.0             
0.7 	11.5644 uA  	100.0             

    real_indexs11=427.186e-03   76.92% 11/14
0.0 	357.262 mA  	100.0             
0.1 	39.9661 mA  	100.0             
0.2 	12.6313 mA  	100.0             
0.3 	3.75875 mA  	100.0             
0.4 	968.916 uA  	100.0             
0.5 	232.486 uA  	100.0             
0.6 	64.8314 uA  	100.0             
0.7 	17.39 uA    	100.0             
0.8 	4.3892 uA   	100.0             

    real_indexs11=549.239e-03   84.62% 12/14
0.0 	414.342 mA  	100.0             
0.1 	55.5078 mA  	100.0             
0.2 	14.8995 mA  	100.0             
0.3 	4.67408 mA  	100.0             
0.4 	1.35739 mA  	100.0             
0.5 	359.071 uA  	100.0             
0.6 	116.394 uA  	100.0             
0.7 	34.4393 uA  	100.0             
0.8 	10.792 uA   	100.0             

    real_indexs11=671.292e-03   92.31% 13/14
0.0 	538.508 mA  	100.0             
0.1 	109.23 mA   	100.0             
0.2 	34.5161 mA  	100.0             
0.3 	13.6289 mA  	100.0             
0.4 	4.50444 mA  	100.0             
0.5 	1.12557 mA  	100.0             
0.6 	440.377 uA  	100.0             
0.7 	156.267 uA  	100.0             
0.8 	55.3726 uA  	100.0             
0.9 	21.2572 uA  	100.0             
0.10 	6.4641 uA   	100.0             

    real_indexs11=793.345e-03  100.00% 14/14
0.0 	936.672 mA  	100.0             
0.1 	346.187 mA  	100.0             
0.2 	109.274 mA  	100.0             
0.3 	67.1668 mA  	100.0             
0.4 	30.4521 mA  	100.0             
0.5 	7.62592 mA  	100.0             
0.6 	2.32459 mA  	100.0             
0.7 	1.297 mA    	100.0             
0.8 	598.35 uA   	100.0             
0.9 	168.987 uA  	100.0             
0.10 	49.6359 uA  	100.0             
0.11 	30.1561 uA  	100.0             
0.12 	13.3646 uA  	100.0             
0.13 	3.73343 uA  	100.0             

An HB truncation error may be present.
o The HB truncation error is due to using a finite order 
  (number of harmonics) in the representation of the
  circuit signals.

Waveform                Trunc error             Tolerance
---------------------------------------------------------
N__4                    5.801e-03       >       4.692e-06
P_Load.deltav           2.900e-03       >       2.846e-06
X1._net415              1.722e-03       >       5.949e-06
X1.X2._net502           1.722e-03       >       5.949e-06
X1.X2._net642           1.662e-04       >       1.458e-06

o Number of waveforms violating the HB truncation error check:
        11 out of 13 waveforms.
o Estimated max HB truncation error: 5.801e-03 @ waveform N__4 .
o The maximal HB truncation error estimate is greater than the 
  achieved tolerance of 4.692e-06 for this waveform.
o A time-domain plot of the N__1 waveform may show the error as 
  Gibbs ripples.
o To reduce the error, increase the order (number of harmonics) 
  and re-simulate.

HB Sweep1[1].HB1[6/14] <GF_lib:HB1Tone_SourcePull:schematic>  imag_indexs11=-183.077e-03  real_indexs11=(-830.05e-03->830.05e-03)
    real_indexs11=-830.05e-03    0.00% 1/14
0.0*	11.0403 A   	100.0             
        Newton iteration failed, damping activated
1.0*	31.2586 A   	 25.0             
2.0*	8.28019 A   	 25.0             
3.0*	6.35499 A   	 50.0             
4.0*	6.98009 A   	100.0             
5.0*	7.94478 A   	100.0             
6.0 	483.018 mA  	100.0             
6.1 	464.328 mA  	100.0             
6.2*	398.13 mA   	100.0             
7.0 	87.8024 mA  	100.0             
7.1 	11.7813 mA  	100.0             
7.2 	1.95562 mA  	100.0             
7.3 	338.002 uA  	100.0             
7.4 	59.6265 uA  	100.0             
7.5 	10.6528 uA  	100.0	17.9745 uV   
    real_indexs11=-702.35e-03    7.69% 2/14
0.0 	10.617 A    	100.0             
0.1 	9.50878 A   	100.0             
0.2*	3.67871 A   	100.0             
1.0 	143.678 mA  	100.0             
1.1 	8.70815 mA  	100.0             
1.2 	2.52215 mA  	100.0             
1.3 	736.178 uA  	100.0             
1.4 	213.652 uA  	100.0             
1.5 	61.7784 uA  	100.0             
1.6 	17.8494 uA  	100.0             
1.7 	5.15632 uA  	100.0	40.2937 uV   
1.8 	1.4895 uA   	100.0	11.6392 uV   

    real_indexs11=-574.65e-03   15.38% 3/14
0.0 	10.9649 A   	100.0             
0.1 	6.67652 A   	100.0             
0.2 	2.497 A     	100.0             
0.3 	329.208 mA  	100.0             
0.4 	281.425 mA  	100.0             
0.5*	233.519 mA  	100.0             
1.0 	191.336 uA  	100.0             
1.1 	251.249 nA  	100.0	83.749 nV    

    real_indexs11=-446.95e-03   23.08% 4/14
0.0 	1.51953 A   	100.0             
0.1 	905.807 mA  	100.0             
0.2 	183.809 mA  	100.0             
0.3 	37.0251 mA  	100.0             
0.4 	5.46223 mA  	100.0             
0.5 	1.97123 mA  	100.0             
0.6 	676.323 uA  	100.0             
0.7 	345.865 uA  	100.0             
0.8 	88.7816 uA  	100.0             
0.9 	40.3814 uA  	100.0             
0.10 	17.6293 uA  	100.0             
0.11 	7.85192 uA  	100.0             
0.12 	3.52735 uA  	100.0             
0.13 	1.5567 uA   	100.0             

    real_indexs11=-319.25e-03   30.77% 5/14
0.0 	709.515 mA  	100.0             
0.1 	397.553 mA  	100.0             
0.2 	61.9378 mA  	100.0             
0.3 	12.4588 mA  	100.0             
0.4 	2.96777 mA  	100.0             
0.5 	1.24989 mA  	100.0             
0.6 	221.646 uA  	100.0             
0.7 	188.182 uA  	100.0             
0.8 	33.9657 uA  	100.0             
0.9 	23.2357 uA  	100.0             
0.10 	5.1175 uA   	100.0             
0.11 	2.71092 uA  	100.0             

    real_indexs11=-191.55e-03   38.46% 6/14
0.0 	4.36734 A   	100.0             
0.1 	2.90993 A   	100.0             
0.2 	939.766 mA  	100.0             
0.3 	253.877 mA  	100.0             
0.4 	39.5655 mA  	100.0             
0.5 	1.75395 mA  	100.0             
        Samanskii-Newton iteration failed
0.6*	4.29799 mA  	100.0             
1.0 	1.35687 uA  	100.0	2.83791 uV   

    real_indexs11=-63.85e-03    46.15% 7/14
0.0 	486.703 mA  	100.0             
0.1 	84.5644 mA  	100.0             
0.2 	34.6312 mA  	100.0             
0.3 	6.71518 mA  	100.0             
0.4 	3.25887 mA  	100.0             
0.5 	916.912 uA  	100.0             
0.6 	404.863 uA  	100.0             
0.7 	148.289 uA  	100.0             
0.8 	57.1673 uA  	100.0             
0.9 	22.0482 uA  	100.0             
0.10 	8.17973 uA  	100.0             
0.11 	3.1733 uA   	100.0             

    real_indexs11=63.85e-03     53.85% 8/14
0.0 	477.296 mA  	100.0             
0.1 	65.882 mA   	100.0             
0.2 	30.2229 mA  	100.0             
0.3 	7.81174 mA  	100.0             
0.4 	3.46721 mA  	100.0             
0.5 	1.27383 mA  	100.0             
0.6 	486.098 uA  	100.0             
0.7 	183.948 uA  	100.0             
0.8 	67.088 uA   	100.0             
0.9 	24.8838 uA  	100.0             
0.10 	8.91637 uA  	100.0             

    real_indexs11=191.55e-03    61.54% 9/14
0.0 	463.184 mA  	100.0             
0.1 	56.2805 mA  	100.0             
0.2 	26.7602 mA  	100.0             
0.3 	4.4678 mA   	100.0             
0.4 	2.23753 mA  	100.0             
0.5 	348.48 uA   	100.0             
0.6 	164.877 uA  	100.0             
0.7 	26.275 uA   	100.0             
0.8 	11.2725 uA  	100.0             

    real_indexs11=319.25e-03    69.23% 10/14
0.0 	423.175 mA  	100.0             
0.1 	34.4606 mA  	100.0             
0.2 	12.2519 mA  	100.0             
0.3 	3.40127 mA  	100.0             
0.4 	1.066 mA    	100.0             
0.5 	325.266 uA  	100.0             
0.6 	101.375 uA  	100.0             
0.7 	31.0265 uA  	100.0             
0.8 	9.42875 uA  	100.0             

    real_indexs11=446.95e-03    76.92% 11/14
0.0 	386.333 mA  	100.0             
0.1 	33.8979 mA  	100.0             
0.2 	11.7659 mA  	100.0             
0.3 	3.95775 mA  	100.0             
0.4 	1.2942 mA   	100.0             
0.5 	411.359 uA  	100.0             
0.6 	136.581 uA  	100.0             
0.7 	46.1354 uA  	100.0             
0.8 	15.2063 uA  	100.0             
0.9 	4.98016 uA  	100.0             

    real_indexs11=574.65e-03    84.62% 12/14
0.0 	411.714 mA  	100.0             
0.1 	61.7413 mA  	100.0             
0.2 	21.5666 mA  	100.0             
0.3 	9.23462 mA  	100.0             
0.4 	3.64473 mA  	100.0             
0.5 	1.33684 mA  	100.0             
0.6 	454.184 uA  	100.0             
0.7 	140.473 uA  	100.0             
0.8 	60.9686 uA  	100.0             
0.9 	25.7969 uA  	100.0             
0.10 	10.0787 uA  	100.0             

    real_indexs11=702.35e-03    92.31% 13/14
0.0 	635.8 mA    	100.0             
0.1 	196.366 mA  	100.0             
0.2 	96.1814 mA  	100.0             
0.3 	53.874 mA   	100.0             
0.4 	23.6539 mA  	100.0             
0.5 	7.99029 mA  	100.0             
0.6 	3.46508 mA  	100.0             
0.7 	1.88603 mA  	100.0             
0.8 	845.207 uA  	100.0             
0.9 	430.179 uA  	100.0             
0.10 	234.533 uA  	100.0             
0.11 	105.299 uA  	100.0             
0.12 	38.6693 uA  	100.0             
0.13 	12.446 uA   	100.0             
0.14 	7.37774 uA  	100.0             

    real_indexs11=830.05e-03   100.00% 14/14
0.0 	863.904 mA  	100.0             
0.1 	913.981 mA  	100.0             
0.2 	465.374 mA  	100.0             
0.3 	330.078 mA  	100.0             
0.4*	144.479 mA  	100.0             
1.0 	244.433 uA  	100.0             
1.1 	498.556 nA  	100.0	303.291 nV   

An HB truncation error may be present.
o The HB truncation error is due to using a finite order 
  (number of harmonics) in the representation of the
  circuit signals.

Waveform                Trunc error             Tolerance
---------------------------------------------------------
N__4                    5.819e-03       >       4.666e-06
P_Load.deltav           2.910e-03       >       2.833e-06
X1._net415              1.776e-03       >       5.914e-06
X1.X2._net502           1.776e-03       >       5.914e-06
X1.X2._net642           1.685e-04       >       1.453e-06

o Number of waveforms violating the HB truncation error check:
        11 out of 13 waveforms.
o Estimated max HB truncation error: 5.819e-03 @ waveform N__4 .
o The maximal HB truncation error estimate is greater than the 
  achieved tolerance of 4.666e-06 for this waveform.
o A time-domain plot of the N__1 waveform may show the error as 
  Gibbs ripples.
o To reduce the error, increase the order (number of harmonics) 
  and re-simulate.

HB Sweep1[1].HB1[7/14] <GF_lib:HB1Tone_SourcePull:schematic>  imag_indexs11=-61.0256e-03  real_indexs11=(-847.807e-03->847.807e-03)
    real_indexs11=-847.807e-03   0.00% 1/14
0.0*	16.5851 A   	100.0             
        Newton iteration failed, damping activated
1.0*	44.5526 A   	 12.5             
2.0*	14.512 A    	 12.5             
3.0*	12.698 A    	 12.5             
4.0*	11.1107 A   	 25.0             
5.0*	8.33305 A   	 50.0             
6.0*	6.02015 A   	100.0             
7.0 	384.25 mA   	 25.0             
7.1 	441.524 mA  	 25.0             
7.2 	487.31 mA   	 50.0             
7.3*	338.568 mA  	100.0             
8.0 	41.0839 mA  	100.0             
8.1 	3.1421 mA   	100.0             
8.2 	329.865 uA  	100.0             
8.3 	32.4537 uA  	100.0             
8.4 	3.22763 uA  	100.0	8.39575 uV   
    real_indexs11=-717.375e-03   7.69% 2/14
0.0 	6.65632 A   	100.0             
0.1 	7.15128 A   	100.0             
0.2*	4.02261 A   	100.0             
1.0 	209.176 mA  	100.0             
1.1 	22.9215 mA  	100.0             
1.2 	4.27313 mA  	100.0             
1.3 	877.636 uA  	100.0             
1.4 	154.633 uA  	100.0             
1.5 	32.3307 uA  	100.0	6.56494 uV   
1.6 	5.71176 uA  	100.0	11.6934 uV   

    real_indexs11=-586.943e-03  15.38% 3/14
0.0 	2.02527 A   	100.0             
0.1 	1.15091 A   	100.0             
0.2 	584.962 mA  	100.0             
0.3 	244.653 mA  	100.0             
0.4 	118.466 mA  	100.0             
0.5 	50.5354 mA  	100.0             
0.6 	23.2443 mA  	100.0             
0.7 	10.4396 mA  	100.0             
0.8 	4.70161 mA  	100.0             
0.9 	2.16168 mA  	100.0             
0.10 	966.464 uA  	100.0             
0.11 	447.272 uA  	100.0             
0.12 	199.627 uA  	100.0             
0.13 	92.5047 uA  	100.0             
0.14 	41.2596 uA  	100.0             
0.15 	19.1437 uA  	100.0             
0.16 	8.52021 uA  	100.0             

    real_indexs11=-456.511e-03  23.08% 4/14
0.0 	7.4008 A    	100.0             
0.1 	4.73398 A   	100.0             
0.2 	2.28679 A   	100.0             
0.3 	1.06363 A   	100.0             
0.4 	377.492 mA  	100.0             
0.5 	142.425 mA  	100.0             
0.6 	47.0455 mA  	100.0             
0.7 	15.6464 mA  	100.0             
0.8 	4.72502 mA  	100.0             
0.9 	1.61321 mA  	100.0             
0.10 	422.924 uA  	100.0             
0.11 	160.403 uA  	100.0             
0.12 	40.0189 uA  	100.0             
0.13 	16.0686 uA  	100.0             

    real_indexs11=-326.079e-03  30.77% 5/14
0.0 	707.515 mA  	100.0             
0.1 	333.376 mA  	100.0             
0.2 	60.0722 mA  	100.0             
0.3 	17.1407 mA  	100.0             
0.4 	4.67605 mA  	100.0             
0.5 	1.0844 mA   	100.0             
0.6 	356.368 uA  	100.0             
0.7 	119.868 uA  	100.0             
0.8 	42.8024 uA  	100.0             
0.9 	19.5297 uA  	100.0             
0.10 	7.26719 uA  	100.0             
0.11 	3.17467 uA  	100.0             

    real_indexs11=-195.648e-03  38.46% 6/14
0.0 	593.102 mA  	100.0             
0.1 	119.003 mA  	100.0             
0.2 	65.7776 mA  	100.0             
0.3 	12.1155 mA  	100.0             
0.4 	7.06409 mA  	100.0             
0.5 	1.27143 mA  	100.0             
0.6 	769.688 uA  	100.0             
0.7 	196.478 uA  	100.0             
0.8 	95.8973 uA  	100.0             
0.9 	34.9611 uA  	100.0             
0.10 	14.5223 uA  	100.0             
0.11 	6.36 uA     	100.0             
0.12 	2.52666 uA  	100.0             

    real_indexs11=-65.2159e-03  46.15% 7/14
0.0 	628.177 mA  	100.0             
0.1 	107.9 mA    	100.0             
0.2 	40.7707 mA  	100.0             
0.3 	9.25543 mA  	100.0             
0.4 	3.16961 mA  	100.0             
0.5 	908.625 uA  	100.0             
0.6 	327.995 uA  	100.0             
0.7 	120.314 uA  	100.0             
0.8 	50.0859 uA  	100.0             
0.9 	20.0473 uA  	100.0             
0.10 	8.18592 uA  	100.0             
0.11 	3.31008 uA  	100.0             

    real_indexs11=65.2159e-03   53.85% 8/14
0.0 	556.572 mA  	100.0             
0.1 	156.815 mA  	100.0             
0.2 	38.9627 mA  	100.0             
0.3 	10.0357 mA  	100.0             
0.4 	5.11551 mA  	100.0             
0.5 	1.66589 mA  	100.0             
0.6 	764.947 uA  	100.0             
0.7 	286.583 uA  	100.0             
0.8 	121.32 uA   	100.0             
0.9 	46.3257 uA  	100.0             
0.10 	18.6152 uA  	100.0             
0.11 	7.03077 uA  	100.0             

    real_indexs11=195.648e-03   61.54% 9/14
0.0 	828.406 mA  	100.0             
0.1 	322.191 mA  	100.0             
0.2 	70.0427 mA  	100.0             
0.3 	28.4557 mA  	100.0             
0.4 	6.17132 mA  	100.0             
0.5 	2.67798 mA  	100.0             
0.6 	556.976 uA  	100.0             
0.7 	254.147 uA  	100.0             
0.8 	49.6514 uA  	100.0             
0.9 	23.4256 uA  	100.0             
0.10 	4.36957 uA  	100.0             

    real_indexs11=326.079e-03   69.23% 10/14
0.0 	458.529 mA  	100.0             
0.1 	35.3726 mA  	100.0             
0.2 	15.9949 mA  	100.0             
0.3 	4.33511 mA  	100.0             
0.4 	1.4284 mA   	100.0             
0.5 	450.639 uA  	100.0             
0.6 	143.722 uA  	100.0             
0.7 	45.7421 uA  	100.0             
0.8 	14.556 uA   	100.0             
0.9 	4.63297 uA  	100.0             

    real_indexs11=456.511e-03   76.92% 11/14
0.0 	386.988 mA  	100.0             
0.1 	29.8173 mA  	100.0             
0.2 	10.6455 mA  	100.0             
0.3 	3.79283 mA  	100.0             
0.4 	1.34864 mA  	100.0             
0.5 	478.436 uA  	100.0             
0.6 	169.336 uA  	100.0             
0.7 	59.7933 uA  	100.0             
0.8 	21.0626 uA  	100.0             
0.9 	7.40116 uA  	100.0             

    real_indexs11=586.943e-03   84.62% 12/14
0.0 	480.415 mA  	100.0             
0.1 	36.9927 mA  	100.0             
0.2 	15.7272 mA  	100.0             
0.3 	7.21106 mA  	100.0             
0.4 	3.2651 mA   	100.0             
0.5 	1.46193 mA  	100.0             
0.6 	647.982 uA  	100.0             
0.7 	284.537 uA  	100.0             
0.8 	123.849 uA  	100.0             
0.9 	53.4541 uA  	100.0             
0.10 	22.8821 uA  	100.0             
0.11 	9.71556 uA  	100.0             
0.12 	4.09138 uA  	100.0             

    real_indexs11=717.375e-03   92.31% 13/14
0.0 	1.15798 A   	100.0             
0.1 	213.922 mA  	100.0             
0.2 	113.649 mA  	100.0             
0.3 	58.434 mA   	100.0             
0.4 	28.8624 mA  	100.0             
0.5 	18.4235 mA  	100.0             
0.6 	11.5176 mA  	100.0             
0.7 	6.96115 mA  	100.0             
0.8 	4.0849 mA   	100.0             
0.9 	2.33228 mA  	100.0             
0.10 	1.29629 mA  	100.0             
0.11 	700.684 uA  	100.0             
0.12 	367.342 uA  	100.0             
0.13 	185.835 uA  	100.0             
0.14 	100.356 uA  	100.0             
0.15 	64.3472 uA  	100.0             
0.16 	39.7149 uA  	100.0             
0.17*	23.7414 uA  	100.0             
1.0 	7.7129 pA   	100.0	4.75403 pV   

    real_indexs11=847.807e-03  100.00% 14/14
0.0 	3.92625 A   	100.0             
0.1 	1.87598 A   	100.0             
0.2 	1.41312 A   	100.0             
        Samanskii-Newton iteration failed
0.3*	1.47444 A   	100.0             
1.0 	38.9895 mA  	100.0             
1.1 	1.83074 mA  	100.0             
1.2 	105.009 uA  	100.0             
1.3 	4.46365 uA  	100.0	4.23931 uV   

An HB truncation error may be present.
o The HB truncation error is due to using a finite order 
  (number of harmonics) in the representation of the
  circuit signals.

Waveform                Trunc error             Tolerance
---------------------------------------------------------
N__4                    5.761e-03       >       4.655e-06
P_Load.deltav           2.881e-03       >       2.827e-06
X1._net415              1.749e-03       >       5.899e-06
X1.X2._net502           1.749e-03       >       5.899e-06
X1.X2._net642           1.642e-04       >       1.452e-06

o Number of waveforms violating the HB truncation error check:
        11 out of 13 waveforms.
o Estimated max HB truncation error: 5.761e-03 @ waveform N__4 .
o The maximal HB truncation error estimate is greater than the 
  achieved tolerance of 4.655e-06 for this waveform.
o A time-domain plot of the N__1 waveform may show the error as 
  Gibbs ripples.
o To reduce the error, increase the order (number of harmonics) 
  and re-simulate.

HB Sweep1[1].HB1[8/14] <GF_lib:HB1Tone_SourcePull:schematic>  imag_indexs11=61.0256e-03  real_indexs11=(-847.807e-03->847.807e-03)
    real_indexs11=-847.807e-03   0.00% 1/14
0.0*	25.4381 A   	100.0             
        Newton iteration failed, damping activated
1.0*	361.478 A   	  6.3             
2.0*	23.8483 A   	 12.5             
3.0*	20.8672 A   	  6.3             
4.0*	19.563 A    	 12.5             
5.0*	17.1176 A   	 25.0             
6.0*	12.8382 A   	 50.0             
7.0*	6.41912 A   	100.0             
8.0 	472.321 mA  	100.0             
8.1 	191.816 mA  	100.0             
8.2 	127.888 mA  	100.0             
8.3 	88.8742 mA  	100.0             
8.4 	63.4207 mA  	100.0             
8.5 	45.7698 mA  	100.0             
8.6 	33.2886 mA  	100.0             
8.7 	24.3992 mA  	100.0             
8.8*	17.9412 mA  	100.0             
9.0 	452.686 uA  	100.0             
9.1 	20.7976 uA  	100.0             
9.2 	919.289 nA  	100.0	10.0401 uV   
    real_indexs11=-717.375e-03   7.69% 2/14
0.0 	587.26 mA   	100.0             
0.1 	333.216 mA  	100.0             
0.2 	313.213 mA  	100.0             
0.3*	238.93 mA   	100.0             
1.0 	12.39 mA    	100.0             
1.1 	188.692 uA  	100.0             
1.2 	4.21216 uA  	100.0	3.18798 uV   

    real_indexs11=-586.943e-03  15.38% 3/14
0.0 	647.52 mA   	100.0             
0.1 	103.013 mA  	100.0             
0.2 	47.6754 mA  	100.0             
0.3 	16.5567 mA  	100.0             
0.4 	12.933 mA   	100.0             
0.5 	3.5083 mA   	100.0             
0.6 	3.09393 mA  	100.0             
0.7 	842.198 uA  	100.0             
0.8 	690.842 uA  	100.0             
0.9 	185.275 uA  	100.0             
0.10 	151.233 uA  	100.0             
0.11 	38.4634 uA  	100.0             
0.12 	32.5904 uA  	100.0             
0.13 	8.05823 uA  	100.0             
0.14 	6.96614 uA  	100.0             
0.15 	1.90118 uA  	100.0             
0.16 	1.48687 uA  	100.0             

    real_indexs11=-456.511e-03  23.08% 4/14
0.0 	636.373 mA  	100.0             
0.1 	66.1164 mA  	100.0             
0.2 	32.1615 mA  	100.0             
0.3 	37.1934 mA  	100.0             
0.4 	13.8081 mA  	100.0             
0.5 	10.3099 mA  	100.0             
0.6 	2.62703 mA  	100.0             
0.7 	804.443 uA  	100.0             
0.8 	304.02 uA   	100.0             
0.9 	272.787 uA  	100.0             
0.10 	203.978 uA  	100.0             
0.11*	81.413 uA   	100.0             
1.0 	950.514 pA  	100.0	4.77314 nV   

    real_indexs11=-326.079e-03  30.77% 5/14
0.0 	6.46598 A   	100.0             
0.1 	4.17717 A   	100.0             
0.2 	1.36265 A   	100.0             
0.3 	398.339 mA  	100.0             
0.4 	108.106 mA  	100.0             
0.5 	27.4684 mA  	100.0             
0.6 	5.66197 mA  	100.0             
0.7 	1.1789 mA   	100.0             
0.8 	129.806 uA  	100.0             
0.9 	10.0424 uA  	100.0             
0.10 	15.0978 uA  	100.0             

    real_indexs11=-195.648e-03  38.46% 6/14
0.0 	485.899 mA  	100.0             
0.1 	155.335 mA  	100.0             
0.2 	49.4995 mA  	100.0             
0.3 	17.7571 mA  	100.0             
0.4 	4.62597 mA  	100.0             
0.5 	1.89004 mA  	100.0             
0.6 	410.774 uA  	100.0             
0.7 	196.695 uA  	100.0             
0.8 	57.339 uA   	100.0             
0.9 	21.9877 uA  	100.0             
0.10 	9.48141 uA  	100.0             
0.11 	3.84424 uA  	100.0             

    real_indexs11=-65.2159e-03  46.15% 7/14
0.0 	663.575 mA  	100.0             
0.1 	116.726 mA  	100.0             
0.2 	49.2308 mA  	100.0             
0.3 	8.00484 mA  	100.0             
0.4 	5.61938 mA  	100.0             
0.5 	897.468 uA  	100.0             
0.6 	659.617 uA  	100.0             
0.7 	154.546 uA  	100.0             
0.8 	85.903 uA   	100.0             
0.9 	25.5822 uA  	100.0             
0.10 	12.0886 uA  	100.0             
0.11 	4.1615 uA   	100.0             
0.12 	1.79179 uA  	100.0             

    real_indexs11=65.2159e-03   53.85% 8/14
0.0 	523.801 mA  	100.0             
0.1 	52.6191 mA  	100.0             
0.2 	33.8615 mA  	100.0             
0.3 	8.41737 mA  	100.0             
0.4 	4.97741 mA  	100.0             
0.5 	1.52467 mA  	100.0             
0.6 	813.677 uA  	100.0             
0.7 	284.843 uA  	100.0             
0.8 	132.962 uA  	100.0             
0.9 	49.9727 uA  	100.0             
0.10 	21.8176 uA  	100.0             
0.11 	8.51934 uA  	100.0             
0.12 	3.59524 uA  	100.0             

    real_indexs11=195.648e-03   61.54% 9/14
0.0 	502.14 mA   	100.0             
0.1 	50.6309 mA  	100.0             
0.2 	37.7896 mA  	100.0             
0.3 	7.97915 mA  	100.0             
0.4 	4.60821 mA  	100.0             
0.5 	1.21032 mA  	100.0             
0.6 	532.771 uA  	100.0             
0.7 	142.744 uA  	100.0             
0.8 	53.2947 uA  	100.0             
0.9 	14.1741 uA  	100.0             
0.10 	4.72023 uA  	100.0             

    real_indexs11=326.079e-03   69.23% 10/14
0.0 	435.825 mA  	100.0             
0.1 	28.1731 mA  	100.0             
0.2 	14.9458 mA  	100.0             
0.3 	3.25852 mA  	100.0             
0.4 	1.13648 mA  	100.0             
0.5 	365.731 uA  	100.0             
0.6 	119.378 uA  	100.0             
0.7 	38.6966 uA  	100.0             
0.8 	12.5359 uA  	100.0             
0.9 	4.05509 uA  	100.0             

    real_indexs11=456.511e-03   76.92% 11/14
0.0 	364.738 mA  	100.0             
0.1 	16.0155 mA  	100.0             
0.2 	6.62024 mA  	100.0             
0.3 	2.04379 mA  	100.0             
0.4 	728.154 uA  	100.0             
0.5 	260.659 uA  	100.0             
0.6 	95.7046 uA  	100.0             
0.7 	34.8916 uA  	100.0             
0.8 	12.9963 uA  	100.0             
0.9 	4.8141 uA   	100.0             

    real_indexs11=586.943e-03   84.62% 12/14
0.0 	660.468 mA  	100.0             
0.1 	30.1256 mA  	100.0             
0.2 	18.3322 mA  	100.0             
0.3 	10.3756 mA  	100.0             
0.4 	4.63651 mA  	100.0             
0.5 	1.9454 mA   	100.0             
0.6 	796.329 uA  	100.0             
0.7 	322.588 uA  	100.0             
0.8 	128.059 uA  	100.0             
0.9 	49.661 uA   	100.0             
0.10 	18.7195 uA  	100.0             
0.11 	7.09937 uA  	100.0             

    real_indexs11=717.375e-03   92.31% 13/14
0.0 	1.1094 A    	100.0             
0.1 	194.926 mA  	100.0             
0.2 	105.863 mA  	100.0             
0.3 	55.2684 mA  	100.0             
0.4 	27.5507 mA  	100.0             
0.5 	15.9804 mA  	100.0             
0.6 	10.2851 mA  	100.0             
0.7 	6.32869 mA  	100.0             
0.8 	3.74829 mA  	100.0             
0.9 	2.14344 mA  	100.0             
0.10 	1.18398 mA  	100.0             
0.11 	630.437 uA  	100.0             
0.12 	321.918 uA  	100.0             
0.13 	160.682 uA  	100.0             
0.14 	105.994 uA  	100.0             
0.15 	66.5145 uA  	100.0             
0.16 	40.0731 uA  	100.0             
0.17*	23.2855 uA  	100.0             
1.0 	14.5573 pA  	100.0	3.34681 pV   

    real_indexs11=847.807e-03  100.00% 14/14
0.0 	3.86396 A   	100.0             
0.1 	1.86394 A   	100.0             
0.2 	1.42373 A   	100.0             
0.3*	1.44546 A   	100.0             
1.0 	32.7539 mA  	100.0             
1.1 	971.569 uA  	100.0             
1.2 	46.779 uA   	100.0             
1.3 	1.16741 uA  	100.0	629.896 nV   

An HB truncation error may be present.
o The HB truncation error is due to using a finite order 
  (number of harmonics) in the representation of the
  circuit signals.

Waveform                Trunc error             Tolerance
---------------------------------------------------------
N__4                    5.708e-03       >       4.661e-06
P_Load.deltav           2.854e-03       >       2.830e-06
X1._net415              1.722e-03       >       5.907e-06
X1.X2._net502           1.722e-03       >       5.907e-06
X1.X2._net642           1.641e-04       >       1.453e-06

o Number of waveforms violating the HB truncation error check:
        11 out of 13 waveforms.
o Estimated max HB truncation error: 5.708e-03 @ waveform N__4 .
o The maximal HB truncation error estimate is greater than the 
  achieved tolerance of 4.661e-06 for this waveform.
o A time-domain plot of the N__1 waveform may show the error as 
  Gibbs ripples.
o To reduce the error, increase the order (number of harmonics) 
  and re-simulate.

HB Sweep1[1].HB1[9/14] <GF_lib:HB1Tone_SourcePull:schematic>  imag_indexs11=183.077e-03  real_indexs11=(-830.05e-03->830.05e-03)
    real_indexs11=-830.05e-03    0.00% 1/14
0.0*	25.3467 A   	100.0             
        Newton iteration failed, damping activated
1.0*	42.9677 A   	 12.5             
2.0*	22.1784 A   	 12.5             
3.0*	19.4061 A   	 12.5             
4.0*	16.9803 A   	 25.0             
5.0*	12.7352 A   	 50.0             
6.0*	7.34353 A   	100.0             
7.0*	6.49646 A   	100.0             
8.0 	1.34164 A   	100.0             
8.1 	1.20937 A   	100.0             
8.2*	818.788 mA  	100.0             
9.0 	103.139 mA  	100.0             
9.1 	61.5187 mA  	100.0             
9.2 	47.3591 mA  	100.0             
9.3 	28.2505 mA  	100.0             
9.4 	14.9461 mA  	100.0             
9.5 	7.42592 mA  	100.0             
9.6 	3.56565 mA  	100.0             
9.7 	1.67996 mA  	100.0             
9.8 	783.127 uA  	100.0             
9.9 	362.853 uA  	100.0             
9.10 	167.538 uA  	100.0             
9.11 	77.1999 uA  	100.0             
9.12 	35.5309 uA  	100.0             
9.13 	16.3415 uA  	100.0             
9.14 	7.51276 uA  	100.0	24.7326 uV   
    real_indexs11=-702.35e-03    7.69% 2/14
0.0 	1.1721 A    	100.0             
0.1 	913.384 mA  	100.0             
0.2*	259.849 mA  	100.0             
1.0 	8.2959 mA   	100.0             
1.1 	41.5231 uA  	100.0             
1.2 	1.23983 uA  	100.0	1.47905 uV   

    real_indexs11=-574.65e-03   15.38% 3/14
0.0 	107.892 mA  	100.0             
        Samanskii-Newton iteration failed
0.1*	161.085 mA  	100.0             
1.0*	67.4853 mA  	100.0             
2.0 	270.303 uA  	100.0             
2.1 	12.134 uA   	100.0             
2.2 	435.51 nA   	100.0	8.55172 uV   

    real_indexs11=-446.95e-03   23.08% 4/14
0.0 	284.017 mA  	100.0             
0.1 	46.1479 mA  	100.0             
0.2 	89.958 mA   	100.0             
0.3*	37.6252 mA  	100.0             
1.0 	679.255 uA  	100.0             
1.1 	5.67067 uA  	100.0	16.4666 uV   

    real_indexs11=-319.25e-03   30.77% 5/14
0.0 	406.711 mA  	100.0             
0.1 	91.4511 mA  	100.0             
0.2 	24.9355 mA  	100.0             
0.3 	3.08161 mA  	100.0             
0.4 	2.48037 mA  	100.0             
0.5 	326.085 uA  	100.0             
0.6 	252.169 uA  	100.0             
0.7 	47.1008 uA  	100.0             
0.8 	29.4351 uA  	100.0             
0.9 	6.6076 uA   	100.0             
0.10 	3.63861 uA  	100.0             

    real_indexs11=-191.55e-03   38.46% 6/14
0.0 	651.761 mA  	100.0             
0.1 	378.552 mA  	100.0             
0.2 	105.411 mA  	100.0             
0.3 	46.3246 mA  	100.0             
0.4 	13.724 mA   	100.0             
0.5 	5.31682 mA  	100.0             
0.6 	1.55531 mA  	100.0             
0.7 	577.356 uA  	100.0             
0.8 	162.663 uA  	100.0             
0.9 	59.4823 uA  	100.0             
0.10 	16.0205 uA  	100.0             

    real_indexs11=-63.85e-03    46.15% 7/14
0.0 	1.21492 A   	100.0             
0.1 	579.164 mA  	100.0             
0.2 	95.8744 mA  	100.0             
0.3 	43.6371 mA  	100.0             
0.4 	10.1474 mA  	100.0             
0.5 	4.67403 mA  	100.0             
0.6 	1.02861 mA  	100.0             
0.7 	532.725 uA  	100.0             
0.8 	95.0525 uA  	100.0             
0.9 	63.0124 uA  	100.0             
0.10 	14.2456 uA  	100.0             
0.11 	8.08364 uA  	100.0             
0.12 	2.59064 uA  	100.0             

    real_indexs11=63.85e-03     53.85% 8/14
0.0 	564.946 mA  	100.0             
0.1 	60.5332 mA  	100.0             
0.2 	33.5216 mA  	100.0             
0.3 	7.64088 mA  	100.0             
0.4 	4.26478 mA  	100.0             
0.5 	1.46729 mA  	100.0             
0.6 	712.475 uA  	100.0             
0.7 	259.272 uA  	100.0             
0.8 	107.049 uA  	100.0             
0.9 	38.9964 uA  	100.0             
0.10 	14.8788 uA  	100.0             
0.11 	5.35757 uA  	100.0             

    real_indexs11=191.55e-03    61.54% 9/14
0.0 	506.998 mA  	100.0             
0.1 	55.4111 mA  	100.0             
0.2 	37.7486 mA  	100.0             
0.3 	6.08756 mA  	100.0             
0.4 	3.8431 mA   	100.0             
0.5 	695.002 uA  	100.0             
0.6 	358.682 uA  	100.0             
0.7 	67.4863 uA  	100.0             
0.8 	30.8609 uA  	100.0             
0.9 	5.84214 uA  	100.0             

    real_indexs11=319.25e-03    69.23% 10/14
0.0 	476.361 mA  	100.0             
0.1 	27.4548 mA  	100.0             
0.2 	13.6319 mA  	100.0             
0.3 	2.85133 mA  	100.0             
0.4 	1.01736 mA  	100.0             
0.5 	297.046 uA  	100.0             
0.6 	93.0982 uA  	100.0             
0.7 	28.1293 uA  	100.0             
0.8 	8.45197 uA  	100.0             

    real_indexs11=446.95e-03    76.92% 11/14
0.0 	424.452 mA  	100.0             
0.1 	23.7258 mA  	100.0             
0.2 	8.02178 mA  	100.0             
0.3 	2.60878 mA  	100.0             
0.4 	844.73 uA   	100.0             
0.5 	291.821 uA  	100.0             
0.6 	97.0202 uA  	100.0             
0.7 	33.6794 uA  	100.0             
0.8 	11.5526 uA  	100.0             

    real_indexs11=574.65e-03    84.62% 12/14
0.0 	431.015 mA  	100.0             
0.1 	59.3206 mA  	100.0             
0.2 	28.6118 mA  	100.0             
0.3 	10.6654 mA  	100.0             
0.4 	3.5463 mA   	100.0             
0.5 	1.13446 mA  	100.0             
0.6 	374.046 uA  	100.0             
0.7 	116.603 uA  	100.0             
0.8 	54.756 uA   	100.0             
0.9 	24.4229 uA  	100.0             
0.10 	10.8398 uA  	100.0             

    real_indexs11=702.35e-03    92.31% 13/14
0.0 	788.257 mA  	100.0             
0.1 	195.318 mA  	100.0             
0.2 	89.0543 mA  	100.0             
0.3 	64.9853 mA  	100.0             
0.4 	31.4931 mA  	100.0             
0.5 	11.5958 mA  	100.0             
0.6 	3.61795 mA  	100.0             
0.7 	2.01918 mA  	100.0             
0.8 	910.376 uA  	100.0             
0.9 	592.424 uA  	100.0             
0.10 	334.351 uA  	100.0             
0.11 	152.205 uA  	100.0             
0.12 	55.3337 uA  	100.0             
0.13 	16.7532 uA  	100.0             
0.14 	9.39171 uA  	100.0             

    real_indexs11=830.05e-03   100.00% 14/14
0.0 	1.13391 A   	100.0             
0.1 	944.361 mA  	100.0             
0.2 	486.494 mA  	100.0             
0.3*	348.246 mA  	100.0             
1.0 	2.8902 mA   	100.0             
1.1 	23.4404 uA  	100.0             
1.2 	265.619 nA  	100.0	257.788 nV   

An HB truncation error may be present.
o The HB truncation error is due to using a finite order 
  (number of harmonics) in the representation of the
  circuit signals.

Waveform                Trunc error             Tolerance
---------------------------------------------------------
N__4                    5.687e-03       >       4.684e-06
P_Load.deltav           2.843e-03       >       2.842e-06
X1._net415              1.704e-03       >       5.939e-06
X1.X2._net502           1.704e-03       >       5.939e-06
X1.X2._net642           1.688e-04       >       1.456e-06

o Number of waveforms violating the HB truncation error check:
        11 out of 13 waveforms.
o Estimated max HB truncation error: 5.687e-03 @ waveform N__4 .
o The maximal HB truncation error estimate is greater than the 
  achieved tolerance of 4.684e-06 for this waveform.
o A time-domain plot of the N__1 waveform may show the error as 
  Gibbs ripples.
o To reduce the error, increase the order (number of harmonics) 
  and re-simulate.

HB Sweep1[1].HB1[10/14] <GF_lib:HB1Tone_SourcePull:schematic>  imag_indexs11=305.128e-03  real_indexs11=(-793.345e-03->793.345e-03)
    real_indexs11=-793.345e-03   0.00% 1/14
0.0*	16.3942 A   	100.0             
        Newton iteration failed, damping activated
1.0*	36.6614 A   	 25.0             
2.0*	12.2956 A   	 25.0             
3.0*	9.22171 A   	 50.0             
4.0*	7.74537 A   	 50.0             
5.0*	10.1593 A   	100.0             
6.0*	812.473 mA  	100.0             
7.0 	506.069 mA  	100.0             
7.1 	335.418 mA  	100.0             
7.2 	198.434 mA  	100.0             
7.3 	95.2932 mA  	100.0             
7.4 	41.2172 mA  	100.0             
7.5 	17.2064 mA  	100.0             
7.6 	7.19301 mA  	100.0             
7.7 	3.06507 mA  	100.0             
7.8 	1.33748 mA  	100.0             
7.9 	595.993 uA  	100.0             
7.10 	269.719 uA  	100.0             
7.11 	123.302 uA  	100.0             
7.12 	56.7075 uA  	100.0             
7.13 	26.1653 uA  	100.0	43.8467 uV   
7.14 	12.0921 uA  	100.0	20.2901 uV   
    real_indexs11=-671.292e-03   7.69% 2/14
0.0 	3.94019 A   	100.0             
0.1 	3.13508 A   	100.0             
0.2*	1.74095 A   	100.0             
1.0 	106.058 mA  	100.0             
1.1 	27.046 mA   	100.0             
1.2 	5.30892 mA  	100.0             
1.3 	871.81 uA   	100.0             
1.4 	152.549 uA  	100.0             
1.5 	26.4395 uA  	100.0	5.12695 uV   
1.6 	4.58897 uA  	100.0	8.67228 uV   

    real_indexs11=-549.239e-03  15.38% 3/14
0.0 	680.896 mA  	100.0             
0.1 	384.615 mA  	100.0             
0.2 	241.779 mA  	100.0             
0.3 	16.4354 mA  	100.0             
        Samanskii-Newton iteration failed
0.4*	29.057 mA   	100.0             
1.0 	263.649 uA  	100.0             
1.1 	765.155 nA  	100.0	1.16698 uV   

    real_indexs11=-427.186e-03  23.08% 4/14
0.0 	457.595 mA  	100.0             
0.1 	88.4481 mA  	100.0             
0.2 	78.3502 mA  	100.0             
0.3*	24.3302 mA  	100.0             
1.0 	27.7814 uA  	100.0	6.73184 uV   
1.1 	14.3134 nA  	100.0	21.5062 nV   

    real_indexs11=-305.133e-03  30.77% 5/14
0.0 	480.672 mA  	100.0             
0.1 	87.8191 mA  	100.0             
0.2 	32.3066 mA  	100.0             
0.3 	8.40362 mA  	100.0             
0.4 	2.38102 mA  	100.0             
0.5 	640.271 uA  	100.0             
0.6 	181.31 uA   	100.0             
0.7 	48.8491 uA  	100.0             
0.8 	13.8263 uA  	100.0             
0.9 	3.74516 uA  	100.0             

    real_indexs11=-183.08e-03   38.46% 6/14
0.0 	508.557 mA  	100.0             
0.1 	70.8514 mA  	100.0             
0.2 	23.1743 mA  	100.0             
0.3 	5.27174 mA  	100.0             
0.4 	1.44227 mA  	100.0             
0.5 	384.143 uA  	100.0             
0.6 	98.1513 uA  	100.0             
0.7 	31.4851 uA  	100.0             
0.8 	6.97482 uA  	100.0             
0.9 	2.56048 uA  	100.0             

    real_indexs11=-61.0266e-03  46.15% 7/14
0.0 	466.396 mA  	100.0             
0.1 	49.6497 mA  	100.0             
0.2 	21.7938 mA  	100.0             
0.3 	5.61946 mA  	100.0             
0.4 	2.00443 mA  	100.0             
0.5 	625.874 uA  	100.0             
0.6 	249.577 uA  	100.0             
0.7 	82.7654 uA  	100.0             
0.8 	32.9692 uA  	100.0             
0.9 	11.6212 uA  	100.0             
0.10 	4.47083 uA  	100.0             

    real_indexs11=61.0266e-03   53.85% 8/14
0.0 	449.566 mA  	100.0             
0.1 	52.8869 mA  	100.0             
0.2 	30.1718 mA  	100.0             
0.3 	7.22695 mA  	100.0             
0.4 	3.66942 mA  	100.0             
0.5 	1.09452 mA  	100.0             
0.6 	466.88 uA   	100.0             
0.7 	146.124 uA  	100.0             
0.8 	54.4226 uA  	100.0             
0.9 	16.7909 uA  	100.0             
0.10 	5.68091 uA  	100.0             

    real_indexs11=183.08e-03    61.54% 9/14
0.0 	444.822 mA  	100.0             
0.1 	40.1235 mA  	100.0             
0.2 	21.7753 mA  	100.0             
0.3 	2.71682 mA  	100.0             
0.4 	1.47103 mA  	100.0             
0.5 	170.588 uA  	100.0             
0.6 	85.6169 uA  	100.0             
0.7 	11.4093 uA  	100.0             

    real_indexs11=305.133e-03   69.23% 10/14
0.0 	746.353 mA  	100.0             
0.1 	32.9078 mA  	100.0             
0.2 	23.3713 mA  	100.0             
0.3 	7.97478 mA  	100.0             
0.4 	1.99705 mA  	100.0             
0.5 	386.332 uA  	100.0             
0.6 	66.2245 uA  	100.0             
0.7 	13.8032 uA  	100.0             

    real_indexs11=427.186e-03   76.92% 11/14
0.0 	382.588 mA  	100.0             
0.1 	21.7023 mA  	100.0             
0.2 	7.61545 mA  	100.0             
0.3 	2.67499 mA  	100.0             
0.4 	783.733 uA  	100.0             
0.5 	224.963 uA  	100.0             
0.6 	59.6876 uA  	100.0             
0.7 	14.3417 uA  	100.0             

    real_indexs11=549.239e-03   84.62% 12/14
0.0 	425.482 mA  	100.0             
0.1 	44.8731 mA  	100.0             
0.2 	9.36142 mA  	100.0             
0.3 	3.05417 mA  	100.0             
0.4 	1.04955 mA  	100.0             
0.5 	305.969 uA  	100.0             
0.6 	92.2323 uA  	100.0             
0.7 	33.1107 uA  	100.0             
0.8 	10.5963 uA  	100.0             
0.9 	3.12524 uA  	100.0             

    real_indexs11=671.292e-03   92.31% 13/14
0.0 	771.115 mA  	100.0             
0.1 	105.061 mA  	100.0             
0.2 	59.1875 mA  	100.0             
0.3 	34.0183 mA  	100.0             
0.4 	12.0863 mA  	100.0             
0.5 	3.09845 mA  	100.0             
0.6 	509.192 uA  	100.0             
0.7 	247.991 uA  	100.0             
0.8 	163.281 uA  	100.0             
0.9 	67.9278 uA  	100.0             
0.10 	20.6519 uA  	100.0             
0.11 	4.31419 uA  	100.0             

    real_indexs11=793.345e-03  100.00% 14/14
0.0 	846.465 mA  	100.0             
0.1 	360.256 mA  	100.0             
0.2 	128.505 mA  	100.0             
0.3 	85.3285 mA  	100.0             
0.4 	31.2129 mA  	100.0             
0.5 	8.78692 mA  	100.0             
0.6 	3.01358 mA  	100.0             
0.7 	2.0619 mA   	100.0             
0.8 	717.941 uA  	100.0             
0.9 	213.372 uA  	100.0             
0.10 	76.5873 uA  	100.0             
0.11 	50.4123 uA  	100.0             
0.12 	16.788 uA   	100.0             
0.13 	5.1684 uA   	100.0             

An HB truncation error may be present.
o The HB truncation error is due to using a finite order 
  (number of harmonics) in the representation of the
  circuit signals.

Waveform                Trunc error             Tolerance
---------------------------------------------------------
N__4                    6.054e-03       >       4.729e-06
P_Load.deltav           3.027e-03       >       2.864e-06
X1._net415              1.787e-03       >       5.998e-06
X1.X2._net502           1.787e-03       >       5.998e-06
X1.X2._net642           1.702e-04       >       1.463e-06

o Number of waveforms violating the HB truncation error check:
        11 out of 13 waveforms.
o Estimated max HB truncation error: 6.054e-03 @ waveform N__4 .
o The maximal HB truncation error estimate is greater than the 
  achieved tolerance of 4.729e-06 for this waveform.
o A time-domain plot of the N__1 waveform may show the error as 
  Gibbs ripples.
o To reduce the error, increase the order (number of harmonics) 
  and re-simulate.

HB Sweep1[1].HB1[11/14] <GF_lib:HB1Tone_SourcePull:schematic>  imag_indexs11=427.179e-03  real_indexs11=(-734.859e-03->734.859e-03)
    real_indexs11=-734.859e-03   0.00% 1/14
0.0*	10.7965 A   	100.0             
        Newton iteration failed, damping activated
1.0*	27.0755 A   	 50.0             
2.0*	8.97367 A   	100.0             
3.0*	7.07614 A   	 25.0             
4.0*	6.1491 A    	 50.0             
5.0 	3.15877 A   	100.0             
5.1 	952.482 mA  	100.0             
5.2 	289.542 mA  	100.0             
5.3 	140.729 mA  	100.0             
5.4 	75.5697 mA  	100.0             
5.5 	46.1207 mA  	100.0             
5.6 	30.0714 mA  	100.0             
5.7 	19.8861 mA  	100.0             
5.8 	13.2856 mA  	100.0             
5.9 	8.94284 mA  	100.0             
5.10 	6.05302 mA  	100.0             
5.11 	4.11365 mA  	100.0             
5.12 	2.80391 mA  	100.0             
5.13 	1.91527 mA  	100.0             
5.14 	1.31029 mA  	100.0             
5.15 	898.405 uA  	100.0             
5.16 	617.26 uA   	100.0             
5.17*	424.113 uA  	100.0             
6.0 	227.516 nA  	100.0	1.58467 uV   
    real_indexs11=-621.804e-03   7.69% 2/14
0.0 	8.35824 A   	100.0             
0.1 	2.31068 A   	100.0             
0.2 	2.05519 A   	100.0             
0.3 	338.285 mA  	100.0             
0.4 	195.259 mA  	100.0             
0.5 	26.0405 mA  	100.0             
0.6 	10.4625 mA  	100.0             
0.7 	14.9312 mA  	100.0             
0.8*	7.61286 mA  	100.0             
1.0 	16.7307 uA  	100.0	19.0784 uV   

    real_indexs11=-508.749e-03  15.38% 3/14
0.0 	1.28217 A   	100.0             
0.1 	678.56 mA   	100.0             
0.2 	224.436 mA  	100.0             
0.3 	101.859 mA  	100.0             
0.4 	34.5106 mA  	100.0             
0.5 	11.9795 mA  	100.0             
0.6 	3.97733 mA  	100.0             
0.7 	1.33908 mA  	100.0             
0.8 	459.143 uA  	100.0             
0.9 	162.217 uA  	100.0             
0.10 	59.1798 uA  	100.0             
0.11 	22.1652 uA  	100.0             
0.12 	8.44208 uA  	100.0             

    real_indexs11=-395.693e-03  23.08% 4/14
0.0 	640.12 mA   	100.0             
0.1 	248.513 mA  	100.0             
0.2 	73.7198 mA  	100.0             
0.3 	22.0636 mA  	100.0             
0.4 	6.00026 mA  	100.0             
0.5 	1.64467 mA  	100.0             
0.6 	427.036 uA  	100.0             
0.7 	109.189 uA  	100.0             
0.8 	27.2422 uA  	100.0             
0.9 	7.9028 uA   	100.0             

    real_indexs11=-282.638e-03  30.77% 5/14
0.0 	374.695 mA  	100.0             
0.1 	90.7394 mA  	100.0             
0.2 	17.529 mA   	100.0             
0.3 	4.12008 mA  	100.0             
0.4 	853.346 uA  	100.0             
0.5 	259.131 uA  	100.0             
0.6 	76.1018 uA  	100.0             
0.7 	20.9593 uA  	100.0             
0.8 	5.96591 uA  	100.0             

    real_indexs11=-169.583e-03  38.46% 6/14
0.0 	309.683 mA  	100.0             
0.1 	58.0645 mA  	100.0             
0.2 	11.7009 mA  	100.0             
0.3 	2.71777 mA  	100.0             
0.4 	605.19 uA   	100.0             
0.5 	158.323 uA  	100.0             
0.6 	36.8816 uA  	100.0             
0.7 	12.1338 uA  	100.0             
0.8 	2.4546 uA   	100.0             

    real_indexs11=-56.5276e-03  46.15% 7/14
0.0 	307.933 mA  	100.0             
0.1 	43.7282 mA  	100.0             
0.2 	13.9089 mA  	100.0             
0.3 	3.64364 mA  	100.0             
0.4 	1.32172 mA  	100.0             
0.5 	383.312 uA  	100.0             
0.6 	122.477 uA  	100.0             
0.7 	35.8469 uA  	100.0             
0.8 	10.7393 uA  	100.0             

    real_indexs11=56.5276e-03   53.85% 8/14
0.0 	301.629 mA  	100.0             
0.1 	42.6412 mA  	100.0             
0.2 	15.214 mA   	100.0             
0.3 	2.77997 mA  	100.0             
0.4 	955.061 uA  	100.0             
0.5 	164.969 uA  	100.0             
0.6 	51.6337 uA  	100.0             
0.7 	8.11701 uA  	100.0             

    real_indexs11=169.583e-03   61.54% 9/14
0.0 	307.169 mA  	100.0             
0.1 	23.178 mA   	100.0             
0.2 	7.37054 mA  	100.0             
0.3 	1.01067 mA  	100.0             
0.4 	317.911 uA  	100.0             
0.5 	61.6179 uA  	100.0             
0.6 	14.794 uA   	100.0             

    real_indexs11=282.638e-03   69.23% 10/14
0.0 	301.894 mA  	100.0             
0.1 	18.6166 mA  	100.0             
0.2 	4.22326 mA  	100.0             
0.3 	929.805 uA  	100.0             
0.4 	233.058 uA  	100.0             
0.5 	53.6696 uA  	100.0             
0.6 	12.0943 uA  	100.0             

    real_indexs11=395.693e-03   76.92% 11/14
0.0 	318.146 mA  	100.0             
0.1 	24.4653 mA  	100.0             
0.2 	3.38607 mA  	100.0             
0.3 	661.094 uA  	100.0             
0.4 	190.916 uA  	100.0             
0.5 	48.0519 uA  	100.0             
0.6 	11.0189 uA  	100.0             

    real_indexs11=508.749e-03   84.62% 12/14
0.0 	852.408 mA  	100.0             
0.1 	95.8805 mA  	100.0             
0.2 	7.71796 mA  	100.0             
0.3 	6.00417 mA  	100.0             
0.4 	2.07197 mA  	100.0             
0.5 	531.658 uA  	100.0             
0.6 	111.202 uA  	100.0             
0.7 	17.6386 uA  	100.0             
0.8 	1.61089 uA  	100.0             

    real_indexs11=621.804e-03   92.31% 13/14
0.0 	379.833 mA  	100.0             
0.1 	73.4896 mA  	100.0             
0.2 	14.1545 mA  	100.0             
0.3 	3.63859 mA  	100.0             
0.4 	996.068 uA  	100.0             
0.5 	299.651 uA  	100.0             
0.6 	78.7071 uA  	100.0             
0.7 	17.9569 uA  	100.0             
0.8 	3.95451 uA  	100.0             

    real_indexs11=734.859e-03  100.00% 14/14
0.0 	934.089 mA  	100.0             
0.1 	229.953 mA  	100.0             
0.2 	47.6584 mA  	100.0             
0.3 	33.7907 mA  	100.0             
0.4 	11.9487 mA  	100.0             
0.5 	2.36592 mA  	100.0             
0.6 	203.428 uA  	100.0             
0.7 	143.181 uA  	100.0             
0.8 	61.812 uA   	100.0             
0.9 	13.8102 uA  	100.0             
0.10 	1.37085 uA  	100.0             

An HB truncation error may be present.
o The HB truncation error is due to using a finite order 
  (number of harmonics) in the representation of the
  circuit signals.

Waveform                Trunc error             Tolerance
---------------------------------------------------------
N__4                    6.129e-03       >       4.796e-06
P_Load.deltav           3.064e-03       >       2.898e-06
X1._net415              1.720e-03       >       6.088e-06
X1.X2._net502           1.720e-03       >       6.088e-06
X1.X2._net642           1.748e-04       >       1.474e-06

o Number of waveforms violating the HB truncation error check:
        11 out of 13 waveforms.
o Estimated max HB truncation error: 6.129e-03 @ waveform N__4 .
o The maximal HB truncation error estimate is greater than the 
  achieved tolerance of 4.796e-06 for this waveform.
o A time-domain plot of the N__1 waveform may show the error as 
  Gibbs ripples.
o To reduce the error, increase the order (number of harmonics) 
  and re-simulate.

HB Sweep1[1].HB1[12/14] <GF_lib:HB1Tone_SourcePull:schematic>  imag_indexs11=549.231e-03  real_indexs11=(-648.726e-03->648.726e-03)
    real_indexs11=-648.726e-03   0.00% 1/14
0.0*	7.52703 A   	100.0             
        Newton iteration failed, damping activated
1.0*	15.3648 A   	 50.0             
2.0*	3.76351 A   	100.0             
3.0*	3.62026 A   	100.0             
4.0 	29.4796 mA  	100.0             
4.1 	7.84015 mA  	100.0             
4.2 	2.12418 mA  	100.0             
4.3 	576.023 uA  	100.0             
4.4 	155.243 uA  	100.0             
4.5 	41.6072 uA  	100.0             
4.6 	11.1175 uA  	100.0             
4.7 	2.9659 uA   	100.0	2.11295 uV   
4.8 	790.589 nA  	100.0	5.25744 uV   
    real_indexs11=-548.922e-03   7.69% 2/14
0.0 	1.29135 A   	100.0             
0.1 	887.072 mA  	100.0             
0.2*	416.759 mA  	100.0             
1.0 	2.8318 mA   	100.0             
1.1 	195.799 uA  	100.0             
1.2 	16.0092 uA  	100.0             
1.3 	1.29551 uA  	100.0	8.52811 uV   

    real_indexs11=-449.118e-03  15.38% 3/14
0.0 	294.863 mA  	100.0             
0.1 	185.459 mA  	100.0             
0.2 	41.2188 mA  	100.0             
0.3 	7.51126 mA  	100.0             
0.4 	1.54541 mA  	100.0             
0.5 	290.994 uA  	100.0             
0.6 	51.5166 uA  	100.0             
0.7 	10.044 uA   	100.0             
0.8 	2.26875 uA  	100.0             

    real_indexs11=-349.314e-03  23.08% 4/14
0.0 	602.817 mA  	100.0             
0.1 	240.152 mA  	100.0             
0.2 	11.1849 mA  	100.0             
0.3 	2.88386 mA  	100.0             
0.4 	891.302 uA  	100.0             
0.5 	215.156 uA  	100.0             
0.6 	50.6631 uA  	100.0             
0.7 	10.3831 uA  	100.0             

    real_indexs11=-249.51e-03   30.77% 5/14
0.0 	446.214 mA  	100.0             
0.1 	198.66 mA   	100.0             
0.2 	27.8895 mA  	100.0             
0.3 	3.98345 mA  	100.0             
0.4 	633.652 uA  	100.0             
0.5 	64.0083 uA  	100.0             
0.6 	12.0734 uA  	100.0             

    real_indexs11=-149.706e-03  38.46% 6/14
0.0 	116.923 mA  	100.0             
0.1 	28.4461 mA  	100.0             
0.2 	4.38536 mA  	100.0             
0.3 	1.1428 mA   	100.0             
0.4 	164.241 uA  	100.0             
0.5 	44.1051 uA  	100.0             
0.6 	6.11788 uA  	100.0             

    real_indexs11=-49.902e-03   46.15% 7/14
0.0 	146.059 mA  	100.0             
0.1 	23.6569 mA  	100.0             
0.2 	3.47564 mA  	100.0             
0.3 	719.919 uA  	100.0             
0.4 	110.596 uA  	100.0             
0.5 	21.6209 uA  	100.0             
0.6 	3.46579 uA  	100.0             

    real_indexs11=49.902e-03    53.85% 8/14
0.0 	164.108 mA  	100.0             
0.1 	49.6337 mA  	100.0             
0.2 	13.5975 mA  	100.0             
0.3 	2.47112 mA  	100.0             
0.4 	453.132 uA  	100.0             
0.5 	80.6602 uA  	100.0             
0.6 	14.3979 uA  	100.0             

    real_indexs11=149.706e-03   61.54% 9/14
0.0 	216.275 mA  	100.0             
0.1 	40.655 mA   	100.0             
0.2 	12.4632 mA  	100.0             
0.3 	2.49076 mA  	100.0             
0.4 	456.812 uA  	100.0             
0.5 	80.1724 uA  	100.0             
0.6 	13.825 uA   	100.0             

    real_indexs11=249.51e-03    69.23% 10/14
0.0 	186.554 mA  	100.0             
0.1 	16.5245 mA  	100.0             
0.2 	4.36351 mA  	100.0             
0.3 	900.374 uA  	100.0             
0.4 	163.053 uA  	100.0             
0.5 	28.2699 uA  	100.0             
0.6 	4.66873 uA  	100.0             

    real_indexs11=349.314e-03   76.92% 11/14
0.0 	180.917 mA  	100.0             
0.1 	15.1504 mA  	100.0             
0.2 	2.04561 mA  	100.0             
0.3 	325.52 uA   	100.0             
0.4 	65.4381 uA  	100.0             
0.5 	12.7312 uA  	100.0             
0.6 	2.3329 uA   	100.0             

    real_indexs11=449.118e-03   84.62% 12/14
0.0 	219.578 mA  	100.0             
0.1 	20.0015 mA  	100.0             
0.2 	2.98638 mA  	100.0             
0.3 	485.972 uA  	100.0             
0.4 	62.9459 uA  	100.0             
0.5 	10.199 uA   	100.0             
0.6 	2.28425 uA  	100.0             

    real_indexs11=548.922e-03   92.31% 13/14
0.0 	313.292 mA  	100.0             
0.1 	35.506 mA   	100.0             
0.2 	8.1098 mA   	100.0             
0.3 	2.43741 mA  	100.0             
0.4 	572.823 uA  	100.0             
0.5 	99.8108 uA  	100.0             
0.6 	12.791 uA   	100.0             
0.7 	1.32856 uA  	100.0             

    real_indexs11=648.726e-03  100.00% 14/14
0.0 	445.629 mA  	100.0             
0.1 	109.468 mA  	100.0             
0.2 	10.7736 mA  	100.0             
0.3 	4.10535 mA  	100.0             
0.4 	1.47831 mA  	100.0             
0.5 	317.318 uA  	100.0             
0.6 	45.529 uA   	100.0             
0.7 	3.61595 uA  	100.0             

An HB truncation error may be present.
o The HB truncation error is due to using a finite order 
  (number of harmonics) in the representation of the
  circuit signals.

Waveform                Trunc error             Tolerance
---------------------------------------------------------
N__4                    6.537e-03       >       4.900e-06
P_Load.deltav           3.269e-03       >       2.950e-06
X1._net415              1.749e-03       >       6.228e-06
X1.X2._net502           1.749e-03       >       6.228e-06
X1.X2.vg1               1.939e-04       >       1.480e-06

o Number of waveforms violating the HB truncation error check:
        11 out of 13 waveforms.
o Estimated max HB truncation error: 6.537e-03 @ waveform N__4 .
o The maximal HB truncation error estimate is greater than the 
  achieved tolerance of 4.900e-06 for this waveform.
o A time-domain plot of the N__1 waveform may show the error as 
  Gibbs ripples.
o To reduce the error, increase the order (number of harmonics) 
  and re-simulate.

HB Sweep1[1].HB1[13/14] <GF_lib:HB1Tone_SourcePull:schematic>  imag_indexs11=671.282e-03  real_indexs11=(-521.422e-03->521.422e-03)
    real_indexs11=-521.422e-03   0.00% 1/14
0.0*	5.30556 A   	100.0             
1.0 	6.13911 A   	100.0             
1.1*	837.818 mA  	100.0             
2.0 	1.63825 mA  	100.0             
2.1 	2.80989 uA  	100.0	6.98151 uV   
    real_indexs11=-441.203e-03   7.69% 2/14
0.0 	243.907 mA  	100.0             
0.1 	107.227 mA  	100.0             
0.2 	13.6412 mA  	100.0             
0.3 	2.60885 mA  	100.0             
0.4 	658.046 uA  	100.0             
0.5 	132.589 uA  	100.0             
0.6 	22.9992 uA  	100.0             
0.7 	3.58041 uA  	100.0             

    real_indexs11=-360.984e-03  15.38% 3/14
0.0 	101.205 mA  	100.0             
0.1 	41.824 mA   	100.0             
0.2 	3.13544 mA  	100.0             
0.3 	514.15 uA   	100.0             
0.4 	123.371 uA  	100.0             
0.5 	26.1103 uA  	100.0             
0.6 	4.48049 uA  	100.0             

    real_indexs11=-280.765e-03  23.08% 4/14
0.0 	47.0424 mA  	100.0             
0.1 	15.8565 mA  	100.0             
0.2 	2.19138 mA  	100.0             
0.3 	275.02 uA   	100.0             
0.4 	43.3497 uA  	100.0             
0.5 	6.85472 uA  	100.0             

    real_indexs11=-200.547e-03  30.77% 5/14
0.0 	41.1177 mA  	100.0             
0.1 	11.9891 mA  	100.0             
0.2 	1.67668 mA  	100.0             
0.3 	210.267 uA  	100.0             
0.4 	26.1526 uA  	100.0             
0.5 	3.46417 uA  	100.0             

    real_indexs11=-120.328e-03  38.46% 6/14
0.0 	34.7064 mA  	100.0             
0.1 	10.9128 mA  	100.0             
0.2 	1.39792 mA  	100.0             
0.3 	179.289 uA  	100.0             
0.4 	22.709 uA   	100.0             
0.5 	2.82589 uA  	100.0             

    real_indexs11=-40.1093e-03  46.15% 7/14
0.0 	39.2369 mA  	100.0             
0.1 	9.91043 mA  	100.0             
0.2 	1.19983 mA  	100.0             
0.3 	149.694 uA  	100.0             
0.4 	18.6366 uA  	100.0             
0.5 	2.31741 uA  	100.0             

    real_indexs11=40.1093e-03   53.85% 8/14
0.0 	51.2108 mA  	100.0             
0.1 	9.68596 mA  	100.0             
0.2 	1.14658 mA  	100.0             
0.3 	137.851 uA  	100.0             
0.4 	16.4477 uA  	100.0             
0.5 	1.96323 uA  	100.0             

    real_indexs11=120.328e-03   61.54% 9/14
0.0 	64.3588 mA  	100.0             
0.1 	9.47662 mA  	100.0             
0.2 	1.06945 mA  	100.0             
0.3 	124.672 uA  	100.0             
0.4 	14.1755 uA  	100.0             
0.5 	1.59274 uA  	100.0             

    real_indexs11=200.547e-03   69.23% 10/14
0.0 	77.275 mA   	100.0             
0.1 	9.15332 mA  	100.0             
0.2 	1.0016 mA   	100.0             
0.3 	113.73 uA   	100.0             
0.4 	12.2037 uA  	100.0             
0.5 	1.31649 uA  	100.0             

    real_indexs11=280.765e-03   76.92% 11/14
0.0 	92.1415 mA  	100.0             
0.1 	9.14987 mA  	100.0             
0.2 	996.899 uA  	100.0             
0.3 	114.551 uA  	100.0             
0.4 	11.9938 uA  	100.0             
0.5 	1.23092 uA  	100.0             

    real_indexs11=360.984e-03   84.62% 12/14
0.0 	190.601 mA  	100.0             
0.1 	10.3251 mA  	100.0             
0.2 	3.14702 mA  	100.0             
0.3 	655.311 uA  	100.0             
0.4 	101.93 uA   	100.0             
0.5 	13.617 uA   	100.0             

    real_indexs11=441.203e-03   92.31% 13/14
0.0 	180.994 mA  	100.0             
0.1 	18.7186 mA  	100.0             
0.2 	1.93078 mA  	100.0             
0.3 	451.871 uA  	100.0             
0.4 	89.5252 uA  	100.0             
0.5 	13.4904 uA  	100.0             
0.6 	1.6891 uA   	100.0             

    real_indexs11=521.422e-03  100.00% 14/14
0.0 	152.788 mA  	100.0             
0.1 	26.1217 mA  	100.0             
0.2 	2.50017 mA  	100.0             
0.3 	386.689 uA  	100.0             
0.4 	55.6491 uA  	100.0             
0.5 	8.51556 uA  	100.0             
0.6 	1.1502 uA   	100.0             

An HB truncation error may be present.
o The HB truncation error is due to using a finite order 
  (number of harmonics) in the representation of the
  circuit signals.

Waveform                Trunc error             Tolerance
---------------------------------------------------------
N__4                    7.252e-03       >       5.071e-06
P_Load.deltav           3.626e-03       >       3.036e-06
X1._net415              1.842e-03       >       6.457e-06
X1.X2._net502           1.842e-03       >       6.457e-06
X1.X2.vg1               2.304e-04       >       1.506e-06

o Number of waveforms violating the HB truncation error check:
        11 out of 13 waveforms.
o Estimated max HB truncation error: 7.252e-03 @ waveform N__4 .
o The maximal HB truncation error estimate is greater than the 
  achieved tolerance of 5.071e-06 for this waveform.
o A time-domain plot of the N__1 waveform may show the error as 
  Gibbs ripples.
o To reduce the error, increase the order (number of harmonics) 
  and re-simulate.

HB Sweep1[1].HB1[14/14] <GF_lib:HB1Tone_SourcePull:schematic>  imag_indexs11=793.333e-03  real_indexs11=(-305.159e-03->305.159e-03)
    real_indexs11=-305.159e-03   0.00% 1/14
0.0*	3.42071 A   	100.0             
1.0 	1.71649 A   	100.0             
1.1 	89.2542 mA  	100.0             
1.2 	12.1707 mA  	100.0             
1.3 	1.69581 mA  	100.0             
1.4 	161.159 uA  	100.0             
1.5 	18.1378 uA  	100.0	9.11904 uV   
    real_indexs11=-258.212e-03   7.69% 2/14
0.0 	12.5687 mA  	100.0             
0.1 	3.66643 mA  	100.0             
0.2 	198.796 uA  	100.0             
0.3 	15.046 uA   	100.0             
0.4 	1.20948 uA  	100.0             

    real_indexs11=-211.264e-03  15.38% 3/14
0.0 	11.6467 mA  	100.0             
0.1 	2.36073 mA  	100.0             
0.2 	74.1718 uA  	100.0             
0.3 	6.66631 uA  	100.0             
0.4 	666.648 nA  	100.0             

    real_indexs11=-164.317e-03  23.08% 4/14
0.0 	10.595 mA   	100.0             
0.1 	1.99626 mA  	100.0             
0.2 	80.6741 uA  	100.0             
0.3 	4.56901 uA  	100.0             
0.4 	343.95 nA   	100.0             

    real_indexs11=-117.369e-03  30.77% 5/14
0.0 	9.42514 mA  	100.0             
0.1 	1.64968 mA  	100.0             
0.2 	89.9947 uA  	100.0             
0.3 	5.49532 uA  	100.0             
0.4 	326.924 nA  	100.0             

    real_indexs11=-70.4214e-03  38.46% 6/14
0.0 	8.13937 mA  	100.0             
0.1 	1.4686 mA   	100.0             
0.2 	90.1421 uA  	100.0             
0.3 	5.59932 uA  	100.0             
0.4 	347.414 nA  	100.0             

    real_indexs11=-23.4738e-03  46.15% 7/14
0.0 	8.19548 mA  	100.0             
0.1 	1.49695 mA  	100.0             
0.2 	96.7825 uA  	100.0             
0.3 	6.01968 uA  	100.0             

    real_indexs11=23.4738e-03   53.85% 8/14
0.0 	8.96196 mA  	100.0             
0.1 	1.77776 mA  	100.0             
0.2 	117.655 uA  	100.0             
0.3 	7.34785 uA  	100.0             

    real_indexs11=70.4214e-03   61.54% 9/14
0.0 	10.6467 mA  	100.0             
0.1 	1.92932 mA  	100.0             
0.2 	127.459 uA  	100.0             
0.3 	8.0695 uA   	100.0             

    real_indexs11=117.369e-03   69.23% 10/14
0.0 	13.8539 mA  	100.0             
0.1 	1.95949 mA  	100.0             
0.2 	129.525 uA  	100.0             
0.3 	8.2787 uA   	100.0             

    real_indexs11=164.317e-03   76.92% 11/14
0.0 	17.0698 mA  	100.0             
0.1 	1.9462 mA   	100.0             
0.2 	127.129 uA  	100.0             
0.3 	8.21414 uA  	100.0             

    real_indexs11=211.264e-03   84.62% 12/14
0.0 	20.4274 mA  	100.0             
0.1 	1.99954 mA  	100.0             
0.2 	124.429 uA  	100.0             
0.3 	8.12431 uA  	100.0             

    real_indexs11=258.212e-03   92.31% 13/14
0.0 	24.272 mA   	100.0             
0.1 	2.31159 mA  	100.0             
0.2 	126.585 uA  	100.0             
0.3 	8.25215 uA  	100.0             

    real_indexs11=305.159e-03  100.00% 14/14
0.0 	28.7972 mA  	100.0             
0.1 	2.75873 mA  	100.0             
0.2 	143.919 uA  	100.0             
0.3 	8.82761 uA  	100.0             
0.4 	519.892 nA  	100.0             

An HB truncation error may be present.
o The HB truncation error is due to using a finite order 
  (number of harmonics) in the representation of the
  circuit signals.

Waveform                Trunc error             Tolerance
---------------------------------------------------------
N__4                    8.630e-03       >       5.421e-06
P_Load.deltav           4.315e-03       >       3.211e-06
X1._net415              2.006e-03       >       6.926e-06
X1.X2._net502           2.006e-03       >       6.926e-06
X1.X2.vg1               3.056e-04       >       1.559e-06

o Number of waveforms violating the HB truncation error check:
        11 out of 13 waveforms.
o Estimated max HB truncation error: 8.630e-03 @ waveform N__4 .
o The maximal HB truncation error estimate is greater than the 
  achieved tolerance of 5.421e-06 for this waveform.
o A time-domain plot of the N__1 waveform may show the error as 
  Gibbs ripples.
o To reduce the error, increase the order (number of harmonics) 
  and re-simulate.

Resource usage:
  Total stopwatch time     =     0.66 seconds.

