
hpeesofsim (*) 450.shp Jan 21 2016, MINT version 4
    (64-bit windows built: 01/21/16 15:34:19)
Copyright 1995 - 2015 Keysight Technologies, 1989-2016.

Warning detected by hpeesofsim in LinearCollapse '_2_' during analysis.
    LinearCollapse is disabled because there is 'HB' analysis present.
Warning detected by hpeesofsim in topology check during circuit set up.
    Number of nodes with no DC path to ground (topology corrected): 2

Pt DC convergence is used.

SP SP1[1] <GF_lib:scfif_t:schematic>   freq=(1.5 GHz->2.4 GHz)
.Warning detected by hpeesofsim during SP analysis 'SP1'.
    In component `Tee4':W_widest > 5.0* W_narrowest

Warning detected by hpeesofsim during SP analysis 'SP1'.
    In component `Tee77':W_widest > 5.0* W_narrowest

..........................................................................................

CT Sweep1[1] <GF_lib:scfif_t:schematic>   zload=50

HB Sweep1[1].HB1[1/1] <GF_lib:scfif_t:schematic>  zload=50  pavs=26
    Number of tones:   1.
    Number of frequencies:   6.
    Number of time samples:  16.
    Number of HB equations (problem size): 4279.
    Auto mode: on.
    Convergence mode: Auto.
    Linear solver: direct.
    pavs=26           100.00% 1/1
Warning detected by hpeesofsim during HB analysis 'HB1'.
    In component `Tee4': (freq*H) > 0.4*Z_LOWEST (GHz*mm)

Warning detected by hpeesofsim during HB analysis 'HB1'.
    In component `Tee77': (freq*H) > 0.4*Z_LOWEST (GHz*mm)

------------------------------------------------------------------------------
Newton solver:					
Iter	KCL residual	Damp %	Sol update
------------------------------------------------------------------------------
0.0*	7.51694 A   	100.0             
        Newton iteration failed, damping activated
1.0*	151.72 MA   	 12.5             
2.0*	5.37544 A   	  6.3             
3.0*	4.5568 A    	  6.3             
4.0*	4.53542 A   	100.0             
5.0*	148.181 MA  	2.384e-05             
    Switching to arc-length continuation...
Fwd sourceLevel=5.96352e-03    0.60% 2/2  Step=0.5
0.0*	348.975 uA  	100.0             
1.0 	1.14261 nA  	100.0	1.56905 nV   
    Arclength Newton-Raphson converged at 0.00596351 in 1 iters

Fwd sourceLevel=14.397e-03     1.44% 2/2  Step=0.7071067812
0.0*	703.976 uA  	100.0             
1.0 	4.92203 nA  	100.0	6.31793 nV   
    Arclength Newton-Raphson converged at 0.0143968 in 1 iters

Fwd sourceLevel=26.3224e-03    2.63% 2/2  Step=1
0.0*	1.42666 mA  	100.0             
1.0 	21.0679 nA  	100.0	25.7329 nV   
    Arclength Newton-Raphson converged at 0.0263212 in 1 iters

Fwd sourceLevel=43.1821e-03    4.32% 2/2  Step=1.414213562
0.0*	2.90838 mA  	100.0             
1.0 	93.4125 nA  	100.0	105.649 nV   
    Arclength Newton-Raphson converged at 0.0431775 in 1 iters

Fwd sourceLevel=67.007e-03     6.70% 2/2  Step=2
0.0*	5.97756 mA  	100.0             
1.0 	423.739 nA  	100.0	433.126 nV   
    Arclength Newton-Raphson converged at 0.0669925 in 1 iters

Fwd sourceLevel=100.644e-03   10.06% 2/2  Step=2.828427125
0.0*	12.4293 mA  	100.0             
1.0 	1.98534 uA  	100.0             
1.1 	547.204 pA  	100.0	324.458 pV   
    Arclength Newton-Raphson converged at 0.1006 in 1 iters

Fwd sourceLevel=148.047e-03   14.80% 2/2  Step=4
0.0*	26.2623 mA  	100.0             
1.0 	9.9775 uA   	100.0             
1.1 	8.50815 nA  	100.0	5.55321 nV   
    Arclength Newton-Raphson converged at 0.147922 in 1 iters

Fwd sourceLevel=214.616e-03   21.46% 2/2  Step=5.656854249
0.0*	56.5423 mA  	100.0             
1.0 	63.7379 uA  	100.0             
1.1 	148.823 nA  	100.0	102.632 nV   
    Arclength Newton-Raphson converged at 0.21429 in 1 iters

Fwd sourceLevel=307.567e-03   30.76% 2/2  Step=8
0.0*	122.149 mA  	100.0             
1.0 	375.188 uA  	100.0             
1.1 	2.31881 uA  	100.0	1.61123 uV   
    Arclength Newton-Raphson converged at 0.306867 in 1 iters

Fwd sourceLevel=436.643e-03   43.66% 2/2  Step=11.3137085
0.0*	222.782 mA  	100.0             
1.0 	1.74684 mA  	100.0             
1.1 	23.5973 uA  	100.0             
1.2 	359.52 nA   	100.0	331.051 nV   
    Arclength Newton-Raphson converged at 0.436447 in 1 iters

Fwd sourceLevel=621.536e-03   62.15% 2/2  Step=16
0.0*	1.27183 A   	100.0             
1.0 	52.893 mA   	100.0             
1.1 	1.88323 mA  	100.0             
1.2 	121.168 uA  	100.0             
1.3 	5.45244 uA  	100.0	2.83377 uV   
    Arclength Newton-Raphson converged at 0.648364 in 1 iters

Fwd sourceLevel=985.55e-03    98.55% 2/2  Step=22.627417
0.0*	2.20365 A   	100.0             
    rejected

Fwd sourceLevel=808.929e-03   80.89% 2/2  Step=10.77496048
0.0*	511.572 mA  	100.0             
1.0 	225.442 mA  	100.0             
1.1 	17.1386 mA  	100.0             
1.2 	1.49072 mA  	100.0             
1.3 	104.675 uA  	100.0             
1.4 	7.49043 uA  	100.0	5.0082 uV    
    Arclength Newton-Raphson converged at 0.839503 in 1 iters

Fwd sourceLevel=1.06961      106.96% 2/2  Step=10.77496048
0.0*	5.13039 A   	100.0             
1.0 	8.76065 A   	100.0             
1.1*	5.5533 A    	100.0             
    rejected

Fwd sourceLevel=949.079e-03   94.91% 2/2  Step=5.13093356
0.0*	736.203 mA  	100.0             
1.0 	224.481 mA  	100.0             
1.1 	6.62738 mA  	100.0             
1.2 	223.487 uA  	100.0             
1.3 	89.8454 uA  	100.0             
1.4 	8.9035 uA   	100.0             
1.5 	829.715 nA  	100.0	807.742 nV   
    Arclength Newton-Raphson converged at 0.996078 in 1 iters

Fwd sourceLevel=1.09965      109.96% 2/2  Step=5.13093356
0.0*	1.06854 A   	100.0             
1.0 	40.4455 mA  	100.0             
1.1 	2.69293 mA  	100.0             
1.2 	168.454 uA  	100.0             
1.3 	9.80449 uA  	100.0             
1.4 	539.9 nA    	100.0	224.725 nV   
    Arclength Newton-Raphson converged at 1.08589 in 1 iters

    Calculating solution at 1
0.0 	28.8172 mA  	100.0             
0.1 	4.43034 mA  	100.0             
0.2 	714.924 uA  	100.0             
0.3 	122.676 uA  	100.0             
0.4 	25.4618 uA  	100.0             
0.5 	6.06051 uA  	100.0             
0.6 	1.29997 uA  	100.0             
    Newton-Raphson converged at 1

An HB truncation error may be present.
o The HB truncation error is due to using a finite order 
  (number of harmonics) in the representation of the
  circuit signals.

Waveform                Trunc error             Tolerance
---------------------------------------------------------
X3._net415              1.241e-02       >       1.805e-05
X3.X2._net502           1.241e-02       >       1.805e-05
X4._net415              9.068e-03       >       4.545e-06
X4.X2._net502           9.068e-03       >       4.545e-06
X3.X2.vg1               1.032e-03       >       1.703e-06

o Number of waveforms violating the HB truncation error check:
        18 out of 22 waveforms.
o Estimated max HB truncation error: 1.241e-02 @ waveform X3._net415 .
o The maximal HB truncation error estimate is greater than the 
  achieved tolerance of 1.805e-05 for this waveform.
o A time-domain plot of the N__77 waveform may show the error as 
  Gibbs ripples.
o To reduce the error, increase the order (number of harmonics) 
  and re-simulate.

Resource usage:
  Total stopwatch time     =     1.39 seconds.

