
hpeesofsim (*) 450.shp Jan 21 2016, MINT version 4
    (64-bit windows built: 01/21/16 15:34:19)
Copyright 1995 - 2015 Keysight Technologies, 1989-2016.

Warning detected by hpeesofsim in LinearCollapse '_2_' during analysis.
    LinearCollapse is disabled because there is 'HB' analysis present.
Warning detected by hpeesofsim in topology check during circuit set up.
    Number of nodes with only one device attached (topology corrected): 2


CT Sweep1[1] <GF_lib:SCIMs_EML:schematic>   RFfreq=(500e+06->2.5e+09)

HB Sweep1[1].HB1[1/21] <GF_lib:SCIMs_EML:schematic>  RFfreq=500e+06  RFpower=(11->40)
Pt DC convergence is used.
    Number of tones:   1.
    Number of frequencies:   6.
    Number of time samples:  16.
    Number of HB equations (problem size): 3465.
    Auto mode: on.
    Convergence mode: Auto.
    Linear solver: Krylov (GS_GMRES).
    Preconditioner: DCP.
    The general solver is used for HB Krylov preconditioning.
    RFpower=11             0.00% 1/59
------------------------------------------------------------------------------
Newton solver:					Linear solver:
Iter	KCL residual	Damp %	Sol update	Iters	Residual
------------------------------------------------------------------------------
0 	7.10543 fA  	100.0             
1 	7.10543 fA  	100.0	7.10548 fV  	  1	8.037e-08   

HB Sweep1[1].HB1[2/21] <GF_lib:SCIMs_EML:schematic>  RFfreq=600e+06  RFpower=(11->40)
    The general solver is used for HB Krylov preconditioning.
    RFpower=11             0.00% 1/59
Warning detected by hpeesofsim during HB analysis `HB1'.
    COMPONENT `I__42.em_data':
       Simulator uses frequency higher than frequency range for model. The S-parameters are extrapolated.
Warning detected by hpeesofsim during HB analysis `HB1'.
    COMPONENT `I__42.em_data':
       The interpolation result may be inaccurate due to the low number of frequency samples in the EM Model's data.
Warning detected by hpeesofsim during HB analysis `HB1'.
    COMPONENT `I__42.em_data':
       S-parameter passivity is enforced.
0 	7.10543 fA  	100.0             
1 	3.55271 fA  	100.0	8.67339 fV  	  1	1.223e-07   

HB Sweep1[1].HB1[3/21] <GF_lib:SCIMs_EML:schematic>  RFfreq=700e+06  RFpower=(11->40)
    The general solver is used for HB Krylov preconditioning.
    RFpower=11             0.00% 1/59
0 	3.55271 fA  	100.0             
1 	3.55271 fA  	100.0	16.149 fV   	  1	1.243e-07   

HB Sweep1[1].HB1[4/21] <GF_lib:SCIMs_EML:schematic>  RFfreq=800e+06  RFpower=(11->40)
    The general solver is used for HB Krylov preconditioning.
    RFpower=11             0.00% 1/59
0 	3.55271 fA  	100.0             
1 	21.3163 fA  	100.0	8.67365 fV  	  1	4.261e-08   

HB Sweep1[1].HB1[5/21] <GF_lib:SCIMs_EML:schematic>  RFfreq=900e+06  RFpower=(11->40)
    The general solver is used for HB Krylov preconditioning.
    RFpower=11             0.00% 1/59
0 	21.3163 fA  	100.0             
1 	14.2109 fA  	100.0	14.2109 fV  	  1	5.593e-09   

HB Sweep1[1].HB1[6/21] <GF_lib:SCIMs_EML:schematic>  RFfreq=1e+09  RFpower=(11->40)
    The general solver is used for HB Krylov preconditioning.
    RFpower=11             0.00% 1/59
0 	14.2109 fA  	100.0             
1 	8.88178 fA  	100.0	8.88179 fV  	  1	1.020e-07   

HB Sweep1[1].HB1[7/21] <GF_lib:SCIMs_EML:schematic>  RFfreq=1.1e+09  RFpower=(11->40)
    The general solver is used for HB Krylov preconditioning.
    RFpower=11             0.00% 1/59
0 	8.88178 fA  	100.0             
1 	7.10543 fA  	100.0	7.10549 fV  	  1	5.799e-08   

HB Sweep1[1].HB1[8/21] <GF_lib:SCIMs_EML:schematic>  RFfreq=1.2e+09  RFpower=(11->40)
    The general solver is used for HB Krylov preconditioning.
    RFpower=11             0.00% 1/59
0 	7.10543 fA  	100.0             
1 	10.6581 fA  	100.0	3.5539 fV   	  1	2.131e-07   

HB Sweep1[1].HB1[9/21] <GF_lib:SCIMs_EML:schematic>  RFfreq=1.3e+09  RFpower=(11->40)
    The general solver is used for HB Krylov preconditioning.
    RFpower=11             0.00% 1/59
0 	10.6581 fA  	100.0             
1 	7.10543 fA  	100.0	5.32676 fV  	  1	2.362e-08   

HB Sweep1[1].HB1[10/21] <GF_lib:SCIMs_EML:schematic>  RFfreq=1.4e+09  RFpower=(11->40)
    The general solver is used for HB Krylov preconditioning.
    RFpower=11             0.00% 1/59
0 	7.10543 fA  	100.0             
1 	7.10543 fA  	100.0	5.32976 fV  	  1	2.349e-08   

HB Sweep1[1].HB1[11/21] <GF_lib:SCIMs_EML:schematic>  RFfreq=1.5e+09  RFpower=(11->40)
    The general solver is used for HB Krylov preconditioning.
    RFpower=11             0.00% 1/59
0 	7.10543 fA  	100.0             
1 	14.2109 fA  	100.0	1.77793 fV  	  1	2.153e-07   

HB Sweep1[1].HB1[12/21] <GF_lib:SCIMs_EML:schematic>  RFfreq=1.6e+09  RFpower=(11->40)
    The general solver is used for HB Krylov preconditioning.
    RFpower=11             0.00% 1/59
0 	14.2109 fA  	100.0             
1 	14.2109 fA  	100.0	10.6582 fV  	  1	3.593e-08   

HB Sweep1[1].HB1[13/21] <GF_lib:SCIMs_EML:schematic>  RFfreq=1.7e+09  RFpower=(11->40)
    The general solver is used for HB Krylov preconditioning.
    RFpower=11             0.00% 1/59
0 	14.2109 fA  	100.0             
1 	3.55271 fA  	100.0	10.6582 fV  	  1	4.241e-08   

HB Sweep1[1].HB1[14/21] <GF_lib:SCIMs_EML:schematic>  RFfreq=1.8e+09  RFpower=(11->40)
    The general solver is used for HB Krylov preconditioning.
    RFpower=11             0.00% 1/59
0 	3.55271 fA  	100.0             
1 	14.2109 fA  	100.0	1.77563 fV  	  1	2.119e-07   

HB Sweep1[1].HB1[15/21] <GF_lib:SCIMs_EML:schematic>  RFfreq=1.9e+09  RFpower=(11->40)
    The general solver is used for HB Krylov preconditioning.
    RFpower=11             0.00% 1/59
0 	14.2109 fA  	100.0             
1 	14.2109 fA  	100.0	10.6582 fV  	  1	3.201e-08   

HB Sweep1[1].HB1[16/21] <GF_lib:SCIMs_EML:schematic>  RFfreq=2e+09  RFpower=(11->40)
    The general solver is used for HB Krylov preconditioning.
    RFpower=11             0.00% 1/59
0 	14.2109 fA  	100.0             
1 	3.55271 fA  	100.0	10.6582 fV  	  1	4.500e-09   

HB Sweep1[1].HB1[17/21] <GF_lib:SCIMs_EML:schematic>  RFfreq=2.1e+09  RFpower=(11->40)
    The general solver is used for HB Krylov preconditioning.
    RFpower=11             0.00% 1/59
0 	3.55271 fA  	100.0             
1 	14.2109 fA  	100.0	1.77563 fV  	  1	4.688e-07   

HB Sweep1[1].HB1[18/21] <GF_lib:SCIMs_EML:schematic>  RFfreq=2.2e+09  RFpower=(11->40)
    The general solver is used for HB Krylov preconditioning.
    RFpower=11             0.00% 1/59
0 	14.2109 fA  	100.0             
1 	14.2109 fA  	100.0	10.6582 fV  	  1	3.595e-08   

HB Sweep1[1].HB1[19/21] <GF_lib:SCIMs_EML:schematic>  RFfreq=2.3e+09  RFpower=(11->40)
    The general solver is used for HB Krylov preconditioning.
    RFpower=11             0.00% 1/59
0 	14.2109 fA  	100.0             
1 	3.55271 fA  	100.0	10.6582 fV  	  1	3.902e-08   

HB Sweep1[1].HB1[20/21] <GF_lib:SCIMs_EML:schematic>  RFfreq=2.4e+09  RFpower=(11->40)
    The general solver is used for HB Krylov preconditioning.
    RFpower=11             0.00% 1/59
0 	3.55271 fA  	100.0             
1 	14.2109 fA  	100.0	1.77563 fV  	  1	2.385e-07   

HB Sweep1[1].HB1[21/21] <GF_lib:SCIMs_EML:schematic>  RFfreq=2.5e+09  RFpower=(11->40)
    The general solver is used for HB Krylov preconditioning.
    RFpower=11             0.00% 1/59
0 	14.2109 fA  	100.0             
1 	14.2109 fA  	100.0	10.6582 fV  	  1	3.413e-08   

SP SP1[1] <GF_lib:SCIMs_EML:schematic>   freq=(400 MHz->2.4 GHz)
.....................

Resource usage:
  Total stopwatch time     =     3.23 seconds.

