
hpeesofsim (*) 450.shp Jan 21 2016, MINT version 4
    (64-bit windows built: 01/21/16 15:34:19)
Copyright 1995 - 2015 Keysight Technologies, 1989-2016.

Warning detected by hpeesofsim during netlist flattening.
    Resistor `X1.X2.R2' is shorted.

Warning detected by hpeesofsim during netlist flattening.
    Capacitor `X1.X2.C8' is shorted.

Warning detected by hpeesofsim in topology check during circuit set up.
    Number of nodes with no DC path to ground (topology corrected): 1


CT Sweep1[1] <ConPa_first_lib:F_first:schematic>   RF=(400e-03->3.4)

HB Sweep1[1].HB1[1/31] <ConPa_first_lib:F_first:schematic>  RF=400e-03  pavs=28
Pt DC convergence is used.
    Number of tones:   1.
    Number of frequencies:   6.
    Number of time samples:  16.
    Number of HB equations (problem size): 4246.
    Auto mode: on.
    Convergence mode: Auto.
    Linear solver: direct.
Warning detected by hpeesofsim during AC Analysis 'HB1'.
    UserValue(0.003000) < MinRecommendValue(0.000076) OR UserValue > MaxRecommendValue(0.002286) for 'W' in `I__0.Gap5'

Warning detected by hpeesofsim during AC Analysis 'HB1'.
    UserValue(0.008000) < MinRecommendValue(0.000076) OR UserValue > MaxRecommendValue(0.002286) for 'W' in `I__0.Gap4'

Warning detected by hpeesofsim during AC Analysis 'HB1'.
    UserValue(0.008000) < MinRecommendValue(0.000076) OR UserValue > MaxRecommendValue(0.002286) for 'W' in `I__0.Gap3'

Warning detected by hpeesofsim during AC Analysis 'HB1'.
    UserValue(0.003000) < MinRecommendValue(0.000076) OR UserValue > MaxRecommendValue(0.002286) for 'W' in `I__0.Gap2'

Warning detected by hpeesofsim during AC Analysis 'HB1'.
    UserValue(0.008000) < MinRecommendValue(0.000076) OR UserValue > MaxRecommendValue(0.007620) for 'W1' in `I__0.Tee9'

    pavs=28           100.00% 1/1
------------------------------------------------------------------------------
Newton solver:					
Iter	KCL residual	Damp %	Sol update
------------------------------------------------------------------------------
0.0*	3.16639 A   	100.0             
        Newton iteration failed, damping activated
1.0*	61.7726 GA  	  3.1             
2.0*	2.85702 A   	  6.3             
3.0*	2.68813 A   	  3.1             
4.0*	2.44458 A   	  6.3             
5.0*	2.32922 A   	100.0             
6.0*	30.2682 GA  	100.0             
7.0*	888.804e+15A	  6.3             
    Switching to arc-length continuation...
Fwd sourceLevel=2.0127e-03     0.20% 2/2  Step=0.5
0.0*	10.9369 uA  	100.0             
1.0 	23.7452 pA  	100.0	340.472 pV   
    Arclength Newton-Raphson converged at 0.00201272 in 1 iters

Fwd sourceLevel=4.85916e-03    0.49% 2/2  Step=0.7071067812
0.0*	22.1999 uA  	100.0             
1.0 	104.627 pA  	100.0	1.60498 nV   
    Arclength Newton-Raphson converged at 0.00485929 in 1 iters

Fwd sourceLevel=8.88516e-03    0.89% 2/2  Step=1
0.0*	45.3604 uA  	100.0             
1.0 	485.869 pA  	100.0	7.85323 nV   
    Arclength Newton-Raphson converged at 0.00888569 in 1 iters

Fwd sourceLevel=14.5807e-03    1.46% 2/2  Step=1.414213562
0.0*	93.6088 uA  	100.0             
1.0 	2.40692 nA  	100.0	42.1966 nV   
    Arclength Newton-Raphson converged at 0.0145825 in 1 iters

Fwd sourceLevel=22.6419e-03    2.26% 2/2  Step=2
0.0*	196.103 uA  	100.0             
1.0 	12.8547 nA  	100.0	243.809 nV   
    Arclength Newton-Raphson converged at 0.0226479 in 1 iters

Fwd sourceLevel=34.0632e-03    3.41% 2/2  Step=2.828427125
0.0*	420.314 uA  	100.0             
1.0 	76.973 nA   	100.0	1.51102 uV   
    Arclength Newton-Raphson converged at 0.0340826 in 1 iters

Fwd sourceLevel=50.2834e-03    5.03% 2/2  Step=4
0.0*	933.842 uA  	100.0             
1.0 	534.897 nA  	100.0             
1.1 	633.587 pA  	100.0	11.1791 nV   
    Arclength Newton-Raphson converged at 0.0503476 in 1 iters

Fwd sourceLevel=73.4507e-03    7.35% 2/2  Step=5.656854249
0.0*	2.20107 mA  	100.0             
1.0 	4.56882 uA  	100.0             
1.1 	18.0204 nA  	100.0	336.684 nV   
    Arclength Newton-Raphson converged at 0.0736822 in 1 iters

Fwd sourceLevel=107.062e-03   10.71% 2/2  Step=8
0.0*	5.74955 mA  	100.0             
1.0 	53.5612 uA  	100.0             
1.1 	874.358 nA  	100.0             
1.2 	13.8092 nA  	100.0	283.877 nV   
    Arclength Newton-Raphson converged at 0.108054 in 1 iters

Fwd sourceLevel=158.4e-03     15.84% 2/2  Step=11.3137085
0.0*	19.3016 mA  	100.0             
1.0 	429.134 uA  	100.0             
1.1 	16.5097 uA  	100.0             
1.2 	663.102 nA  	100.0	15.8572 uV   
1.3 	26.1465 nA  	100.0	668.535 nV   
    Arclength Newton-Raphson converged at 0.163763 in 1 iters

Fwd sourceLevel=248.427e-03   24.84% 2/2  Step=16
0.0*	24.3054 mA  	100.0             
1.0 	155.976 uA  	100.0             
1.1 	2.27535 uA  	100.0             
1.2 	41.5694 nA  	100.0	866.859 nV   
    Arclength Newton-Raphson converged at 0.252403 in 1 iters

Fwd sourceLevel=377.84e-03    37.78% 2/2  Step=22.627417
0.0*	82.8386 mA  	100.0             
1.0 	2.54527 mA  	100.0             
1.1 	162.73 uA   	100.0             
1.2 	11.2073 uA  	100.0             
1.3 	756.905 nA  	100.0	5.26929 uV   
    Arclength Newton-Raphson converged at 0.392809 in 1 iters

Fwd sourceLevel=655.712e-03   65.57% 2/2  Step=32
    rejected

Fwd sourceLevel=518.001e-03   51.80% 2/2  Step=15.23809524
0.0*	579.459 mA  	100.0             
1.0 	28.5667 mA  	100.0             
1.1 	2.03015 mA  	100.0             
1.2 	295.029 uA  	100.0             
1.3 	39.718 uA   	100.0             
1.4 	5.57517 uA  	100.0             
1.5 	716.825 nA  	100.0	2.49964 uV   
    Arclength Newton-Raphson converged at 0.578734 in 1 iters

Fwd sourceLevel=818.021e-03   81.80% 2/2  Step=15.23809524
0.0*	697.165 mA  	100.0             
1.0 	73.8524 mA  	100.0             
1.1 	13.4372 mA  	100.0             
1.2 	2.48192 mA  	100.0             
1.3 	505.396 uA  	100.0             
1.4 	94.2964 uA  	100.0             
1.5 	18.9745 uA  	100.0             
1.6 	3.57744 uA  	100.0             
1.7 	713.375 nA  	100.0	1.76275 uV   
    Arclength Newton-Raphson converged at 0.908688 in 1 iters

Fwd sourceLevel=1.46202      146.20% 2/2  Step=21.54992095
    rejected

Fwd sourceLevel=1.17218      117.22% 2/2  Step=10.26186712
0.0*	225.611 mA  	100.0             
1.0 	15.2413 mA  	100.0             
1.1 	3.74655 mA  	100.0             
1.2 	1.67524 mA  	100.0             
1.3 	754.616 uA  	100.0             
1.4 	322.89 uA   	100.0             
1.5 	135.369 uA  	100.0             
1.6 	56.3189 uA  	100.0             
1.7 	23.3612 uA  	100.0             
1.8 	9.67914 uA  	100.0             
1.9 	4.00856 uA  	100.0             
1.10 	1.65984 uA  	100.0	7.53399 uV   
1.11 	687.257 nA  	100.0	12.7039 uV   
    Arclength Newton-Raphson converged at 1.23742 in 1 iters

    Calculating solution at 1
0.0 	47.0465 mA  	100.0             
0.1 	17.3559 mA  	100.0             
0.2 	8.25794 mA  	100.0             
0.3 	4.06539 mA  	100.0             
0.4 	2.02644 mA  	100.0             
0.5 	1.01749 mA  	100.0             
0.6 	512.744 uA  	100.0             
0.7 	258.807 uA  	100.0             
0.8 	130.725 uA  	100.0             
0.9 	66.0496 uA  	100.0             
0.10 	33.3763 uA  	100.0             
0.11 	16.8666 uA  	100.0             
0.12 	8.5237 uA   	100.0             
0.13 	4.30756 uA  	100.0             
0.14 	2.17688 uA  	100.0             
    Newton-Raphson converged at 1

An HB truncation error may be present.
o The HB truncation error is due to using a finite order 
  (number of harmonics) in the representation of the
  circuit signals.

Waveform                Trunc error             Tolerance
---------------------------------------------------------
X1._net415              7.116e-02       >       1.865e-05
X1.X2._net502           7.116e-02       >       1.865e-05
X1.X2.vg1               4.604e-03       >       2.944e-06
X1.X2._net642           3.992e-03       >       2.953e-06
X1.X2._net660           3.991e-03       >       2.953e-06

o Number of waveforms violating the HB truncation error check:
        8 out of 10 waveforms.
o Estimated max HB truncation error: 7.116e-02 @ waveform X1._net415 .
o The maximal HB truncation error estimate is greater than the 
  achieved tolerance of 1.865e-05 for this waveform.
o A time-domain plot of the C4._net1aux waveform may show the error as 
  Gibbs ripples.
o To reduce the error, increase the order (number of harmonics) 
  and re-simulate.

HB Sweep1[1].HB1[2/31] <ConPa_first_lib:F_first:schematic>  RF=500e-03  pavs=28
    pavs=28           100.00% 1/1
0.0*	4.81043 A   	100.0             
1.0 	2.81815 A   	100.0             
1.1 	2.18631 A   	100.0             
1.2*	1.40779 A   	100.0             
2.0 	533.279 mA  	100.0             
2.1 	277.642 mA  	100.0             
2.2 	131.775 mA  	100.0             
2.3 	83.8885 mA  	100.0             
2.4 	49.9499 mA  	100.0             
2.5 	31.6227 mA  	100.0             
2.6 	19.4975 mA  	100.0             
2.7 	12.2673 mA  	100.0             
2.8 	7.6329 mA   	100.0             
2.9 	4.78512 mA  	100.0             
2.10 	2.98645 mA  	100.0             
2.11 	1.86927 mA  	100.0             
2.12 	1.16795 mA  	100.0             
2.13 	730.575 uA  	100.0             
2.14 	456.671 uA  	100.0             
2.15 	285.583 uA  	100.0             
2.16 	178.543 uA  	100.0             
2.17 	111.642 uA  	100.0             
2.18 	69.802 uA   	100.0             
2.19 	43.6452 uA  	100.0             
2.20 	27.2889 uA  	100.0             
2.21 	17.0627 uA  	100.0             
2.22 	10.6685 uA  	100.0             
2.23 	6.67054 uA  	100.0             
2.24 	4.17079 uA  	100.0             
2.25 	2.60781 uA  	100.0	8.69688 uV   
An HB truncation error may be present.
o The HB truncation error is due to using a finite order 
  (number of harmonics) in the representation of the
  circuit signals.

Waveform                Trunc error             Tolerance
---------------------------------------------------------
X1._net415              7.149e-02       >       1.797e-05
X1.X2._net502           7.149e-02       >       1.797e-05
X1.X2.vg1               5.897e-03       >       3.218e-06
X1.X2._net642           5.182e-03       >       3.224e-06
X1.X2._net660           5.180e-03       >       3.224e-06

o Number of waveforms violating the HB truncation error check:
        8 out of 10 waveforms.
o Estimated max HB truncation error: 7.149e-02 @ waveform X1._net415 .
o The maximal HB truncation error estimate is greater than the 
  achieved tolerance of 1.797e-05 for this waveform.
o A time-domain plot of the C4._net1aux waveform may show the error as 
  Gibbs ripples.
o To reduce the error, increase the order (number of harmonics) 
  and re-simulate.

HB Sweep1[1].HB1[3/31] <ConPa_first_lib:F_first:schematic>  RF=600e-03  pavs=28
    pavs=28           100.00% 1/1
0.0*	3.95881 A   	100.0             
1.0 	1.59596 A   	100.0             
1.1 	1.10082 A   	100.0             
1.2*	335.756 mA  	100.0             
2.0 	37.7794 mA  	100.0             
2.1 	3.34623 mA  	100.0             
2.2 	645.992 uA  	100.0             
2.3 	117.582 uA  	100.0             
2.4 	22.1054 uA  	100.0             
2.5 	5.32433 uA  	100.0             
2.6 	1.10647 uA  	100.0	7.92153 uV   
An HB truncation error may be present.
o The HB truncation error is due to using a finite order 
  (number of harmonics) in the representation of the
  circuit signals.

Waveform                Trunc error             Tolerance
---------------------------------------------------------
X1._net415              6.486e-02       >       1.751e-05
X1.X2._net502           6.486e-02       >       1.751e-05
X1.X2.vg1               6.670e-03       >       3.363e-06
X1.X2._net642           5.911e-03       >       3.366e-06
X1.X2._net660           5.908e-03       >       3.366e-06

o Number of waveforms violating the HB truncation error check:
        8 out of 10 waveforms.
o Estimated max HB truncation error: 6.486e-02 @ waveform X1._net415 .
o The maximal HB truncation error estimate is greater than the 
  achieved tolerance of 1.751e-05 for this waveform.
o A time-domain plot of the C5._net1aux waveform may show the error as 
  Gibbs ripples.
o To reduce the error, increase the order (number of harmonics) 
  and re-simulate.

HB Sweep1[1].HB1[4/31] <ConPa_first_lib:F_first:schematic>  RF=700e-03  pavs=28
    pavs=28           100.00% 1/1
0.0*	3.39731 A   	100.0             
1.0 	1.41 A      	100.0             
1.1 	1.14196 A   	100.0             
1.2*	414.839 mA  	100.0             
2.0 	41.5726 mA  	100.0             
2.1 	4.15628 mA  	100.0             
2.2 	1.06545 mA  	100.0             
2.3 	218.999 uA  	100.0             
2.4 	49.0325 uA  	100.0             
2.5 	16.9511 uA  	100.0             
2.6 	4.8777 uA   	100.0             
2.7 	1.66475 uA  	100.0	8.30216 uV   
An HB truncation error may be present.
o The HB truncation error is due to using a finite order 
  (number of harmonics) in the representation of the
  circuit signals.

Waveform                Trunc error             Tolerance
---------------------------------------------------------
X1._net415              9.010e-02       >       1.705e-05
X1.X2._net502           9.010e-02       >       1.705e-05
X1.X2.vg1               8.385e-03       >       3.385e-06
X1.X2._net642           7.764e-03       >       3.386e-06
X1.X2._net660           7.760e-03       >       3.386e-06

o Number of waveforms violating the HB truncation error check:
        8 out of 10 waveforms.
o Estimated max HB truncation error: 9.010e-02 @ waveform X1._net415 .
o The maximal HB truncation error estimate is greater than the 
  achieved tolerance of 1.705e-05 for this waveform.
o A time-domain plot of the N__21 waveform may show the error as 
  Gibbs ripples.
o To reduce the error, increase the order (number of harmonics) 
  and re-simulate.

HB Sweep1[1].HB1[5/31] <ConPa_first_lib:F_first:schematic>  RF=800e-03  pavs=28
    pavs=28           100.00% 1/1
0.0*	3.30276 A   	100.0             
1.0 	1.2911 A    	100.0             
1.1 	1.17887 A   	100.0             
1.2*	793.103 mA  	100.0             
2.0 	37.1009 mA  	100.0             
2.1 	6.95226 mA  	100.0             
2.2 	1.49972 mA  	100.0             
2.3 	287.541 uA  	100.0             
2.4 	67.6537 uA  	100.0             
2.5 	14.0065 uA  	100.0             
2.6 	3.37529 uA  	100.0             
2.7 	720.393 nA  	100.0	4.57705 uV   
An HB truncation error may be present.
o The HB truncation error is due to using a finite order 
  (number of harmonics) in the representation of the
  circuit signals.

Waveform                Trunc error             Tolerance
---------------------------------------------------------
X1._net415              9.286e-02       >       1.664e-05
X1.X2._net502           9.286e-02       >       1.664e-05
X1.X2.vg1               8.409e-03       >       3.328e-06
X1.X2._net642           7.938e-03       >       3.328e-06
X1.X2._net660           7.934e-03       >       3.328e-06

o Number of waveforms violating the HB truncation error check:
        8 out of 10 waveforms.
o Estimated max HB truncation error: 9.286e-02 @ waveform X1._net415 .
o The maximal HB truncation error estimate is greater than the 
  achieved tolerance of 1.664e-05 for this waveform.
o A time-domain plot of the C6._net1aux waveform may show the error as 
  Gibbs ripples.
o To reduce the error, increase the order (number of harmonics) 
  and re-simulate.

HB Sweep1[1].HB1[6/31] <ConPa_first_lib:F_first:schematic>  RF=900e-03  pavs=28
    pavs=28           100.00% 1/1
0.0*	3.06171 A   	100.0             
1.0 	299.435 mA  	100.0             
1.1 	177.799 mA  	100.0             
1.2 	103.394 mA  	100.0             
1.3 	70.1915 mA  	100.0             
1.4*	44.7147 mA  	100.0             
2.0 	1.96729 mA  	100.0             
2.1 	152.012 uA  	100.0             
2.2 	12.1014 uA  	100.0             
2.3 	982.969 nA  	100.0	9.00019 uV   
An HB truncation error may be present.
o The HB truncation error is due to using a finite order 
  (number of harmonics) in the representation of the
  circuit signals.

Waveform                Trunc error             Tolerance
---------------------------------------------------------
X1._net415              6.335e-02       >       1.635e-05
X1.X2._net502           6.335e-02       >       1.635e-05
X1.X2.vg1               6.363e-03       >       3.218e-06
X1.X2._net642           5.993e-03       >       3.219e-06
X1.X2._net660           5.991e-03       >       3.219e-06

o Number of waveforms violating the HB truncation error check:
        8 out of 10 waveforms.
o Estimated max HB truncation error: 6.335e-02 @ waveform X1._net415 .
o The maximal HB truncation error estimate is greater than the 
  achieved tolerance of 1.635e-05 for this waveform.
o A time-domain plot of the C4._net1aux waveform may show the error as 
  Gibbs ripples.
o To reduce the error, increase the order (number of harmonics) 
  and re-simulate.

HB Sweep1[1].HB1[7/31] <ConPa_first_lib:F_first:schematic>  RF=1  pavs=28
    pavs=28           100.00% 1/1
0.0*	2.90313 A   	100.0             
1.0 	551.372 mA  	100.0             
1.1 	460.231 mA  	100.0             
1.2*	361.317 mA  	100.0             
2.0 	47.432 mA   	100.0             
2.1 	12.9464 mA  	100.0             
2.2 	3.86524 mA  	100.0             
2.3 	1.17692 mA  	100.0             
2.4 	360.436 uA  	100.0             
2.5 	110.574 uA  	100.0             
2.6 	33.9391 uA  	100.0             
2.7 	10.4188 uA  	100.0             
2.8 	3.19859 uA  	100.0	8.42175 uV   
An HB truncation error may be present.
o The HB truncation error is due to using a finite order 
  (number of harmonics) in the representation of the
  circuit signals.

Waveform                Trunc error             Tolerance
---------------------------------------------------------
X1._net415              4.126e-02       >       1.588e-05
X1.X2._net502           4.126e-02       >       1.588e-05
X1.X2.vg1               5.875e-03       >       3.121e-06
X1.X2._net642           5.218e-03       >       3.123e-06
X1.X2._net660           5.217e-03       >       3.123e-06

o Number of waveforms violating the HB truncation error check:
        8 out of 10 waveforms.
o Estimated max HB truncation error: 4.126e-02 @ waveform X1._net415 .
o The maximal HB truncation error estimate is greater than the 
  achieved tolerance of 1.588e-05 for this waveform.
o A time-domain plot of the C4._net1aux waveform may show the error as 
  Gibbs ripples.
o To reduce the error, increase the order (number of harmonics) 
  and re-simulate.

HB Sweep1[1].HB1[8/31] <ConPa_first_lib:F_first:schematic>  RF=1.1  pavs=28
    pavs=28           100.00% 1/1
0.0*	2.59435 A   	100.0             
1.0 	118.989 mA  	100.0             
1.1 	39.573 mA   	100.0             
1.2 	18.9118 mA  	100.0             
1.3 	7.82669 mA  	100.0             
1.4 	3.6492 mA   	100.0             
1.5 	1.52757 mA  	100.0             
1.6 	701.132 uA  	100.0             
1.7 	295.915 uA  	100.0             
1.8 	134.55 uA   	100.0             
1.9 	57.2092 uA  	100.0             
1.10 	25.8234 uA  	100.0             
1.11 	11.049 uA   	100.0             
1.12 	4.95851 uA  	100.0             
1.13 	2.13244 uA  	100.0	16.1 uV      
An HB truncation error may be present.
o The HB truncation error is due to using a finite order 
  (number of harmonics) in the representation of the
  circuit signals.

Waveform                Trunc error             Tolerance
---------------------------------------------------------
X1._net415              5.580e-02       >       1.545e-05
X1.X2._net502           5.580e-02       >       1.545e-05
X1.X2.vg1               4.600e-03       >       3.038e-06
X1.X2._net642           3.524e-03       >       3.041e-06
X1.X2._net660           3.524e-03       >       3.041e-06

o Number of waveforms violating the HB truncation error check:
        8 out of 10 waveforms.
o Estimated max HB truncation error: 5.580e-02 @ waveform X1._net415 .
o The maximal HB truncation error estimate is greater than the 
  achieved tolerance of 1.545e-05 for this waveform.
o A time-domain plot of the C4._net1aux waveform may show the error as 
  Gibbs ripples.
o To reduce the error, increase the order (number of harmonics) 
  and re-simulate.

HB Sweep1[1].HB1[9/31] <ConPa_first_lib:F_first:schematic>  RF=1.2  pavs=28
    pavs=28           100.00% 1/1
0.0*	3.20616 A   	100.0             
1.0 	316.851 mA  	100.0             
1.1 	261.526 mA  	100.0             
1.2*	174.921 mA  	100.0             
2.0 	23.2465 mA  	100.0             
2.1 	5.69331 mA  	100.0             
2.2 	1.49382 mA  	100.0             
2.3 	395.981 uA  	100.0             
2.4 	105.279 uA  	100.0             
2.5 	28.0119 uA  	100.0             
2.6 	7.45485 uA  	100.0             
2.7 	1.98406 uA  	100.0	8.2292 uV    
An HB truncation error may be present.
o The HB truncation error is due to using a finite order 
  (number of harmonics) in the representation of the
  circuit signals.

Waveform                Trunc error             Tolerance
---------------------------------------------------------
X1._net415              3.569e-02       >       1.509e-05
X1.X2._net502           3.569e-02       >       1.509e-05
X1.X2.vg1               3.553e-03       >       2.991e-06
X1.X2._net642           3.430e-03       >       2.995e-06
X1.X2._net660           3.429e-03       >       2.995e-06

o Number of waveforms violating the HB truncation error check:
        8 out of 10 waveforms.
o Estimated max HB truncation error: 3.569e-02 @ waveform X1._net415 .
o The maximal HB truncation error estimate is greater than the 
  achieved tolerance of 1.509e-05 for this waveform.
o A time-domain plot of the N__17 waveform may show the error as 
  Gibbs ripples.
o To reduce the error, increase the order (number of harmonics) 
  and re-simulate.

HB Sweep1[1].HB1[10/31] <ConPa_first_lib:F_first:schematic>  RF=1.3  pavs=28
    pavs=28           100.00% 1/1
0.0*	2.92164 A   	100.0             
1.0 	149.303 mA  	100.0             
1.1 	73.5046 mA  	100.0             
1.2 	40.3343 mA  	100.0             
1.3 	23.0916 mA  	100.0             
1.4 	13.3527 mA  	100.0             
1.5 	7.78425 mA  	100.0             
1.6 	4.55591 mA  	100.0             
1.7 	2.67292 mA  	100.0             
1.8 	1.57028 mA  	100.0             
1.9 	923.245 uA  	100.0             
1.10 	543.07 uA   	100.0             
1.11 	319.531 uA  	100.0             
1.12 	188.035 uA  	100.0             
1.13 	110.664 uA  	100.0             
1.14 	65.1321 uA  	100.0             
1.15 	38.3353 uA  	100.0             
1.16 	22.5638 uA  	100.0             
1.17 	13.281 uA   	100.0             
1.18 	7.81717 uA  	100.0             
1.19 	4.6012 uA   	100.0             
1.20 	2.70828 uA  	100.0	8.40828 uV   
An HB truncation error may be present.
o The HB truncation error is due to using a finite order 
  (number of harmonics) in the representation of the
  circuit signals.

Waveform                Trunc error             Tolerance
---------------------------------------------------------
X1._net415              2.001e-02       >       1.493e-05
X1.X2._net502           2.001e-02       >       1.493e-05
X1.X2.vg1               3.510e-03       >       2.961e-06
X1.X2._net642           3.484e-03       >       2.965e-06
X1.X2._net660           3.484e-03       >       2.965e-06

o Number of waveforms violating the HB truncation error check:
        8 out of 10 waveforms.
o Estimated max HB truncation error: 2.001e-02 @ waveform X1._net415 .
o The maximal HB truncation error estimate is greater than the 
  achieved tolerance of 1.493e-05 for this waveform.
o A time-domain plot of the N__17 waveform may show the error as 
  Gibbs ripples.
o To reduce the error, increase the order (number of harmonics) 
  and re-simulate.

HB Sweep1[1].HB1[11/31] <ConPa_first_lib:F_first:schematic>  RF=1.4  pavs=28
    pavs=28           100.00% 1/1
0.0*	2.36458 A   	100.0             
1.0 	132.35 mA   	100.0             
1.1 	41.7447 mA  	100.0             
1.2 	20.0311 mA  	100.0             
1.3 	6.753 mA    	100.0             
1.4 	3.43425 mA  	100.0             
1.5 	1.21359 mA  	100.0             
1.6 	608.771 uA  	100.0             
1.7 	239.149 uA  	100.0             
1.8 	117.346 uA  	100.0             
1.9 	47.7146 uA  	100.0             
1.10 	22.795 uA   	100.0             
1.11 	9.52091 uA  	100.0             
1.12 	4.45109 uA  	100.0             
1.13 	1.89876 uA  	100.0	21.0231 uV   
An HB truncation error may be present.
o The HB truncation error is due to using a finite order 
  (number of harmonics) in the representation of the
  circuit signals.

Waveform                Trunc error             Tolerance
---------------------------------------------------------
X1._net415              1.038e-02       >       1.481e-05
X1.X2._net502           1.038e-02       >       1.481e-05
X1.X2.vg1               4.069e-03       >       2.949e-06
X1.X2._net660           3.749e-03       >       2.956e-06
X1.X2._net628           3.749e-03       >       2.956e-06

o Number of waveforms violating the HB truncation error check:
        8 out of 10 waveforms.
o Estimated max HB truncation error: 1.038e-02 @ waveform X1._net415 .
o The maximal HB truncation error estimate is greater than the 
  achieved tolerance of 1.481e-05 for this waveform.
o A time-domain plot of the N__17 waveform may show the error as 
  Gibbs ripples.
o To reduce the error, increase the order (number of harmonics) 
  and re-simulate.

HB Sweep1[1].HB1[12/31] <ConPa_first_lib:F_first:schematic>  RF=1.5  pavs=28
    pavs=28           100.00% 1/1
0.0*	2.05523 A   	100.0             
1.0 	159.381 mA  	100.0             
1.1 	78.0557 mA  	100.0             
1.2 	40.9975 mA  	100.0             
1.3 	21.3587 mA  	100.0             
1.4 	13.0987 mA  	100.0             
1.5 	6.42586 mA  	100.0             
1.6 	4.24942 mA  	100.0             
1.7 	2.03841 mA  	100.0             
1.8 	1.38462 mA  	100.0             
1.9*	674.765 uA  	100.0             
2.0 	549.374 nA  	100.0	4.76139 uV   
An HB truncation error may be present.
o The HB truncation error is due to using a finite order 
  (number of harmonics) in the representation of the
  circuit signals.

Waveform                Trunc error             Tolerance
---------------------------------------------------------
X1._net415              2.290e-02       >       1.487e-05
X1.X2._net502           2.290e-02       >       1.487e-05
X1.X2.vg1               4.191e-03       >       2.953e-06
X1.X2._net660           3.547e-03       >       2.961e-06
X1.X2._net628           3.547e-03       >       2.961e-06

o Number of waveforms violating the HB truncation error check:
        8 out of 10 waveforms.
o Estimated max HB truncation error: 2.290e-02 @ waveform X1._net415 .
o The maximal HB truncation error estimate is greater than the 
  achieved tolerance of 1.487e-05 for this waveform.
o A time-domain plot of the N__17 waveform may show the error as 
  Gibbs ripples.
o To reduce the error, increase the order (number of harmonics) 
  and re-simulate.

HB Sweep1[1].HB1[13/31] <ConPa_first_lib:F_first:schematic>  RF=1.6  pavs=28
    pavs=28           100.00% 1/1
0.0*	1.89552 A   	100.0             
1.0 	158.45 mA   	100.0             
1.1 	75.1492 mA  	100.0             
1.2 	48.6761 mA  	100.0             
1.3 	28.2038 mA  	100.0             
1.4 	19.0915 mA  	100.0             
1.5*	11.9314 mA  	100.0             
2.0 	151.943 uA  	100.0             
2.1 	3.7965 uA   	100.0	22.6262 uV   
An HB truncation error may be present.
o The HB truncation error is due to using a finite order 
  (number of harmonics) in the representation of the
  circuit signals.

Waveform                Trunc error             Tolerance
---------------------------------------------------------
X1._net415              3.553e-02       >       1.495e-05
X1.X2._net502           3.553e-02       >       1.495e-05
X1.X2.vg1               3.981e-03       >       2.969e-06
X1.X2._net660           3.338e-03       >       2.978e-06
X1.X2._net628           3.338e-03       >       2.978e-06

o Number of waveforms violating the HB truncation error check:
        8 out of 10 waveforms.
o Estimated max HB truncation error: 3.553e-02 @ waveform X1._net415 .
o The maximal HB truncation error estimate is greater than the 
  achieved tolerance of 1.495e-05 for this waveform.
o A time-domain plot of the N__17 waveform may show the error as 
  Gibbs ripples.
o To reduce the error, increase the order (number of harmonics) 
  and re-simulate.

HB Sweep1[1].HB1[14/31] <ConPa_first_lib:F_first:schematic>  RF=1.7  pavs=28
    pavs=28           100.00% 1/1
0.0*	1.96805 A   	100.0             
1.0 	309.097 mA  	100.0             
1.1 	200.837 mA  	100.0             
1.2 	132.834 mA  	100.0             
1.3 	93.0517 mA  	100.0             
1.4*	62.4268 mA  	100.0             
2.0 	2.99221 mA  	100.0             
2.1 	291.834 uA  	100.0             
2.2 	29.151 uA   	100.0             
2.3 	2.91902 uA  	100.0	22.9477 uV   
An HB truncation error may be present.
o The HB truncation error is due to using a finite order 
  (number of harmonics) in the representation of the
  circuit signals.

Waveform                Trunc error             Tolerance
---------------------------------------------------------
X1._net415              1.987e-02       >       1.552e-05
X1.X2._net502           1.987e-02       >       1.552e-05
X1.X2.vg1               3.146e-03       >       2.988e-06
X1.X2._net660           2.764e-03       >       2.998e-06
X1.X2._net628           2.764e-03       >       2.998e-06

o Number of waveforms violating the HB truncation error check:
        8 out of 10 waveforms.
o Estimated max HB truncation error: 1.987e-02 @ waveform X1._net415 .
o The maximal HB truncation error estimate is greater than the 
  achieved tolerance of 1.552e-05 for this waveform.
o A time-domain plot of the N__17 waveform may show the error as 
  Gibbs ripples.
o To reduce the error, increase the order (number of harmonics) 
  and re-simulate.

HB Sweep1[1].HB1[15/31] <ConPa_first_lib:F_first:schematic>  RF=1.8  pavs=28
    pavs=28           100.00% 1/1
0.0*	2.02422 A   	100.0             
1.0 	130.444 mA  	100.0             
1.1 	96.7165 mA  	100.0             
1.2*	56.0095 mA  	100.0             
2.0 	2.62732 mA  	100.0             
2.1 	219.584 uA  	100.0             
2.2 	18.6758 uA  	100.0             
2.3 	1.59025 uA  	100.0	7.23366 uV   
An HB truncation error may be present.
o The HB truncation error is due to using a finite order 
  (number of harmonics) in the representation of the
  circuit signals.

Waveform                Trunc error             Tolerance
---------------------------------------------------------
X1._net415              1.838e-02       >       1.608e-05
X1.X2._net502           1.838e-02       >       1.608e-05
X1.X2.vg1               3.339e-03       >       2.993e-06
X1.X2._net615           2.640e-03       >       1.137e-06
X1.X2.vd1g              2.603e-03       >       1.128e-06

o Number of waveforms violating the HB truncation error check:
        8 out of 10 waveforms.
o Estimated max HB truncation error: 1.838e-02 @ waveform X1._net415 .
o The maximal HB truncation error estimate is greater than the 
  achieved tolerance of 1.608e-05 for this waveform.
o A time-domain plot of the N__5 waveform may show the error as 
  Gibbs ripples.
o To reduce the error, increase the order (number of harmonics) 
  and re-simulate.

HB Sweep1[1].HB1[16/31] <ConPa_first_lib:F_first:schematic>  RF=1.9  pavs=28
    pavs=28           100.00% 1/1
0.0*	2.14813 A   	100.0             
1.0 	154.944 mA  	100.0             
1.1 	60.5999 mA  	100.0             
1.2 	34.8852 mA  	100.0             
1.3 	10.8465 mA  	100.0             
1.4 	6.91832 mA  	100.0             
1.5 	2.53152 mA  	100.0             
1.6 	1.43818 mA  	100.0             
1.7 	584.83 uA   	100.0             
1.8 	305.827 uA  	100.0             
1.9 	132.355 uA  	100.0             
1.10 	66.0691 uA  	100.0             
1.11 	29.6414 uA  	100.0             
1.12 	14.472 uA   	100.0             
1.13 	6.59974 uA  	100.0             
1.14 	3.17753 uA  	100.0             
1.15 	1.4645 uA   	100.0	19.2741 uV   
An HB truncation error may be present.
o The HB truncation error is due to using a finite order 
  (number of harmonics) in the representation of the
  circuit signals.

Waveform                Trunc error             Tolerance
---------------------------------------------------------
X1._net415              1.904e-02       >       1.623e-05
X1.X2._net502           1.904e-02       >       1.623e-05
X1.X2._net628           2.383e-03       >       3.002e-06
X1.X2._net660           2.383e-03       >       3.002e-06
X1.X2._net642           2.382e-03       >       3.001e-06

o Number of waveforms violating the HB truncation error check:
        8 out of 10 waveforms.
o Estimated max HB truncation error: 1.904e-02 @ waveform X1._net415 .
o The maximal HB truncation error estimate is greater than the 
  achieved tolerance of 1.623e-05 for this waveform.
o A time-domain plot of the C4._net1aux waveform may show the error as 
  Gibbs ripples.
o To reduce the error, increase the order (number of harmonics) 
  and re-simulate.

HB Sweep1[1].HB1[17/31] <ConPa_first_lib:F_first:schematic>  RF=2  pavs=28
    pavs=28           100.00% 1/1
0.0*	1.67845 A   	100.0             
1.0 	123.905 mA  	100.0             
1.1 	62.4523 mA  	100.0             
1.2 	36.4369 mA  	100.0             
1.3 	22.5458 mA  	100.0             
1.4 	13.7082 mA  	100.0             
1.5 	8.5503 mA   	100.0             
1.6 	5.27382 mA  	100.0             
1.7 	3.2858 mA   	100.0             
1.8 	2.03571 mA  	100.0             
1.9 	1.26636 mA  	100.0             
1.10 	785.822 uA  	100.0             
1.11 	488.432 uA  	100.0             
1.12 	303.277 uA  	100.0             
1.13 	188.434 uA  	100.0             
1.14 	117.031 uA  	100.0             
1.15 	72.7032 uA  	100.0             
1.16 	45.1582 uA  	100.0             
1.17 	28.052 uA   	100.0             
1.18 	17.4247 uA  	100.0             
1.19 	10.8238 uA  	100.0             
1.20 	6.72336 uA  	100.0             
1.21 	4.17638 uA  	100.0             
1.22 	2.59422 uA  	100.0	24.6223 uV   
An HB truncation error may be present.
o The HB truncation error is due to using a finite order 
  (number of harmonics) in the representation of the
  circuit signals.

Waveform                Trunc error             Tolerance
---------------------------------------------------------
X1._net415              2.835e-02       >       1.618e-05
X1.X2._net502           2.835e-02       >       1.618e-05
X1.X2.vg1               2.389e-03       >       2.958e-06
X1.X2._net660           2.026e-03       >       2.974e-06
X1.X2._net628           2.026e-03       >       2.974e-06

o Number of waveforms violating the HB truncation error check:
        8 out of 10 waveforms.
o Estimated max HB truncation error: 2.835e-02 @ waveform X1._net415 .
o The maximal HB truncation error estimate is greater than the 
  achieved tolerance of 1.618e-05 for this waveform.
o A time-domain plot of the C4._net1aux waveform may show the error as 
  Gibbs ripples.
o To reduce the error, increase the order (number of harmonics) 
  and re-simulate.

HB Sweep1[1].HB1[18/31] <ConPa_first_lib:F_first:schematic>  RF=2.1  pavs=28
    pavs=28           100.00% 1/1
0.0*	1.95858 A   	100.0             
1.0 	172.148 mA  	100.0             
1.1 	87.1418 mA  	100.0             
1.2 	31.561 mA   	100.0             
1.3 	13.4943 mA  	100.0             
1.4 	4.96502 mA  	100.0             
1.5 	1.96747 mA  	100.0             
1.6 	769.92 uA   	100.0             
1.7 	293.585 uA  	100.0             
1.8 	123.059 uA  	100.0             
1.9 	48.9488 uA  	100.0             
1.10 	20.1155 uA  	100.0             
1.11 	8.02151 uA  	100.0             
1.12 	3.24492 uA  	100.0             
1.13 	1.28417 uA  	100.0	8.31686 uV   
An HB truncation error may be present.
o The HB truncation error is due to using a finite order 
  (number of harmonics) in the representation of the
  circuit signals.

Waveform                Trunc error             Tolerance
---------------------------------------------------------
X1._net415              3.274e-02       >       1.624e-05
X1.X2._net502           3.274e-02       >       1.624e-05
X1.X2.vg1               2.527e-03       >       2.903e-06
X1.X2._net642           1.894e-03       >       2.922e-06
X1.X2._net660           1.891e-03       >       2.922e-06

o Number of waveforms violating the HB truncation error check:
        8 out of 10 waveforms.
o Estimated max HB truncation error: 3.274e-02 @ waveform X1._net415 .
o The maximal HB truncation error estimate is greater than the 
  achieved tolerance of 1.624e-05 for this waveform.
o A time-domain plot of the I__0.N__64 waveform may show the error as 
  Gibbs ripples.
o To reduce the error, increase the order (number of harmonics) 
  and re-simulate.

HB Sweep1[1].HB1[19/31] <ConPa_first_lib:F_first:schematic>  RF=2.2  pavs=28
    pavs=28           100.00% 1/1
0.0*	2.62546 A   	100.0             
1.0 	67.4606 mA  	100.0             
1.1 	20.9699 mA  	100.0             
1.2 	2.50037 mA  	100.0             
1.3 	866.24 uA   	100.0             
1.4 	162.927 uA  	100.0             
1.5 	35.8142 uA  	100.0             
1.6 	8.28974 uA  	100.0             
1.7 	1.59602 uA  	100.0	5.83767 uV   
An HB truncation error may be present.
o The HB truncation error is due to using a finite order 
  (number of harmonics) in the representation of the
  circuit signals.

Waveform                Trunc error             Tolerance
---------------------------------------------------------
X1._net415              2.524e-02       >       1.619e-05
X1.X2._net502           2.524e-02       >       1.619e-05
X1.X2._net642           3.090e-03       >       2.856e-06
X1.X2._net660           3.084e-03       >       2.856e-06
X1.X2._net628           3.084e-03       >       2.856e-06

o Number of waveforms violating the HB truncation error check:
        8 out of 10 waveforms.
o Estimated max HB truncation error: 2.524e-02 @ waveform X1._net415 .
o The maximal HB truncation error estimate is greater than the 
  achieved tolerance of 1.619e-05 for this waveform.
o A time-domain plot of the C5._net1aux waveform may show the error as 
  Gibbs ripples.
o To reduce the error, increase the order (number of harmonics) 
  and re-simulate.

HB Sweep1[1].HB1[20/31] <ConPa_first_lib:F_first:schematic>  RF=2.3  pavs=28
    pavs=28           100.00% 1/1
0.0*	2.22396 A   	100.0             
1.0 	242.157 mA  	100.0             
1.1 	78.933 mA   	100.0             
1.2 	33.226 mA   	100.0             
1.3 	15.735 mA   	100.0             
1.4 	7.28352 mA  	100.0             
1.5 	3.85836 mA  	100.0             
1.6 	1.94106 mA  	100.0             
1.7 	1.0147 mA   	100.0             
1.8 	519.835 uA  	100.0             
1.9 	270.062 uA  	100.0             
1.10 	139.259 uA  	100.0             
1.11 	72.177 uA   	100.0             
1.12 	37.3083 uA  	100.0             
1.13 	19.3207 uA  	100.0             
1.14 	9.99599 uA  	100.0             
1.15 	5.17517 uA  	100.0             
1.16 	2.67842 uA  	100.0	11.5818 uV   
An HB truncation error may be present.
o The HB truncation error is due to using a finite order 
  (number of harmonics) in the representation of the
  circuit signals.

Waveform                Trunc error             Tolerance
---------------------------------------------------------
X1._net415              2.079e-02       >       1.597e-05
X1.X2._net502           2.079e-02       >       1.597e-05
X1.X2._net628           3.659e-03       >       2.795e-06
X1.X2._net660           3.659e-03       >       2.795e-06
X1.X2._net642           3.656e-03       >       2.795e-06

o Number of waveforms violating the HB truncation error check:
        8 out of 10 waveforms.
o Estimated max HB truncation error: 2.079e-02 @ waveform X1._net415 .
o The maximal HB truncation error estimate is greater than the 
  achieved tolerance of 1.597e-05 for this waveform.
o A time-domain plot of the C6._net1aux waveform may show the error as 
  Gibbs ripples.
o To reduce the error, increase the order (number of harmonics) 
  and re-simulate.

HB Sweep1[1].HB1[21/31] <ConPa_first_lib:F_first:schematic>  RF=2.4  pavs=28
    pavs=28           100.00% 1/1
0.0*	2.69131 A   	100.0             
1.0 	332.235 mA  	100.0             
1.1 	249.663 mA  	100.0             
1.2*	197.124 mA  	100.0             
2.0 	18.7934 mA  	100.0             
2.1 	3.64548 mA  	100.0             
2.2 	751.257 uA  	100.0             
2.3 	157.549 uA  	100.0             
2.4 	33.2681 uA  	100.0             
2.5 	7.04801 uA  	100.0             
2.6 	1.49578 uA  	100.0	7.70036 uV   
An HB truncation error may be present.
o The HB truncation error is due to using a finite order 
  (number of harmonics) in the representation of the
  circuit signals.

Waveform                Trunc error             Tolerance
---------------------------------------------------------
X1._net415              4.702e-02       >       1.580e-05
X1.X2._net502           4.702e-02       >       1.580e-05
X1.X2._net615           2.888e-03       >       1.174e-06
X1.X2._net642           2.882e-03       >       2.724e-06
X1.X2._net660           2.879e-03       >       2.724e-06

o Number of waveforms violating the HB truncation error check:
        8 out of 10 waveforms.
o Estimated max HB truncation error: 4.702e-02 @ waveform X1._net415 .
o The maximal HB truncation error estimate is greater than the 
  achieved tolerance of 1.580e-05 for this waveform.
o A time-domain plot of the N__34 waveform may show the error as 
  Gibbs ripples.
o To reduce the error, increase the order (number of harmonics) 
  and re-simulate.

HB Sweep1[1].HB1[22/31] <ConPa_first_lib:F_first:schematic>  RF=2.5  pavs=28
    pavs=28           100.00% 1/1
0.0*	3.64265 A   	100.0             
1.0 	127.503 mA  	100.0             
1.1 	56.2173 mA  	100.0             
1.2 	28.3841 mA  	100.0             
1.3 	11.0314 mA  	100.0             
1.4 	4.99797 mA  	100.0             
1.5 	1.99402 mA  	100.0             
1.6 	857.651 uA  	100.0             
1.7 	349.839 uA  	100.0             
1.8 	146.903 uA  	100.0             
1.9 	60.5167 uA  	100.0             
1.10 	25.1499 uA  	100.0             
1.11 	10.392 uA   	100.0             
1.12 	4.30086 uA  	100.0             
1.13 	1.77773 uA  	100.0	35.1848 uV   
1.14 	734.559 nA  	100.0	14.538 uV    
An HB truncation error may be present.
o The HB truncation error is due to using a finite order 
  (number of harmonics) in the representation of the
  circuit signals.

Waveform                Trunc error             Tolerance
---------------------------------------------------------
X1._net415              5.810e-02       >       1.602e-05
X1.X2._net502           5.810e-02       >       1.602e-05
X1.X2.vd1g              3.131e-03       >       1.141e-06
X1.X2._net615           3.074e-03       >       1.151e-06
X1.X2._net660           2.769e-03       >       2.657e-06

o Number of waveforms violating the HB truncation error check:
        8 out of 10 waveforms.
o Estimated max HB truncation error: 5.810e-02 @ waveform X1._net415 .
o The maximal HB truncation error estimate is greater than the 
  achieved tolerance of 1.602e-05 for this waveform.
o A time-domain plot of the I__0.N__75 waveform may show the error as 
  Gibbs ripples.
o To reduce the error, increase the order (number of harmonics) 
  and re-simulate.

HB Sweep1[1].HB1[23/31] <ConPa_first_lib:F_first:schematic>  RF=2.6  pavs=28
    pavs=28           100.00% 1/1
0.0*	2.76505 A   	100.0             
1.0 	73.5377 mA  	100.0             
1.1 	19.2842 mA  	100.0             
1.2 	5.58116 mA  	100.0             
1.3 	1.67432 mA  	100.0             
1.4 	462.987 uA  	100.0             
1.5 	124.112 uA  	100.0             
1.6 	32.3846 uA  	100.0             
1.7 	8.30794 uA  	100.0             
1.8 	2.11924 uA  	100.0	10.2307 uV   
An HB truncation error may be present.
o The HB truncation error is due to using a finite order 
  (number of harmonics) in the representation of the
  circuit signals.

Waveform                Trunc error             Tolerance
---------------------------------------------------------
X1._net415              2.900e-02       >       1.599e-05
X1.X2._net502           2.900e-02       >       1.599e-05
X1.X2._net642           2.364e-03       >       2.613e-06
X1.X2._net660           2.363e-03       >       2.613e-06
X1.X2._net628           2.363e-03       >       2.613e-06

o Number of waveforms violating the HB truncation error check:
        8 out of 10 waveforms.
o Estimated max HB truncation error: 2.900e-02 @ waveform X1._net415 .
o The maximal HB truncation error estimate is greater than the 
  achieved tolerance of 1.599e-05 for this waveform.
o A time-domain plot of the N__17 waveform may show the error as 
  Gibbs ripples.
o To reduce the error, increase the order (number of harmonics) 
  and re-simulate.

HB Sweep1[1].HB1[24/31] <ConPa_first_lib:F_first:schematic>  RF=2.7  pavs=28
    pavs=28           100.00% 1/1
0.0*	1.87115 A   	100.0             
1.0 	128.327 mA  	100.0             
1.1 	61.4512 mA  	100.0             
1.2 	17.6703 mA  	100.0             
1.3 	9.56691 mA  	100.0             
1.4 	3.06975 mA  	100.0             
1.5 	1.59022 mA  	100.0             
1.6 	656.958 uA  	100.0             
1.7 	284.734 uA  	100.0             
1.8 	121.991 uA  	100.0             
1.9 	49.8922 uA  	100.0             
1.10 	21.102 uA   	100.0             
1.11 	8.51887 uA  	100.0             
1.12 	3.52017 uA  	100.0             
1.13 	1.41827 uA  	100.0	5.33614 uV   
An HB truncation error may be present.
o The HB truncation error is due to using a finite order 
  (number of harmonics) in the representation of the
  circuit signals.

Waveform                Trunc error             Tolerance
---------------------------------------------------------
X1._net415              3.329e-02       >       1.599e-05
X1.X2._net502           3.329e-02       >       1.599e-05
X1.X2.vg1               2.438e-03       >       2.544e-06
X1.X2._net660           1.910e-03       >       2.580e-06
X1.X2._net628           1.910e-03       >       2.580e-06

o Number of waveforms violating the HB truncation error check:
        8 out of 10 waveforms.
o Estimated max HB truncation error: 3.329e-02 @ waveform X1._net415 .
o The maximal HB truncation error estimate is greater than the 
  achieved tolerance of 1.599e-05 for this waveform.
o A time-domain plot of the N__4 waveform may show the error as 
  Gibbs ripples.
o To reduce the error, increase the order (number of harmonics) 
  and re-simulate.

HB Sweep1[1].HB1[25/31] <ConPa_first_lib:F_first:schematic>  RF=2.8  pavs=28
    pavs=28           100.00% 1/1
0.0*	1.69066 A   	100.0             
1.0 	99.1842 mA  	100.0             
1.1 	36.5888 mA  	100.0             
1.2 	17.3091 mA  	100.0             
1.3 	8.73712 mA  	100.0             
1.4 	4.22083 mA  	100.0             
1.5 	2.06896 mA  	100.0             
1.6 	1.01428 mA  	100.0             
1.7 	496.123 uA  	100.0             
1.8 	242.884 uA  	100.0             
1.9 	118.801 uA  	100.0             
1.10 	58.1316 uA  	100.0             
1.11 	28.4362 uA  	100.0             
1.12 	13.912 uA   	100.0             
1.13 	6.80561 uA  	100.0             
1.14 	3.32935 uA  	100.0             
1.15 	1.62872 uA  	100.0	12.5382 uV   
An HB truncation error may be present.
o The HB truncation error is due to using a finite order 
  (number of harmonics) in the representation of the
  circuit signals.

Waveform                Trunc error             Tolerance
---------------------------------------------------------
X1._net415              2.169e-02       >       1.600e-05
X1.X2._net502           2.169e-02       >       1.600e-05
X1.X2.vg1               1.957e-03       >       2.517e-06
X1.X2._net660           1.415e-03       >       2.556e-06
X1.X2._net628           1.415e-03       >       2.556e-06

o Number of waveforms violating the HB truncation error check:
        8 out of 10 waveforms.
o Estimated max HB truncation error: 2.169e-02 @ waveform X1._net415 .
o The maximal HB truncation error estimate is greater than the 
  achieved tolerance of 1.600e-05 for this waveform.
o A time-domain plot of the N__4 waveform may show the error as 
  Gibbs ripples.
o To reduce the error, increase the order (number of harmonics) 
  and re-simulate.

HB Sweep1[1].HB1[26/31] <ConPa_first_lib:F_first:schematic>  RF=2.9  pavs=28
    pavs=28           100.00% 1/1
0.0*	2.00825 A   	100.0             
1.0 	156.767 mA  	100.0             
1.1 	68.3418 mA  	100.0             
1.2 	29.1987 mA  	100.0             
1.3 	13.1336 mA  	100.0             
1.4 	5.83891 mA  	100.0             
1.5 	2.54133 mA  	100.0             
1.6 	1.11924 mA  	100.0             
1.7 	488.411 uA  	100.0             
1.8 	212.988 uA  	100.0             
1.9 	93.1822 uA  	100.0             
1.10 	40.3606 uA  	100.0             
1.11 	17.6109 uA  	100.0             
1.12 	7.59966 uA  	100.0             
1.13 	3.31256 uA  	100.0             
1.14 	1.42682 uA  	100.0	6.9192 uV    
An HB truncation error may be present.
o The HB truncation error is due to using a finite order 
  (number of harmonics) in the representation of the
  circuit signals.

Waveform                Trunc error             Tolerance
---------------------------------------------------------
X1._net415              2.186e-02       >       1.604e-05
X1.X2._net502           2.186e-02       >       1.604e-05
X1.X2.vg1               1.992e-03       >       2.488e-06
X1.X2._net660           1.658e-03       >       2.532e-06
X1.X2._net628           1.658e-03       >       2.532e-06

o Number of waveforms violating the HB truncation error check:
        8 out of 10 waveforms.
o Estimated max HB truncation error: 2.186e-02 @ waveform X1._net415 .
o The maximal HB truncation error estimate is greater than the 
  achieved tolerance of 1.604e-05 for this waveform.
o A time-domain plot of the C6._net1aux waveform may show the error as 
  Gibbs ripples.
o To reduce the error, increase the order (number of harmonics) 
  and re-simulate.

HB Sweep1[1].HB1[27/31] <ConPa_first_lib:F_first:schematic>  RF=3  pavs=28
    pavs=28           100.00% 1/1
0.0*	1.98814 A   	100.0             
1.0 	465.369 mA  	100.0             
1.1 	391.448 mA  	100.0             
1.2*	313.949 mA  	100.0             
2.0 	28.6071 mA  	100.0             
2.1 	5.64853 mA  	100.0             
2.2 	1.1705 mA   	100.0             
2.3 	244.773 uA  	100.0             
2.4 	51.2814 uA  	100.0             
2.5 	10.748 uA   	100.0             
2.6 	2.25282 uA  	100.0	10.0996 uV   
An HB truncation error may be present.
o The HB truncation error is due to using a finite order 
  (number of harmonics) in the representation of the
  circuit signals.

Waveform                Trunc error             Tolerance
---------------------------------------------------------
X1._net415              2.060e-02       >       1.631e-05
X1.X2._net502           2.060e-02       >       1.631e-05
X1.X2.vg1               1.505e-03       >       2.452e-06
X1.X2._net660           1.024e-03       >       2.501e-06
X1.X2._net628           1.024e-03       >       2.501e-06

o Number of waveforms violating the HB truncation error check:
        8 out of 10 waveforms.
o Estimated max HB truncation error: 2.060e-02 @ waveform X1._net415 .
o The maximal HB truncation error estimate is greater than the 
  achieved tolerance of 1.631e-05 for this waveform.
o A time-domain plot of the N__4 waveform may show the error as 
  Gibbs ripples.
o To reduce the error, increase the order (number of harmonics) 
  and re-simulate.

HB Sweep1[1].HB1[28/31] <ConPa_first_lib:F_first:schematic>  RF=3.1  pavs=28
    pavs=28           100.00% 1/1
0.0*	2.8788 A    	100.0             
1.0 	889.402 mA  	100.0             
1.1 	846.273 mA  	100.0             
1.2*	814.664 mA  	100.0             
2.0 	74.4937 mA  	100.0             
2.1 	21.1181 mA  	100.0             
2.2 	7.67514 mA  	100.0             
2.3 	2.93419 mA  	100.0             
2.4 	1.11154 mA  	100.0             
2.5 	419.259 uA  	100.0             
2.6 	157.888 uA  	100.0             
2.7 	59.4195 uA  	100.0             
2.8 	22.356 uA   	100.0             
2.9 	8.41027 uA  	100.0             
2.10 	3.16386 uA  	100.0	36.4489 uV   
An HB truncation error may be present.
o The HB truncation error is due to using a finite order 
  (number of harmonics) in the representation of the
  circuit signals.

Waveform                Trunc error             Tolerance
---------------------------------------------------------
X1._net415              6.360e-02       >       1.689e-05
X1.X2._net502           6.360e-02       >       1.689e-05
X1.X2._net628           6.195e-03       >       2.431e-06
X1.X2._net660           6.195e-03       >       2.431e-06
X1.X2._net642           6.192e-03       >       2.431e-06

o Number of waveforms violating the HB truncation error check:
        8 out of 10 waveforms.
o Estimated max HB truncation error: 6.360e-02 @ waveform X1._net415 .
o The maximal HB truncation error estimate is greater than the 
  achieved tolerance of 1.689e-05 for this waveform.
o A time-domain plot of the N__34 waveform may show the error as 
  Gibbs ripples.
o To reduce the error, increase the order (number of harmonics) 
  and re-simulate.

HB Sweep1[1].HB1[29/31] <ConPa_first_lib:F_first:schematic>  RF=3.2  pavs=28
    pavs=28           100.00% 1/1
0.0*	3.04309 A   	100.0             
1.0 	187.517 mA  	100.0             
1.1 	132.803 mA  	100.0             
1.2 	67.3833 mA  	100.0             
1.3 	50.5541 mA  	100.0             
1.4*	29.4666 mA  	100.0             
2.0 	864.943 uA  	100.0             
2.1 	49.5214 uA  	100.0             
2.2 	2.88649 uA  	100.0	21.3853 uV   
An HB truncation error may be present.
o The HB truncation error is due to using a finite order 
  (number of harmonics) in the representation of the
  circuit signals.

Waveform                Trunc error             Tolerance
---------------------------------------------------------
X1._net415              3.966e-02       >       1.771e-05
X1.X2._net502           3.966e-02       >       1.771e-05
X1.X2._net628           2.871e-03       >       2.331e-06
X1.X2._net660           2.871e-03       >       2.331e-06
X1.X2._net642           2.868e-03       >       2.330e-06

o Number of waveforms violating the HB truncation error check:
        8 out of 10 waveforms.
o Estimated max HB truncation error: 3.966e-02 @ waveform X1._net415 .
o The maximal HB truncation error estimate is greater than the 
  achieved tolerance of 1.771e-05 for this waveform.
o A time-domain plot of the N__17 waveform may show the error as 
  Gibbs ripples.
o To reduce the error, increase the order (number of harmonics) 
  and re-simulate.

HB Sweep1[1].HB1[30/31] <ConPa_first_lib:F_first:schematic>  RF=3.3  pavs=28
    pavs=28           100.00% 1/1
0.0*	2.89244 A   	100.0             
1.0 	142.99 mA   	100.0             
1.1 	52.4814 mA  	100.0             
1.2 	37.6162 mA  	100.0             
1.3 	21.2129 mA  	100.0             
1.4 	14.7125 mA  	100.0             
1.5*	9.12365 mA  	100.0             
2.0 	52.6979 uA  	100.0             
2.1 	580.122 nA  	100.0	3.83067 uV   
An HB truncation error may be present.
o The HB truncation error is due to using a finite order 
  (number of harmonics) in the representation of the
  circuit signals.

Waveform                Trunc error             Tolerance
---------------------------------------------------------
X1._net415              3.612e-02       >       1.815e-05
X1.X2._net502           3.612e-02       >       1.815e-05
X1.X2._net628           1.871e-03       >       2.177e-06
X1.X2._net660           1.871e-03       >       2.177e-06
X1.X2._net642           1.869e-03       >       2.176e-06

o Number of waveforms violating the HB truncation error check:
        8 out of 10 waveforms.
o Estimated max HB truncation error: 3.612e-02 @ waveform X1._net415 .
o The maximal HB truncation error estimate is greater than the 
  achieved tolerance of 1.815e-05 for this waveform.
o A time-domain plot of the C6._net1aux waveform may show the error as 
  Gibbs ripples.
o To reduce the error, increase the order (number of harmonics) 
  and re-simulate.

HB Sweep1[1].HB1[31/31] <ConPa_first_lib:F_first:schematic>  RF=3.4  pavs=28
    pavs=28           100.00% 1/1
0.0*	3.37692 A   	100.0             
1.0 	272.566 mA  	100.0             
1.1 	157.438 mA  	100.0             
1.2 	86.796 mA   	100.0             
1.3 	47.6292 mA  	100.0             
1.4 	28.6299 mA  	100.0             
1.5 	14.0144 mA  	100.0             
1.6 	9.08795 mA  	100.0             
1.7 	4.618 mA    	100.0             
1.8 	2.85274 mA  	100.0             
1.9 	1.69671 mA  	100.0             
1.10 	1.00386 mA  	100.0             
1.11 	672.51 uA   	100.0             
1.12 	391.494 uA  	100.0             
1.13 	269.872 uA  	100.0             
1.14*	162.988 uA  	100.0             
2.0 	12.0759 nA  	100.0	86.8444 nV   
An HB truncation error may be present.
o The HB truncation error is due to using a finite order 
  (number of harmonics) in the representation of the
  circuit signals.

Waveform                Trunc error             Tolerance
---------------------------------------------------------
X1._net415              2.306e-02       >       1.806e-05
X1.X2._net502           2.306e-02       >       1.806e-05
X1.X2._net628           1.616e-03       >       1.975e-06
X1.X2._net660           1.616e-03       >       1.975e-06
X1.X2._net642           1.613e-03       >       1.975e-06

o Number of waveforms violating the HB truncation error check:
        8 out of 10 waveforms.
o Estimated max HB truncation error: 2.306e-02 @ waveform X1._net415 .
o The maximal HB truncation error estimate is greater than the 
  achieved tolerance of 1.806e-05 for this waveform.
o A time-domain plot of the I__0.N__75 waveform may show the error as 
  Gibbs ripples.
o To reduce the error, increase the order (number of harmonics) 
  and re-simulate.

Resource usage:
  Total stopwatch time     =     1.53 seconds.

