
hpeesofsim (*) 450.shp Jan 21 2016, MINT version 4
    (64-bit windows built: 01/21/16 15:34:19)
Copyright 1995 - 2015 Keysight Technologies, 1989-2016.

Warning detected by hpeesofsim during netlist flattening.
    Resistor `X1.X2.R2' is shorted.

Warning detected by hpeesofsim during netlist flattening.
    Capacitor `X1.X2.C8' is shorted.

Warning detected by hpeesofsim in topology check during circuit set up.
    Number of nodes with no DC path to ground (topology corrected): 1


CT Sweep1[1] <ConPa_first_lib:F_ts:schematic>   RF=(400e-03->3.4)

HB Sweep1[1].HB1[1/31] <ConPa_first_lib:F_ts:schematic>  RF=400e-03  pavs=28
Pt DC convergence is used.
    Number of tones:   1.
    Number of frequencies:   6.
    Number of time samples:  16.
    Number of HB equations (problem size): 4202.
    Auto mode: on.
    Convergence mode: Auto.
    Linear solver: direct.
Warning detected by hpeesofsim during AC Analysis 'HB1'.
    UserValue(0.008000) < MinRecommendValue(0.000076) OR UserValue > MaxRecommendValue(0.007620) for 'W1' in `Tee9'

    pavs=28           100.00% 1/1
------------------------------------------------------------------------------
Newton solver:					
Iter	KCL residual	Damp %	Sol update
------------------------------------------------------------------------------
0.0*	3.16476 A   	100.0             
        Newton iteration failed, damping activated
1.0*	23.7295 GA  	  6.3             
2.0*	2.95966 A   	  6.3             
3.0*	2.77372 A   	  1.6             
4.0*	2.35059 A   	100.0             
5.0*	228.176 GA  	100.0             
6.0*	64.2851e+18A	100.0             
    Switching to arc-length continuation...
Fwd sourceLevel=1.97012e-03    0.20% 2/2  Step=0.5
0.0*	10.1302 uA  	100.0             
1.0 	23.2585 pA  	100.0	325.733 pV   
    Arclength Newton-Raphson converged at 0.00197013 in 1 iters

Fwd sourceLevel=4.75635e-03    0.48% 2/2  Step=0.7071067812
0.0*	20.539 uA   	100.0             
1.0 	101.609 pA  	100.0	1.49994 nV   
    Arclength Newton-Raphson converged at 0.00475647 in 1 iters

Fwd sourceLevel=8.69713e-03    0.87% 2/2  Step=1
0.0*	41.8983 uA  	100.0             
1.0 	466.311 pA  	100.0	7.39981 nV   
    Arclength Newton-Raphson converged at 0.00869761 in 1 iters

Fwd sourceLevel=14.272e-03     1.43% 2/2  Step=1.414213562
0.0*	86.2587 uA  	100.0             
1.0 	2.27453 nA  	100.0	39.4428 nV   
    Arclength Newton-Raphson converged at 0.0142736 in 1 iters

Fwd sourceLevel=22.1618e-03    2.22% 2/2  Step=2
0.0*	180.079 uA  	100.0             
1.0 	11.9736 nA  	100.0	224.275 nV   
    Arclength Newton-Raphson converged at 0.0221672 in 1 iters

Fwd sourceLevel=33.3388e-03    3.33% 2/2  Step=2.828427125
0.0*	384.058 uA  	100.0             
1.0 	70.5784 nA  	100.0             
1.1 	27.6766 pA  	100.0	477.327 pV   
    Arclength Newton-Raphson converged at 0.0333562 in 1 iters

Fwd sourceLevel=49.2066e-03    4.92% 2/2  Step=4
0.0*	847.689 uA  	100.0             
1.0 	479.796 nA  	100.0             
1.1 	558.385 pA  	100.0	9.40631 nV   
    Arclength Newton-Raphson converged at 0.0492643 in 1 iters

Fwd sourceLevel=71.8525e-03    7.19% 2/2  Step=5.656854249
0.0*	1.97978 mA  	100.0             
1.0 	3.95691 uA  	100.0             
1.1 	14.8562 nA  	100.0	265.821 nV   
    Arclength Newton-Raphson converged at 0.0720598 in 1 iters

Fwd sourceLevel=104.639e-03   10.46% 2/2  Step=8
0.0*	5.14676 mA  	100.0             
1.0 	44.7831 uA  	100.0             
1.1 	667.931 nA  	100.0             
1.2 	9.45242 nA  	100.0	174.588 nV   
    Arclength Newton-Raphson converged at 0.10552 in 1 iters

Fwd sourceLevel=154.401e-03   15.44% 2/2  Step=11.3137085
0.0*	18.4405 mA  	100.0             
1.0 	453.306 uA  	100.0             
1.1 	19.2652 uA  	100.0             
1.2 	809.319 nA  	100.0	20.3212 uV   
1.3 	33.2935 nA  	100.0	837.268 nV   
    Arclength Newton-Raphson converged at 0.159437 in 1 iters

Fwd sourceLevel=242.191e-03   24.22% 2/2  Step=16
0.0*	25.0683 mA  	100.0             
1.0 	244.252 uA  	100.0             
1.1 	4.6914 uA   	100.0             
1.2 	115.835 nA  	100.0	2.37842 uV   
    Arclength Newton-Raphson converged at 0.246443 in 1 iters

Fwd sourceLevel=369.95e-03    37.00% 2/2  Step=22.627417
0.0*	88.5694 mA  	100.0             
1.0 	2.04398 mA  	100.0             
1.1 	110.16 uA   	100.0             
1.2 	6.66543 uA  	100.0             
1.3 	396.569 nA  	100.0	2.67907 uV   
    Arclength Newton-Raphson converged at 0.387217 in 1 iters

Fwd sourceLevel=654.78e-03    65.48% 2/2  Step=32
    rejected

Fwd sourceLevel=514.628e-03   51.46% 2/2  Step=15.23809524
0.0*	599.406 mA  	100.0             
1.0 	43.2205 mA  	100.0             
1.1 	1.37049 mA  	100.0             
1.2 	225.196 uA  	100.0             
1.3 	18.0519 uA  	100.0             
1.4 	2.41724 uA  	100.0             
1.5 	213.77 nA   	100.0	746.585 nV   
    Arclength Newton-Raphson converged at 0.580311 in 1 iters

Fwd sourceLevel=830.41e-03    83.04% 2/2  Step=15.23809524
0.0*	727.052 mA  	100.0             
1.0 	94.4908 mA  	100.0             
1.1 	23.7327 mA  	100.0             
1.2 	6.06105 mA  	100.0             
1.3 	1.58946 mA  	100.0             
1.4 	412.729 uA  	100.0             
1.5 	107.8 uA    	100.0             
1.6 	28.0769 uA  	100.0             
1.7 	7.32399 uA  	100.0             
1.8 	1.90885 uA  	100.0	5.21276 uV   
    Arclength Newton-Raphson converged at 0.923725 in 1 iters

Fwd sourceLevel=1.49046      149.05% 2/2  Step=21.54992095
    rejected

Fwd sourceLevel=1.1936       119.36% 2/2  Step=10.26186712
0.0*	229.805 mA  	100.0             
1.0 	19.064 mA   	100.0             
1.1 	2.39294 mA  	100.0             
1.2 	918.263 uA  	100.0             
1.3 	173.149 uA  	100.0             
1.4 	30.713 uA   	100.0             
1.5 	5.92325 uA  	100.0             
1.6 	1.25265 uA  	100.0	6.07116 uV   
    Arclength Newton-Raphson converged at 1.36423 in 1 iters

    Calculating solution at 1
0.0 	52.2886 mA  	100.0             
0.1 	19.7468 mA  	100.0             
0.2 	8.69309 mA  	100.0             
0.3 	4.08217 mA  	100.0             
0.4 	1.90776 mA  	100.0             
0.5 	899.303 uA  	100.0             
0.6 	426.315 uA  	100.0             
0.7 	202.654 uA  	100.0             
0.8 	96.508 uA   	100.0             
0.9 	46.003 uA   	100.0             
0.10 	21.9411 uA  	100.0             
0.11 	10.4683 uA  	100.0             
0.12 	4.99552 uA  	100.0             
0.13 	2.38419 uA  	100.0             
    Newton-Raphson converged at 1

An HB truncation error may be present.
o The HB truncation error is due to using a finite order 
  (number of harmonics) in the representation of the
  circuit signals.

Waveform                Trunc error             Tolerance
---------------------------------------------------------
X1._net415              8.306e-02       >       1.858e-05
X1.X2._net502           8.306e-02       >       1.858e-05
X1.X2.vg1               5.091e-03       >       2.951e-06
X1.X2._net642           4.415e-03       >       2.959e-06
X1.X2._net628           4.414e-03       >       2.959e-06

o Number of waveforms violating the HB truncation error check:
        8 out of 10 waveforms.
o Estimated max HB truncation error: 8.306e-02 @ waveform X1._net415 .
o The maximal HB truncation error estimate is greater than the 
  achieved tolerance of 1.858e-05 for this waveform.
o A time-domain plot of the C7._net1aux waveform may show the error as 
  Gibbs ripples.
o To reduce the error, increase the order (number of harmonics) 
  and re-simulate.

HB Sweep1[1].HB1[2/31] <ConPa_first_lib:F_ts:schematic>  RF=500e-03  pavs=28
    pavs=28           100.00% 1/1
0.0*	4.74204 A   	100.0             
1.0 	2.79182 A   	100.0             
1.1 	2.2062 A    	100.0             
1.2*	1.59946 A   	100.0             
2.0 	346.945 mA  	100.0             
2.1 	161.398 mA  	100.0             
2.2 	63.4321 mA  	100.0             
2.3 	33.9368 mA  	100.0             
2.4 	16.47 mA    	100.0             
2.5 	8.54336 mA  	100.0             
2.6 	4.31252 mA  	100.0             
2.7 	2.20521 mA  	100.0             
2.8 	1.12109 mA  	100.0             
2.9 	571.519 uA  	100.0             
2.10 	290.97 uA   	100.0             
2.11 	148.232 uA  	100.0             
2.12 	75.4915 uA  	100.0             
2.13 	38.4523 uA  	100.0             
2.14 	19.5845 uA  	100.0             
2.15 	9.97516 uA  	100.0             
2.16 	5.08064 uA  	100.0             
2.17 	2.58775 uA  	100.0             
2.18 	1.31803 uA  	100.0	3.97243 uV   
An HB truncation error may be present.
o The HB truncation error is due to using a finite order 
  (number of harmonics) in the representation of the
  circuit signals.

Waveform                Trunc error             Tolerance
---------------------------------------------------------
X1._net415              8.516e-02       >       1.788e-05
X1.X2._net502           8.516e-02       >       1.788e-05
X1.X2.vg1               6.110e-03       >       3.237e-06
X1.X2._net642           5.430e-03       >       3.242e-06
X1.X2._net628           5.428e-03       >       3.242e-06

o Number of waveforms violating the HB truncation error check:
        8 out of 10 waveforms.
o Estimated max HB truncation error: 8.516e-02 @ waveform X1._net415 .
o The maximal HB truncation error estimate is greater than the 
  achieved tolerance of 1.788e-05 for this waveform.
o A time-domain plot of the C5._net1aux waveform may show the error as 
  Gibbs ripples.
o To reduce the error, increase the order (number of harmonics) 
  and re-simulate.

HB Sweep1[1].HB1[3/31] <ConPa_first_lib:F_ts:schematic>  RF=600e-03  pavs=28
    pavs=28           100.00% 1/1
0.0*	3.95701 A   	100.0             
1.0 	1.62749 A   	100.0             
1.1 	1.14718 A   	100.0             
1.2*	559.12 mA   	100.0             
2.0 	32.3158 mA  	100.0             
2.1 	7.22843 mA  	100.0             
2.2 	2.1322 mA   	100.0             
2.3 	611.731 uA  	100.0             
2.4 	196.046 uA  	100.0             
2.5 	59.7016 uA  	100.0             
2.6 	18.7759 uA  	100.0             
2.7 	5.7719 uA   	100.0             
2.8 	1.80311 uA  	100.0	21.2388 uV   
An HB truncation error may be present.
o The HB truncation error is due to using a finite order 
  (number of harmonics) in the representation of the
  circuit signals.

Waveform                Trunc error             Tolerance
---------------------------------------------------------
X1._net415              7.328e-02       >       1.742e-05
X1.X2._net502           7.328e-02       >       1.742e-05
X1.X2.vg1               6.637e-03       >       3.401e-06
X1.X2._net642           5.964e-03       >       3.404e-06
X1.X2._net628           5.961e-03       >       3.404e-06

o Number of waveforms violating the HB truncation error check:
        8 out of 10 waveforms.
o Estimated max HB truncation error: 7.328e-02 @ waveform X1._net415 .
o The maximal HB truncation error estimate is greater than the 
  achieved tolerance of 1.742e-05 for this waveform.
o A time-domain plot of the N__38 waveform may show the error as 
  Gibbs ripples.
o To reduce the error, increase the order (number of harmonics) 
  and re-simulate.

HB Sweep1[1].HB1[4/31] <ConPa_first_lib:F_ts:schematic>  RF=700e-03  pavs=28
    pavs=28           100.00% 1/1
0.0*	3.41182 A   	100.0             
1.0 	1.41891 A   	100.0             
1.1 	1.17071 A   	100.0             
1.2*	596.576 mA  	100.0             
2.0 	44.3499 mA  	100.0             
2.1 	7.19448 mA  	100.0             
2.2 	2.23247 mA  	100.0             
2.3 	358.384 uA  	100.0             
2.4 	109.613 uA  	100.0             
2.5 	17.7575 uA  	100.0             
2.6 	5.51456 uA  	100.0             
2.7 	871.416 nA  	100.0	6.19315 uV   
An HB truncation error may be present.
o The HB truncation error is due to using a finite order 
  (number of harmonics) in the representation of the
  circuit signals.

Waveform                Trunc error             Tolerance
---------------------------------------------------------
X1._net415              9.347e-02       >       1.696e-05
X1.X2._net502           9.347e-02       >       1.696e-05
X1.X2.vg1               8.083e-03       >       3.445e-06
X1.X2._net642           7.590e-03       >       3.446e-06
X1.X2._net628           7.585e-03       >       3.446e-06

o Number of waveforms violating the HB truncation error check:
        8 out of 10 waveforms.
o Estimated max HB truncation error: 9.347e-02 @ waveform X1._net415 .
o The maximal HB truncation error estimate is greater than the 
  achieved tolerance of 1.696e-05 for this waveform.
o A time-domain plot of the N__38 waveform may show the error as 
  Gibbs ripples.
o To reduce the error, increase the order (number of harmonics) 
  and re-simulate.

HB Sweep1[1].HB1[5/31] <ConPa_first_lib:F_ts:schematic>  RF=800e-03  pavs=28
    pavs=28           100.00% 1/1
0.0*	3.39574 A   	100.0             
1.0 	1.35104 A   	100.0             
1.1 	1.26283 A   	100.0             
1.2*	1.03453 A   	100.0             
2.0 	250.363 mA  	100.0             
2.1 	32.3238 mA  	100.0             
2.2 	8.98541 mA  	100.0             
2.3 	2.40307 mA  	100.0             
2.4 	690.521 uA  	100.0             
2.5 	194.917 uA  	100.0             
2.6 	56.6978 uA  	100.0             
2.7 	16.5398 uA  	100.0             
2.8 	4.94493 uA  	100.0             
2.9 	1.49453 uA  	100.0	3.73219 uV   
An HB truncation error may be present.
o The HB truncation error is due to using a finite order 
  (number of harmonics) in the representation of the
  circuit signals.

Waveform                Trunc error             Tolerance
---------------------------------------------------------
X1._net415              9.535e-02       >       1.647e-05
X1.X2._net502           9.535e-02       >       1.647e-05
X1.X2.vg1               7.902e-03       >       3.400e-06
X1.X2._net642           7.548e-03       >       3.399e-06
X1.X2._net628           7.544e-03       >       3.400e-06

o Number of waveforms violating the HB truncation error check:
        8 out of 10 waveforms.
o Estimated max HB truncation error: 9.535e-02 @ waveform X1._net415 .
o The maximal HB truncation error estimate is greater than the 
  achieved tolerance of 1.647e-05 for this waveform.
o A time-domain plot of the N__38 waveform may show the error as 
  Gibbs ripples.
o To reduce the error, increase the order (number of harmonics) 
  and re-simulate.

HB Sweep1[1].HB1[6/31] <ConPa_first_lib:F_ts:schematic>  RF=900e-03  pavs=28
    pavs=28           100.00% 1/1
0.0*	3.20034 A   	100.0             
1.0 	348.177 mA  	100.0             
1.1 	132.572 mA  	100.0             
1.2 	70.4864 mA  	100.0             
1.3 	33.5817 mA  	100.0             
1.4 	20.0641 mA  	100.0             
1.5 	10.1183 mA  	100.0             
1.6 	5.92827 mA  	100.0             
1.7 	3.09223 mA  	100.0             
1.8 	1.7563 mA   	100.0             
1.9 	933.834 uA  	100.0             
1.10 	523.438 uA  	100.0             
1.11 	280.221 uA  	100.0             
1.12 	155.827 uA  	100.0             
1.13 	83.8445 uA  	100.0             
1.14 	46.3866 uA  	100.0             
1.15 	25.0642 uA  	100.0             
1.16 	13.8129 uA  	100.0             
1.17 	7.48664 uA  	100.0             
1.18 	4.1147 uA   	100.0             
1.19 	2.23511 uA  	100.0	3.98357 uV   
An HB truncation error may be present.
o The HB truncation error is due to using a finite order 
  (number of harmonics) in the representation of the
  circuit signals.

Waveform                Trunc error             Tolerance
---------------------------------------------------------
X1._net415              5.742e-02       >       1.603e-05
X1.X2._net502           5.742e-02       >       1.603e-05
X1.X2.vg1               5.803e-03       >       3.295e-06
X1.X2._net642           5.603e-03       >       3.297e-06
X1.X2._net628           5.601e-03       >       3.297e-06

o Number of waveforms violating the HB truncation error check:
        8 out of 10 waveforms.
o Estimated max HB truncation error: 5.742e-02 @ waveform X1._net415 .
o The maximal HB truncation error estimate is greater than the 
  achieved tolerance of 1.603e-05 for this waveform.
o A time-domain plot of the N__38 waveform may show the error as 
  Gibbs ripples.
o To reduce the error, increase the order (number of harmonics) 
  and re-simulate.

HB Sweep1[1].HB1[7/31] <ConPa_first_lib:F_ts:schematic>  RF=1  pavs=28
    pavs=28           100.00% 1/1
0.0*	2.88031 A   	100.0             
1.0 	489.107 mA  	100.0             
1.1 	413.612 mA  	100.0             
1.2*	282.103 mA  	100.0             
2.0 	40.6938 mA  	100.0             
2.1 	11.8225 mA  	100.0             
2.2 	3.76186 mA  	100.0             
2.3 	1.22356 mA  	100.0             
2.4 	400.61 uA   	100.0             
2.5 	131.434 uA  	100.0             
2.6 	43.1494 uA  	100.0             
2.7 	14.1688 uA  	100.0             
2.8 	4.65288 uA  	100.0             
2.9 	1.52799 uA  	100.0	4.8321 uV    
An HB truncation error may be present.
o The HB truncation error is due to using a finite order 
  (number of harmonics) in the representation of the
  circuit signals.

Waveform                Trunc error             Tolerance
---------------------------------------------------------
X1._net415              4.166e-02       >       1.549e-05
X1.X2._net502           4.166e-02       >       1.549e-05
X1.X2.vg1               5.820e-03       >       3.202e-06
X1.X2._net642           5.267e-03       >       3.206e-06
X1.X2._net628           5.266e-03       >       3.206e-06

o Number of waveforms violating the HB truncation error check:
        8 out of 10 waveforms.
o Estimated max HB truncation error: 4.166e-02 @ waveform X1._net415 .
o The maximal HB truncation error estimate is greater than the 
  achieved tolerance of 1.549e-05 for this waveform.
o A time-domain plot of the N__38 waveform may show the error as 
  Gibbs ripples.
o To reduce the error, increase the order (number of harmonics) 
  and re-simulate.

HB Sweep1[1].HB1[8/31] <ConPa_first_lib:F_ts:schematic>  RF=1.1  pavs=28
    pavs=28           100.00% 1/1
0.0*	2.7451 A    	100.0             
1.0 	131.717 mA  	100.0             
1.1 	59.8556 mA  	100.0             
1.2 	32.1596 mA  	100.0             
1.3 	17.2919 mA  	100.0             
1.4 	9.20335 mA  	100.0             
1.5 	4.93389 mA  	100.0             
1.6 	2.63801 mA  	100.0             
1.7 	1.41122 mA  	100.0             
1.8 	755.269 uA  	100.0             
1.9 	403.936 uA  	100.0             
1.10 	216.178 uA  	100.0             
1.11 	115.631 uA  	100.0             
1.12 	61.8753 uA  	100.0             
1.13 	33.1002 uA  	100.0             
1.14 	17.7106 uA  	100.0             
1.15 	9.47491 uA  	100.0             
1.16 	5.06944 uA  	100.0             
1.17 	2.71214 uA  	100.0	17.8971 uV   
An HB truncation error may be present.
o The HB truncation error is due to using a finite order 
  (number of harmonics) in the representation of the
  circuit signals.

Waveform                Trunc error             Tolerance
---------------------------------------------------------
X1._net415              6.196e-02       >       1.491e-05
X1.X2._net502           6.196e-02       >       1.491e-05
X1.X2.vg1               3.867e-03       >       3.116e-06
X1.X2._net628           2.861e-03       >       3.121e-06
X1.X2._net660           2.861e-03       >       3.121e-06

o Number of waveforms violating the HB truncation error check:
        8 out of 10 waveforms.
o Estimated max HB truncation error: 6.196e-02 @ waveform X1._net415 .
o The maximal HB truncation error estimate is greater than the 
  achieved tolerance of 1.491e-05 for this waveform.
o A time-domain plot of the N__38 waveform may show the error as 
  Gibbs ripples.
o To reduce the error, increase the order (number of harmonics) 
  and re-simulate.

HB Sweep1[1].HB1[9/31] <ConPa_first_lib:F_ts:schematic>  RF=1.2  pavs=28
    pavs=28           100.00% 1/1
0.0*	3.65314 A   	100.0             
1.0 	369.167 mA  	100.0             
1.1 	307.071 mA  	100.0             
1.2*	232.011 mA  	100.0             
2.0 	42.9135 mA  	100.0             
2.1 	13.9864 mA  	100.0             
2.2 	4.93804 mA  	100.0             
2.3 	1.77606 mA  	100.0             
2.4 	643.191 uA  	100.0             
2.5 	233.501 uA  	100.0             
2.6 	84.8445 uA  	100.0             
2.7 	30.839 uA   	100.0             
2.8 	11.2106 uA  	100.0             
2.9 	4.07546 uA  	100.0             
2.10 	1.4816 uA   	100.0	6.27283 uV   
An HB truncation error may be present.
o The HB truncation error is due to using a finite order 
  (number of harmonics) in the representation of the
  circuit signals.

Waveform                Trunc error             Tolerance
---------------------------------------------------------
X1._net415              4.312e-02       >       1.466e-05
X1.X2._net502           4.312e-02       >       1.466e-05
X1.X2.vg1               3.617e-03       >       3.060e-06
X1.X2._net642           3.495e-03       >       3.066e-06
X1.X2._net628           3.494e-03       >       3.066e-06

o Number of waveforms violating the HB truncation error check:
        8 out of 10 waveforms.
o Estimated max HB truncation error: 4.312e-02 @ waveform X1._net415 .
o The maximal HB truncation error estimate is greater than the 
  achieved tolerance of 1.466e-05 for this waveform.
o A time-domain plot of the N__38 waveform may show the error as 
  Gibbs ripples.
o To reduce the error, increase the order (number of harmonics) 
  and re-simulate.

HB Sweep1[1].HB1[10/31] <ConPa_first_lib:F_ts:schematic>  RF=1.3  pavs=28
    pavs=28           100.00% 1/1
0.0*	3.08623 A   	100.0             
1.0 	141.245 mA  	100.0             
1.1 	48.8787 mA  	100.0             
1.2 	26.384 mA   	100.0             
1.3 	13.3166 mA  	100.0             
1.4 	7.08562 mA  	100.0             
1.5 	3.76523 mA  	100.0             
1.6 	2.0113 mA   	100.0             
1.7 	1.07695 mA  	100.0             
1.8 	577.124 uA  	100.0             
1.9 	309.533 uA  	100.0             
1.10 	166.047 uA  	100.0             
1.11 	89.0968 uA  	100.0             
1.12 	47.8099 uA  	100.0             
1.13 	25.6569 uA  	100.0             
1.14 	13.7689 uA  	100.0             
1.15 	7.38926 uA  	100.0             
1.16 	3.96557 uA  	100.0	11.498 uV    
An HB truncation error may be present.
o The HB truncation error is due to using a finite order 
  (number of harmonics) in the representation of the
  circuit signals.

Waveform                Trunc error             Tolerance
---------------------------------------------------------
X1._net415              2.418e-02       >       1.470e-05
X1.X2._net502           2.418e-02       >       1.470e-05
X1.X2._net642           3.410e-03       >       3.023e-06
X1.X2._net628           3.409e-03       >       3.023e-06
X1.X2._net660           3.409e-03       >       3.023e-06

o Number of waveforms violating the HB truncation error check:
        8 out of 10 waveforms.
o Estimated max HB truncation error: 2.418e-02 @ waveform X1._net415 .
o The maximal HB truncation error estimate is greater than the 
  achieved tolerance of 1.470e-05 for this waveform.
o A time-domain plot of the N__38 waveform may show the error as 
  Gibbs ripples.
o To reduce the error, increase the order (number of harmonics) 
  and re-simulate.

HB Sweep1[1].HB1[11/31] <ConPa_first_lib:F_ts:schematic>  RF=1.4  pavs=28
    pavs=28           100.00% 1/1
0.0*	2.53009 A   	100.0             
1.0 	139.402 mA  	100.0             
1.1 	46.2444 mA  	100.0             
1.2 	20.6311 mA  	100.0             
1.3 	7.34215 mA  	100.0             
1.4 	3.59283 mA  	100.0             
1.5 	1.24633 mA  	100.0             
1.6 	633.39 uA   	100.0             
1.7 	222.68 uA   	100.0             
1.8 	113.459 uA  	100.0             
1.9 	41.9486 uA  	100.0             
1.10 	20.8337 uA  	100.0             
1.11 	8.31678 uA  	100.0             
1.12 	4.02141 uA  	100.0	59.2278 uV   
1.13 	1.64439 uA  	100.0	27.8642 uV   
An HB truncation error may be present.
o The HB truncation error is due to using a finite order 
  (number of harmonics) in the representation of the
  circuit signals.

Waveform                Trunc error             Tolerance
---------------------------------------------------------
X1._net415              1.256e-02       >       1.481e-05
X1.X2._net502           1.256e-02       >       1.481e-05
X1.X2.vg1               3.820e-03       >       2.987e-06
X1.X2._net628           3.536e-03       >       2.997e-06
X1.X2._net660           3.536e-03       >       2.997e-06

o Number of waveforms violating the HB truncation error check:
        8 out of 10 waveforms.
o Estimated max HB truncation error: 1.256e-02 @ waveform X1._net415 .
o The maximal HB truncation error estimate is greater than the 
  achieved tolerance of 1.481e-05 for this waveform.
o A time-domain plot of the N__38 waveform may show the error as 
  Gibbs ripples.
o To reduce the error, increase the order (number of harmonics) 
  and re-simulate.

HB Sweep1[1].HB1[12/31] <ConPa_first_lib:F_ts:schematic>  RF=1.5  pavs=28
    pavs=28           100.00% 1/1
0.0*	2.22152 A   	100.0             
1.0 	108.942 mA  	100.0             
1.1 	38.6565 mA  	100.0             
1.2 	14.2632 mA  	100.0             
1.3 	5.45241 mA  	100.0             
1.4 	2.16305 mA  	100.0             
1.5 	906.838 uA  	100.0             
1.6 	367.05 uA   	100.0             
1.7 	158.918 uA  	100.0             
1.8 	65.2375 uA  	100.0             
1.9 	28.7644 uA  	100.0             
1.10 	12.0995 uA  	100.0             
1.11 	5.31846 uA  	100.0             
1.12 	2.27514 uA  	100.0	9.09092 uV   
An HB truncation error may be present.
o The HB truncation error is due to using a finite order 
  (number of harmonics) in the representation of the
  circuit signals.

Waveform                Trunc error             Tolerance
---------------------------------------------------------
X1._net415              2.670e-02       >       1.508e-05
X1.X2._net502           2.670e-02       >       1.508e-05
X1.X2.vg1               4.112e-03       >       2.970e-06
X1.X2._net628           3.393e-03       >       2.983e-06
X1.X2._net660           3.393e-03       >       2.983e-06

o Number of waveforms violating the HB truncation error check:
        8 out of 10 waveforms.
o Estimated max HB truncation error: 2.670e-02 @ waveform X1._net415 .
o The maximal HB truncation error estimate is greater than the 
  achieved tolerance of 1.508e-05 for this waveform.
o A time-domain plot of the N__38 waveform may show the error as 
  Gibbs ripples.
o To reduce the error, increase the order (number of harmonics) 
  and re-simulate.

HB Sweep1[1].HB1[13/31] <ConPa_first_lib:F_ts:schematic>  RF=1.6  pavs=28
    pavs=28           100.00% 1/1
0.0*	2.10176 A   	100.0             
1.0 	166.072 mA  	100.0             
1.1 	93.5453 mA  	100.0             
1.2 	59.5605 mA  	100.0             
1.3 	40.223 mA   	100.0             
1.4*	27.3384 mA  	100.0             
2.0 	692.359 uA  	100.0             
2.1 	37.7146 uA  	100.0             
2.2 	2.11027 uA  	100.0	15.0696 uV   
An HB truncation error may be present.
o The HB truncation error is due to using a finite order 
  (number of harmonics) in the representation of the
  circuit signals.

Waveform                Trunc error             Tolerance
---------------------------------------------------------
X1._net415              3.554e-02       >       1.530e-05
X1.X2._net502           3.554e-02       >       1.530e-05
X1.X2.vg1               3.686e-03       >       2.966e-06
X1.X2._net628           3.222e-03       >       2.980e-06
X1.X2._net660           3.222e-03       >       2.980e-06

o Number of waveforms violating the HB truncation error check:
        8 out of 10 waveforms.
o Estimated max HB truncation error: 3.554e-02 @ waveform X1._net415 .
o The maximal HB truncation error estimate is greater than the 
  achieved tolerance of 1.530e-05 for this waveform.
o A time-domain plot of the N__38 waveform may show the error as 
  Gibbs ripples.
o To reduce the error, increase the order (number of harmonics) 
  and re-simulate.

HB Sweep1[1].HB1[14/31] <ConPa_first_lib:F_ts:schematic>  RF=1.7  pavs=28
    pavs=28           100.00% 1/1
0.0*	2.35476 A   	100.0             
1.0 	272.011 mA  	100.0             
1.1 	165.387 mA  	100.0             
1.2 	113.98 mA   	100.0             
1.3*	77.4714 mA  	100.0             
2.0 	4.69135 mA  	100.0             
2.1 	559.237 uA  	100.0             
2.2 	64.243 uA   	100.0             
2.3 	7.39775 uA  	100.0             
2.4 	850.958 nA  	100.0	7.04301 uV   
An HB truncation error may be present.
o The HB truncation error is due to using a finite order 
  (number of harmonics) in the representation of the
  circuit signals.

Waveform                Trunc error             Tolerance
---------------------------------------------------------
X1._net415              1.988e-02       >       1.630e-05
X1.X2._net502           1.988e-02       >       1.630e-05
X1.X2.vg1               3.218e-03       >       2.961e-06
X1.X2._net628           2.859e-03       >       2.976e-06
X1.X2._net660           2.859e-03       >       2.976e-06

o Number of waveforms violating the HB truncation error check:
        8 out of 10 waveforms.
o Estimated max HB truncation error: 1.988e-02 @ waveform X1._net415 .
o The maximal HB truncation error estimate is greater than the 
  achieved tolerance of 1.630e-05 for this waveform.
o A time-domain plot of the N__38 waveform may show the error as 
  Gibbs ripples.
o To reduce the error, increase the order (number of harmonics) 
  and re-simulate.

HB Sweep1[1].HB1[15/31] <ConPa_first_lib:F_ts:schematic>  RF=1.8  pavs=28
    pavs=28           100.00% 1/1
0.0*	2.51661 A   	100.0             
1.0 	148.685 mA  	100.0             
1.1 	114.308 mA  	100.0             
1.2*	70.4804 mA  	100.0             
2.0 	3.7745 mA   	100.0             
2.1 	380.754 uA  	100.0             
2.2 	39.3226 uA  	100.0             
2.3 	4.06999 uA  	100.0             
2.4 	421.331 nA  	100.0	2.20909 uV   
An HB truncation error may be present.
o The HB truncation error is due to using a finite order 
  (number of harmonics) in the representation of the
  circuit signals.

Waveform                Trunc error             Tolerance
---------------------------------------------------------
X1._net415              1.312e-02       >       1.713e-05
X1.X2._net502           1.312e-02       >       1.713e-05
X1.X2.vg1               3.034e-03       >       2.932e-06
X1.X2._net615           2.440e-03       >       1.133e-06
X1.X2.vd1g              2.407e-03       >       1.124e-06

o Number of waveforms violating the HB truncation error check:
        8 out of 10 waveforms.
o Estimated max HB truncation error: 1.312e-02 @ waveform X1._net415 .
o The maximal HB truncation error estimate is greater than the 
  achieved tolerance of 1.713e-05 for this waveform.
o A time-domain plot of the N__25 waveform may show the error as 
  Gibbs ripples.
o To reduce the error, increase the order (number of harmonics) 
  and re-simulate.

HB Sweep1[1].HB1[16/31] <ConPa_first_lib:F_ts:schematic>  RF=1.9  pavs=28
    pavs=28           100.00% 1/1
0.0*	2.2793 A    	100.0             
1.0 	185.316 mA  	100.0             
1.1 	100.546 mA  	100.0             
1.2 	71.2875 mA  	100.0             
1.3*	39.4671 mA  	100.0             
2.0 	497.375 uA  	100.0             
2.1 	13.5736 uA  	100.0             
2.2 	410.336 nA  	100.0	4.09597 uV   
An HB truncation error may be present.
o The HB truncation error is due to using a finite order 
  (number of harmonics) in the representation of the
  circuit signals.

Waveform                Trunc error             Tolerance
---------------------------------------------------------
X1._net415              2.133e-02       >       1.721e-05
X1.X2._net502           2.133e-02       >       1.721e-05
X1.X2.vg1               2.748e-03       >       2.901e-06
X1.X2._net642           2.436e-03       >       2.930e-06
X1.X2._net628           2.435e-03       >       2.930e-06

o Number of waveforms violating the HB truncation error check:
        8 out of 10 waveforms.
o Estimated max HB truncation error: 2.133e-02 @ waveform X1._net415 .
o The maximal HB truncation error estimate is greater than the 
  achieved tolerance of 1.721e-05 for this waveform.
o A time-domain plot of the C4._net1aux waveform may show the error as 
  Gibbs ripples.
o To reduce the error, increase the order (number of harmonics) 
  and re-simulate.

HB Sweep1[1].HB1[17/31] <ConPa_first_lib:F_ts:schematic>  RF=2  pavs=28
    pavs=28           100.00% 1/1
0.0*	1.7437 A    	100.0             
1.0 	163.818 mA  	100.0             
1.1 	106.591 mA  	100.0             
1.2 	75.7551 mA  	100.0             
1.3*	58.6033 mA  	100.0             
2.0 	3.19773 mA  	100.0             
2.1 	355.855 uA  	100.0             
2.2 	38.8326 uA  	100.0             
2.3 	4.26009 uA  	100.0             
2.4 	467.448 nA  	100.0	2.75919 uV   
An HB truncation error may be present.
o The HB truncation error is due to using a finite order 
  (number of harmonics) in the representation of the
  circuit signals.

Waveform                Trunc error             Tolerance
---------------------------------------------------------
X1._net415              3.698e-02       >       1.714e-05
X1.X2._net502           3.698e-02       >       1.714e-05
X1.X2.vg1               2.147e-03       >       2.862e-06
X1.X2._net628           2.049e-03       >       2.889e-06
X1.X2._net660           2.049e-03       >       2.889e-06

o Number of waveforms violating the HB truncation error check:
        8 out of 10 waveforms.
o Estimated max HB truncation error: 3.698e-02 @ waveform X1._net415 .
o The maximal HB truncation error estimate is greater than the 
  achieved tolerance of 1.714e-05 for this waveform.
o A time-domain plot of the C5._net1aux waveform may show the error as 
  Gibbs ripples.
o To reduce the error, increase the order (number of harmonics) 
  and re-simulate.

HB Sweep1[1].HB1[18/31] <ConPa_first_lib:F_ts:schematic>  RF=2.1  pavs=28
    pavs=28           100.00% 1/1
0.0*	2.18981 A   	100.0             
1.0 	181.876 mA  	100.0             
1.1 	100.465 mA  	100.0             
1.2 	57.6619 mA  	100.0             
1.3 	29.2688 mA  	100.0             
1.4 	15.825 mA   	100.0             
1.5 	8.28904 mA  	100.0             
1.6 	4.41593 mA  	100.0             
1.7 	2.33452 mA  	100.0             
1.8 	1.23924 mA  	100.0             
1.9 	656.684 uA  	100.0             
1.10 	348.303 uA  	100.0             
1.11 	184.691 uA  	100.0             
1.12 	97.9509 uA  	100.0             
1.13 	51.95 uA    	100.0             
1.14 	27.5535 uA  	100.0             
1.15 	14.6148 uA  	100.0             
1.16 	7.75201 uA  	100.0             
1.17 	4.112 uA    	100.0             
1.18 	2.18119 uA  	100.0	38.2629 uV   
1.19 	1.15704 uA  	100.0	20.2962 uV   
An HB truncation error may be present.
o The HB truncation error is due to using a finite order 
  (number of harmonics) in the representation of the
  circuit signals.

Waveform                Trunc error             Tolerance
---------------------------------------------------------
X1._net415              4.141e-02       >       1.712e-05
X1.X2._net502           4.141e-02       >       1.712e-05
X1.X2.vg1               2.956e-03       >       2.799e-06
X1.X2._net642           2.199e-03       >       2.827e-06
X1.X2._net628           2.197e-03       >       2.828e-06

o Number of waveforms violating the HB truncation error check:
        8 out of 10 waveforms.
o Estimated max HB truncation error: 4.141e-02 @ waveform X1._net415 .
o The maximal HB truncation error estimate is greater than the 
  achieved tolerance of 1.712e-05 for this waveform.
o A time-domain plot of the C4._net0203 waveform may show the error as 
  Gibbs ripples.
o To reduce the error, increase the order (number of harmonics) 
  and re-simulate.

HB Sweep1[1].HB1[19/31] <ConPa_first_lib:F_ts:schematic>  RF=2.2  pavs=28
    pavs=28           100.00% 1/1
0.0*	2.47334 A   	100.0             
1.0 	157.29 mA   	100.0             
1.1 	78.8668 mA  	100.0             
1.2 	37.3091 mA  	100.0             
1.3 	17.9864 mA  	100.0             
1.4 	8.61735 mA  	100.0             
1.5 	4.15156 mA  	100.0             
1.6 	1.99597 mA  	100.0             
1.7 	961.498 uA  	100.0             
1.8 	462.63 uA   	100.0             
1.9 	222.789 uA  	100.0             
1.10 	107.226 uA  	100.0             
1.11 	51.628 uA   	100.0             
1.12 	24.8513 uA  	100.0             
1.13 	11.9645 uA  	100.0             
1.14 	5.75951 uA  	100.0             
1.15 	2.77278 uA  	100.0	11.0671 uV   
An HB truncation error may be present.
o The HB truncation error is due to using a finite order 
  (number of harmonics) in the representation of the
  circuit signals.

Waveform                Trunc error             Tolerance
---------------------------------------------------------
X1._net415              2.997e-02       >       1.706e-05
X1.X2._net502           2.997e-02       >       1.706e-05
X1.X2.vg1               2.963e-03       >       2.733e-06
X1.X2._net642           2.799e-03       >       2.759e-06
X1.X2._net628           2.792e-03       >       2.760e-06

o Number of waveforms violating the HB truncation error check:
        8 out of 10 waveforms.
o Estimated max HB truncation error: 2.997e-02 @ waveform X1._net415 .
o The maximal HB truncation error estimate is greater than the 
  achieved tolerance of 1.706e-05 for this waveform.
o A time-domain plot of the C4._net1aux waveform may show the error as 
  Gibbs ripples.
o To reduce the error, increase the order (number of harmonics) 
  and re-simulate.

HB Sweep1[1].HB1[20/31] <ConPa_first_lib:F_ts:schematic>  RF=2.3  pavs=28
    pavs=28           100.00% 1/1
0.0*	2.12042 A   	100.0             
1.0 	167.211 mA  	100.0             
1.1 	132.301 mA  	100.0             
1.2*	32.3088 mA  	100.0             
2.0 	1.25365 mA  	100.0             
2.1 	67.9939 uA  	100.0             
2.2 	3.62332 uA  	100.0             
2.3 	191.764 nA  	100.0	1.22073 uV   
An HB truncation error may be present.
o The HB truncation error is due to using a finite order 
  (number of harmonics) in the representation of the
  circuit signals.

Waveform                Trunc error             Tolerance
---------------------------------------------------------
X1._net415              2.128e-02       >       1.683e-05
X1.X2._net502           2.128e-02       >       1.683e-05
X1.X2._net628           4.206e-03       >       2.690e-06
X1.X2._net660           4.206e-03       >       2.690e-06
X1.X2._net642           4.206e-03       >       2.690e-06

o Number of waveforms violating the HB truncation error check:
        8 out of 10 waveforms.
o Estimated max HB truncation error: 2.128e-02 @ waveform X1._net415 .
o The maximal HB truncation error estimate is greater than the 
  achieved tolerance of 1.683e-05 for this waveform.
o A time-domain plot of the C6._net1aux waveform may show the error as 
  Gibbs ripples.
o To reduce the error, increase the order (number of harmonics) 
  and re-simulate.

HB Sweep1[1].HB1[21/31] <ConPa_first_lib:F_ts:schematic>  RF=2.4  pavs=28
    pavs=28           100.00% 1/1
0.0*	2.72424 A   	100.0             
1.0 	362.118 mA  	100.0             
1.1 	259.07 mA   	100.0             
1.2*	221.407 mA  	100.0             
2.0 	16.6349 mA  	100.0             
2.1 	2.67587 mA  	100.0             
2.2 	453.079 uA  	100.0             
2.3 	77.6824 uA  	100.0             
2.4 	13.3822 uA  	100.0             
2.5 	2.31078 uA  	100.0	10.7769 uV   
An HB truncation error may be present.
o The HB truncation error is due to using a finite order 
  (number of harmonics) in the representation of the
  circuit signals.

Waveform                Trunc error             Tolerance
---------------------------------------------------------
X1._net415              3.316e-02       >       1.652e-05
X1.X2._net502           3.316e-02       >       1.652e-05
X1.X2._net642           2.345e-03       >       2.622e-06
X1.X2._net628           2.341e-03       >       2.623e-06
X1.X2._net660           2.341e-03       >       2.623e-06

o Number of waveforms violating the HB truncation error check:
        8 out of 10 waveforms.
o Estimated max HB truncation error: 3.316e-02 @ waveform X1._net415 .
o The maximal HB truncation error estimate is greater than the 
  achieved tolerance of 1.652e-05 for this waveform.
o A time-domain plot of the N__22 waveform may show the error as 
  Gibbs ripples.
o To reduce the error, increase the order (number of harmonics) 
  and re-simulate.

HB Sweep1[1].HB1[22/31] <ConPa_first_lib:F_ts:schematic>  RF=2.5  pavs=28
    pavs=28           100.00% 1/1
0.0*	3.22762 A   	100.0             
1.0 	115.933 mA  	100.0             
1.1 	55.7513 mA  	100.0             
1.2 	30.4303 mA  	100.0             
1.3 	18.6531 mA  	100.0             
1.4 	10.8123 mA  	100.0             
1.5 	6.4756 mA   	100.0             
1.6 	3.79613 mA  	100.0             
1.7 	2.25218 mA  	100.0             
1.8 	1.32723 mA  	100.0             
1.9 	785.291 uA  	100.0             
1.10 	463.6 uA    	100.0             
1.11 	274.056 uA  	100.0             
1.12 	161.883 uA  	100.0             
1.13 	95.6669 uA  	100.0             
1.14 	56.5205 uA  	100.0             
1.15 	33.3979 uA  	100.0             
1.16 	19.7329 uA  	100.0             
1.17 	11.6597 uA  	100.0             
1.18 	6.88921 uA  	100.0             
1.19 	4.07065 uA  	100.0             
1.20 	2.40521 uA  	100.0	31.4324 uV   
An HB truncation error may be present.
o The HB truncation error is due to using a finite order 
  (number of harmonics) in the representation of the
  circuit signals.

Waveform                Trunc error             Tolerance
---------------------------------------------------------
X1._net415              5.560e-02       >       1.664e-05
X1.X2._net502           5.560e-02       >       1.664e-05
X1.X2._net628           4.569e-03       >       2.549e-06
X1.X2._net660           4.569e-03       >       2.549e-06
X1.X2._net642           4.565e-03       >       2.549e-06

o Number of waveforms violating the HB truncation error check:
        8 out of 10 waveforms.
o Estimated max HB truncation error: 5.560e-02 @ waveform X1._net415 .
o The maximal HB truncation error estimate is greater than the 
  achieved tolerance of 1.664e-05 for this waveform.
o A time-domain plot of the N__38 waveform may show the error as 
  Gibbs ripples.
o To reduce the error, increase the order (number of harmonics) 
  and re-simulate.

HB Sweep1[1].HB1[23/31] <ConPa_first_lib:F_ts:schematic>  RF=2.6  pavs=28
    pavs=28           100.00% 1/1
0.0*	3.0972 A    	100.0             
1.0 	146.128 mA  	100.0             
1.1 	55.9722 mA  	100.0             
1.2 	25.7187 mA  	100.0             
1.3 	11.9258 mA  	100.0             
1.4 	5.53537 mA  	100.0             
1.5 	2.59241 mA  	100.0             
1.6 	1.14974 mA  	100.0             
1.7 	501.863 uA  	100.0             
1.8 	213.572 uA  	100.0             
1.9 	89.8731 uA  	100.0             
1.10 	37.314 uA   	100.0             
1.11 	15.3718 uA  	100.0             
1.12 	6.2956 uA   	100.0             
1.13 	2.56431 uA  	100.0	10.4525 uV   
An HB truncation error may be present.
o The HB truncation error is due to using a finite order 
  (number of harmonics) in the representation of the
  circuit signals.

Waveform                Trunc error             Tolerance
---------------------------------------------------------
X1._net415              3.102e-02       >       1.649e-05
X1.X2._net502           3.102e-02       >       1.649e-05
X1.X2._net642           2.270e-03       >       2.499e-06
X1.X2._net628           2.270e-03       >       2.499e-06
X1.X2._net660           2.270e-03       >       2.499e-06

o Number of waveforms violating the HB truncation error check:
        8 out of 10 waveforms.
o Estimated max HB truncation error: 3.102e-02 @ waveform X1._net415 .
o The maximal HB truncation error estimate is greater than the 
  achieved tolerance of 1.649e-05 for this waveform.
o A time-domain plot of the N__38 waveform may show the error as 
  Gibbs ripples.
o To reduce the error, increase the order (number of harmonics) 
  and re-simulate.

HB Sweep1[1].HB1[24/31] <ConPa_first_lib:F_ts:schematic>  RF=2.7  pavs=28
    pavs=28           100.00% 1/1
0.0*	2.06724 A   	100.0             
1.0 	78.0647 mA  	100.0             
1.1 	29.8933 mA  	100.0             
1.2 	12.5361 mA  	100.0             
1.3 	5.51262 mA  	100.0             
1.4 	2.37078 mA  	100.0             
1.5 	1.02147 mA  	100.0             
1.6 	439.36 uA   	100.0             
1.7 	189.108 uA  	100.0             
1.8 	81.3814 uA  	100.0             
1.9 	35.0289 uA  	100.0             
1.10 	15.077 uA   	100.0             
1.11 	6.48965 uA  	100.0             
1.12 	2.79335 uA  	100.0	7.8495 uV    
An HB truncation error may be present.
o The HB truncation error is due to using a finite order 
  (number of harmonics) in the representation of the
  circuit signals.

Waveform                Trunc error             Tolerance
---------------------------------------------------------
X1._net415              2.634e-02       >       1.628e-05
X1.X2._net502           2.634e-02       >       1.628e-05
X1.X2.vg1               2.027e-03       >       2.435e-06
X1.X2._net628           1.798e-03       >       2.462e-06
X1.X2._net660           1.798e-03       >       2.462e-06

o Number of waveforms violating the HB truncation error check:
        8 out of 10 waveforms.
o Estimated max HB truncation error: 2.634e-02 @ waveform X1._net415 .
o The maximal HB truncation error estimate is greater than the 
  achieved tolerance of 1.628e-05 for this waveform.
o A time-domain plot of the C5._net1aux waveform may show the error as 
  Gibbs ripples.
o To reduce the error, increase the order (number of harmonics) 
  and re-simulate.

HB Sweep1[1].HB1[25/31] <ConPa_first_lib:F_ts:schematic>  RF=2.8  pavs=28
    pavs=28           100.00% 1/1
0.0*	1.3786 A    	100.0             
1.0 	136.943 mA  	100.0             
1.1 	60.016 mA   	100.0             
1.2 	19.1465 mA  	100.0             
1.3 	7.52624 mA  	100.0             
1.4 	1.83693 mA  	100.0             
1.5 	863.94 uA   	100.0             
1.6 	234.844 uA  	100.0             
1.7 	95.1618 uA  	100.0             
1.8 	29.7631 uA  	100.0             
1.9 	9.78834 uA  	100.0             
1.10 	3.40883 uA  	100.0             
1.11 	982.136 nA  	100.0	5.89793 uV   
An HB truncation error may be present.
o The HB truncation error is due to using a finite order 
  (number of harmonics) in the representation of the
  circuit signals.

Waveform                Trunc error             Tolerance
---------------------------------------------------------
X1._net415              2.013e-02       >       1.603e-05
X1.X2._net502           2.013e-02       >       1.603e-05
X1.X2.vg1               1.974e-03       >       2.406e-06
X1.X2._net628           1.734e-03       >       2.436e-06
X1.X2._net660           1.734e-03       >       2.436e-06

o Number of waveforms violating the HB truncation error check:
        8 out of 10 waveforms.
o Estimated max HB truncation error: 2.013e-02 @ waveform X1._net415 .
o The maximal HB truncation error estimate is greater than the 
  achieved tolerance of 1.603e-05 for this waveform.
o A time-domain plot of the N__22 waveform may show the error as 
  Gibbs ripples.
o To reduce the error, increase the order (number of harmonics) 
  and re-simulate.

HB Sweep1[1].HB1[26/31] <ConPa_first_lib:F_ts:schematic>  RF=2.9  pavs=28
    pavs=28           100.00% 1/1
0.0*	1.73204 A   	100.0             
1.0 	115.98 mA   	100.0             
1.1 	49.1103 mA  	100.0             
1.2 	19.9675 mA  	100.0             
1.3 	9.0379 mA   	100.0             
1.4 	3.96103 mA  	100.0             
1.5 	1.77057 mA  	100.0             
1.6 	792.207 uA  	100.0             
1.7 	354.055 uA  	100.0             
1.8 	158.687 uA  	100.0             
1.9 	71.0075 uA  	100.0             
1.10 	31.8065 uA  	100.0             
1.11 	14.2387 uA  	100.0             
1.12 	6.37647 uA  	100.0             
1.13 	2.85497 uA  	100.0	8.67738 uV   
An HB truncation error may be present.
o The HB truncation error is due to using a finite order 
  (number of harmonics) in the representation of the
  circuit signals.

Waveform                Trunc error             Tolerance
---------------------------------------------------------
X1._net415              1.608e-02       >       1.583e-05
X1.X2._net502           1.608e-02       >       1.583e-05
X1.X2._net628           1.678e-03       >       2.413e-06
X1.X2._net660           1.678e-03       >       2.413e-06
X1.X2._net642           1.677e-03       >       2.413e-06

o Number of waveforms violating the HB truncation error check:
        8 out of 10 waveforms.
o Estimated max HB truncation error: 1.608e-02 @ waveform X1._net415 .
o The maximal HB truncation error estimate is greater than the 
  achieved tolerance of 1.583e-05 for this waveform.
o A time-domain plot of the C5._net1aux waveform may show the error as 
  Gibbs ripples.
o To reduce the error, increase the order (number of harmonics) 
  and re-simulate.

HB Sweep1[1].HB1[27/31] <ConPa_first_lib:F_ts:schematic>  RF=3  pavs=28
    pavs=28           100.00% 1/1
0.0*	1.9193 A    	100.0             
1.0 	193.178 mA  	100.0             
1.1 	94.9119 mA  	100.0             
1.2 	41.5756 mA  	100.0             
1.3 	19.8448 mA  	100.0             
1.4 	8.57104 mA  	100.0             
1.5 	4.26763 mA  	100.0             
1.6 	2.09701 mA  	100.0             
1.7 	1.01289 mA  	100.0             
1.8 	532.967 uA  	100.0             
1.9 	255.752 uA  	100.0             
1.10 	137.084 uA  	100.0             
1.11 	66.3004 uA  	100.0             
1.12 	35.5065 uA  	100.0             
1.13 	17.299 uA   	100.0             
1.14 	9.23922 uA  	100.0             
1.15 	4.53074 uA  	100.0             
1.16 	2.41211 uA  	100.0	41.5901 uV   
An HB truncation error may be present.
o The HB truncation error is due to using a finite order 
  (number of harmonics) in the representation of the
  circuit signals.

Waveform                Trunc error             Tolerance
---------------------------------------------------------
X1._net415              1.416e-02       >       1.587e-05
X1.X2._net502           1.416e-02       >       1.587e-05
X1.X2._net628           1.941e-03       >       2.386e-06
X1.X2._net660           1.941e-03       >       2.386e-06
X1.X2._net642           1.934e-03       >       2.386e-06

o Number of waveforms violating the HB truncation error check:
        8 out of 10 waveforms.
o Estimated max HB truncation error: 1.416e-02 @ waveform X1._net415 .
o The maximal HB truncation error estimate is greater than the 
  achieved tolerance of 1.587e-05 for this waveform.
o A time-domain plot of the N__25 waveform may show the error as 
  Gibbs ripples.
o To reduce the error, increase the order (number of harmonics) 
  and re-simulate.

HB Sweep1[1].HB1[28/31] <ConPa_first_lib:F_ts:schematic>  RF=3.1  pavs=28
    pavs=28           100.00% 1/1
0.0*	2.85218 A   	100.0             
1.0 	213.628 mA  	100.0             
1.1 	175.302 mA  	100.0             
1.2*	135.919 mA  	100.0             
2.0 	13.8103 mA  	100.0             
2.1 	2.48075 mA  	100.0             
2.2 	464.052 uA  	100.0             
2.3 	87.5181 uA  	100.0             
2.4 	16.543 uA   	100.0             
2.5 	3.12939 uA  	100.0	18.6463 uV   
An HB truncation error may be present.
o The HB truncation error is due to using a finite order 
  (number of harmonics) in the representation of the
  circuit signals.

Waveform                Trunc error             Tolerance
---------------------------------------------------------
X1._net415              2.811e-02       >       1.634e-05
X1.X2._net502           2.811e-02       >       1.634e-05
X1.X2._net642           1.969e-03       >       2.334e-06
X1.X2._net628           1.962e-03       >       2.334e-06
X1.X2._net660           1.962e-03       >       2.334e-06

o Number of waveforms violating the HB truncation error check:
        8 out of 10 waveforms.
o Estimated max HB truncation error: 2.811e-02 @ waveform X1._net415 .
o The maximal HB truncation error estimate is greater than the 
  achieved tolerance of 1.634e-05 for this waveform.
o A time-domain plot of the N__25 waveform may show the error as 
  Gibbs ripples.
o To reduce the error, increase the order (number of harmonics) 
  and re-simulate.

HB Sweep1[1].HB1[29/31] <ConPa_first_lib:F_ts:schematic>  RF=3.2  pavs=28
    pavs=28           100.00% 1/1
0.0*	3.34267 A   	100.0             
1.0 	65.6303 mA  	100.0             
1.1 	24.9543 mA  	100.0             
1.2 	10.7136 mA  	100.0             
1.3 	3.65892 mA  	100.0             
1.4 	1.58725 mA  	100.0             
1.5 	492.97 uA   	100.0             
1.6 	203.082 uA  	100.0             
1.7 	62.4326 uA  	100.0             
1.8 	25.1323 uA  	100.0             
1.9 	7.7933 uA   	100.0             
1.10 	3.14007 uA  	100.0             
1.11 	960.744 nA  	100.0	16.065 uV    
An HB truncation error may be present.
o The HB truncation error is due to using a finite order 
  (number of harmonics) in the representation of the
  circuit signals.

Waveform                Trunc error             Tolerance
---------------------------------------------------------
X1._net415              3.148e-02       >       1.730e-05
X1.X2._net502           3.148e-02       >       1.730e-05
X1.X2._net628           2.326e-03       >       2.255e-06
X1.X2._net660           2.326e-03       >       2.255e-06
X1.X2._net642           2.323e-03       >       2.255e-06

o Number of waveforms violating the HB truncation error check:
        8 out of 10 waveforms.
o Estimated max HB truncation error: 3.148e-02 @ waveform X1._net415 .
o The maximal HB truncation error estimate is greater than the 
  achieved tolerance of 1.730e-05 for this waveform.
o A time-domain plot of the C5._net1aux waveform may show the error as 
  Gibbs ripples.
o To reduce the error, increase the order (number of harmonics) 
  and re-simulate.

HB Sweep1[1].HB1[30/31] <ConPa_first_lib:F_ts:schematic>  RF=3.3  pavs=28
    pavs=28           100.00% 1/1
0.0*	2.74247 A   	100.0             
1.0 	178.645 mA  	100.0             
1.1 	111.974 mA  	100.0             
1.2 	86.1413 mA  	100.0             
1.3*	66.8422 mA  	100.0             
2.0 	3.75651 mA  	100.0             
2.1 	450.813 uA  	100.0             
2.2 	53.1926 uA  	100.0             
2.3 	6.31439 uA  	100.0             
2.4 	749.52 nA   	100.0	7.39748 uV   
An HB truncation error may be present.
o The HB truncation error is due to using a finite order 
  (number of harmonics) in the representation of the
  circuit signals.

Waveform                Trunc error             Tolerance
---------------------------------------------------------
X1._net415              2.780e-02       >       1.809e-05
X1.X2._net502           2.780e-02       >       1.809e-05
X1.X2._net628           1.963e-03       >       2.127e-06
X1.X2._net660           1.963e-03       >       2.127e-06
X1.X2._net642           1.961e-03       >       2.126e-06

o Number of waveforms violating the HB truncation error check:
        8 out of 10 waveforms.
o Estimated max HB truncation error: 2.780e-02 @ waveform X1._net415 .
o The maximal HB truncation error estimate is greater than the 
  achieved tolerance of 1.809e-05 for this waveform.
o A time-domain plot of the N__38 waveform may show the error as 
  Gibbs ripples.
o To reduce the error, increase the order (number of harmonics) 
  and re-simulate.

HB Sweep1[1].HB1[31/31] <ConPa_first_lib:F_ts:schematic>  RF=3.4  pavs=28
    pavs=28           100.00% 1/1
0.0*	3.75955 A   	100.0             
1.0 	227.595 mA  	100.0             
1.1 	100.661 mA  	100.0             
1.2 	75.1753 mA  	100.0             
1.3*	42.934 mA   	100.0             
2.0 	666.876 uA  	100.0             
2.1 	10.6268 uA  	100.0             
2.2 	214.274 nA  	100.0	760.395 nV   
An HB truncation error may be present.
o The HB truncation error is due to using a finite order 
  (number of harmonics) in the representation of the
  circuit signals.

Waveform                Trunc error             Tolerance
---------------------------------------------------------
X1._net415              2.489e-02       >       1.817e-05
X1.X2._net502           2.489e-02       >       1.817e-05
X1.X2._net628           1.405e-03       >       1.937e-06
X1.X2._net660           1.405e-03       >       1.937e-06
X1.X2._net642           1.398e-03       >       1.937e-06

o Number of waveforms violating the HB truncation error check:
        8 out of 10 waveforms.
o Estimated max HB truncation error: 2.489e-02 @ waveform X1._net415 .
o The maximal HB truncation error estimate is greater than the 
  achieved tolerance of 1.817e-05 for this waveform.
o A time-domain plot of the C4._net1aux waveform may show the error as 
  Gibbs ripples.
o To reduce the error, increase the order (number of harmonics) 
  and re-simulate.

Resource usage:
  Total stopwatch time     =     1.54 seconds.

