Using the minimal snap distance of 0.0004 mm
(4 layout resolution points) for layout healing.

--- WARNING -------------------------------------------------------------------

Layout healing changed the layout. The actual
highest aggregate snap distance was 0.0001 mm.
Further details have been written to the DRC
report.

-------------------------------------------------------------------------------


--- WARNING -------------------------------------------------------------------

The port setup needed to be corrected:
Calibration will not be used for port "P19" (pin
"P19" is not on the edge between a conductive
and a nonconductive region).

-------------------------------------------------------------------------------


--- WARNING -------------------------------------------------------------------

The port setup needed to be corrected:
Calibration will not be used for port "P20" (pin
"P20" is not on the edge between a conductive
and a nonconductive region).

-------------------------------------------------------------------------------


--- WARNING -------------------------------------------------------------------

The port setup needed to be corrected:
Calibration will not be used for port "P21" (pin
"P21" is not on the edge between a conductive
and a nonconductive region).

-------------------------------------------------------------------------------


--- WARNING -------------------------------------------------------------------

The port setup needed to be corrected:
Calibration will not be used for port "P22" (pin
"P22" is not on the edge between a conductive
and a nonconductive region).

-------------------------------------------------------------------------------


--- WARNING -------------------------------------------------------------------

The port setup needed to be corrected:
TML calibration for port "P7" has been changed
to TML (zero length) calibration because the
transmission line of pin "P7" would otherwise
intersect with the layout.

-------------------------------------------------------------------------------


--- WARNING -------------------------------------------------------------------

The port setup needed to be corrected:
TML calibration for port "P8" has been changed
to TML (zero length) calibration because the
transmission line of pin "P8" would otherwise
intersect with the layout.

-------------------------------------------------------------------------------


--- WARNING -------------------------------------------------------------------

The port setup needed to be corrected:
TML calibration for port "P9" has been changed
to TML (zero length) calibration because the
transmission line of pin "P9" would otherwise
intersect with the layout.

-------------------------------------------------------------------------------


--- WARNING -------------------------------------------------------------------

The port setup needed to be corrected:
TML calibration for port "P10" has been changed
to TML (zero length) calibration because the
transmission line of pin "P10" would otherwise
intersect with the layout.

-------------------------------------------------------------------------------


--- WARNING -------------------------------------------------------------------

The port setup needed to be corrected:
TML calibration for port "P13" has been changed
to TML (zero length) calibration because the
transmission line of pin "P13" would otherwise
intersect with the layout.

-------------------------------------------------------------------------------


--- WARNING -------------------------------------------------------------------

The port setup needed to be corrected:
TML calibration for port "P16" has been changed
to TML (zero length) calibration because the
transmission line of pin "P16" would otherwise
intersect with the layout.

-------------------------------------------------------------------------------


--- WARNING -------------------------------------------------------------------

The port setup needed to be corrected:
TML calibration for port "P14" has been changed
to TML (zero length) calibration because the
transmission line of pin "P14" would otherwise
intersect with the layout.

-------------------------------------------------------------------------------


--- WARNING -------------------------------------------------------------------

The port setup needed to be corrected:
TML calibration for port "P11" has been changed
to TML (zero length) calibration because the
transmission line of pin "P11" would otherwise
intersect with the layout.

-------------------------------------------------------------------------------


--- WARNING -------------------------------------------------------------------

The port setup needed to be corrected:
TML calibration for port "P15" has been changed
to TML (zero length) calibration because the
transmission line of pin "P15" would otherwise
intersect with the layout.

-------------------------------------------------------------------------------


--- WARNING -------------------------------------------------------------------

The port setup needed to be corrected:
TML calibration for port "P12" has been changed
to TML (zero length) calibration because the
transmission line of pin "P12" would otherwise
intersect with the layout.

-------------------------------------------------------------------------------

Generating mesh at 3.4 GHz...
