==============================================================================

                  ------ MOMENTUM STATISTICS (MW mode) ------

              Momentum MomEngine_64 11.20.082 (*) 2014.01 Feb 25 2014
                           Tue Jun 23 16:06:14 2020

==============================================================================


------------------------------------------------------------------------------
MESH
------------------------------------------------------------------------------
 Frequency          : 2.5 GHz

 Rectangular cells  : 71
 Quadrangular cells : 96
 Triangular cells   : 145
 Via cells          : 144

 Edge currents      : 799

------------------------------------------------------------------------------
SOLVER                        USER TIME      ELAPSED TIME      MEMORY         
PROCESSES                      (h:m:s)          (h:m:s)         (MB)          
------------------------------------------------------------------------------

SIMULATION SET-UP
-----------------
 Initialization           |     0: 0: 0   |     0: 0: 0   |     21.09   
 Ports analysis           |     0: 0:12   |     0: 0:13   |      1.96   
 Mesh processing          |     0: 0: 0   |     0: 0: 1   |     11.82   

 Matrix size : 983
 Reduced matrix size : 430
 Estimated process size is below 256.00 MB

1. SIMULATION FREQUENCY = 0 Hz 
-------------------------
 Green functions          |     0: 0: 0   |     0: 0: 0   |      0.43   
 Basis creation           |     0: 0: 0   |     0: 0: 0   |     13.23   
 Matrix load              |     0: 0: 5   |     0: 0: 2   |     15.15   
 Matrix solve             |     0: 0: 0   |     0: 0: 0   |      0.00   
 Port calibration         |     0: 0: 2   |     0: 0: 1   |     15.24   
 S parameters             |     0: 0: 0   |     0: 0: 0   |      0.00   
 S transformation         |     0: 0: 0   |     0: 0: 0   |      0.63   
 Data storage             |     0: 0: 0   |     0: 0: 0   |      0.57   

2. SIMULATION FREQUENCY = 500 MHz 
-------------------------
 Green functions          |     0: 0: 0   |     0: 0: 0   |      0.03   
 Matrix load              |     0: 0: 5   |     0: 0: 2   |      3.39   
 Matrix solve             |     0: 0: 0   |     0: 0: 0   |      0.00   
 Port calibration         |     0: 0: 1   |     0: 0: 0   |      0.13   
 S parameters             |     0: 0: 0   |     0: 0: 0   |      0.00   
 S transformation         |     0: 0: 0   |     0: 0: 0   |      0.00   
 Data storage             |     0: 0: 0   |     0: 0: 1   |      0.00   

3. SIMULATION FREQUENCY = 600 MHz 
-------------------------
 Green functions          |     0: 0: 0   |     0: 0: 0   |      0.00   
 Matrix load              |     0: 0: 5   |     0: 0: 2   |      0.44   
 Matrix solve             |     0: 0: 0   |     0: 0: 0   |      0.22   
 Port calibration         |     0: 0: 1   |     0: 0: 0   |      0.08   
 S parameters             |     0: 0: 0   |     0: 0: 0   |      0.00   
 S transformation         |     0: 0: 0   |     0: 0: 0   |      0.07   
 Data storage             |     0: 0: 0   |     0: 0: 0   |      0.00   

4. SIMULATION FREQUENCY = 700 MHz 
-------------------------
 Green functions          |     0: 0: 0   |     0: 0: 1   |      0.00   
 Matrix load              |     0: 0: 5   |     0: 0: 2   |      0.08   
 Matrix solve             |     0: 0: 0   |     0: 0: 0   |      0.01   
 Port calibration         |     0: 0: 1   |     0: 0: 1   |      0.08   
 S parameters             |     0: 0: 0   |     0: 0: 0   |      0.00   
 S transformation         |     0: 0: 0   |     0: 0: 0   |      0.00   
 Data storage             |     0: 0: 0   |     0: 0: 0   |      0.00   

5. SIMULATION FREQUENCY = 800 MHz 
-------------------------
 Green functions          |     0: 0: 0   |     0: 0: 0   |      0.00   
 Matrix load              |     0: 0: 5   |     0: 0: 2   |      0.08   
 Matrix solve             |     0: 0: 0   |     0: 0: 1   |      0.20   
 Port calibration         |     0: 0: 1   |     0: 0: 0   |      0.08   
 S parameters             |     0: 0: 0   |     0: 0: 0   |      0.00   
 S transformation         |     0: 0: 0   |     0: 0: 0   |      0.00   
 Data storage             |     0: 0: 0   |     0: 0: 1   |      0.08   

6. SIMULATION FREQUENCY = 900 MHz 
-------------------------
 Green functions          |     0: 0: 0   |     0: 0: 0   |      0.00   
 Matrix load              |     0: 0: 5   |     0: 0: 2   |      0.08   
 Matrix solve             |     0: 0: 0   |     0: 0: 0   |      0.00   
 Port calibration         |     0: 0: 1   |     0: 0: 0   |      0.00   
 S parameters             |     0: 0: 0   |     0: 0: 0   |      0.00   
 S transformation         |     0: 0: 0   |     0: 0: 0   |      0.00   
 Data storage             |     0: 0: 0   |     0: 0: 0   |      0.00   

7. SIMULATION FREQUENCY = 1 GHz 
-------------------------
 Green functions          |     0: 0: 0   |     0: 0: 1   |      0.00   
 Matrix load              |     0: 0: 5   |     0: 0: 1   |      0.00   
 Matrix solve             |     0: 0: 0   |     0: 0: 0   |      0.11   
 Port calibration         |     0: 0: 1   |     0: 0: 1   |      0.08   
 S parameters             |     0: 0: 0   |     0: 0: 0   |      0.00   
 S transformation         |     0: 0: 0   |     0: 0: 0   |      0.03   
 Data storage             |     0: 0: 0   |     0: 0: 0   |      0.00   

8. SIMULATION FREQUENCY = 1.1 GHz 
-------------------------
 Green functions          |     0: 0: 0   |     0: 0: 0   |      0.00   
 Matrix load              |     0: 0: 5   |     0: 0: 2   |      0.08   
 Matrix solve             |     0: 0: 0   |     0: 0: 0   |      0.00   
 Port calibration         |     0: 0: 1   |     0: 0: 1   |      0.00   
 S parameters             |     0: 0: 0   |     0: 0: 0   |      0.00   
 S transformation         |     0: 0: 0   |     0: 0: 0   |      0.00   
 Data storage             |     0: 0: 0   |     0: 0: 0   |      0.00   

9. SIMULATION FREQUENCY = 1.2 GHz 
-------------------------
 Green functions          |     0: 0: 1   |     0: 0: 0   |      0.00   
 Matrix load              |     0: 0: 5   |     0: 0: 2   |      0.00   
 Matrix solve             |     0: 0: 0   |     0: 0: 0   |      0.00   
 Port calibration         |     0: 0: 1   |     0: 0: 0   |      0.00   
 S parameters             |     0: 0: 0   |     0: 0: 0   |      0.00   
 S transformation         |     0: 0: 0   |     0: 0: 0   |      0.00   
 Data storage             |     0: 0: 0   |     0: 0: 1   |      0.00   

10. SIMULATION FREQUENCY = 1.3 GHz 
-------------------------
 Green functions          |     0: 0: 0   |     0: 0: 0   |      0.00   
 Matrix load              |     0: 0: 5   |     0: 0: 2   |      0.00   
 Matrix solve             |     0: 0: 0   |     0: 0: 0   |      0.00   
 Port calibration         |     0: 0: 0   |     0: 0: 0   |      0.00   
 S parameters             |     0: 0: 0   |     0: 0: 0   |      0.00   
 S transformation         |     0: 0: 1   |     0: 0: 0   |      0.00   
 Data storage             |     0: 0: 0   |     0: 0: 0   |      0.00   

11. SIMULATION FREQUENCY = 1.4 GHz 
-------------------------
 Green functions          |     0: 0: 0   |     0: 0: 1   |      0.00   
 Matrix load              |     0: 0: 5   |     0: 0: 1   |      0.00   
 Matrix solve             |     0: 0: 0   |     0: 0: 0   |      0.34   
 Port calibration         |     0: 0: 0   |     0: 0: 1   |      0.08   
 S parameters             |     0: 0: 0   |     0: 0: 0   |      0.00   
 S transformation         |     0: 0: 1   |     0: 0: 0   |      0.00   
 Data storage             |     0: 0: 0   |     0: 0: 0   |      0.00   

12. SIMULATION FREQUENCY = 1.5 GHz 
-------------------------
 Green functions          |     0: 0: 0   |     0: 0: 0   |      0.00   
 Matrix load              |     0: 0: 5   |     0: 0: 2   |      0.00   
 Matrix solve             |     0: 0: 0   |     0: 0: 0   |      0.00   
 Port calibration         |     0: 0: 1   |     0: 0: 1   |      0.00   
 S parameters             |     0: 0: 0   |     0: 0: 0   |      0.00   
 S transformation         |     0: 0: 0   |     0: 0: 0   |      0.00   
 Data storage             |     0: 0: 0   |     0: 0: 0   |      0.00   

13. SIMULATION FREQUENCY = 1.6 GHz 
-------------------------
 Green functions          |     0: 0: 0   |     0: 0: 0   |      0.00   
 Matrix load              |     0: 0: 5   |     0: 0: 2   |      0.00   
 Matrix solve             |     0: 0: 0   |     0: 0: 0   |      0.07   
 Port calibration         |     0: 0: 0   |     0: 0: 0   |      0.08   
 S parameters             |     0: 0: 1   |     0: 0: 0   |      0.00   
 S transformation         |     0: 0: 0   |     0: 0: 0   |      0.03   
 Data storage             |     0: 0: 0   |     0: 0: 1   |      0.00   

14. SIMULATION FREQUENCY = 1.7 GHz 
-------------------------
 Green functions          |     0: 0: 0   |     0: 0: 0   |      0.00   
 Matrix load              |     0: 0: 5   |     0: 0: 2   |      0.08   
 Matrix solve             |     0: 0: 0   |     0: 0: 0   |      0.00   
 Port calibration         |     0: 0: 1   |     0: 0: 0   |      0.02   
 S parameters             |     0: 0: 0   |     0: 0: 0   |      0.00   
 S transformation         |     0: 0: 0   |     0: 0: 0   |      0.00   
 Data storage             |     0: 0: 0   |     0: 0: 1   |      0.00   

15. SIMULATION FREQUENCY = 1.8 GHz 
-------------------------
 Green functions          |     0: 0: 0   |     0: 0: 0   |      0.00   
 Matrix load              |     0: 0: 5   |     0: 0: 2   |      0.08   
 Matrix solve             |     0: 0: 0   |     0: 0: 0   |      0.00   
 Port calibration         |     0: 0: 1   |     0: 0: 0   |      0.00   
 S parameters             |     0: 0: 0   |     0: 0: 0   |      0.00   
 S transformation         |     0: 0: 0   |     0: 0: 0   |      0.00   
 Data storage             |     0: 0: 0   |     0: 0: 1   |      0.00   

16. SIMULATION FREQUENCY = 1.9 GHz 
-------------------------
 Green functions          |     0: 0: 0   |     0: 0: 0   |      0.00   
 Matrix load              |     0: 0: 5   |     0: 0: 2   |      0.07   
 Matrix solve             |     0: 0: 0   |     0: 0: 0   |      0.00   
 Port calibration         |     0: 0: 1   |     0: 0: 0   |      0.00   
 S parameters             |     0: 0: 0   |     0: 0: 0   |      0.00   
 S transformation         |     0: 0: 0   |     0: 0: 0   |      0.00   
 Data storage             |     0: 0: 0   |     0: 0: 0   |      0.00   

17. SIMULATION FREQUENCY = 2 GHz 
-------------------------
 Green functions          |     0: 0: 0   |     0: 0: 1   |      0.00   
 Matrix load              |     0: 0: 5   |     0: 0: 1   |      0.00   
 Matrix solve             |     0: 0: 0   |     0: 0: 0   |      0.00   
 Port calibration         |     0: 0: 1   |     0: 0: 1   |      0.04   
 S parameters             |     0: 0: 0   |     0: 0: 0   |      0.00   
 S transformation         |     0: 0: 0   |     0: 0: 0   |      0.00   
 Data storage             |     0: 0: 0   |     0: 0: 0   |      0.00   

18. SIMULATION FREQUENCY = 2.1 GHz 
-------------------------
 Green functions          |     0: 0: 0   |     0: 0: 1   |      0.00   
 Matrix load              |     0: 0: 5   |     0: 0: 1   |      0.08   
 Matrix solve             |     0: 0: 0   |     0: 0: 0   |      0.00   
 Port calibration         |     0: 0: 1   |     0: 0: 1   |      0.00   
 S parameters             |     0: 0: 0   |     0: 0: 0   |      0.00   
 S transformation         |     0: 0: 1   |     0: 0: 0   |      0.00   
 Data storage             |     0: 0: 0   |     0: 0: 0   |      0.00   

19. SIMULATION FREQUENCY = 2.2 GHz 
-------------------------
 Green functions          |     0: 0: 0   |     0: 0: 0   |      0.00   
 Matrix load              |     0: 0: 5   |     0: 0: 2   |      0.07   
 Matrix solve             |     0: 0: 0   |     0: 0: 0   |      0.34   
 Port calibration         |     0: 0: 1   |     0: 0: 1   |      0.08   
 S parameters             |     0: 0: 0   |     0: 0: 0   |      0.00   
 S transformation         |     0: 0: 0   |     0: 0: 0   |      0.00   
 Data storage             |     0: 0: 0   |     0: 0: 0   |      0.00   

20. SIMULATION FREQUENCY = 2.3 GHz 
-------------------------
 Green functions          |     0: 0: 0   |     0: 0: 0   |      0.00   
 Matrix load              |     0: 0: 5   |     0: 0: 2   |      0.08   
 Matrix solve             |     0: 0: 0   |     0: 0: 0   |      0.00   
 Port calibration         |     0: 0: 1   |     0: 0: 0   |      0.05   
 S parameters             |     0: 0: 0   |     0: 0: 1   |      0.00   
 S transformation         |     0: 0: 0   |     0: 0: 0   |      0.00   
 Data storage             |     0: 0: 0   |     0: 0: 0   |      0.00   

21. SIMULATION FREQUENCY = 2.4 GHz 
-------------------------
 Green functions          |     0: 0: 0   |     0: 0: 1   |      0.00   
 Matrix load              |     0: 0: 5   |     0: 0: 1   |      0.08   
 Matrix solve             |     0: 0: 0   |     0: 0: 0   |      0.08   
 Port calibration         |     0: 0: 1   |     0: 0: 1   |      0.08   
 S parameters             |     0: 0: 0   |     0: 0: 0   |      0.00   
 S transformation         |     0: 0: 0   |     0: 0: 0   |      0.00   
 Data storage             |     0: 0: 0   |     0: 0: 0   |      0.00   

22. SIMULATION FREQUENCY = 2.5 GHz 
-------------------------
 Green functions          |     0: 0: 0   |     0: 0: 1   |      0.00   
 Matrix load              |     0: 0: 5   |     0: 0: 1   |      0.08   
 Matrix solve             |     0: 0: 0   |     0: 0: 0   |      0.00   
 Port calibration         |     0: 0: 1   |     0: 0: 1   |      0.00   
 S parameters             |     0: 0: 0   |     0: 0: 0   |      0.00   
 S transformation         |     0: 0: 0   |     0: 0: 0   |      0.00   
 Data storage             |     0: 0: 1   |     0: 0: 0   |      0.00   

------------------------------------------------------------------------------
TOTALS
------------------------------------------------------------------------------
 Nr of Frequencies   : 22 

 Physical memory :    87.39 MB
 Virtual memory  :    78.00 MB
 Page faults     :       52751
 User Time       :    0h 2m28s
 Elapsed Time    :    0h 1m19s

==============================================================================

