==============================================================================

                  ------ MOMENTUM STATISTICS (MW mode) ------

              Momentum MomEngine_64 12.00.024 (*) built: Jan 14 2016
                           Wed Apr 18 19:17:11 2018

==============================================================================


------------------------------------------------------------------------------
MESH
------------------------------------------------------------------------------
 Frequency          : 3.2 GHz

 Rectangular cells  : 43
 Quadrangular cells : 148
 Triangular cells   : 121
 Via cells          : 130

 Edge currents      : 786

------------------------------------------------------------------------------
SOLVER                        USER TIME      ELAPSED TIME      MEMORY         
PROCESSES                      (h:m:s)          (h:m:s)         (MB)          
------------------------------------------------------------------------------

SIMULATION SET-UP
-----------------
 Initialization           |     0: 0: 0   |     0: 0: 0   |     26.89   
 Ports analysis           |     0: 0:10   |     0: 0:14   |      1.59   
 Mesh processing          |     0: 0: 0   |     0: 0: 0   |     14.77   

 Matrix size : 996
 Reduced matrix size : 472
 Estimated process size is below 256.00 MB

1. SIMULATION FREQUENCY = 0 Hz 
-------------------------
 Green functions          |     0: 0: 0   |     0: 0: 0   |      0.50   
 Basis creation           |     0: 0: 1   |     0: 0: 0   |     14.05   
 Matrix load              |     0: 0: 3   |     0: 0: 2   |     15.92   
 Matrix solve             |     0: 0: 0   |     0: 0: 0   |      0.00   
 Port calibration         |     0: 0: 1   |     0: 0: 0   |     15.70   
 S parameters             |     0: 0: 0   |     0: 0: 0   |      0.00   
 S transformation         |     0: 0: 0   |     0: 0: 1   |      0.00   
 Data storage             |     0: 0: 0   |     0: 0: 0   |      0.00   

2. SIMULATION FREQUENCY = 400 MHz 
-------------------------
 Green functions          |     0: 0: 0   |     0: 0: 0   |      0.00   
 Matrix load              |     0: 0: 3   |     0: 0: 1   |      7.59   
 Matrix solve             |     0: 0: 0   |     0: 0: 0   |      0.00   
 Port calibration         |     0: 0: 1   |     0: 0: 1   |      0.27   
 S parameters             |     0: 0: 0   |     0: 0: 0   |      0.00   
 S transformation         |     0: 0: 0   |     0: 0: 0   |      0.00   
 Data storage             |     0: 0: 0   |     0: 0: 0   |      0.00   

3. SIMULATION FREQUENCY = 457.143 MHz 
-------------------------
 Green functions          |     0: 0: 0   |     0: 0: 0   |      0.00   
 Matrix load              |     0: 0: 3   |     0: 0: 1   |      0.04   
 Matrix solve             |     0: 0: 0   |     0: 0: 0   |      0.00   
 Port calibration         |     0: 0: 1   |     0: 0: 0   |      0.54   
 S parameters             |     0: 0: 0   |     0: 0: 0   |      0.00   
 S transformation         |     0: 0: 0   |     0: 0: 1   |      0.00   
 Data storage             |     0: 0: 0   |     0: 0: 0   |      0.00   

4. SIMULATION FREQUENCY = 514.286 MHz 
-------------------------
 Green functions          |     0: 0: 0   |     0: 0: 0   |      0.00   
 Matrix load              |     0: 0: 3   |     0: 0: 1   |      0.05   
 Matrix solve             |     0: 0: 0   |     0: 0: 0   |      0.00   
 Port calibration         |     0: 0: 1   |     0: 0: 0   |      0.08   
 S parameters             |     0: 0: 0   |     0: 0: 0   |      0.00   
 S transformation         |     0: 0: 0   |     0: 0: 0   |      0.00   
 Data storage             |     0: 0: 0   |     0: 0: 1   |      0.00   

5. SIMULATION FREQUENCY = 571.429 MHz 
-------------------------
 Green functions          |     0: 0: 0   |     0: 0: 0   |      0.00   
 Matrix load              |     0: 0: 3   |     0: 0: 1   |      0.73   
 Matrix solve             |     0: 0: 0   |     0: 0: 0   |      0.00   
 Port calibration         |     0: 0: 1   |     0: 0: 0   |      0.00   
 S parameters             |     0: 0: 0   |     0: 0: 0   |      0.00   
 S transformation         |     0: 0: 0   |     0: 0: 1   |      0.00   
 Data storage             |     0: 0: 0   |     0: 0: 0   |      0.00   

6. SIMULATION FREQUENCY = 628.572 MHz 
-------------------------
 Green functions          |     0: 0: 0   |     0: 0: 0   |      0.00   
 Matrix load              |     0: 0: 3   |     0: 0: 1   |      0.00   
 Matrix solve             |     0: 0: 0   |     0: 0: 0   |      0.00   
 Port calibration         |     0: 0: 1   |     0: 0: 0   |      0.00   
 S parameters             |     0: 0: 0   |     0: 0: 0   |      0.00   
 S transformation         |     0: 0: 0   |     0: 0: 1   |      0.00   
 Data storage             |     0: 0: 0   |     0: 0: 0   |      0.00   

7. SIMULATION FREQUENCY = 685.715 MHz 
-------------------------
 Green functions          |     0: 0: 0   |     0: 0: 0   |      0.00   
 Matrix load              |     0: 0: 3   |     0: 0: 1   |      0.10   
 Matrix solve             |     0: 0: 0   |     0: 0: 0   |      0.00   
 Port calibration         |     0: 0: 1   |     0: 0: 0   |      0.30   
 S parameters             |     0: 0: 0   |     0: 0: 0   |      0.00   
 S transformation         |     0: 0: 0   |     0: 0: 1   |      0.00   
 Data storage             |     0: 0: 0   |     0: 0: 0   |      0.00   

8. SIMULATION FREQUENCY = 742.857 MHz 
-------------------------
 Green functions          |     0: 0: 0   |     0: 0: 0   |      0.00   
 Matrix load              |     0: 0: 3   |     0: 0: 1   |      0.00   
 Matrix solve             |     0: 0: 0   |     0: 0: 0   |      0.00   
 Port calibration         |     0: 0: 1   |     0: 0: 0   |      0.37   
 S parameters             |     0: 0: 0   |     0: 0: 0   |      0.00   
 S transformation         |     0: 0: 0   |     0: 0: 0   |      0.00   
 Data storage             |     0: 0: 0   |     0: 0: 1   |      0.00   

9. SIMULATION FREQUENCY = 800 MHz 
-------------------------
 Green functions          |     0: 0: 0   |     0: 0: 0   |      0.00   
 Matrix load              |     0: 0: 3   |     0: 0: 1   |      0.00   
 Matrix solve             |     0: 0: 0   |     0: 0: 0   |      0.11   
 Port calibration         |     0: 0: 0   |     0: 0: 0   |      0.12   
 S parameters             |     0: 0: 0   |     0: 0: 0   |      0.00   
 S transformation         |     0: 0: 1   |     0: 0: 0   |      0.00   
 Data storage             |     0: 0: 0   |     0: 0: 0   |      0.00   

10. SIMULATION FREQUENCY = 857.143 MHz 
-------------------------
 Green functions          |     0: 0: 0   |     0: 0: 1   |      0.00   
 Matrix load              |     0: 0: 2   |     0: 0: 0   |      0.00   
 Matrix solve             |     0: 0: 0   |     0: 0: 1   |      0.00   
 Port calibration         |     0: 0: 1   |     0: 0: 0   |      0.16   
 S parameters             |     0: 0: 0   |     0: 0: 0   |      0.00   
 S transformation         |     0: 0: 0   |     0: 0: 0   |      0.00   
 Data storage             |     0: 0: 0   |     0: 0: 0   |      0.00   

11. SIMULATION FREQUENCY = 914.286 MHz 
-------------------------
 Green functions          |     0: 0: 1   |     0: 0: 0   |      0.00   
 Matrix load              |     0: 0: 2   |     0: 0: 1   |      0.17   
 Matrix solve             |     0: 0: 0   |     0: 0: 0   |      0.00   
 Port calibration         |     0: 0: 1   |     0: 0: 1   |      0.00   
 S parameters             |     0: 0: 0   |     0: 0: 0   |      0.00   
 S transformation         |     0: 0: 0   |     0: 0: 0   |      0.00   
 Data storage             |     0: 0: 0   |     0: 0: 0   |      0.00   

12. SIMULATION FREQUENCY = 971.429 MHz 
-------------------------
 Green functions          |     0: 0: 0   |     0: 0: 0   |      0.00   
 Matrix load              |     0: 0: 3   |     0: 0: 1   |      0.22   
 Matrix solve             |     0: 0: 0   |     0: 0: 0   |      0.00   
 Port calibration         |     0: 0: 1   |     0: 0: 1   |      0.35   
 S parameters             |     0: 0: 0   |     0: 0: 0   |      0.00   
 S transformation         |     0: 0: 0   |     0: 0: 0   |      0.00   
 Data storage             |     0: 0: 0   |     0: 0: 0   |      0.00   

13. SIMULATION FREQUENCY = 1.02857 GHz 
-------------------------
 Green functions          |     0: 0: 0   |     0: 0: 0   |      0.00   
 Matrix load              |     0: 0: 3   |     0: 0: 1   |      0.00   
 Matrix solve             |     0: 0: 0   |     0: 0: 0   |      0.00   
 Port calibration         |     0: 0: 1   |     0: 0: 0   |      0.00   
 S parameters             |     0: 0: 0   |     0: 0: 0   |      0.00   
 S transformation         |     0: 0: 0   |     0: 0: 1   |      0.00   
 Data storage             |     0: 0: 0   |     0: 0: 0   |      0.00   

14. SIMULATION FREQUENCY = 1.08571 GHz 
-------------------------
 Green functions          |     0: 0: 0   |     0: 0: 0   |      0.00   
 Matrix load              |     0: 0: 3   |     0: 0: 1   |      0.00   
 Matrix solve             |     0: 0: 0   |     0: 0: 0   |      0.00   
 Port calibration         |     0: 0: 1   |     0: 0: 0   |      0.36   
 S parameters             |     0: 0: 0   |     0: 0: 1   |      0.00   
 S transformation         |     0: 0: 0   |     0: 0: 0   |      0.00   
 Data storage             |     0: 0: 0   |     0: 0: 0   |      0.00   

15. SIMULATION FREQUENCY = 1.14286 GHz 
-------------------------
 Green functions          |     0: 0: 0   |     0: 0: 0   |      0.00   
 Matrix load              |     0: 0: 3   |     0: 0: 1   |      0.00   
 Matrix solve             |     0: 0: 0   |     0: 0: 0   |      0.00   
 Port calibration         |     0: 0: 1   |     0: 0: 0   |      0.00   
 S parameters             |     0: 0: 0   |     0: 0: 0   |      0.00   
 S transformation         |     0: 0: 0   |     0: 0: 1   |      0.00   
 Data storage             |     0: 0: 0   |     0: 0: 0   |      0.00   

16. SIMULATION FREQUENCY = 1.2 GHz 
-------------------------
 Green functions          |     0: 0: 0   |     0: 0: 0   |      0.00   
 Matrix load              |     0: 0: 3   |     0: 0: 1   |      0.00   
 Matrix solve             |     0: 0: 0   |     0: 0: 0   |      0.00   
 Port calibration         |     0: 0: 1   |     0: 0: 0   |      0.04   
 S parameters             |     0: 0: 0   |     0: 0: 0   |      0.00   
 S transformation         |     0: 0: 0   |     0: 0: 1   |      0.00   
 Data storage             |     0: 0: 0   |     0: 0: 0   |      0.00   

17. SIMULATION FREQUENCY = 1.25714 GHz 
-------------------------
 Green functions          |     0: 0: 0   |     0: 0: 0   |      0.00   
 Matrix load              |     0: 0: 3   |     0: 0: 1   |      0.00   
 Matrix solve             |     0: 0: 0   |     0: 0: 0   |      0.00   
 Port calibration         |     0: 0: 1   |     0: 0: 0   |      0.01   
 S parameters             |     0: 0: 0   |     0: 0: 0   |      0.00   
 S transformation         |     0: 0: 0   |     0: 0: 0   |      0.00   
 Data storage             |     0: 0: 0   |     0: 0: 1   |      0.00   

18. SIMULATION FREQUENCY = 1.31429 GHz 
-------------------------
 Green functions          |     0: 0: 0   |     0: 0: 0   |      0.00   
 Matrix load              |     0: 0: 3   |     0: 0: 1   |      0.00   
 Matrix solve             |     0: 0: 0   |     0: 0: 0   |      0.00   
 Port calibration         |     0: 0: 1   |     0: 0: 0   |      0.00   
 S parameters             |     0: 0: 0   |     0: 0: 0   |      0.00   
 S transformation         |     0: 0: 0   |     0: 0: 0   |      0.00   
 Data storage             |     0: 0: 0   |     0: 0: 1   |      0.00   

19. SIMULATION FREQUENCY = 1.37143 GHz 
-------------------------
 Green functions          |     0: 0: 0   |     0: 0: 0   |      0.00   
 Matrix load              |     0: 0: 3   |     0: 0: 1   |      0.00   
 Matrix solve             |     0: 0: 0   |     0: 0: 0   |      0.00   
 Port calibration         |     0: 0: 1   |     0: 0: 0   |      0.14   
 S parameters             |     0: 0: 0   |     0: 0: 0   |      0.00   
 S transformation         |     0: 0: 0   |     0: 0: 0   |      0.00   
 Data storage             |     0: 0: 0   |     0: 0: 1   |      0.00   

20. SIMULATION FREQUENCY = 1.42857 GHz 
-------------------------
 Green functions          |     0: 0: 0   |     0: 0: 0   |      0.00   
 Matrix load              |     0: 0: 3   |     0: 0: 1   |      0.00   
 Matrix solve             |     0: 0: 0   |     0: 0: 0   |      0.00   
 Port calibration         |     0: 0: 1   |     0: 0: 0   |      0.00   
 S parameters             |     0: 0: 0   |     0: 0: 0   |      0.00   
 S transformation         |     0: 0: 0   |     0: 0: 0   |      0.00   
 Data storage             |     0: 0: 0   |     0: 0: 1   |      0.00   

21. SIMULATION FREQUENCY = 1.48572 GHz 
-------------------------
 Green functions          |     0: 0: 0   |     0: 0: 0   |      0.00   
 Matrix load              |     0: 0: 3   |     0: 0: 1   |      0.09   
 Matrix solve             |     0: 0: 0   |     0: 0: 0   |      0.00   
 Port calibration         |     0: 0: 1   |     0: 0: 0   |      0.98   
 S parameters             |     0: 0: 0   |     0: 0: 0   |      0.00   
 S transformation         |     0: 0: 0   |     0: 0: 0   |      0.00   
 Data storage             |     0: 0: 0   |     0: 0: 1   |      0.00   

22. SIMULATION FREQUENCY = 1.54286 GHz 
-------------------------
 Green functions          |     0: 0: 0   |     0: 0: 0   |      0.00   
 Matrix load              |     0: 0: 3   |     0: 0: 1   |      0.39   
 Matrix solve             |     0: 0: 0   |     0: 0: 0   |      0.00   
 Port calibration         |     0: 0: 1   |     0: 0: 0   |      0.10   
 S parameters             |     0: 0: 0   |     0: 0: 0   |      0.00   
 S transformation         |     0: 0: 0   |     0: 0: 0   |      0.00   
 Data storage             |     0: 0: 0   |     0: 0: 1   |      0.00   

23. SIMULATION FREQUENCY = 1.6 GHz 
-------------------------
 Green functions          |     0: 0: 0   |     0: 0: 0   |      0.00   
 Matrix load              |     0: 0: 3   |     0: 0: 1   |      0.00   
 Matrix solve             |     0: 0: 0   |     0: 0: 0   |      0.00   
 Port calibration         |     0: 0: 1   |     0: 0: 0   |      0.00   
 S parameters             |     0: 0: 0   |     0: 0: 0   |      0.00   
 S transformation         |     0: 0: 0   |     0: 0: 0   |      0.07   
 Data storage             |     0: 0: 0   |     0: 0: 1   |      0.16   

24. SIMULATION FREQUENCY = 1.65714 GHz 
-------------------------
 Green functions          |     0: 0: 0   |     0: 0: 0   |      0.00   
 Matrix load              |     0: 0: 3   |     0: 0: 1   |      0.12   
 Matrix solve             |     0: 0: 0   |     0: 0: 0   |      0.00   
 Port calibration         |     0: 0: 1   |     0: 0: 0   |      0.09   
 S parameters             |     0: 0: 0   |     0: 0: 0   |      0.00   
 S transformation         |     0: 0: 0   |     0: 0: 1   |      0.00   
 Data storage             |     0: 0: 0   |     0: 0: 0   |      0.00   

25. SIMULATION FREQUENCY = 1.71429 GHz 
-------------------------
 Green functions          |     0: 0: 0   |     0: 0: 0   |      0.00   
 Matrix load              |     0: 0: 3   |     0: 0: 1   |      0.00   
 Matrix solve             |     0: 0: 0   |     0: 0: 0   |      0.00   
 Port calibration         |     0: 0: 1   |     0: 0: 0   |      0.00   
 S parameters             |     0: 0: 0   |     0: 0: 0   |      0.00   
 S transformation         |     0: 0: 0   |     0: 0: 1   |      0.00   
 Data storage             |     0: 0: 0   |     0: 0: 0   |      0.00   

26. SIMULATION FREQUENCY = 1.77143 GHz 
-------------------------
 Green functions          |     0: 0: 1   |     0: 0: 0   |      0.00   
 Matrix load              |     0: 0: 2   |     0: 0: 1   |      0.05   
 Matrix solve             |     0: 0: 0   |     0: 0: 0   |      0.27   
 Port calibration         |     0: 0: 1   |     0: 0: 0   |      0.16   
 S parameters             |     0: 0: 0   |     0: 0: 0   |      0.00   
 S transformation         |     0: 0: 0   |     0: 0: 0   |      0.00   
 Data storage             |     0: 0: 0   |     0: 0: 1   |      0.00   

27. SIMULATION FREQUENCY = 1.82857 GHz 
-------------------------
 Green functions          |     0: 0: 1   |     0: 0: 0   |      0.00   
 Matrix load              |     0: 0: 2   |     0: 0: 1   |      0.00   
 Matrix solve             |     0: 0: 0   |     0: 0: 0   |      0.00   
 Port calibration         |     0: 0: 1   |     0: 0: 0   |      0.04   
 S parameters             |     0: 0: 0   |     0: 0: 0   |      0.00   
 S transformation         |     0: 0: 0   |     0: 0: 0   |      0.00   
 Data storage             |     0: 0: 0   |     0: 0: 1   |      0.00   

28. SIMULATION FREQUENCY = 1.88572 GHz 
-------------------------
 Green functions          |     0: 0: 1   |     0: 0: 0   |      0.00   
 Matrix load              |     0: 0: 2   |     0: 0: 1   |      0.70   
 Matrix solve             |     0: 0: 0   |     0: 0: 0   |      0.00   
 Port calibration         |     0: 0: 1   |     0: 0: 0   |      0.39   
 S parameters             |     0: 0: 0   |     0: 0: 0   |      0.00   
 S transformation         |     0: 0: 0   |     0: 0: 0   |      0.00   
 Data storage             |     0: 0: 0   |     0: 0: 1   |      0.00   

29. SIMULATION FREQUENCY = 1.94286 GHz 
-------------------------
 Green functions          |     0: 0: 0   |     0: 0: 0   |      0.00   
 Matrix load              |     0: 0: 3   |     0: 0: 1   |      0.00   
 Matrix solve             |     0: 0: 0   |     0: 0: 0   |      0.00   
 Port calibration         |     0: 0: 1   |     0: 0: 0   |      0.00   
 S parameters             |     0: 0: 0   |     0: 0: 0   |      0.00   
 S transformation         |     0: 0: 0   |     0: 0: 0   |      0.00   
 Data storage             |     0: 0: 0   |     0: 0: 0   |      0.00   

30. SIMULATION FREQUENCY = 2 GHz 
-------------------------
 Green functions          |     0: 0: 0   |     0: 0: 1   |      0.00   
 Matrix load              |     0: 0: 3   |     0: 0: 1   |      0.00   
 Matrix solve             |     0: 0: 0   |     0: 0: 0   |      0.00   
 Port calibration         |     0: 0: 1   |     0: 0: 0   |      0.00   
 S parameters             |     0: 0: 0   |     0: 0: 0   |      0.00   
 S transformation         |     0: 0: 0   |     0: 0: 0   |      0.00   
 Data storage             |     0: 0: 0   |     0: 0: 1   |      0.00   

31. SIMULATION FREQUENCY = 2.05714 GHz 
-------------------------
 Green functions          |     0: 0: 0   |     0: 0: 0   |      0.00   
 Matrix load              |     0: 0: 3   |     0: 0: 1   |      0.00   
 Matrix solve             |     0: 0: 0   |     0: 0: 0   |      0.00   
 Port calibration         |     0: 0: 1   |     0: 0: 0   |      0.00   
 S parameters             |     0: 0: 0   |     0: 0: 0   |      0.00   
 S transformation         |     0: 0: 0   |     0: 0: 0   |      0.00   
 Data storage             |     0: 0: 0   |     0: 0: 1   |      0.00   

32. SIMULATION FREQUENCY = 2.11429 GHz 
-------------------------
 Green functions          |     0: 0: 1   |     0: 0: 0   |      0.00   
 Matrix load              |     0: 0: 2   |     0: 0: 1   |      0.00   
 Matrix solve             |     0: 0: 1   |     0: 0: 0   |      0.00   
 Port calibration         |     0: 0: 0   |     0: 0: 0   |      0.00   
 S parameters             |     0: 0: 0   |     0: 0: 0   |      0.00   
 S transformation         |     0: 0: 0   |     0: 0: 0   |      0.00   
 Data storage             |     0: 0: 0   |     0: 0: 0   |      0.00   

33. SIMULATION FREQUENCY = 2.17143 GHz 
-------------------------
 Green functions          |     0: 0: 1   |     0: 0: 1   |      0.00   
 Matrix load              |     0: 0: 2   |     0: 0: 1   |      0.00   
 Matrix solve             |     0: 0: 0   |     0: 0: 0   |      0.00   
 Port calibration         |     0: 0: 1   |     0: 0: 0   |      0.40   
 S parameters             |     0: 0: 0   |     0: 0: 0   |      0.00   
 S transformation         |     0: 0: 1   |     0: 0: 0   |      0.00   
 Data storage             |     0: 0: 0   |     0: 0: 0   |      0.00   

34. SIMULATION FREQUENCY = 2.22857 GHz 
-------------------------
 Green functions          |     0: 0: 0   |     0: 0: 1   |      0.00   
 Matrix load              |     0: 0: 3   |     0: 0: 1   |      0.00   
 Matrix solve             |     0: 0: 0   |     0: 0: 0   |      0.00   
 Port calibration         |     0: 0: 0   |     0: 0: 0   |      0.00   
 S parameters             |     0: 0: 0   |     0: 0: 0   |      0.00   
 S transformation         |     0: 0: 0   |     0: 0: 0   |      0.00   
 Data storage             |     0: 0: 1   |     0: 0: 0   |      0.02   

35. SIMULATION FREQUENCY = 2.28572 GHz 
-------------------------
 Green functions          |     0: 0: 0   |     0: 0: 1   |      0.00   
 Matrix load              |     0: 0: 3   |     0: 0: 1   |      0.11   
 Matrix solve             |     0: 0: 0   |     0: 0: 0   |      0.00   
 Port calibration         |     0: 0: 0   |     0: 0: 0   |      0.07   
 S parameters             |     0: 0: 0   |     0: 0: 0   |      0.00   
 S transformation         |     0: 0: 1   |     0: 0: 0   |      0.00   
 Data storage             |     0: 0: 0   |     0: 0: 0   |      0.00   

36. SIMULATION FREQUENCY = 2.34286 GHz 
-------------------------
 Green functions          |     0: 0: 0   |     0: 0: 1   |      0.00   
 Matrix load              |     0: 0: 3   |     0: 0: 1   |      0.07   
 Matrix solve             |     0: 0: 0   |     0: 0: 0   |      0.34   
 Port calibration         |     0: 0: 0   |     0: 0: 0   |      0.20   
 S parameters             |     0: 0: 0   |     0: 0: 0   |      0.00   
 S transformation         |     0: 0: 0   |     0: 0: 0   |      0.30   
 Data storage             |     0: 0: 1   |     0: 0: 0   |      0.03   

37. SIMULATION FREQUENCY = 2.4 GHz 
-------------------------
 Green functions          |     0: 0: 0   |     0: 0: 1   |      0.00   
 Matrix load              |     0: 0: 3   |     0: 0: 1   |      0.07   
 Matrix solve             |     0: 0: 0   |     0: 0: 0   |      0.00   
 Port calibration         |     0: 0: 0   |     0: 0: 0   |      0.00   
 S parameters             |     0: 0: 0   |     0: 0: 0   |      0.00   
 S transformation         |     0: 0: 0   |     0: 0: 0   |      0.00   
 Data storage             |     0: 0: 1   |     0: 0: 1   |      0.00   

38. SIMULATION FREQUENCY = 2.45714 GHz 
-------------------------
 Green functions          |     0: 0: 0   |     0: 0: 0   |      0.00   
 Matrix load              |     0: 0: 3   |     0: 0: 1   |      0.00   
 Matrix solve             |     0: 0: 0   |     0: 0: 0   |      0.00   
 Port calibration         |     0: 0: 0   |     0: 0: 0   |      0.00   
 S parameters             |     0: 0: 0   |     0: 0: 0   |      0.00   
 S transformation         |     0: 0: 0   |     0: 0: 0   |      0.00   
 Data storage             |     0: 0: 0   |     0: 0: 1   |      0.00   

39. SIMULATION FREQUENCY = 2.51429 GHz 
-------------------------
 Green functions          |     0: 0: 1   |     0: 0: 0   |      0.00   
 Matrix load              |     0: 0: 2   |     0: 0: 1   |      0.00   
 Matrix solve             |     0: 0: 0   |     0: 0: 0   |      0.00   
 Port calibration         |     0: 0: 1   |     0: 0: 0   |      0.00   
 S parameters             |     0: 0: 0   |     0: 0: 0   |      0.00   
 S transformation         |     0: 0: 0   |     0: 0: 0   |      0.00   
 Data storage             |     0: 0: 0   |     0: 0: 1   |      0.00   

40. SIMULATION FREQUENCY = 2.57143 GHz 
-------------------------
 Green functions          |     0: 0: 1   |     0: 0: 0   |      0.00   
 Matrix load              |     0: 0: 2   |     0: 0: 1   |      0.00   
 Matrix solve             |     0: 0: 0   |     0: 0: 0   |      0.00   
 Port calibration         |     0: 0: 1   |     0: 0: 0   |      0.00   
 S parameters             |     0: 0: 0   |     0: 0: 0   |      0.00   
 S transformation         |     0: 0: 0   |     0: 0: 0   |      0.00   
 Data storage             |     0: 0: 0   |     0: 0: 1   |      0.00   

41. SIMULATION FREQUENCY = 2.62857 GHz 
-------------------------
 Green functions          |     0: 0: 0   |     0: 0: 0   |      0.00   
 Matrix load              |     0: 0: 3   |     0: 0: 1   |      0.00   
 Matrix solve             |     0: 0: 0   |     0: 0: 0   |      0.00   
 Port calibration         |     0: 0: 1   |     0: 0: 0   |      0.00   
 S parameters             |     0: 0: 0   |     0: 0: 0   |      0.00   
 S transformation         |     0: 0: 0   |     0: 0: 0   |      0.00   
 Data storage             |     0: 0: 0   |     0: 0: 1   |      0.00   

42. SIMULATION FREQUENCY = 2.68572 GHz 
-------------------------
 Green functions          |     0: 0: 0   |     0: 0: 0   |      0.00   
 Matrix load              |     0: 0: 3   |     0: 0: 1   |      0.00   
 Matrix solve             |     0: 0: 0   |     0: 0: 0   |      0.00   
 Port calibration         |     0: 0: 1   |     0: 0: 0   |      0.00   
 S parameters             |     0: 0: 0   |     0: 0: 0   |      0.00   
 S transformation         |     0: 0: 0   |     0: 0: 0   |      0.00   
 Data storage             |     0: 0: 0   |     0: 0: 1   |      0.00   

43. SIMULATION FREQUENCY = 2.74286 GHz 
-------------------------
 Green functions          |     0: 0: 1   |     0: 0: 0   |      0.00   
 Matrix load              |     0: 0: 2   |     0: 0: 1   |      0.00   
 Matrix solve             |     0: 0: 0   |     0: 0: 0   |      0.00   
 Port calibration         |     0: 0: 1   |     0: 0: 0   |      0.00   
 S parameters             |     0: 0: 0   |     0: 0: 0   |      0.00   
 S transformation         |     0: 0: 0   |     0: 0: 0   |      0.00   
 Data storage             |     0: 0: 0   |     0: 0: 1   |      0.00   

44. SIMULATION FREQUENCY = 2.8 GHz 
-------------------------
 Green functions          |     0: 0: 0   |     0: 0: 0   |      0.00   
 Matrix load              |     0: 0: 3   |     0: 0: 1   |      0.00   
 Matrix solve             |     0: 0: 0   |     0: 0: 0   |      0.00   
 Port calibration         |     0: 0: 1   |     0: 0: 0   |      0.07   
 S parameters             |     0: 0: 0   |     0: 0: 0   |      0.00   
 S transformation         |     0: 0: 0   |     0: 0: 1   |      0.00   
 Data storage             |     0: 0: 0   |     0: 0: 0   |      0.00   

45. SIMULATION FREQUENCY = 2.85714 GHz 
-------------------------
 Green functions          |     0: 0: 0   |     0: 0: 0   |      0.00   
 Matrix load              |     0: 0: 3   |     0: 0: 1   |      0.00   
 Matrix solve             |     0: 0: 0   |     0: 0: 0   |      0.00   
 Port calibration         |     0: 0: 1   |     0: 0: 1   |      0.00   
 S parameters             |     0: 0: 0   |     0: 0: 0   |      0.00   
 S transformation         |     0: 0: 0   |     0: 0: 0   |      0.00   
 Data storage             |     0: 0: 0   |     0: 0: 0   |      0.00   

46. SIMULATION FREQUENCY = 2.91429 GHz 
-------------------------
 Green functions          |     0: 0: 1   |     0: 0: 0   |      0.00   
 Matrix load              |     0: 0: 2   |     0: 0: 1   |      0.00   
 Matrix solve             |     0: 0: 1   |     0: 0: 0   |      0.00   
 Port calibration         |     0: 0: 0   |     0: 0: 1   |      0.38   
 S parameters             |     0: 0: 0   |     0: 0: 0   |      0.00   
 S transformation         |     0: 0: 0   |     0: 0: 0   |      0.00   
 Data storage             |     0: 0: 0   |     0: 0: 0   |      0.00   

47. SIMULATION FREQUENCY = 2.97143 GHz 
-------------------------
 Green functions          |     0: 0: 1   |     0: 0: 0   |      0.00   
 Matrix load              |     0: 0: 2   |     0: 0: 1   |      0.18   
 Matrix solve             |     0: 0: 0   |     0: 0: 0   |      0.34   
 Port calibration         |     0: 0: 1   |     0: 0: 1   |      0.20   
 S parameters             |     0: 0: 0   |     0: 0: 0   |      0.00   
 S transformation         |     0: 0: 0   |     0: 0: 0   |      0.00   
 Data storage             |     0: 0: 1   |     0: 0: 0   |      0.01   

48. SIMULATION FREQUENCY = 3.02857 GHz 
-------------------------
 Green functions          |     0: 0: 0   |     0: 0: 0   |      0.00   
 Matrix load              |     0: 0: 3   |     0: 0: 1   |      0.11   
 Matrix solve             |     0: 0: 0   |     0: 0: 0   |      0.00   
 Port calibration         |     0: 0: 0   |     0: 0: 1   |      0.12   
 S parameters             |     0: 0: 0   |     0: 0: 0   |      0.00   
 S transformation         |     0: 0: 1   |     0: 0: 0   |      0.00   
 Data storage             |     0: 0: 0   |     0: 0: 0   |      0.00   

49. SIMULATION FREQUENCY = 3.08572 GHz 
-------------------------
 Green functions          |     0: 0: 0   |     0: 0: 1   |      0.00   
 Matrix load              |     0: 0: 3   |     0: 0: 1   |      0.00   
 Matrix solve             |     0: 0: 0   |     0: 0: 0   |      0.00   
 Port calibration         |     0: 0: 1   |     0: 0: 0   |      0.00   
 S parameters             |     0: 0: 0   |     0: 0: 0   |      0.00   
 S transformation         |     0: 0: 0   |     0: 0: 0   |      0.00   
 Data storage             |     0: 0: 0   |     0: 0: 1   |      0.00   

50. SIMULATION FREQUENCY = 3.14286 GHz 
-------------------------
 Green functions          |     0: 0: 0   |     0: 0: 0   |      0.00   
 Matrix load              |     0: 0: 3   |     0: 0: 1   |      0.00   
 Matrix solve             |     0: 0: 0   |     0: 0: 0   |      0.00   
 Port calibration         |     0: 0: 1   |     0: 0: 0   |      0.00   
 S parameters             |     0: 0: 0   |     0: 0: 0   |      0.00   
 S transformation         |     0: 0: 0   |     0: 0: 0   |      0.00   
 Data storage             |     0: 0: 0   |     0: 0: 1   |      0.00   

51. SIMULATION FREQUENCY = 3.2 GHz 
-------------------------
 Green functions          |     0: 0: 0   |     0: 0: 0   |      0.00   
 Matrix load              |     0: 0: 3   |     0: 0: 1   |      0.00   
 Matrix solve             |     0: 0: 0   |     0: 0: 0   |      0.00   
 Port calibration         |     0: 0: 1   |     0: 0: 0   |      0.00   
 S parameters             |     0: 0: 0   |     0: 0: 0   |      0.00   
 S transformation         |     0: 0: 0   |     0: 0: 1   |      0.00   
 Data storage             |     0: 0: 0   |     0: 0: 0   |      0.00   

------------------------------------------------------------------------------
TOTALS
------------------------------------------------------------------------------
 Nr of Frequencies   : 51 

 Physical memory :   107.78 MB
 Virtual memory  :    94.13 MB
 Page faults     :      324235
 User Time       :    0h 3m36s
 Elapsed Time    :    0h 1m58s

==============================================================================

